1703:C 12 May 2026 06:48:35.877 * oO0OoO0OoO0Oo Redis is starting oO0OoO0OoO0Oo
1703:C 12 May 2026 06:48:35.877 * Redis version=7.4.8, bits=64, commit=00000000, modified=0, pid=1703, just started
1703:C 12 May 2026 06:48:35.877 * Configuration loaded
1703:M 12 May 2026 06:48:35.885 * monotonic clock: POSIX clock_gettime
1703:M 12 May 2026 06:48:35.923 * Running mode=standalone, port=6379.
1703:M 12 May 2026 06:48:35.927 * Server initialized
1703:M 12 May 2026 06:48:35.932 * Loading RDB produced by version 7.4.8
1703:M 12 May 2026 06:48:35.932 * RDB age 84 seconds
1703:M 12 May 2026 06:48:35.932 * RDB memory usage when created 1.19 Mb
1703:M 12 May 2026 06:48:35.937 * Done loading RDB, keys loaded: 11, keys expired: 0.
1703:M 12 May 2026 06:48:35.940 * DB loaded from disk: 0.013 seconds
1703:M 12 May 2026 06:48:35.941 * Ready to accept connections tcp
1703:M 12 May 2026 07:00:49.442 * 1 changes in 15 seconds. Saving...
1703:M 12 May 2026 07:00:49.472 * Background saving started by pid 2718
2718:C 12 May 2026 07:00:49.520 * DB saved on disk
2718:C 12 May 2026 07:00:49.521 * Fork CoW for RDB: current 0 MB, peak 0 MB, average 0 MB
1703:M 12 May 2026 07:00:49.573 * Background saving terminated with success
1703:M 12 May 2026 07:01:05.064 * 1 changes in 15 seconds. Saving...
1703:M 12 May 2026 07:01:05.064 * Background saving started by pid 2739
2739:C 12 May 2026 07:01:05.075 * DB saved on disk
2739:C 12 May 2026 07:01:05.075 * Fork CoW for RDB: current 0 MB, peak 0 MB, average 0 MB
1703:M 12 May 2026 07:01:05.165 * Background saving terminated with success
1703:M 12 May 2026 07:01:21.041 * 1 changes in 15 seconds. Saving...
1703:M 12 May 2026 07:01:21.043 * Background saving started by pid 2750
2750:C 12 May 2026 07:01:21.065 * DB saved on disk
2750:C 12 May 2026 07:01:21.065 * Fork CoW for RDB: current 0 MB, peak 0 MB, average 0 MB
1703:M 12 May 2026 07:01:21.144 * Background saving terminated with success
1703:M 12 May 2026 07:01:37.031 * 1 changes in 15 seconds. Saving...
1703:M 12 May 2026 07:01:37.034 * Background saving started by pid 2763
2763:C 12 May 2026 07:01:37.055 * DB saved on disk
2763:C 12 May 2026 07:01:37.056 * Fork CoW for RDB: current 0 MB, peak 0 MB, average 0 MB
1703:M 12 May 2026 07:01:37.135 * Background saving terminated with success
