1706:C 13 May 2026 08:00:39.673 * oO0OoO0OoO0Oo Redis is starting oO0OoO0OoO0Oo
1706:C 13 May 2026 08:00:39.673 * Redis version=7.4.8, bits=64, commit=00000000, modified=0, pid=1706, just started
1706:C 13 May 2026 08:00:39.673 * Configuration loaded
1706:M 13 May 2026 08:00:39.679 * monotonic clock: POSIX clock_gettime
1706:M 13 May 2026 08:00:39.697 * Running mode=standalone, port=6379.
1706:M 13 May 2026 08:00:39.699 * Server initialized
1706:M 13 May 2026 08:00:39.705 * Loading RDB produced by version 7.4.8
1706:M 13 May 2026 08:00:39.705 * RDB age 3132 seconds
1706:M 13 May 2026 08:00:39.705 * RDB memory usage when created 1.19 Mb
1706:M 13 May 2026 08:00:39.711 * Done loading RDB, keys loaded: 9, keys expired: 1.
1706:M 13 May 2026 08:00:39.713 * DB loaded from disk: 0.014 seconds
1706:M 13 May 2026 08:00:39.715 * Ready to accept connections tcp
1706:M 13 May 2026 08:01:37.726 * 1 changes in 15 seconds. Saving...
1706:M 13 May 2026 08:01:37.729 * Background saving started by pid 2300
2300:C 13 May 2026 08:01:37.749 * DB saved on disk
2300:C 13 May 2026 08:01:37.749 * Fork CoW for RDB: current 0 MB, peak 0 MB, average 0 MB
1706:M 13 May 2026 08:01:37.830 * Background saving terminated with success
1706:M 13 May 2026 08:03:27.700 * 1 changes in 15 seconds. Saving...
1706:M 13 May 2026 08:03:27.701 * Background saving started by pid 2373
2373:C 13 May 2026 08:03:27.718 * DB saved on disk
2373:C 13 May 2026 08:03:27.719 * Fork CoW for RDB: current 0 MB, peak 0 MB, average 0 MB
1706:M 13 May 2026 08:03:27.802 * Background saving terminated with success
