1720:C 21 May 2026 07:36:03.409 * oO0OoO0OoO0Oo Redis is starting oO0OoO0OoO0Oo
1720:C 21 May 2026 07:36:03.409 * Redis version=7.4.8, bits=64, commit=00000000, modified=0, pid=1720, just started
1720:C 21 May 2026 07:36:03.409 * Configuration loaded
1720:M 21 May 2026 07:36:03.410 * monotonic clock: POSIX clock_gettime
1720:M 21 May 2026 07:36:03.417 * Running mode=standalone, port=6379.
1720:M 21 May 2026 07:36:03.418 * Server initialized
1720:M 21 May 2026 07:36:03.422 * Loading RDB produced by version 7.4.8
1720:M 21 May 2026 07:36:03.423 * RDB age 188 seconds
1720:M 21 May 2026 07:36:03.423 * RDB memory usage when created 1.19 Mb
1720:M 21 May 2026 07:36:03.426 * Done loading RDB, keys loaded: 12, keys expired: 0.
1720:M 21 May 2026 07:36:03.427 * DB loaded from disk: 0.009 seconds
1720:M 21 May 2026 07:36:03.428 * Ready to accept connections tcp
1720:M 21 May 2026 07:37:23.776 * 1 changes in 15 seconds. Saving...
1720:M 21 May 2026 07:37:23.794 * Background saving started by pid 2334
2334:C 21 May 2026 07:37:23.865 * DB saved on disk
2334:C 21 May 2026 07:37:23.867 * Fork CoW for RDB: current 0 MB, peak 0 MB, average 0 MB
1720:M 21 May 2026 07:37:23.895 * Background saving terminated with success
1720:M 21 May 2026 07:37:39.000 * 1 changes in 15 seconds. Saving...
1720:M 21 May 2026 07:37:39.001 * Background saving started by pid 2360
2360:C 21 May 2026 07:37:39.014 * DB saved on disk
2360:C 21 May 2026 07:37:39.014 * Fork CoW for RDB: current 0 MB, peak 0 MB, average 0 MB
1720:M 21 May 2026 07:37:39.101 * Background saving terminated with success
1720:M 21 May 2026 07:39:56.220 * 1 changes in 15 seconds. Saving...
1720:M 21 May 2026 07:39:56.221 * Background saving started by pid 2453
2453:C 21 May 2026 07:39:56.251 * DB saved on disk
2453:C 21 May 2026 07:39:56.252 * Fork CoW for RDB: current 0 MB, peak 0 MB, average 0 MB
1720:M 21 May 2026 07:39:56.318 * Background saving terminated with success
1720:M 21 May 2026 07:40:12.021 * 1 changes in 15 seconds. Saving...
1720:M 21 May 2026 07:40:12.022 * Background saving started by pid 2476
2476:C 21 May 2026 07:40:12.038 * DB saved on disk
2476:C 21 May 2026 07:40:12.039 * Fork CoW for RDB: current 0 MB, peak 0 MB, average 0 MB
1720:M 21 May 2026 07:40:12.123 * Background saving terminated with success
1720:M 21 May 2026 07:40:38.551 * 1 changes in 15 seconds. Saving...
1720:M 21 May 2026 07:40:38.552 * Background saving started by pid 2495
2495:C 21 May 2026 07:40:38.568 * DB saved on disk
2495:C 21 May 2026 07:40:38.569 * Fork CoW for RDB: current 0 MB, peak 0 MB, average 0 MB
1720:M 21 May 2026 07:40:38.654 * Background saving terminated with success
1720:M 21 May 2026 07:40:54.040 * 1 changes in 15 seconds. Saving...
1720:M 21 May 2026 07:40:54.041 * Background saving started by pid 2507
2507:C 21 May 2026 07:40:54.074 * DB saved on disk
2507:C 21 May 2026 07:40:54.074 * Fork CoW for RDB: current 0 MB, peak 0 MB, average 0 MB
1720:M 21 May 2026 07:40:54.142 * Background saving terminated with success
1720:M 21 May 2026 07:41:10.024 * 1 changes in 15 seconds. Saving...
1720:M 21 May 2026 07:41:10.024 * Background saving started by pid 2518
2518:C 21 May 2026 07:41:10.043 * DB saved on disk
2518:C 21 May 2026 07:41:10.043 * Fork CoW for RDB: current 0 MB, peak 0 MB, average 0 MB
1720:M 21 May 2026 07:41:10.125 * Background saving terminated with success
1720:M 21 May 2026 07:52:43.122 * 1 changes in 15 seconds. Saving...
1720:M 21 May 2026 07:52:43.129 * Background saving started by pid 2939
2939:C 21 May 2026 07:52:43.154 * DB saved on disk
2939:C 21 May 2026 07:52:43.154 * Fork CoW for RDB: current 0 MB, peak 0 MB, average 0 MB
1720:M 21 May 2026 07:52:43.230 * Background saving terminated with success
1720:M 21 May 2026 07:52:59.026 * 1 changes in 15 seconds. Saving...
1720:M 21 May 2026 07:52:59.027 * Background saving started by pid 2958
2958:C 21 May 2026 07:52:59.040 * DB saved on disk
2958:C 21 May 2026 07:52:59.040 * Fork CoW for RDB: current 0 MB, peak 0 MB, average 0 MB
1720:M 21 May 2026 07:52:59.128 * Background saving terminated with success
1720:M 21 May 2026 07:53:15.012 * 1 changes in 15 seconds. Saving...
1720:M 21 May 2026 07:53:15.017 * Background saving started by pid 2969
2969:C 21 May 2026 07:53:15.033 * DB saved on disk
2969:C 21 May 2026 07:53:15.034 * Fork CoW for RDB: current 0 MB, peak 0 MB, average 0 MB
1720:M 21 May 2026 07:53:15.118 * Background saving terminated with success
1720:M 21 May 2026 07:53:31.000 * 1 changes in 15 seconds. Saving...
1720:M 21 May 2026 07:53:31.001 * Background saving started by pid 2979
2979:C 21 May 2026 07:53:31.016 * DB saved on disk
2979:C 21 May 2026 07:53:31.016 * Fork CoW for RDB: current 0 MB, peak 0 MB, average 0 MB
1720:M 21 May 2026 07:53:31.102 * Background saving terminated with success
1720:M 21 May 2026 08:00:26.699 * 1 changes in 15 seconds. Saving...
1720:M 21 May 2026 08:00:26.707 * Background saving started by pid 3240
3240:C 21 May 2026 08:00:26.734 * DB saved on disk
3240:C 21 May 2026 08:00:26.734 * Fork CoW for RDB: current 0 MB, peak 0 MB, average 0 MB
1720:M 21 May 2026 08:00:26.808 * Background saving terminated with success
1720:M 21 May 2026 08:00:42.098 * 1 changes in 15 seconds. Saving...
1720:M 21 May 2026 08:00:42.099 * Background saving started by pid 3257
3257:C 21 May 2026 08:00:42.115 * DB saved on disk
3257:C 21 May 2026 08:00:42.115 * Fork CoW for RDB: current 0 MB, peak 0 MB, average 0 MB
1720:M 21 May 2026 08:00:42.200 * Background saving terminated with success
1720:M 21 May 2026 08:07:39.037 * 1 changes in 15 seconds. Saving...
1720:M 21 May 2026 08:07:39.043 * Background saving started by pid 3513
3513:C 21 May 2026 08:07:39.073 * DB saved on disk
3513:C 21 May 2026 08:07:39.074 * Fork CoW for RDB: current 0 MB, peak 0 MB, average 0 MB
1720:M 21 May 2026 08:07:39.144 * Background saving terminated with success
1720:M 21 May 2026 08:07:55.033 * 1 changes in 15 seconds. Saving...
1720:M 21 May 2026 08:07:55.062 * Background saving started by pid 3530
3530:C 21 May 2026 08:07:55.110 * DB saved on disk
3530:C 21 May 2026 08:07:55.111 * Fork CoW for RDB: current 0 MB, peak 0 MB, average 0 MB
1720:M 21 May 2026 08:07:55.162 * Background saving terminated with success
1720:M 21 May 2026 08:22:08.843 * 1 changes in 15 seconds. Saving...
1720:M 21 May 2026 08:22:08.848 * Background saving started by pid 4059
4059:C 21 May 2026 08:22:08.875 * DB saved on disk
4059:C 21 May 2026 08:22:08.875 * Fork CoW for RDB: current 0 MB, peak 0 MB, average 0 MB
1720:M 21 May 2026 08:22:08.949 * Background saving terminated with success
1720:M 21 May 2026 08:22:24.044 * 1 changes in 15 seconds. Saving...
1720:M 21 May 2026 08:22:24.045 * Background saving started by pid 4075
4075:C 21 May 2026 08:22:24.061 * DB saved on disk
4075:C 21 May 2026 08:22:24.061 * Fork CoW for RDB: current 0 MB, peak 0 MB, average 0 MB
1720:M 21 May 2026 08:22:24.145 * Background saving terminated with success
1720:M 21 May 2026 08:23:02.568 * 1 changes in 15 seconds. Saving...
1720:M 21 May 2026 08:23:02.569 * Background saving started by pid 4103
4103:C 21 May 2026 08:23:02.586 * DB saved on disk
4103:C 21 May 2026 08:23:02.586 * Fork CoW for RDB: current 0 MB, peak 0 MB, average 0 MB
1720:M 21 May 2026 08:23:02.670 * Background saving terminated with success
1720:M 21 May 2026 08:23:18.061 * 1 changes in 15 seconds. Saving...
1720:M 21 May 2026 08:23:18.062 * Background saving started by pid 4116
4116:C 21 May 2026 08:23:18.096 * DB saved on disk
4116:C 21 May 2026 08:23:18.096 * Fork CoW for RDB: current 0 MB, peak 0 MB, average 0 MB
1720:M 21 May 2026 08:23:18.163 * Background saving terminated with success
