1700:C 12 May 2026 09:49:57.186 * oO0OoO0OoO0Oo Redis is starting oO0OoO0OoO0Oo
1700:C 12 May 2026 09:49:57.186 * Redis version=7.4.8, bits=64, commit=00000000, modified=0, pid=1700, just started
1700:C 12 May 2026 09:49:57.186 * Configuration loaded
1700:M 12 May 2026 09:49:57.197 * monotonic clock: POSIX clock_gettime
1700:M 12 May 2026 09:49:57.237 * Running mode=standalone, port=6379.
1700:M 12 May 2026 09:49:57.240 * Server initialized
1700:M 12 May 2026 09:49:57.247 * Loading RDB produced by version 7.4.8
1700:M 12 May 2026 09:49:57.247 * RDB age 197 seconds
1700:M 12 May 2026 09:49:57.247 * RDB memory usage when created 1.19 Mb
1700:M 12 May 2026 09:49:57.252 * Done loading RDB, keys loaded: 11, keys expired: 0.
1700:M 12 May 2026 09:49:57.254 * DB loaded from disk: 0.013 seconds
1700:M 12 May 2026 09:49:57.256 * Ready to accept connections tcp
1700:M 12 May 2026 09:50:47.775 * 1 changes in 15 seconds. Saving...
1700:M 12 May 2026 09:50:47.776 * Background saving started by pid 2250
2250:C 12 May 2026 09:50:47.794 * DB saved on disk
2250:C 12 May 2026 09:50:47.795 * Fork CoW for RDB: current 0 MB, peak 0 MB, average 0 MB
1700:M 12 May 2026 09:50:47.876 * Background saving terminated with success
1700:M 12 May 2026 09:51:03.094 * 1 changes in 15 seconds. Saving...
1700:M 12 May 2026 09:51:03.094 * Background saving started by pid 2270
2270:C 12 May 2026 09:51:03.106 * DB saved on disk
2270:C 12 May 2026 09:51:03.107 * Fork CoW for RDB: current 0 MB, peak 0 MB, average 0 MB
1700:M 12 May 2026 09:51:03.195 * Background saving terminated with success
1700:M 12 May 2026 09:52:24.924 * 1 changes in 15 seconds. Saving...
1700:M 12 May 2026 09:52:24.925 * Background saving started by pid 2335
2335:C 12 May 2026 09:52:24.940 * DB saved on disk
2335:C 12 May 2026 09:52:24.940 * Fork CoW for RDB: current 0 MB, peak 0 MB, average 0 MB
1700:M 12 May 2026 09:52:25.026 * Background saving terminated with success
1857:C 13 May 2026 00:51:11.148 * oO0OoO0OoO0Oo Redis is starting oO0OoO0OoO0Oo
1857:C 13 May 2026 00:51:11.148 * Redis version=7.4.8, bits=64, commit=00000000, modified=0, pid=1857, just started
1857:C 13 May 2026 00:51:11.148 * Configuration loaded
1857:M 13 May 2026 00:51:11.150 * monotonic clock: POSIX clock_gettime
1857:M 13 May 2026 00:51:11.153 * Running mode=standalone, port=6379.
1857:M 13 May 2026 00:51:11.154 * Server initialized
1857:M 13 May 2026 00:51:11.171 * Loading RDB produced by version 7.4.8
1857:M 13 May 2026 00:51:11.171 * RDB age 53927 seconds
1857:M 13 May 2026 00:51:11.171 * RDB memory usage when created 1.19 Mb
1857:M 13 May 2026 00:51:11.174 * Done loading RDB, keys loaded: 8, keys expired: 3.
1857:M 13 May 2026 00:51:11.178 * DB loaded from disk: 0.022 seconds
1857:M 13 May 2026 00:51:11.178 * Ready to accept connections tcp
1857:M 13 May 2026 00:52:27.466 * 1 changes in 15 seconds. Saving...
1857:M 13 May 2026 00:52:27.468 * Background saving started by pid 2474
2474:C 13 May 2026 00:52:27.490 * DB saved on disk
2474:C 13 May 2026 00:52:27.490 * Fork CoW for RDB: current 0 MB, peak 0 MB, average 0 MB
1857:M 13 May 2026 00:52:27.569 * Background saving terminated with success
1857:M 13 May 2026 00:52:43.030 * 1 changes in 15 seconds. Saving...
1857:M 13 May 2026 00:52:43.030 * Background saving started by pid 2487
2487:C 13 May 2026 00:52:43.050 * DB saved on disk
2487:C 13 May 2026 00:52:43.050 * Fork CoW for RDB: current 0 MB, peak 0 MB, average 0 MB
1857:M 13 May 2026 00:52:43.131 * Background saving terminated with success
1857:M 13 May 2026 00:54:17.430 * 1 changes in 15 seconds. Saving...
1857:M 13 May 2026 00:54:17.431 * Background saving started by pid 2548
2548:C 13 May 2026 00:54:17.442 * DB saved on disk
2548:C 13 May 2026 00:54:17.443 * Fork CoW for RDB: current 0 MB, peak 0 MB, average 0 MB
1857:M 13 May 2026 00:54:17.531 * Background saving terminated with success
1857:M 13 May 2026 01:00:17.017 * 1 changes in 15 seconds. Saving...
1857:M 13 May 2026 01:00:17.019 * Background saving started by pid 2778
2778:C 13 May 2026 01:00:17.042 * DB saved on disk
2778:C 13 May 2026 01:00:17.043 * Fork CoW for RDB: current 0 MB, peak 0 MB, average 0 MB
1857:M 13 May 2026 01:00:17.120 * Background saving terminated with success
1857:M 13 May 2026 01:00:33.045 * 1 changes in 15 seconds. Saving...
1857:M 13 May 2026 01:00:33.046 * Background saving started by pid 2788
2788:C 13 May 2026 01:00:33.066 * DB saved on disk
2788:C 13 May 2026 01:00:33.067 * Fork CoW for RDB: current 0 MB, peak 0 MB, average 0 MB
1857:M 13 May 2026 01:00:33.147 * Background saving terminated with success
1857:M 13 May 2026 01:01:22.110 * 1 changes in 15 seconds. Saving...
1857:M 13 May 2026 01:01:22.112 * Background saving started by pid 2818
2818:C 13 May 2026 01:01:22.135 * DB saved on disk
2818:C 13 May 2026 01:01:22.136 * Fork CoW for RDB: current 0 MB, peak 0 MB, average 0 MB
1857:M 13 May 2026 01:01:22.214 * Background saving terminated with success
1857:M 13 May 2026 01:01:38.080 * 1 changes in 15 seconds. Saving...
1857:M 13 May 2026 01:01:38.086 * Background saving started by pid 2855
2855:C 13 May 2026 01:01:38.117 * DB saved on disk
2855:C 13 May 2026 01:01:38.118 * Fork CoW for RDB: current 0 MB, peak 0 MB, average 0 MB
1857:M 13 May 2026 01:01:38.187 * Background saving terminated with success
1857:M 13 May 2026 01:05:54.081 * 1 changes in 15 seconds. Saving...
1857:M 13 May 2026 01:05:54.092 * Background saving started by pid 3021
3021:C 13 May 2026 01:05:54.129 * DB saved on disk
3021:C 13 May 2026 01:05:54.130 * Fork CoW for RDB: current 0 MB, peak 0 MB, average 0 MB
1857:M 13 May 2026 01:05:54.193 * Background saving terminated with success
1857:M 13 May 2026 01:06:10.074 * 1 changes in 15 seconds. Saving...
1857:M 13 May 2026 01:06:10.075 * Background saving started by pid 3036
3036:C 13 May 2026 01:06:10.087 * DB saved on disk
3036:C 13 May 2026 01:06:10.087 * Fork CoW for RDB: current 0 MB, peak 0 MB, average 0 MB
1857:M 13 May 2026 01:06:10.175 * Background saving terminated with success
1720:C 13 May 2026 01:15:45.028 * oO0OoO0OoO0Oo Redis is starting oO0OoO0OoO0Oo
1720:C 13 May 2026 01:15:45.028 * Redis version=7.4.8, bits=64, commit=00000000, modified=0, pid=1720, just started
1720:C 13 May 2026 01:15:45.028 * Configuration loaded
1720:M 13 May 2026 01:15:45.042 * monotonic clock: POSIX clock_gettime
1720:M 13 May 2026 01:15:45.117 * Running mode=standalone, port=6379.
1720:M 13 May 2026 01:15:45.121 * Server initialized
1720:M 13 May 2026 01:15:45.129 * Loading RDB produced by version 7.4.8
1720:M 13 May 2026 01:15:45.130 * RDB age 575 seconds
1720:M 13 May 2026 01:15:45.130 * RDB memory usage when created 1.19 Mb
1720:M 13 May 2026 01:15:45.135 * Done loading RDB, keys loaded: 11, keys expired: 0.
1720:M 13 May 2026 01:15:45.138 * DB loaded from disk: 0.017 seconds
1720:M 13 May 2026 01:15:45.139 * Ready to accept connections tcp
1720:M 13 May 2026 01:18:43.949 * 1 changes in 15 seconds. Saving...
1720:M 13 May 2026 01:18:43.968 * Background saving started by pid 2350
2350:C 13 May 2026 01:18:44.015 * DB saved on disk
2350:C 13 May 2026 01:18:44.016 * Fork CoW for RDB: current 0 MB, peak 0 MB, average 0 MB
1720:M 13 May 2026 01:18:44.070 * Background saving terminated with success
1720:M 13 May 2026 01:19:00.066 * 1 changes in 15 seconds. Saving...
1720:M 13 May 2026 01:19:00.067 * Background saving started by pid 2366
2366:C 13 May 2026 01:19:00.088 * DB saved on disk
2366:C 13 May 2026 01:19:00.088 * Fork CoW for RDB: current 0 MB, peak 0 MB, average 0 MB
1720:M 13 May 2026 01:19:00.168 * Background saving terminated with success
