1697:C 12 May 2026 03:50:36.781 * oO0OoO0OoO0Oo Redis is starting oO0OoO0OoO0Oo
1697:C 12 May 2026 03:50:36.781 * Redis version=7.4.8, bits=64, commit=00000000, modified=0, pid=1697, just started
1697:C 12 May 2026 03:50:36.781 * Configuration loaded
1697:M 12 May 2026 03:50:36.783 * monotonic clock: POSIX clock_gettime
1697:M 12 May 2026 03:50:36.785 * Running mode=standalone, port=6379.
1697:M 12 May 2026 03:50:36.787 * Server initialized
1697:M 12 May 2026 03:50:36.799 * Loading RDB produced by version 7.4.8
1697:M 12 May 2026 03:50:36.799 * RDB age 484 seconds
1697:M 12 May 2026 03:50:36.799 * RDB memory usage when created 1.19 Mb
1697:M 12 May 2026 03:50:36.802 * Done loading RDB, keys loaded: 11, keys expired: 0.
1697:M 12 May 2026 03:50:36.803 * DB loaded from disk: 0.016 seconds
1697:M 12 May 2026 03:50:36.803 * Ready to accept connections tcp
1697:M 12 May 2026 03:52:10.887 * 1 changes in 15 seconds. Saving...
1697:M 12 May 2026 03:52:10.890 * Background saving started by pid 2281
2281:C 12 May 2026 03:52:10.911 * DB saved on disk
2281:C 12 May 2026 03:52:10.912 * Fork CoW for RDB: current 0 MB, peak 0 MB, average 0 MB
1697:M 12 May 2026 03:52:10.990 * Background saving terminated with success
1697:M 12 May 2026 03:52:26.087 * 1 changes in 15 seconds. Saving...
1697:M 12 May 2026 03:52:26.088 * Background saving started by pid 2301
2301:C 12 May 2026 03:52:26.110 * DB saved on disk
2301:C 12 May 2026 03:52:26.110 * Fork CoW for RDB: current 0 MB, peak 0 MB, average 0 MB
1697:M 12 May 2026 03:52:26.189 * Background saving terminated with success
1697:M 12 May 2026 06:09:19.248 * 1 changes in 15 seconds. Saving...
1697:M 12 May 2026 06:09:19.262 * Background saving started by pid 3284
3284:C 12 May 2026 06:09:19.289 * DB saved on disk
3284:C 12 May 2026 06:09:19.289 * Fork CoW for RDB: current 0 MB, peak 0 MB, average 0 MB
1697:M 12 May 2026 06:09:19.364 * Background saving terminated with success
1697:M 12 May 2026 06:09:37.255 * 1 changes in 15 seconds. Saving...
1697:M 12 May 2026 06:09:37.256 * Background saving started by pid 3299
3299:C 12 May 2026 06:09:37.274 * DB saved on disk
3299:C 12 May 2026 06:09:37.274 * Fork CoW for RDB: current 0 MB, peak 0 MB, average 0 MB
1697:M 12 May 2026 06:09:37.356 * Background saving terminated with success
1697:M 12 May 2026 06:09:53.051 * 1 changes in 15 seconds. Saving...
1697:M 12 May 2026 06:09:53.051 * Background saving started by pid 3322
3322:C 12 May 2026 06:09:53.067 * DB saved on disk
3322:C 12 May 2026 06:09:53.067 * Fork CoW for RDB: current 0 MB, peak 0 MB, average 0 MB
1697:M 12 May 2026 06:09:53.152 * Background saving terminated with success
1697:M 12 May 2026 06:11:24.829 * 1 changes in 15 seconds. Saving...
1697:M 12 May 2026 06:11:24.831 * Background saving started by pid 3391
3391:C 12 May 2026 06:11:24.850 * DB saved on disk
3391:C 12 May 2026 06:11:24.851 * Fork CoW for RDB: current 0 MB, peak 0 MB, average 0 MB
1697:M 12 May 2026 06:11:24.932 * Background saving terminated with success
1697:M 12 May 2026 06:11:40.020 * 1 changes in 15 seconds. Saving...
1697:M 12 May 2026 06:11:40.023 * Background saving started by pid 3402
3402:C 12 May 2026 06:11:40.042 * DB saved on disk
3402:C 12 May 2026 06:11:40.042 * Fork CoW for RDB: current 0 MB, peak 0 MB, average 0 MB
1697:M 12 May 2026 06:11:40.124 * Background saving terminated with success
1697:M 12 May 2026 06:12:46.689 * 1 changes in 15 seconds. Saving...
1697:M 12 May 2026 06:12:46.691 * Background saving started by pid 3440
3440:C 12 May 2026 06:12:46.714 * DB saved on disk
3440:C 12 May 2026 06:12:46.715 * Fork CoW for RDB: current 0 MB, peak 0 MB, average 0 MB
1697:M 12 May 2026 06:12:46.792 * Background saving terminated with success
1697:M 12 May 2026 06:17:48.809 * 1 changes in 15 seconds. Saving...
1697:M 12 May 2026 06:17:48.813 * Background saving started by pid 3635
3635:C 12 May 2026 06:17:48.842 * DB saved on disk
3635:C 12 May 2026 06:17:48.843 * Fork CoW for RDB: current 0 MB, peak 0 MB, average 0 MB
1697:M 12 May 2026 06:17:48.913 * Background saving terminated with success
