1694:C 13 May 2026 01:28:29.153 * oO0OoO0OoO0Oo Redis is starting oO0OoO0OoO0Oo
1694:C 13 May 2026 01:28:29.153 * Redis version=7.4.8, bits=64, commit=00000000, modified=0, pid=1694, just started
1694:C 13 May 2026 01:28:29.153 * Configuration loaded
1694:M 13 May 2026 01:28:29.154 * monotonic clock: POSIX clock_gettime
1694:M 13 May 2026 01:28:29.156 * Running mode=standalone, port=6379.
1694:M 13 May 2026 01:28:29.157 * Server initialized
1694:M 13 May 2026 01:28:29.161 * Loading RDB produced by version 7.4.8
1694:M 13 May 2026 01:28:29.161 * RDB age 569 seconds
1694:M 13 May 2026 01:28:29.161 * RDB memory usage when created 1.18 Mb
1694:M 13 May 2026 01:28:29.163 * Done loading RDB, keys loaded: 11, keys expired: 0.
1694:M 13 May 2026 01:28:29.165 * DB loaded from disk: 0.007 seconds
1694:M 13 May 2026 01:28:29.165 * Ready to accept connections tcp
1694:M 13 May 2026 01:54:38.214 * 1 changes in 15 seconds. Saving...
1694:M 13 May 2026 01:54:38.238 * Background saving started by pid 3232
3232:C 13 May 2026 01:54:38.279 * DB saved on disk
3232:C 13 May 2026 01:54:38.280 * Fork CoW for RDB: current 0 MB, peak 0 MB, average 0 MB
1694:M 13 May 2026 01:54:38.340 * Background saving terminated with success
1694:M 13 May 2026 01:54:54.096 * 1 changes in 15 seconds. Saving...
1694:M 13 May 2026 01:54:54.097 * Background saving started by pid 3250
3250:C 13 May 2026 01:54:54.111 * DB saved on disk
3250:C 13 May 2026 01:54:54.112 * Fork CoW for RDB: current 0 MB, peak 0 MB, average 0 MB
1694:M 13 May 2026 01:54:54.197 * Background saving terminated with success
1694:M 13 May 2026 02:29:30.512 * 1 changes in 15 seconds. Saving...
1694:M 13 May 2026 02:29:30.519 * Background saving started by pid 4517
4517:C 13 May 2026 02:29:30.544 * DB saved on disk
4517:C 13 May 2026 02:29:30.545 * Fork CoW for RDB: current 0 MB, peak 0 MB, average 0 MB
1694:M 13 May 2026 02:29:30.620 * Background saving terminated with success
1694:M 13 May 2026 03:21:55.466 * 1 changes in 15 seconds. Saving...
1694:M 13 May 2026 03:21:55.473 * Background saving started by pid 6444
6444:C 13 May 2026 03:21:55.503 * DB saved on disk
6444:C 13 May 2026 03:21:55.503 * Fork CoW for RDB: current 0 MB, peak 0 MB, average 0 MB
1694:M 13 May 2026 03:21:55.574 * Background saving terminated with success
1694:M 13 May 2026 03:22:31.333 * 1 changes in 15 seconds. Saving...
1694:M 13 May 2026 03:22:31.335 * Background saving started by pid 6469
6469:C 13 May 2026 03:22:31.349 * DB saved on disk
6469:C 13 May 2026 03:22:31.350 * Fork CoW for RDB: current 0 MB, peak 0 MB, average 0 MB
1694:M 13 May 2026 03:22:31.435 * Background saving terminated with success
1694:M 13 May 2026 03:22:47.013 * 1 changes in 15 seconds. Saving...
1694:M 13 May 2026 03:22:47.014 * Background saving started by pid 6490
6490:C 13 May 2026 03:22:47.046 * DB saved on disk
6490:C 13 May 2026 03:22:47.048 * Fork CoW for RDB: current 0 MB, peak 0 MB, average 0 MB
1694:M 13 May 2026 03:22:47.116 * Background saving terminated with success
1694:M 13 May 2026 03:29:29.941 * 1 changes in 15 seconds. Saving...
1694:M 13 May 2026 03:29:29.943 * Background saving started by pid 6742
6742:C 13 May 2026 03:29:29.966 * DB saved on disk
6742:C 13 May 2026 03:29:29.966 * Fork CoW for RDB: current 0 MB, peak 0 MB, average 0 MB
1694:M 13 May 2026 03:29:30.044 * Background saving terminated with success
1694:M 13 May 2026 03:29:46.025 * 1 changes in 15 seconds. Saving...
1694:M 13 May 2026 03:29:46.026 * Background saving started by pid 6753
6753:C 13 May 2026 03:29:46.044 * DB saved on disk
6753:C 13 May 2026 03:29:46.045 * Fork CoW for RDB: current 0 MB, peak 0 MB, average 0 MB
1694:M 13 May 2026 03:29:46.127 * Background saving terminated with success
1694:M 13 May 2026 03:40:33.035 * 1 changes in 15 seconds. Saving...
1694:M 13 May 2026 03:40:33.039 * Background saving started by pid 7145
7145:C 13 May 2026 03:40:33.056 * DB saved on disk
7145:C 13 May 2026 03:40:33.056 * Fork CoW for RDB: current 0 MB, peak 0 MB, average 0 MB
1694:M 13 May 2026 03:40:33.141 * Background saving terminated with success
1694:M 13 May 2026 03:40:49.016 * 1 changes in 15 seconds. Saving...
1694:M 13 May 2026 03:40:49.018 * Background saving started by pid 7157
7157:C 13 May 2026 03:40:49.030 * DB saved on disk
7157:C 13 May 2026 03:40:49.030 * Fork CoW for RDB: current 0 MB, peak 0 MB, average 0 MB
1694:M 13 May 2026 03:40:49.119 * Background saving terminated with success
1694:M 13 May 2026 03:41:08.527 * 1 changes in 15 seconds. Saving...
1694:M 13 May 2026 03:41:08.528 * Background saving started by pid 7169
7169:C 13 May 2026 03:41:08.544 * DB saved on disk
7169:C 13 May 2026 03:41:08.545 * Fork CoW for RDB: current 0 MB, peak 0 MB, average 0 MB
1694:M 13 May 2026 03:41:08.629 * Background saving terminated with success
1694:M 13 May 2026 04:54:17.574 * 1 changes in 15 seconds. Saving...
1694:M 13 May 2026 04:54:17.587 * Background saving started by pid 8957
8957:C 13 May 2026 04:54:17.618 * DB saved on disk
8957:C 13 May 2026 04:54:17.619 * Fork CoW for RDB: current 0 MB, peak 0 MB, average 0 MB
1694:M 13 May 2026 04:54:17.688 * Background saving terminated with success
1694:M 13 May 2026 06:35:20.058 * 1 changes in 15 seconds. Saving...
1694:M 13 May 2026 06:35:20.071 * Background saving started by pid 9934
9934:C 13 May 2026 06:35:20.097 * DB saved on disk
9934:C 13 May 2026 06:35:20.098 * Fork CoW for RDB: current 0 MB, peak 0 MB, average 0 MB
1694:M 13 May 2026 06:35:20.173 * Background saving terminated with success
1694:M 13 May 2026 06:35:36.065 * 1 changes in 15 seconds. Saving...
1694:M 13 May 2026 06:35:36.067 * Background saving started by pid 9944
9944:C 13 May 2026 06:35:36.081 * DB saved on disk
9944:C 13 May 2026 06:35:36.082 * Fork CoW for RDB: current 0 MB, peak 0 MB, average 0 MB
1694:M 13 May 2026 06:35:36.167 * Background saving terminated with success
1694:M 13 May 2026 06:36:09.848 * 1 changes in 15 seconds. Saving...
1694:M 13 May 2026 06:36:09.849 * Background saving started by pid 9972
9972:C 13 May 2026 06:36:09.865 * DB saved on disk
9972:C 13 May 2026 06:36:09.866 * Fork CoW for RDB: current 0 MB, peak 0 MB, average 0 MB
1694:M 13 May 2026 06:36:09.950 * Background saving terminated with success
1694:M 13 May 2026 06:36:25.007 * 1 changes in 15 seconds. Saving...
1694:M 13 May 2026 06:36:25.009 * Background saving started by pid 9991
9991:C 13 May 2026 06:36:25.026 * DB saved on disk
9991:C 13 May 2026 06:36:25.027 * Fork CoW for RDB: current 0 MB, peak 0 MB, average 0 MB
1694:M 13 May 2026 06:36:25.109 * Background saving terminated with success
1694:M 13 May 2026 07:08:11.060 * 1 changes in 15 seconds. Saving...
1694:M 13 May 2026 07:08:11.068 * Background saving started by pid 11158
11158:C 13 May 2026 07:08:11.089 * DB saved on disk
11158:C 13 May 2026 07:08:11.089 * Fork CoW for RDB: current 0 MB, peak 0 MB, average 0 MB
1694:M 13 May 2026 07:08:11.168 * Background saving terminated with success
1694:M 13 May 2026 07:08:27.069 * 1 changes in 15 seconds. Saving...
1694:M 13 May 2026 07:08:27.070 * Background saving started by pid 11169
11169:C 13 May 2026 07:08:27.085 * DB saved on disk
11169:C 13 May 2026 07:08:27.085 * Fork CoW for RDB: current 0 MB, peak 0 MB, average 0 MB
1694:M 13 May 2026 07:08:27.171 * Background saving terminated with success
