1698:C 12 May 2026 06:18:49.790 * oO0OoO0OoO0Oo Redis is starting oO0OoO0OoO0Oo
1698:C 12 May 2026 06:18:49.790 * Redis version=7.4.8, bits=64, commit=00000000, modified=0, pid=1698, just started
1698:C 12 May 2026 06:18:49.790 * Configuration loaded
1698:M 12 May 2026 06:18:49.796 * monotonic clock: POSIX clock_gettime
1698:M 12 May 2026 06:18:49.816 * Running mode=standalone, port=6379.
1698:M 12 May 2026 06:18:49.818 * Server initialized
1698:M 12 May 2026 06:18:49.829 * Loading RDB produced by version 7.4.8
1698:M 12 May 2026 06:18:49.829 * RDB age 61 seconds
1698:M 12 May 2026 06:18:49.829 * RDB memory usage when created 1.21 Mb
1698:M 12 May 2026 06:18:49.835 * Done loading RDB, keys loaded: 9, keys expired: 0.
1698:M 12 May 2026 06:18:49.840 * DB loaded from disk: 0.020 seconds
1698:M 12 May 2026 06:18:49.841 * Ready to accept connections tcp
1698:M 12 May 2026 06:19:39.468 * 1 changes in 15 seconds. Saving...
1698:M 12 May 2026 06:19:39.469 * Background saving started by pid 2227
2227:C 12 May 2026 06:19:39.486 * DB saved on disk
2227:C 12 May 2026 06:19:39.486 * Fork CoW for RDB: current 0 MB, peak 0 MB, average 0 MB
1698:M 12 May 2026 06:19:39.569 * Background saving terminated with success
1698:M 12 May 2026 06:19:55.065 * 1 changes in 15 seconds. Saving...
1698:M 12 May 2026 06:19:55.065 * Background saving started by pid 2243
2243:C 12 May 2026 06:19:55.076 * DB saved on disk
2243:C 12 May 2026 06:19:55.076 * Fork CoW for RDB: current 0 MB, peak 0 MB, average 0 MB
1698:M 12 May 2026 06:19:55.166 * Background saving terminated with success
1698:M 12 May 2026 06:20:25.849 * 1 changes in 15 seconds. Saving...
1698:M 12 May 2026 06:20:25.850 * Background saving started by pid 2295
2295:C 12 May 2026 06:20:25.866 * DB saved on disk
2295:C 12 May 2026 06:20:25.867 * Fork CoW for RDB: current 0 MB, peak 0 MB, average 0 MB
1698:M 12 May 2026 06:20:25.950 * Background saving terminated with success
1698:M 12 May 2026 06:20:41.074 * 1 changes in 15 seconds. Saving...
1698:M 12 May 2026 06:20:41.075 * Background saving started by pid 2314
2314:C 12 May 2026 06:20:41.092 * DB saved on disk
2314:C 12 May 2026 06:20:41.093 * Fork CoW for RDB: current 0 MB, peak 0 MB, average 0 MB
1698:M 12 May 2026 06:20:41.175 * Background saving terminated with success
1698:M 12 May 2026 06:21:29.480 * 1 changes in 15 seconds. Saving...
1698:M 12 May 2026 06:21:29.482 * Background saving started by pid 2344
2344:C 12 May 2026 06:21:29.508 * DB saved on disk
2344:C 12 May 2026 06:21:29.508 * Fork CoW for RDB: current 0 MB, peak 0 MB, average 0 MB
1698:M 12 May 2026 06:21:29.583 * Background saving terminated with success
1698:M 12 May 2026 06:21:57.224 * 1 changes in 15 seconds. Saving...
1698:M 12 May 2026 06:21:57.224 * Background saving started by pid 2367
2367:C 12 May 2026 06:21:57.246 * DB saved on disk
2367:C 12 May 2026 06:21:57.247 * Fork CoW for RDB: current 0 MB, peak 0 MB, average 0 MB
1698:M 12 May 2026 06:21:57.325 * Background saving terminated with success
1698:M 12 May 2026 06:28:46.683 * 1 changes in 15 seconds. Saving...
1698:M 12 May 2026 06:28:46.693 * Background saving started by pid 2626
2626:C 12 May 2026 06:28:46.719 * DB saved on disk
2626:C 12 May 2026 06:28:46.719 * Fork CoW for RDB: current 0 MB, peak 0 MB, average 0 MB
1698:M 12 May 2026 06:28:46.794 * Background saving terminated with success
1698:M 12 May 2026 06:29:30.213 * 1 changes in 15 seconds. Saving...
1698:M 12 May 2026 06:29:30.214 * Background saving started by pid 2662
2662:C 12 May 2026 06:29:30.230 * DB saved on disk
2662:C 12 May 2026 06:29:30.230 * Fork CoW for RDB: current 0 MB, peak 0 MB, average 0 MB
1698:M 12 May 2026 06:29:30.315 * Background saving terminated with success
1698:M 12 May 2026 06:33:09.173 * 1 changes in 15 seconds. Saving...
1698:M 12 May 2026 06:33:09.175 * Background saving started by pid 2794
2794:C 12 May 2026 06:33:09.189 * DB saved on disk
2794:C 12 May 2026 06:33:09.189 * Fork CoW for RDB: current 0 MB, peak 0 MB, average 0 MB
1698:M 12 May 2026 06:33:09.276 * Background saving terminated with success
1718:C 12 May 2026 06:37:17.996 * oO0OoO0OoO0Oo Redis is starting oO0OoO0OoO0Oo
1718:C 12 May 2026 06:37:17.996 * Redis version=7.4.8, bits=64, commit=00000000, modified=0, pid=1718, just started
1718:C 12 May 2026 06:37:17.996 * Configuration loaded
1718:M 12 May 2026 06:37:18.009 * monotonic clock: POSIX clock_gettime
1718:M 12 May 2026 06:37:18.048 * Running mode=standalone, port=6379.
1718:M 12 May 2026 06:37:18.051 * Server initialized
1718:M 12 May 2026 06:37:18.062 * Loading RDB produced by version 7.4.8
1718:M 12 May 2026 06:37:18.062 * RDB age 249 seconds
1718:M 12 May 2026 06:37:18.062 * RDB memory usage when created 1.21 Mb
1718:M 12 May 2026 06:37:18.067 * Done loading RDB, keys loaded: 11, keys expired: 0.
1718:M 12 May 2026 06:37:18.070 * DB loaded from disk: 0.017 seconds
1718:M 12 May 2026 06:37:18.072 * Ready to accept connections tcp
1718:M 12 May 2026 06:39:12.648 * 1 changes in 15 seconds. Saving...
1718:M 12 May 2026 06:39:12.660 * Background saving started by pid 2304
2304:C 12 May 2026 06:39:12.723 * DB saved on disk
2304:C 12 May 2026 06:39:12.724 * Fork CoW for RDB: current 0 MB, peak 0 MB, average 0 MB
1718:M 12 May 2026 06:39:12.761 * Background saving terminated with success
1718:M 12 May 2026 06:39:28.052 * 1 changes in 15 seconds. Saving...
1718:M 12 May 2026 06:39:28.053 * Background saving started by pid 2327
2327:C 12 May 2026 06:39:28.064 * DB saved on disk
2327:C 12 May 2026 06:39:28.065 * Fork CoW for RDB: current 0 MB, peak 0 MB, average 0 MB
1718:M 12 May 2026 06:39:28.153 * Background saving terminated with success
1718:M 12 May 2026 06:40:09.077 * 1 changes in 15 seconds. Saving...
1718:M 12 May 2026 06:40:09.078 * Background saving started by pid 2357
2357:C 12 May 2026 06:40:09.096 * DB saved on disk
2357:C 12 May 2026 06:40:09.096 * Fork CoW for RDB: current 0 MB, peak 0 MB, average 0 MB
1718:M 12 May 2026 06:40:09.179 * Background saving terminated with success
1718:C 12 May 2026 06:45:11.304 * oO0OoO0OoO0Oo Redis is starting oO0OoO0OoO0Oo
1718:C 12 May 2026 06:45:11.304 * Redis version=7.4.8, bits=64, commit=00000000, modified=0, pid=1718, just started
1718:C 12 May 2026 06:45:11.304 * Configuration loaded
1718:M 12 May 2026 06:45:11.314 * monotonic clock: POSIX clock_gettime
1718:M 12 May 2026 06:45:11.341 * Running mode=standalone, port=6379.
1718:M 12 May 2026 06:45:11.343 * Server initialized
1718:M 12 May 2026 06:45:11.351 * Loading RDB produced by version 7.4.8
1718:M 12 May 2026 06:45:11.351 * RDB age 302 seconds
1718:M 12 May 2026 06:45:11.351 * RDB memory usage when created 1.19 Mb
1718:M 12 May 2026 06:45:11.360 * Done loading RDB, keys loaded: 11, keys expired: 0.
1718:M 12 May 2026 06:45:11.371 * DB loaded from disk: 0.026 seconds
1718:M 12 May 2026 06:45:11.372 * Ready to accept connections tcp
1718:M 12 May 2026 06:46:04.670 * 1 changes in 15 seconds. Saving...
1718:M 12 May 2026 06:46:04.672 * Background saving started by pid 2268
2268:C 12 May 2026 06:46:04.692 * DB saved on disk
2268:C 12 May 2026 06:46:04.693 * Fork CoW for RDB: current 0 MB, peak 0 MB, average 0 MB
1718:M 12 May 2026 06:46:04.774 * Background saving terminated with success
1718:M 12 May 2026 06:46:20.039 * 1 changes in 15 seconds. Saving...
1718:M 12 May 2026 06:46:20.040 * Background saving started by pid 2283
2283:C 12 May 2026 06:46:20.052 * DB saved on disk
2283:C 12 May 2026 06:46:20.052 * Fork CoW for RDB: current 0 MB, peak 0 MB, average 0 MB
1718:M 12 May 2026 06:46:20.140 * Background saving terminated with success
1718:M 12 May 2026 06:47:11.020 * 1 changes in 15 seconds. Saving...
1718:M 12 May 2026 06:47:11.022 * Background saving started by pid 2327
2327:C 12 May 2026 06:47:11.046 * DB saved on disk
2327:C 12 May 2026 06:47:11.047 * Fork CoW for RDB: current 0 MB, peak 0 MB, average 0 MB
1718:M 12 May 2026 06:47:11.122 * Background saving terminated with success
