1704:C 12 May 2026 09:24:55.035 * oO0OoO0OoO0Oo Redis is starting oO0OoO0OoO0Oo
1704:C 12 May 2026 09:24:55.035 * Redis version=7.4.8, bits=64, commit=00000000, modified=0, pid=1704, just started
1704:C 12 May 2026 09:24:55.035 * Configuration loaded
1704:M 12 May 2026 09:24:55.043 * monotonic clock: POSIX clock_gettime
1704:M 12 May 2026 09:24:55.084 * Running mode=standalone, port=6379.
1704:M 12 May 2026 09:24:55.089 * Server initialized
1704:M 12 May 2026 09:24:55.104 * Loading RDB produced by version 7.4.8
1704:M 12 May 2026 09:24:55.104 * RDB age 123 seconds
1704:M 12 May 2026 09:24:55.104 * RDB memory usage when created 1.21 Mb
1704:M 12 May 2026 09:24:55.111 * Done loading RDB, keys loaded: 11, keys expired: 0.
1704:M 12 May 2026 09:24:55.122 * DB loaded from disk: 0.032 seconds
1704:M 12 May 2026 09:24:55.126 * Ready to accept connections tcp
1704:M 12 May 2026 09:26:31.360 * 1 changes in 15 seconds. Saving...
1704:M 12 May 2026 09:26:31.364 * Background saving started by pid 2277
2277:C 12 May 2026 09:26:31.404 * DB saved on disk
2277:C 12 May 2026 09:26:31.404 * Fork CoW for RDB: current 0 MB, peak 0 MB, average 0 MB
1704:M 12 May 2026 09:26:31.468 * Background saving terminated with success
1704:M 12 May 2026 09:26:47.053 * 1 changes in 15 seconds. Saving...
1704:M 12 May 2026 09:26:47.054 * Background saving started by pid 2295
2295:C 12 May 2026 09:26:47.064 * DB saved on disk
2295:C 12 May 2026 09:26:47.064 * Fork CoW for RDB: current 0 MB, peak 0 MB, average 0 MB
1704:M 12 May 2026 09:26:47.154 * Background saving terminated with success
1704:M 12 May 2026 09:27:11.077 * 1 changes in 15 seconds. Saving...
1704:M 12 May 2026 09:27:11.078 * Background saving started by pid 2319
2319:C 12 May 2026 09:27:11.090 * DB saved on disk
2319:C 12 May 2026 09:27:11.091 * Fork CoW for RDB: current 0 MB, peak 0 MB, average 0 MB
1704:M 12 May 2026 09:27:11.179 * Background saving terminated with success
1719:C 12 May 2026 09:33:05.607 * oO0OoO0OoO0Oo Redis is starting oO0OoO0OoO0Oo
1719:C 12 May 2026 09:33:05.607 * Redis version=7.4.8, bits=64, commit=00000000, modified=0, pid=1719, just started
1719:C 12 May 2026 09:33:05.607 * Configuration loaded
1719:M 12 May 2026 09:33:05.610 * monotonic clock: POSIX clock_gettime
1719:M 12 May 2026 09:33:05.634 * Running mode=standalone, port=6379.
1719:M 12 May 2026 09:33:05.637 * Server initialized
1719:M 12 May 2026 09:33:05.641 * Loading RDB produced by version 7.4.8
1719:M 12 May 2026 09:33:05.641 * RDB age 354 seconds
1719:M 12 May 2026 09:33:05.641 * RDB memory usage when created 1.19 Mb
1719:M 12 May 2026 09:33:05.646 * Done loading RDB, keys loaded: 11, keys expired: 0.
1719:M 12 May 2026 09:33:05.647 * DB loaded from disk: 0.010 seconds
1719:M 12 May 2026 09:33:05.649 * Ready to accept connections tcp
1719:M 12 May 2026 09:33:54.935 * 1 changes in 15 seconds. Saving...
1719:M 12 May 2026 09:33:54.940 * Background saving started by pid 2268
2268:C 12 May 2026 09:33:54.978 * DB saved on disk
2268:C 12 May 2026 09:33:54.979 * Fork CoW for RDB: current 0 MB, peak 0 MB, average 0 MB
1719:M 12 May 2026 09:33:55.041 * Background saving terminated with success
1719:M 12 May 2026 09:34:11.030 * 1 changes in 15 seconds. Saving...
1719:M 12 May 2026 09:34:11.031 * Background saving started by pid 2289
2289:C 12 May 2026 09:34:11.043 * DB saved on disk
2289:C 12 May 2026 09:34:11.043 * Fork CoW for RDB: current 0 MB, peak 0 MB, average 0 MB
1719:M 12 May 2026 09:34:11.131 * Background saving terminated with success
1719:M 12 May 2026 09:35:30.631 * 1 changes in 15 seconds. Saving...
1719:M 12 May 2026 09:35:30.632 * Background saving started by pid 2347
2347:C 12 May 2026 09:35:30.644 * DB saved on disk
2347:C 12 May 2026 09:35:30.645 * Fork CoW for RDB: current 0 MB, peak 0 MB, average 0 MB
1719:M 12 May 2026 09:35:30.733 * Background saving terminated with success
