1833:C 08 Jun 2026 08:13:02.737 # WARNING Memory overcommit must be enabled! Without it, a background save or replication may fail under low memory condition. Being disabled, it can also cause failures without low memory condition, see https://github.com/jemalloc/jemalloc/issues/1328. To fix this issue add 'vm.overcommit_memory = 1' to /etc/sysctl.conf and then reboot or run the command 'sysctl vm.overcommit_memory=1' for this to take effect.
1833:C 08 Jun 2026 08:13:02.739 * oO0OoO0OoO0Oo Redis is starting oO0OoO0OoO0Oo
1833:C 08 Jun 2026 08:13:02.739 * Redis version=7.4.8, bits=64, commit=00000000, modified=0, pid=1833, just started
1833:C 08 Jun 2026 08:13:02.739 * Configuration loaded
1833:M 08 Jun 2026 08:13:02.741 * Increased maximum number of open files to 10032 (it was originally set to 1024).
1833:M 08 Jun 2026 08:13:02.741 * monotonic clock: POSIX clock_gettime
1833:M 08 Jun 2026 08:13:02.745 * Running mode=standalone, port=6379.
1833:M 08 Jun 2026 08:13:02.747 * Server initialized
1833:M 08 Jun 2026 08:13:02.757 * Loading RDB produced by version 7.4.8
1833:M 08 Jun 2026 08:13:02.757 * RDB age 6201 seconds
1833:M 08 Jun 2026 08:13:02.757 * RDB memory usage when created 1.09 Mb
1833:M 08 Jun 2026 08:13:02.760 * Done loading RDB, keys loaded: 11, keys expired: 1.
1833:M 08 Jun 2026 08:13:02.763 * DB loaded from disk: 0.010 seconds
1833:M 08 Jun 2026 08:13:02.763 * Ready to accept connections tcp
1833:M 08 Jun 2026 08:13:49.176 * 1 changes in 15 seconds. Saving...
1833:M 08 Jun 2026 08:13:49.177 * Background saving started by pid 2282
2282:C 08 Jun 2026 08:13:49.194 * DB saved on disk
2282:C 08 Jun 2026 08:13:49.194 * Fork CoW for RDB: current 0 MB, peak 0 MB, average 0 MB
1833:M 08 Jun 2026 08:13:49.277 * Background saving terminated with success
1833:M 08 Jun 2026 08:14:05.086 * 1 changes in 15 seconds. Saving...
1833:M 08 Jun 2026 08:14:05.087 * Background saving started by pid 2295
2295:C 08 Jun 2026 08:14:05.103 * DB saved on disk
2295:C 08 Jun 2026 08:14:05.104 * Fork CoW for RDB: current 0 MB, peak 0 MB, average 0 MB
1833:M 08 Jun 2026 08:14:05.189 * Background saving terminated with success
1833:M 08 Jun 2026 08:21:52.665 * 1 changes in 15 seconds. Saving...
1833:M 08 Jun 2026 08:21:52.665 * Background saving started by pid 2586
2586:C 08 Jun 2026 08:21:52.738 * DB saved on disk
2586:C 08 Jun 2026 08:21:52.738 * Fork CoW for RDB: current 0 MB, peak 0 MB, average 0 MB
1833:M 08 Jun 2026 08:21:52.767 * Background saving terminated with success
1833:M 08 Jun 2026 08:22:08.046 * 1 changes in 15 seconds. Saving...
1833:M 08 Jun 2026 08:22:08.047 * Background saving started by pid 2597
2597:C 08 Jun 2026 08:22:08.064 * DB saved on disk
2597:C 08 Jun 2026 08:22:08.064 * Fork CoW for RDB: current 0 MB, peak 0 MB, average 0 MB
1833:M 08 Jun 2026 08:22:08.148 * Background saving terminated with success
1833:M 08 Jun 2026 08:22:24.073 * 1 changes in 15 seconds. Saving...
1833:M 08 Jun 2026 08:22:24.078 * Background saving started by pid 2648
2648:C 08 Jun 2026 08:22:24.112 * DB saved on disk
2648:C 08 Jun 2026 08:22:24.113 * Fork CoW for RDB: current 0 MB, peak 0 MB, average 0 MB
1833:M 08 Jun 2026 08:22:24.181 * Background saving terminated with success
1833:M 08 Jun 2026 08:22:40.098 * 1 changes in 15 seconds. Saving...
1833:M 08 Jun 2026 08:22:40.120 * Background saving started by pid 2658
2658:C 08 Jun 2026 08:22:40.247 * DB saved on disk
2658:C 08 Jun 2026 08:22:40.248 * Fork CoW for RDB: current 1 MB, peak 1 MB, average 0 MB
1833:M 08 Jun 2026 08:22:40.251 * Background saving terminated with success
1833:M 08 Jun 2026 09:13:49.780 * 1 changes in 15 seconds. Saving...
1833:M 08 Jun 2026 09:13:49.789 * Background saving started by pid 4534
4534:C 08 Jun 2026 09:13:49.819 * DB saved on disk
4534:C 08 Jun 2026 09:13:49.819 * Fork CoW for RDB: current 0 MB, peak 0 MB, average 0 MB
1833:M 08 Jun 2026 09:13:49.890 * Background saving terminated with success
