1705:C 12 May 2026 07:48:12.392 * oO0OoO0OoO0Oo Redis is starting oO0OoO0OoO0Oo
1705:C 12 May 2026 07:48:12.393 * Redis version=7.4.8, bits=64, commit=00000000, modified=0, pid=1705, just started
1705:C 12 May 2026 07:48:12.393 * Configuration loaded
1705:M 12 May 2026 07:48:12.412 * monotonic clock: POSIX clock_gettime
1705:M 12 May 2026 07:48:12.466 * Running mode=standalone, port=6379.
1705:M 12 May 2026 07:48:12.470 * Server initialized
1705:M 12 May 2026 07:48:12.478 * Loading RDB produced by version 7.4.8
1705:M 12 May 2026 07:48:12.478 * RDB age 2795 seconds
1705:M 12 May 2026 07:48:12.478 * RDB memory usage when created 1.17 Mb
1705:M 12 May 2026 07:48:12.489 * Done loading RDB, keys loaded: 10, keys expired: 1.
1705:M 12 May 2026 07:48:12.492 * DB loaded from disk: 0.021 seconds
1705:M 12 May 2026 07:48:12.494 * Ready to accept connections tcp
1705:M 12 May 2026 07:49:09.051 * 1 changes in 15 seconds. Saving...
1705:M 12 May 2026 07:49:09.057 * Background saving started by pid 2310
2310:C 12 May 2026 07:49:09.081 * DB saved on disk
2310:C 12 May 2026 07:49:09.082 * Fork CoW for RDB: current 0 MB, peak 0 MB, average 0 MB
1705:M 12 May 2026 07:49:09.153 * Background saving terminated with success
1705:M 12 May 2026 07:49:25.058 * 1 changes in 15 seconds. Saving...
1705:M 12 May 2026 07:49:25.059 * Background saving started by pid 2331
2331:C 12 May 2026 07:49:25.068 * DB saved on disk
2331:C 12 May 2026 07:49:25.068 * Fork CoW for RDB: current 0 MB, peak 0 MB, average 0 MB
1705:M 12 May 2026 07:49:25.160 * Background saving terminated with success
1705:M 12 May 2026 07:56:08.698 * 1 changes in 15 seconds. Saving...
1705:M 12 May 2026 07:56:08.720 * Background saving started by pid 2586
2586:C 12 May 2026 07:56:08.751 * DB saved on disk
2586:C 12 May 2026 07:56:08.751 * Fork CoW for RDB: current 0 MB, peak 0 MB, average 0 MB
1705:M 12 May 2026 07:56:08.821 * Background saving terminated with success
1705:M 12 May 2026 07:58:20.117 * 1 changes in 15 seconds. Saving...
1705:M 12 May 2026 07:58:20.121 * Background saving started by pid 2681
2681:C 12 May 2026 07:58:20.144 * DB saved on disk
2681:C 12 May 2026 07:58:20.145 * Fork CoW for RDB: current 0 MB, peak 0 MB, average 0 MB
1705:M 12 May 2026 07:58:20.222 * Background saving terminated with success
1705:M 12 May 2026 07:59:42.767 * 1 changes in 15 seconds. Saving...
1705:M 12 May 2026 07:59:42.768 * Background saving started by pid 2737
2737:C 12 May 2026 07:59:42.795 * DB saved on disk
2737:C 12 May 2026 07:59:42.795 * Fork CoW for RDB: current 0 MB, peak 0 MB, average 0 MB
1705:M 12 May 2026 07:59:42.869 * Background saving terminated with success
1705:M 12 May 2026 07:59:58.055 * 1 changes in 15 seconds. Saving...
1705:M 12 May 2026 07:59:58.056 * Background saving started by pid 2750
2750:C 12 May 2026 07:59:58.078 * DB saved on disk
2750:C 12 May 2026 07:59:58.079 * Fork CoW for RDB: current 0 MB, peak 0 MB, average 0 MB
1705:M 12 May 2026 07:59:58.157 * Background saving terminated with success
1705:M 12 May 2026 08:04:08.089 * 1 changes in 15 seconds. Saving...
1705:M 12 May 2026 08:04:08.095 * Background saving started by pid 2903
2903:C 12 May 2026 08:04:08.120 * DB saved on disk
2903:C 12 May 2026 08:04:08.121 * Fork CoW for RDB: current 0 MB, peak 0 MB, average 0 MB
1705:M 12 May 2026 08:04:08.196 * Background saving terminated with success
1705:M 12 May 2026 08:05:18.730 * 1 changes in 15 seconds. Saving...
1705:M 12 May 2026 08:05:18.731 * Background saving started by pid 2956
2956:C 12 May 2026 08:05:18.747 * DB saved on disk
2956:C 12 May 2026 08:05:18.748 * Fork CoW for RDB: current 0 MB, peak 0 MB, average 0 MB
1705:M 12 May 2026 08:05:18.832 * Background saving terminated with success
1705:M 12 May 2026 08:08:22.874 * 1 changes in 15 seconds. Saving...
1705:M 12 May 2026 08:08:22.876 * Background saving started by pid 3076
3076:C 12 May 2026 08:08:22.897 * DB saved on disk
3076:C 12 May 2026 08:08:22.898 * Fork CoW for RDB: current 0 MB, peak 0 MB, average 0 MB
1705:M 12 May 2026 08:08:22.978 * Background saving terminated with success
1705:M 12 May 2026 08:08:38.060 * 1 changes in 15 seconds. Saving...
1705:M 12 May 2026 08:08:38.061 * Background saving started by pid 3091
3091:C 12 May 2026 08:08:38.072 * DB saved on disk
3091:C 12 May 2026 08:08:38.072 * Fork CoW for RDB: current 0 MB, peak 0 MB, average 0 MB
1705:M 12 May 2026 08:08:38.162 * Background saving terminated with success
1705:M 12 May 2026 08:41:27.394 * 1 changes in 15 seconds. Saving...
1705:M 12 May 2026 08:41:27.403 * Background saving started by pid 3958
3958:C 12 May 2026 08:41:27.425 * DB saved on disk
3958:C 12 May 2026 08:41:27.425 * Fork CoW for RDB: current 0 MB, peak 0 MB, average 0 MB
1705:M 12 May 2026 08:41:27.505 * Background saving terminated with success
1705:M 12 May 2026 08:41:43.093 * 1 changes in 15 seconds. Saving...
1705:M 12 May 2026 08:41:43.094 * Background saving started by pid 3972
3972:C 12 May 2026 08:41:43.105 * DB saved on disk
3972:C 12 May 2026 08:41:43.105 * Fork CoW for RDB: current 0 MB, peak 0 MB, average 0 MB
1705:M 12 May 2026 08:41:43.194 * Background saving terminated with success
