1695:C 12 May 2026 09:41:01.849 * oO0OoO0OoO0Oo Redis is starting oO0OoO0OoO0Oo
1695:C 12 May 2026 09:41:01.849 * Redis version=7.4.8, bits=64, commit=00000000, modified=0, pid=1695, just started
1695:C 12 May 2026 09:41:01.849 * Configuration loaded
1695:M 12 May 2026 09:41:01.851 * monotonic clock: POSIX clock_gettime
1695:M 12 May 2026 09:41:01.872 * Running mode=standalone, port=6379.
1695:M 12 May 2026 09:41:01.875 * Server initialized
1695:M 12 May 2026 09:41:01.886 * Loading RDB produced by version 7.4.8
1695:M 12 May 2026 09:41:01.886 * RDB age 331 seconds
1695:M 12 May 2026 09:41:01.886 * RDB memory usage when created 1.19 Mb
1695:M 12 May 2026 09:41:01.891 * Done loading RDB, keys loaded: 10, keys expired: 1.
1695:M 12 May 2026 09:41:01.894 * DB loaded from disk: 0.018 seconds
1695:M 12 May 2026 09:41:01.895 * Ready to accept connections tcp
1695:M 12 May 2026 09:41:53.893 * 1 changes in 15 seconds. Saving...
1695:M 12 May 2026 09:41:53.898 * Background saving started by pid 2219
2219:C 12 May 2026 09:41:53.931 * DB saved on disk
2219:C 12 May 2026 09:41:53.932 * Fork CoW for RDB: current 0 MB, peak 0 MB, average 0 MB
1695:M 12 May 2026 09:41:53.999 * Background saving terminated with success
1695:M 12 May 2026 09:42:09.041 * 1 changes in 15 seconds. Saving...
1695:M 12 May 2026 09:42:09.043 * Background saving started by pid 2270
2270:C 12 May 2026 09:42:09.063 * DB saved on disk
2270:C 12 May 2026 09:42:09.064 * Fork CoW for RDB: current 0 MB, peak 0 MB, average 0 MB
1695:M 12 May 2026 09:42:09.144 * Background saving terminated with success
1695:M 12 May 2026 09:42:57.423 * 1 changes in 15 seconds. Saving...
1695:M 12 May 2026 09:42:57.424 * Background saving started by pid 2304
2304:C 12 May 2026 09:42:57.437 * DB saved on disk
2304:C 12 May 2026 09:42:57.438 * Fork CoW for RDB: current 0 MB, peak 0 MB, average 0 MB
1695:M 12 May 2026 09:42:57.525 * Background saving terminated with success
1695:M 12 May 2026 09:45:14.245 * 1 changes in 15 seconds. Saving...
1695:M 12 May 2026 09:45:14.246 * Background saving started by pid 2393
2393:C 12 May 2026 09:45:14.267 * DB saved on disk
2393:C 12 May 2026 09:45:14.268 * Fork CoW for RDB: current 0 MB, peak 0 MB, average 0 MB
1695:M 12 May 2026 09:45:14.346 * Background saving terminated with success
1695:M 12 May 2026 09:46:40.099 * 1 changes in 15 seconds. Saving...
1695:M 12 May 2026 09:46:40.100 * Background saving started by pid 2457
2457:C 12 May 2026 09:46:40.114 * DB saved on disk
2457:C 12 May 2026 09:46:40.115 * Fork CoW for RDB: current 0 MB, peak 0 MB, average 0 MB
1695:M 12 May 2026 09:46:40.201 * Background saving terminated with success
