1704:C 12 May 2026 08:53:18.215 * oO0OoO0OoO0Oo Redis is starting oO0OoO0OoO0Oo
1704:C 12 May 2026 08:53:18.215 * Redis version=7.4.8, bits=64, commit=00000000, modified=0, pid=1704, just started
1704:C 12 May 2026 08:53:18.215 * Configuration loaded
1704:M 12 May 2026 08:53:18.220 * monotonic clock: POSIX clock_gettime
1704:M 12 May 2026 08:53:18.232 * Running mode=standalone, port=6379.
1704:M 12 May 2026 08:53:18.234 * Server initialized
1704:M 12 May 2026 08:53:18.242 * Loading RDB produced by version 7.4.8
1704:M 12 May 2026 08:53:18.242 * RDB age 695 seconds
1704:M 12 May 2026 08:53:18.242 * RDB memory usage when created 1.19 Mb
1704:M 12 May 2026 08:53:18.249 * Done loading RDB, keys loaded: 10, keys expired: 0.
1704:M 12 May 2026 08:53:18.251 * DB loaded from disk: 0.015 seconds
1704:M 12 May 2026 08:53:18.252 * Ready to accept connections tcp
1704:M 12 May 2026 08:54:14.463 * 1 changes in 15 seconds. Saving...
1704:M 12 May 2026 08:54:14.465 * Background saving started by pid 2252
2252:C 12 May 2026 08:54:14.486 * DB saved on disk
2252:C 12 May 2026 08:54:14.486 * Fork CoW for RDB: current 0 MB, peak 0 MB, average 0 MB
1704:M 12 May 2026 08:54:14.566 * Background saving terminated with success
1704:M 12 May 2026 08:54:30.065 * 1 changes in 15 seconds. Saving...
1704:M 12 May 2026 08:54:30.066 * Background saving started by pid 2269
2269:C 12 May 2026 08:54:30.080 * DB saved on disk
2269:C 12 May 2026 08:54:30.080 * Fork CoW for RDB: current 0 MB, peak 0 MB, average 0 MB
1704:M 12 May 2026 08:54:30.166 * Background saving terminated with success
1704:M 12 May 2026 08:57:21.869 * 1 changes in 15 seconds. Saving...
1704:M 12 May 2026 08:57:21.887 * Background saving started by pid 2409
2409:C 12 May 2026 08:57:21.939 * DB saved on disk
2409:C 12 May 2026 08:57:21.940 * Fork CoW for RDB: current 0 MB, peak 0 MB, average 0 MB
1704:M 12 May 2026 08:57:21.988 * Background saving terminated with success
1704:M 12 May 2026 08:57:37.083 * 1 changes in 15 seconds. Saving...
1704:M 12 May 2026 08:57:37.086 * Background saving started by pid 2426
2426:C 12 May 2026 08:57:37.098 * DB saved on disk
2426:C 12 May 2026 08:57:37.098 * Fork CoW for RDB: current 0 MB, peak 0 MB, average 0 MB
1704:M 12 May 2026 08:57:37.186 * Background saving terminated with success
1704:M 12 May 2026 08:58:17.205 * 1 changes in 15 seconds. Saving...
1704:M 12 May 2026 08:58:17.206 * Background saving started by pid 2448
2448:C 12 May 2026 08:58:17.235 * DB saved on disk
2448:C 12 May 2026 08:58:17.235 * Fork CoW for RDB: current 0 MB, peak 0 MB, average 0 MB
1704:M 12 May 2026 08:58:17.307 * Background saving terminated with success
1704:M 12 May 2026 08:58:33.075 * 1 changes in 15 seconds. Saving...
1704:M 12 May 2026 08:58:33.076 * Background saving started by pid 2461
2461:C 12 May 2026 08:58:33.088 * DB saved on disk
2461:C 12 May 2026 08:58:33.088 * Fork CoW for RDB: current 0 MB, peak 0 MB, average 0 MB
1704:M 12 May 2026 08:58:33.177 * Background saving terminated with success
1704:M 12 May 2026 08:59:31.980 * 1 changes in 15 seconds. Saving...
1704:M 12 May 2026 08:59:31.981 * Background saving started by pid 2501
2501:C 12 May 2026 08:59:31.995 * DB saved on disk
2501:C 12 May 2026 08:59:31.995 * Fork CoW for RDB: current 0 MB, peak 0 MB, average 0 MB
1704:M 12 May 2026 08:59:32.081 * Background saving terminated with success
1704:M 12 May 2026 09:00:11.229 * 1 changes in 15 seconds. Saving...
1704:M 12 May 2026 09:00:11.230 * Background saving started by pid 2532
2532:C 12 May 2026 09:00:11.248 * DB saved on disk
2532:C 12 May 2026 09:00:11.248 * Fork CoW for RDB: current 0 MB, peak 0 MB, average 0 MB
1704:M 12 May 2026 09:00:11.331 * Background saving terminated with success
1704:M 12 May 2026 09:15:50.310 * 1 changes in 15 seconds. Saving...
1704:M 12 May 2026 09:15:50.316 * Background saving started by pid 3105
3105:C 12 May 2026 09:15:50.337 * DB saved on disk
3105:C 12 May 2026 09:15:50.338 * Fork CoW for RDB: current 0 MB, peak 0 MB, average 0 MB
1704:M 12 May 2026 09:15:50.418 * Background saving terminated with success
1704:M 12 May 2026 09:16:42.392 * 1 changes in 15 seconds. Saving...
1704:M 12 May 2026 09:16:42.393 * Background saving started by pid 3142
3142:C 12 May 2026 09:16:42.411 * DB saved on disk
3142:C 12 May 2026 09:16:42.411 * Fork CoW for RDB: current 0 MB, peak 0 MB, average 0 MB
1704:M 12 May 2026 09:16:42.494 * Background saving terminated with success
1704:M 12 May 2026 09:22:09.590 * 1 changes in 15 seconds. Saving...
1704:M 12 May 2026 09:22:09.598 * Background saving started by pid 3351
3351:C 12 May 2026 09:22:09.622 * DB saved on disk
3351:C 12 May 2026 09:22:09.623 * Fork CoW for RDB: current 0 MB, peak 0 MB, average 0 MB
1704:M 12 May 2026 09:22:09.699 * Background saving terminated with success
1704:M 12 May 2026 09:22:52.722 * 1 changes in 15 seconds. Saving...
1704:M 12 May 2026 09:22:52.723 * Background saving started by pid 3385
3385:C 12 May 2026 09:22:52.740 * DB saved on disk
3385:C 12 May 2026 09:22:52.740 * Fork CoW for RDB: current 0 MB, peak 0 MB, average 0 MB
1704:M 12 May 2026 09:22:52.823 * Background saving terminated with success
