{"t":{"$date":"2026-06-19T06:15:38.659+00:00"},"s":"I",  "c":"NETWORK",  "id":4915701, "ctx":"main","msg":"Initialized wire specification","attr":{"spec":{"incomingExternalClient":{"minWireVersion":0,"maxWireVersion":21},"incomingInternalClient":{"minWireVersion":0,"maxWireVersion":21},"outgoing":{"minWireVersion":6,"maxWireVersion":21},"isInternalClient":true}}}
{"t":{"$date":"2026-06-19T06:15:38.660+00:00"},"s":"I",  "c":"CONTROL",  "id":23285,   "ctx":"main","msg":"Automatically disabling TLS 1.0, to force-enable TLS 1.0 specify --sslDisabledProtocols 'none'"}
{"t":{"$date":"2026-06-19T06:15:38.668+00:00"},"s":"I",  "c":"NETWORK",  "id":4648601, "ctx":"main","msg":"Implicit TCP FastOpen unavailable. If TCP FastOpen is required, set tcpFastOpenServer, tcpFastOpenClient, and tcpFastOpenQueueSize."}
{"t":{"$date":"2026-06-19T06:15:38.893+00:00"},"s":"I",  "c":"REPL",     "id":5123008, "ctx":"main","msg":"Successfully registered PrimaryOnlyService","attr":{"service":"TenantMigrationDonorService","namespace":"config.tenantMigrationDonors"}}
{"t":{"$date":"2026-06-19T06:15:38.894+00:00"},"s":"I",  "c":"REPL",     "id":5123008, "ctx":"main","msg":"Successfully registered PrimaryOnlyService","attr":{"service":"TenantMigrationRecipientService","namespace":"config.tenantMigrationRecipients"}}
{"t":{"$date":"2026-06-19T06:15:38.895+00:00"},"s":"I",  "c":"CONTROL",  "id":5945603, "ctx":"main","msg":"Multi threading initialized"}
{"t":{"$date":"2026-06-19T06:15:38.896+00:00"},"s":"I",  "c":"TENANT_M", "id":7091600, "ctx":"main","msg":"Starting TenantMigrationAccessBlockerRegistry"}
{"t":{"$date":"2026-06-19T06:15:38.898+00:00"},"s":"I",  "c":"CONTROL",  "id":4615611, "ctx":"initandlisten","msg":"MongoDB starting","attr":{"pid":1718,"port":27017,"dbPath":".","architecture":"64-bit","host":"62c663175639"}}
{"t":{"$date":"2026-06-19T06:15:38.898+00:00"},"s":"I",  "c":"CONTROL",  "id":23403,   "ctx":"initandlisten","msg":"Build Info","attr":{"buildInfo":{"version":"7.0.34","gitVersion":"ed9a6630253d3bc301e5ef19606704715d1e2066","openSSLVersion":"OpenSSL 3.0.13 30 Jan 2024","modules":[],"allocator":"tcmalloc","environment":{"distmod":"ubuntu2204","distarch":"x86_64","target_arch":"x86_64"}}}}
{"t":{"$date":"2026-06-19T06:15:38.899+00:00"},"s":"I",  "c":"CONTROL",  "id":51765,   "ctx":"initandlisten","msg":"Operating System","attr":{"os":{"name":"Ubuntu","version":"24.04"}}}
{"t":{"$date":"2026-06-19T06:15:38.899+00:00"},"s":"I",  "c":"CONTROL",  "id":21951,   "ctx":"initandlisten","msg":"Options set by command line","attr":{"options":{"net":{"bindIp":"localhost","port":27017},"replication":{"replSet":"mr1"},"security":{"keyFile":"/tmp/appsmith/mongodb-key"},"storage":{"dbPath":"."},"systemLog":{"destination":"file","path":"/appsmith-stacks/logs/mongodb/db.log"}}}}
{"t":{"$date":"2026-06-19T06:15:38.934+00:00"},"s":"W",  "c":"STORAGE",  "id":22271,   "ctx":"initandlisten","msg":"Detected unclean shutdown - Lock file is not empty","attr":{"lockFile":"./mongod.lock"}}
{"t":{"$date":"2026-06-19T06:15:38.948+00:00"},"s":"I",  "c":"STORAGE",  "id":22270,   "ctx":"initandlisten","msg":"Storage engine to use detected by data files","attr":{"dbpath":".","storageEngine":"wiredTiger"}}
{"t":{"$date":"2026-06-19T06:15:38.972+00:00"},"s":"W",  "c":"STORAGE",  "id":22302,   "ctx":"initandlisten","msg":"Recovering data from the last clean checkpoint."}
{"t":{"$date":"2026-06-19T06:15:38.983+00:00"},"s":"I",  "c":"STORAGE",  "id":22315,   "ctx":"initandlisten","msg":"Opening WiredTiger","attr":{"config":"create,cache_size=1392M,session_max=33000,eviction=(threads_min=4,threads_max=4),config_base=false,statistics=(fast),log=(enabled=true,remove=true,path=journal,compressor=snappy),builtin_extension_config=(zstd=(compression_level=6)),file_manager=(close_idle_time=600,close_scan_interval=10,close_handle_minimum=2000),statistics_log=(wait=0),json_output=(error,message),verbose=[recovery_progress:1,checkpoint_progress:1,compact_progress:1,backup:0,checkpoint:0,compact:0,evict:0,history_store:0,recovery:0,rts:0,salvage:0,tiered:0,timestamp:0,transaction:0,verify:0,log:0],"}}
{"t":{"$date":"2026-06-19T06:15:56.606+00:00"},"s":"I",  "c":"WTRECOV",  "id":22430,   "ctx":"initandlisten","msg":"WiredTiger message","attr":{"message":{"ts_sec":1781849756,"ts_usec":603769,"thread":"1718:0x7eebdf114140","session_name":"txn-recover","category":"WT_VERB_RECOVERY_PROGRESS","category_id":30,"verbose_level":"DEBUG_1","verbose_level_id":1,"msg":"Recovering log 85 through 86"}}}
{"t":{"$date":"2026-06-19T06:16:00.176+00:00"},"s":"I",  "c":"WTRECOV",  "id":22430,   "ctx":"initandlisten","msg":"WiredTiger message","attr":{"message":{"ts_sec":1781849760,"ts_usec":176167,"thread":"1718:0x7eebdf114140","session_name":"txn-recover","category":"WT_VERB_RECOVERY_PROGRESS","category_id":30,"verbose_level":"DEBUG_1","verbose_level_id":1,"msg":"Recovering log 86 through 86"}}}
{"t":{"$date":"2026-06-19T06:16:02.090+00:00"},"s":"I",  "c":"WTRECOV",  "id":22430,   "ctx":"initandlisten","msg":"WiredTiger message","attr":{"message":{"ts_sec":1781849762,"ts_usec":90836,"thread":"1718:0x7eebdf114140","session_name":"txn-recover","category":"WT_VERB_RECOVERY_PROGRESS","category_id":30,"verbose_level":"DEBUG_1","verbose_level_id":1,"msg":"Main recovery loop: starting at 85/1268608 to 86/256"}}}
{"t":{"$date":"2026-06-19T06:16:02.104+00:00"},"s":"I",  "c":"WTRECOV",  "id":22430,   "ctx":"initandlisten","msg":"WiredTiger message","attr":{"message":{"ts_sec":1781849762,"ts_usec":104834,"thread":"1718:0x7eebdf114140","session_name":"txn-recover","category":"WT_VERB_RECOVERY_PROGRESS","category_id":30,"verbose_level":"DEBUG_1","verbose_level_id":1,"msg":"Recovering log 85 through 86"}}}
{"t":{"$date":"2026-06-19T06:16:04.312+00:00"},"s":"I",  "c":"WTRECOV",  "id":22430,   "ctx":"initandlisten","msg":"WiredTiger message","attr":{"message":{"ts_sec":1781849764,"ts_usec":312781,"thread":"1718:0x7eebdf114140","session_dhandle_name":"file:sizeStorer.wt","session_name":"txn-recover","category":"WT_VERB_RECOVERY_PROGRESS","category_id":30,"verbose_level":"DEBUG_1","verbose_level_id":1,"msg":"Recovering log 86 through 86"}}}
{"t":{"$date":"2026-06-19T06:16:06.369+00:00"},"s":"I",  "c":"WTRECOV",  "id":22430,   "ctx":"initandlisten","msg":"WiredTiger message","attr":{"message":{"ts_sec":1781849766,"ts_usec":369134,"thread":"1718:0x7eebdf114140","session_dhandle_name":"file:sizeStorer.wt","session_name":"txn-recover","category":"WT_VERB_RECOVERY_PROGRESS","category_id":30,"verbose_level":"DEBUG_1","verbose_level_id":1,"msg":"recovery log replay has successfully finished and ran for 9777 milliseconds"}}}
{"t":{"$date":"2026-06-19T06:16:06.370+00:00"},"s":"I",  "c":"WTRECOV",  "id":22430,   "ctx":"initandlisten","msg":"WiredTiger message","attr":{"message":{"ts_sec":1781849766,"ts_usec":370592,"thread":"1718:0x7eebdf114140","session_dhandle_name":"file:sizeStorer.wt","session_name":"txn-recover","category":"WT_VERB_RECOVERY_PROGRESS","category_id":30,"verbose_level":"DEBUG_1","verbose_level_id":1,"msg":"Set global recovery timestamp: (1781849660, 1)"}}}
{"t":{"$date":"2026-06-19T06:16:06.371+00:00"},"s":"I",  "c":"WTRECOV",  "id":22430,   "ctx":"initandlisten","msg":"WiredTiger message","attr":{"message":{"ts_sec":1781849766,"ts_usec":371021,"thread":"1718:0x7eebdf114140","session_dhandle_name":"file:sizeStorer.wt","session_name":"txn-recover","category":"WT_VERB_RECOVERY_PROGRESS","category_id":30,"verbose_level":"DEBUG_1","verbose_level_id":1,"msg":"Set global oldest timestamp: (1781849360, 1)"}}}
{"t":{"$date":"2026-06-19T06:16:06.380+00:00"},"s":"I",  "c":"WTRECOV",  "id":22430,   "ctx":"initandlisten","msg":"WiredTiger message","attr":{"message":{"ts_sec":1781849766,"ts_usec":380396,"thread":"1718:0x7eebdf114140","session_dhandle_name":"file:sizeStorer.wt","session_name":"txn-recover","category":"WT_VERB_RECOVERY_PROGRESS","category_id":30,"verbose_level":"DEBUG_1","verbose_level_id":1,"msg":"recovery rollback to stable has successfully finished and ran for 8 milliseconds"}}}
{"t":{"$date":"2026-06-19T06:16:06.401+00:00"},"s":"I",  "c":"WTCHKPT",  "id":22430,   "ctx":"initandlisten","msg":"WiredTiger message","attr":{"message":{"ts_sec":1781849766,"ts_usec":401191,"thread":"1718:0x7eebdf114140","session_name":"WT_SESSION.checkpoint","category":"WT_VERB_CHECKPOINT_PROGRESS","category_id":6,"verbose_level":"DEBUG_1","verbose_level_id":1,"msg":"saving checkpoint snapshot min: 27, snapshot max: 27 snapshot count: 0, oldest timestamp: (1781849360, 1) , meta checkpoint timestamp: (1781849660, 1) base write gen: 226424"}}}
{"t":{"$date":"2026-06-19T06:16:06.443+00:00"},"s":"I",  "c":"WTRECOV",  "id":22430,   "ctx":"initandlisten","msg":"WiredTiger message","attr":{"message":{"ts_sec":1781849766,"ts_usec":443266,"thread":"1718:0x7eebdf114140","session_dhandle_name":"file:sizeStorer.wt","session_name":"txn-recover","category":"WT_VERB_RECOVERY_PROGRESS","category_id":30,"verbose_level":"DEBUG_1","verbose_level_id":1,"msg":"recovery checkpoint has successfully finished and ran for 61 milliseconds"}}}
{"t":{"$date":"2026-06-19T06:16:06.445+00:00"},"s":"I",  "c":"WTRECOV",  "id":22430,   "ctx":"initandlisten","msg":"WiredTiger message","attr":{"message":{"ts_sec":1781849766,"ts_usec":445693,"thread":"1718:0x7eebdf114140","session_dhandle_name":"file:sizeStorer.wt","session_name":"txn-recover","category":"WT_VERB_RECOVERY_PROGRESS","category_id":30,"verbose_level":"DEBUG_1","verbose_level_id":1,"msg":"recovery was completed successfully and took 9854ms, including 9777ms for the log replay, 8ms for the rollback to stable, and 61ms for the checkpoint."}}}
{"t":{"$date":"2026-06-19T06:16:06.453+00:00"},"s":"I",  "c":"STORAGE",  "id":4795906, "ctx":"initandlisten","msg":"WiredTiger opened","attr":{"durationMillis":27469}}
{"t":{"$date":"2026-06-19T06:16:06.454+00:00"},"s":"I",  "c":"RECOVERY", "id":23987,   "ctx":"initandlisten","msg":"WiredTiger recoveryTimestamp","attr":{"recoveryTimestamp":{"$timestamp":{"t":1781849660,"i":1}}}}
{"t":{"$date":"2026-06-19T06:16:06.456+00:00"},"s":"I",  "c":"RECOVERY", "id":5380106, "ctx":"initandlisten","msg":"WiredTiger oldestTimestamp","attr":{"oldestTimestamp":{"$timestamp":{"t":1781849360,"i":1}}}}
{"t":{"$date":"2026-06-19T06:16:06.521+00:00"},"s":"I",  "c":"STORAGE",  "id":7393203, "ctx":"initandlisten","msg":"The size storer reports that the collection contains","attr":{"numRecords":80608,"dataSize":146138266}}
{"t":{"$date":"2026-06-19T06:16:06.522+00:00"},"s":"I",  "c":"STORAGE",  "id":7393210, "ctx":"initandlisten","msg":"Sampling the collection to determine where to place markers for truncation","attr":{"namespace":"local.oplog.rs"}}
{"t":{"$date":"2026-06-19T06:16:06.524+00:00"},"s":"I",  "c":"STORAGE",  "id":7393207, "ctx":"initandlisten","msg":"Sampling from the collection to determine where to place markers for truncation","attr":{"namespace":"local.oplog.rs","from":"7637036466056462337","to":"7652986230837084161"}}
{"t":{"$date":"2026-06-19T06:16:06.524+00:00"},"s":"I",  "c":"STORAGE",  "id":7393216, "ctx":"initandlisten","msg":"Taking samples and assuming each collection section contains equal amounts","attr":{"namespace":"local.oplog.rs","numSamples":13,"containsNumRecords":60750,"containsNumBytes":110136706}}
{"t":{"$date":"2026-06-19T06:16:06.542+00:00"},"s":"I",  "c":"STORAGE",  "id":7393205, "ctx":"initandlisten","msg":"Collection sampling complete","attr":{"namespace":"local.oplog.rs"}}
{"t":{"$date":"2026-06-19T06:16:06.543+00:00"},"s":"I",  "c":"STORAGE",  "id":22382,   "ctx":"initandlisten","msg":"WiredTiger record store oplog processing finished","attr":{"durationMillis":21}}
{"t":{"$date":"2026-06-19T06:16:06.585+00:00"},"s":"W",  "c":"CONTROL",  "id":22138,   "ctx":"initandlisten","msg":"You are running this process as the root user, which is not recommended","tags":["startupWarnings"]}
{"t":{"$date":"2026-06-19T06:16:06.588+00:00"},"s":"W",  "c":"CONTROL",  "id":22184,   "ctx":"initandlisten","msg":"Soft rlimits for open file descriptors too low","attr":{"currentValue":1024,"recommendedMinimum":64000},"tags":["startupWarnings"]}
{"t":{"$date":"2026-06-19T06:16:06.627+00:00"},"s":"I",  "c":"NETWORK",  "id":4915702, "ctx":"initandlisten","msg":"Updated wire specification","attr":{"oldSpec":{"incomingExternalClient":{"minWireVersion":0,"maxWireVersion":21},"incomingInternalClient":{"minWireVersion":0,"maxWireVersion":21},"outgoing":{"minWireVersion":6,"maxWireVersion":21},"isInternalClient":true},"newSpec":{"incomingExternalClient":{"minWireVersion":0,"maxWireVersion":21},"incomingInternalClient":{"minWireVersion":17,"maxWireVersion":21},"outgoing":{"minWireVersion":17,"maxWireVersion":21},"isInternalClient":true}}}
{"t":{"$date":"2026-06-19T06:16:06.628+00:00"},"s":"I",  "c":"REPL",     "id":5853300, "ctx":"initandlisten","msg":"current featureCompatibilityVersion value","attr":{"featureCompatibilityVersion":"6.0","context":"startup"}}
{"t":{"$date":"2026-06-19T06:16:06.634+00:00"},"s":"I",  "c":"STORAGE",  "id":7386100, "ctx":"initandlisten","msg":"Capped collection maxSize being rounded up to nearest 256-byte size.","attr":{"originalSize":10485760,"adjustedSize":10485760}}
{"t":{"$date":"2026-06-19T06:16:06.634+00:00"},"s":"I",  "c":"STORAGE",  "id":7386100, "ctx":"initandlisten","msg":"Capped collection maxSize being rounded up to nearest 256-byte size.","attr":{"originalSize":11013515878,"adjustedSize":11013516032}}
{"t":{"$date":"2026-06-19T06:16:06.635+00:00"},"s":"I",  "c":"STORAGE",  "id":5071100, "ctx":"initandlisten","msg":"Clearing temp directory"}
{"t":{"$date":"2026-06-19T06:16:06.639+00:00"},"s":"I",  "c":"STORAGE",  "id":7386100, "ctx":"initandlisten","msg":"Capped collection maxSize being rounded up to nearest 256-byte size.","attr":{"originalSize":11013515878,"adjustedSize":11013516032}}
{"t":{"$date":"2026-06-19T06:16:06.640+00:00"},"s":"I",  "c":"STORAGE",  "id":7386100, "ctx":"initandlisten","msg":"Capped collection maxSize being rounded up to nearest 256-byte size.","attr":{"originalSize":10485760,"adjustedSize":10485760}}
{"t":{"$date":"2026-06-19T06:16:06.732+00:00"},"s":"I",  "c":"CONTROL",  "id":20536,   "ctx":"initandlisten","msg":"Flow Control is enabled on this deployment"}
{"t":{"$date":"2026-06-19T06:16:06.733+00:00"},"s":"I",  "c":"STORAGE",  "id":5380103, "ctx":"initandlisten","msg":"Unpin oldest timestamp request","attr":{"service":"_wt_startup","requestedTs":{"$timestamp":{"t":1781849360,"i":1}}}}
{"t":{"$date":"2026-06-19T06:16:06.749+00:00"},"s":"I",  "c":"FTDC",     "id":20625,   "ctx":"initandlisten","msg":"Initializing full-time diagnostic data capture","attr":{"dataDirectory":"./diagnostic.data"}}
{"t":{"$date":"2026-06-19T06:16:06.785+00:00"},"s":"I",  "c":"REPL",     "id":40440,   "ctx":"initandlisten","msg":"Starting the TopologyVersionObserver"}
{"t":{"$date":"2026-06-19T06:16:06.786+00:00"},"s":"I",  "c":"REPL",     "id":40445,   "ctx":"TopologyVersionObserver","msg":"Started TopologyVersionObserver"}
{"t":{"$date":"2026-06-19T06:16:06.814+00:00"},"s":"I",  "c":"REPL",     "id":6015317, "ctx":"initandlisten","msg":"Setting new configuration state","attr":{"newState":"ConfigStartingUp","oldState":"ConfigPreStart"}}
{"t":{"$date":"2026-06-19T06:16:06.814+00:00"},"s":"I",  "c":"REPL",     "id":6005300, "ctx":"initandlisten","msg":"Starting up replica set aware services"}
{"t":{"$date":"2026-06-19T06:16:06.821+00:00"},"s":"I",  "c":"REPL",     "id":4280500, "ctx":"initandlisten","msg":"Attempting to create internal replication collections"}
{"t":{"$date":"2026-06-19T06:16:06.828+00:00"},"s":"I",  "c":"-",        "id":4939300, "ctx":"monitoring-keys-for-HMAC","msg":"Failed to refresh key cache","attr":{"error":"ReadConcernMajorityNotAvailableYet: Read concern majority reads are currently not possible.","nextWakeupMillis":200}}
{"t":{"$date":"2026-06-19T06:16:06.837+00:00"},"s":"I",  "c":"REPL",     "id":4280501, "ctx":"initandlisten","msg":"Attempting to load local voted for document"}
{"t":{"$date":"2026-06-19T06:16:06.838+00:00"},"s":"I",  "c":"REPL",     "id":4280502, "ctx":"initandlisten","msg":"Searching for local Rollback ID document"}
{"t":{"$date":"2026-06-19T06:16:06.854+00:00"},"s":"I",  "c":"REPL",     "id":21529,   "ctx":"initandlisten","msg":"Initializing rollback ID","attr":{"rbid":81}}
{"t":{"$date":"2026-06-19T06:16:06.854+00:00"},"s":"I",  "c":"REPL",     "id":501401,  "ctx":"initandlisten","msg":"Incrementing the rollback ID after unclean shutdown"}
{"t":{"$date":"2026-06-19T06:16:06.860+00:00"},"s":"I",  "c":"REPL",     "id":21532,   "ctx":"initandlisten","msg":"Incremented the rollback ID","attr":{"rbid":82}}
{"t":{"$date":"2026-06-19T06:16:06.865+00:00"},"s":"I",  "c":"REPL",     "id":4280504, "ctx":"initandlisten","msg":"Cleaning up any partially applied oplog batches & reading last op from oplog"}
{"t":{"$date":"2026-06-19T06:16:06.873+00:00"},"s":"I",  "c":"REPL",     "id":21557,   "ctx":"initandlisten","msg":"Removing unapplied oplog entries after oplogTruncateAfterPoint","attr":{"oplogTruncateAfterPoint":{"":{"$timestamp":{"t":1781849710,"i":1}}}}}
{"t":{"$date":"2026-06-19T06:16:06.874+00:00"},"s":"I",  "c":"REPL",     "id":21553,   "ctx":"initandlisten","msg":"Truncating oplog from truncateAfterOplogEntryTimestamp (non-inclusive)","attr":{"truncateAfterOplogEntryTimestamp":{"$timestamp":{"t":1781849710,"i":1}},"oplogTruncateAfterPoint":{"$timestamp":{"t":1781849710,"i":1}}}}
{"t":{"$date":"2026-06-19T06:16:06.875+00:00"},"s":"I",  "c":"REPL",     "id":21554,   "ctx":"initandlisten","msg":"Replication recovery oplog truncation finished","attr":{"durationMillis":0}}
{"t":{"$date":"2026-06-19T06:16:06.879+00:00"},"s":"I",  "c":"CONTROL",  "id":6608200, "ctx":"initandlisten","msg":"Initializing cluster server parameters from disk"}
{"t":{"$date":"2026-06-19T06:16:06.880+00:00"},"s":"I",  "c":"REPL",     "id":21544,   "ctx":"initandlisten","msg":"Recovering from stable timestamp","attr":{"stableTimestamp":{"$timestamp":{"t":1781849660,"i":1}},"topOfOplog":{"ts":{"$timestamp":{"t":1781849710,"i":1}},"t":83},"appliedThrough":{"ts":{"$timestamp":{"t":0,"i":0}},"t":-1}}}
{"t":{"$date":"2026-06-19T06:16:06.880+00:00"},"s":"I",  "c":"REPL",     "id":21545,   "ctx":"initandlisten","msg":"Starting recovery oplog application at the stable timestamp","attr":{"stableTimestamp":{"$timestamp":{"t":1781849660,"i":1}}}}
{"t":{"$date":"2026-06-19T06:16:06.881+00:00"},"s":"I",  "c":"REPL",     "id":5466604, "ctx":"initandlisten","msg":"Start point for recovery oplog application exists in oplog. No adjustment necessary","attr":{"startPoint":{"$timestamp":{"t":1781849660,"i":1}}}}
{"t":{"$date":"2026-06-19T06:16:06.881+00:00"},"s":"I",  "c":"REPL",     "id":21550,   "ctx":"initandlisten","msg":"Replaying stored operations from startPoint (exclusive) to endPoint (inclusive)","attr":{"startPoint":{"$timestamp":{"t":1781849660,"i":1}},"endPoint":{"$timestamp":{"t":1781849710,"i":1}}}}
{"t":{"$date":"2026-06-19T06:16:06.889+00:00"},"s":"I",  "c":"REPL",     "id":21536,   "ctx":"initandlisten","msg":"Completed oplog application for recovery","attr":{"numOpsApplied":5,"numBatches":1,"applyThroughOpTime":{"ts":{"$timestamp":{"t":1781849710,"i":1}},"t":83}}}
{"t":{"$date":"2026-06-19T06:16:06.890+00:00"},"s":"I",  "c":"REPL",     "id":4280505, "ctx":"initandlisten","msg":"Creating any necessary TenantMigrationAccessBlockers for unfinished migrations"}
{"t":{"$date":"2026-06-19T06:16:06.902+00:00"},"s":"I",  "c":"TENANT_M", "id":6531504, "ctx":"initandlisten","msg":"Clearing serverless operation lock registry on shutdown","attr":{"ns":null}}
{"t":{"$date":"2026-06-19T06:16:06.902+00:00"},"s":"I",  "c":"REPL",     "id":4280506, "ctx":"initandlisten","msg":"Reconstructing prepared transactions"}
{"t":{"$date":"2026-06-19T06:16:06.911+00:00"},"s":"I",  "c":"REPL",     "id":4280508, "ctx":"ReplCoord-0","msg":"Attempting to set local replica set config; validating config for startup"}
{"t":{"$date":"2026-06-19T06:16:06.911+00:00"},"s":"I",  "c":"REPL",     "id":4280507, "ctx":"initandlisten","msg":"Loaded replica set config, scheduled callback to set local config"}
{"t":{"$date":"2026-06-19T06:16:06.913+00:00"},"s":"I",  "c":"STORAGE",  "id":22262,   "ctx":"initandlisten","msg":"Timestamp monitor starting"}
{"t":{"$date":"2026-06-19T06:16:06.941+00:00"},"s":"I",  "c":"QUERY",    "id":7080100, "ctx":"ChangeStreamExpiredPreImagesRemover","msg":"Starting Change Stream Expired Pre-images Remover thread"}
{"t":{"$date":"2026-06-19T06:16:06.945+00:00"},"s":"I",  "c":"NETWORK",  "id":23015,   "ctx":"listener","msg":"Listening on","attr":{"address":"/tmp/mongodb-27017.sock"}}
{"t":{"$date":"2026-06-19T06:16:06.946+00:00"},"s":"I",  "c":"NETWORK",  "id":23015,   "ctx":"listener","msg":"Listening on","attr":{"address":"127.0.0.1"}}
{"t":{"$date":"2026-06-19T06:16:06.947+00:00"},"s":"I",  "c":"NETWORK",  "id":23016,   "ctx":"listener","msg":"Waiting for connections","attr":{"port":27017,"ssl":"off"}}
{"t":{"$date":"2026-06-19T06:16:06.948+00:00"},"s":"I",  "c":"CONTROL",  "id":8423403, "ctx":"initandlisten","msg":"mongod startup complete","attr":{"Summary of time elapsed":{"Startup from clean shutdown?":false,"Statistics":{"Transport layer setup":"7 ms","Run initial syncer crash recovery":"0 ms","Create storage engine lock file in the data directory":"25 ms","Get metadata describing storage engine":"20 ms","Validate options in metadata against current startup options":"0 ms","Create storage engine":"27593 ms","Write current PID to file":"10 ms","Initialize FCV before rebuilding indexes":"37 ms","Drop abandoned idents and get back indexes that need to be rebuilt or builds that need to be restarted":"7 ms","Rebuild indexes for collections":"0 ms","Build user and roles graph":"0 ms","Verify indexes for admin.system.users collection":"0 ms","Set up the background thread pool responsible for waiting for opTimes to be majority committed":"2 ms","Initialize information needed to make a mongod instance shard aware":"0 ms","Start up cluster time keys manager with a local/direct keys client":"0 ms","Start up the replication coordinator":"100 ms","Create an oplog view for tenant migrations":"1 ms","Start transport layer":"3 ms","_initAndListen total elapsed time":"28049 ms"}}}}
{"t":{"$date":"2026-06-19T06:16:06.951+00:00"},"s":"I",  "c":"CONTROL",  "id":20710,   "ctx":"LogicalSessionCacheRefresh","msg":"Failed to refresh session cache, will try again at the next refresh interval","attr":{"error":"NotYetInitialized: Replication has not yet been configured"}}
{"t":{"$date":"2026-06-19T06:16:06.954+00:00"},"s":"I",  "c":"CONTROL",  "id":20711,   "ctx":"LogicalSessionCacheReap","msg":"Failed to reap transaction table","attr":{"error":"NotYetInitialized: Replication has not yet been configured"}}
{"t":{"$date":"2026-06-19T06:16:06.956+00:00"},"s":"I",  "c":"NETWORK",  "id":22943,   "ctx":"listener","msg":"Connection accepted","attr":{"remote":"127.0.0.1:42538","isLoadBalanced":false,"uuid":{"uuid":{"$uuid":"cbe1f64f-514b-4c2c-8d2f-adc9af96397c"}},"connectionId":2,"connectionCount":1}}
{"t":{"$date":"2026-06-19T06:16:07.033+00:00"},"s":"I",  "c":"-",        "id":4939300, "ctx":"monitoring-keys-for-HMAC","msg":"Failed to refresh key cache","attr":{"error":"ReadConcernMajorityNotAvailableYet: Read concern majority reads are currently not possible.","nextWakeupMillis":400}}
{"t":{"$date":"2026-06-19T06:16:07.046+00:00"},"s":"I",  "c":"ACCESS",   "id":6788604, "ctx":"conn2","msg":"Auth metrics report","attr":{"metric":"acquireUser","micros":0}}
{"t":{"$date":"2026-06-19T06:16:07.203+00:00"},"s":"I",  "c":"ACCESS",   "id":5286306, "ctx":"conn2","msg":"Successfully authenticated","attr":{"client":"127.0.0.1:42538","isSpeculative":false,"isClusterMember":true,"mechanism":"SCRAM-SHA-256","user":"__system","db":"local","result":0,"metrics":{"conversation_duration":{"micros":157420,"summary":{"0":{"step":1,"step_total":2,"duration_micros":1104},"1":{"step":2,"step_total":2,"duration_micros":131}}}},"doc":{},"extraInfo":{}}}
{"t":{"$date":"2026-06-19T06:16:07.206+00:00"},"s":"I",  "c":"NETWORK",  "id":6788700, "ctx":"conn2","msg":"Received first command on ingress connection since session start or auth handshake","attr":{"elapsedMillis":3}}
{"t":{"$date":"2026-06-19T06:16:07.208+00:00"},"s":"I",  "c":"REPL",     "id":4280509, "ctx":"ReplCoord-0","msg":"Local configuration validated for startup"}
{"t":{"$date":"2026-06-19T06:16:07.230+00:00"},"s":"I",  "c":"REPL",     "id":6015317, "ctx":"ReplCoord-0","msg":"Setting new configuration state","attr":{"newState":"ConfigSteady","oldState":"ConfigStartingUp"}}
{"t":{"$date":"2026-06-19T06:16:07.232+00:00"},"s":"I",  "c":"SHARDING", "id":7063400, "ctx":"ReplCoord-0","msg":"Updating implicit default writeConcern majority","attr":{"newImplicitDefaultWCMajority":true}}
{"t":{"$date":"2026-06-19T06:16:07.268+00:00"},"s":"I",  "c":"REPL",     "id":21392,   "ctx":"ReplCoord-0","msg":"New replica set config in use","attr":{"config":{"_id":"mr1","version":1,"term":83,"members":[{"_id":0,"host":"localhost:27017","arbiterOnly":false,"buildIndexes":true,"hidden":false,"priority":1,"tags":{},"secondaryDelaySecs":0,"votes":1}],"protocolVersion":1,"writeConcernMajorityJournalDefault":true,"settings":{"chainingAllowed":true,"heartbeatIntervalMillis":2000,"heartbeatTimeoutSecs":10,"electionTimeoutMillis":10000,"catchUpTimeoutMillis":-1,"catchUpTakeoverDelayMillis":30000,"getLastErrorModes":{},"getLastErrorDefaults":{"w":1,"wtimeout":0},"replicaSetId":{"$oid":"69fc343354f6ab5832bfe70a"}}}}}
{"t":{"$date":"2026-06-19T06:16:07.275+00:00"},"s":"I",  "c":"NETWORK",  "id":22944,   "ctx":"conn2","msg":"Connection ended","attr":{"remote":"127.0.0.1:42538","isLoadBalanced":false,"uuid":{"uuid":{"$uuid":"cbe1f64f-514b-4c2c-8d2f-adc9af96397c"}},"connectionId":2,"connectionCount":0}}
{"t":{"$date":"2026-06-19T06:16:07.275+00:00"},"s":"I",  "c":"REPL",     "id":21393,   "ctx":"ReplCoord-0","msg":"Found self in config","attr":{"hostAndPort":"localhost:27017"}}
{"t":{"$date":"2026-06-19T06:16:07.277+00:00"},"s":"I",  "c":"REPL",     "id":21358,   "ctx":"ReplCoord-0","msg":"Replica set state transition","attr":{"newState":"STARTUP2","oldState":"STARTUP"}}
{"t":{"$date":"2026-06-19T06:16:07.279+00:00"},"s":"I",  "c":"REPL",     "id":21827,   "ctx":"ReplCoord-0","msg":"Updating term","attr":{"oldTerm":0,"newTerm":83}}
{"t":{"$date":"2026-06-19T06:16:07.280+00:00"},"s":"I",  "c":"REPL",     "id":21320,   "ctx":"ReplCoord-0","msg":"Updated term","attr":{"term":83}}
{"t":{"$date":"2026-06-19T06:16:07.282+00:00"},"s":"I",  "c":"REPL",     "id":21306,   "ctx":"ReplCoord-0","msg":"Starting replication storage threads"}
{"t":{"$date":"2026-06-19T06:16:07.284+00:00"},"s":"I",  "c":"REPL",     "id":4280512, "ctx":"ReplCoord-0","msg":"No initial sync required. Attempting to begin steady replication"}
{"t":{"$date":"2026-06-19T06:16:07.284+00:00"},"s":"I",  "c":"REPL",     "id":21358,   "ctx":"ReplCoord-0","msg":"Replica set state transition","attr":{"newState":"RECOVERING","oldState":"STARTUP2"}}
{"t":{"$date":"2026-06-19T06:16:07.299+00:00"},"s":"I",  "c":"REPL",     "id":21299,   "ctx":"ReplCoord-0","msg":"Starting replication fetcher thread"}
{"t":{"$date":"2026-06-19T06:16:07.299+00:00"},"s":"I",  "c":"REPL",     "id":21300,   "ctx":"ReplCoord-0","msg":"Starting replication applier thread"}
{"t":{"$date":"2026-06-19T06:16:07.300+00:00"},"s":"I",  "c":"REPL",     "id":21301,   "ctx":"ReplCoord-0","msg":"Starting replication reporter thread"}
{"t":{"$date":"2026-06-19T06:16:07.301+00:00"},"s":"I",  "c":"REPL",     "id":8423402, "ctx":"BackgroundSync","msg":"Failed to select a sync source on the first attempt. Starting second attempt"}
{"t":{"$date":"2026-06-19T06:16:07.300+00:00"},"s":"I",  "c":"REPL",     "id":21224,   "ctx":"OplogApplier-0","msg":"Starting oplog application"}
{"t":{"$date":"2026-06-19T06:16:07.302+00:00"},"s":"I",  "c":"REPL",     "id":4280511, "ctx":"ReplCoord-0","msg":"Set local replica set config"}
{"t":{"$date":"2026-06-19T06:16:07.304+00:00"},"s":"I",  "c":"REPL",     "id":21358,   "ctx":"OplogApplier-0","msg":"Replica set state transition","attr":{"newState":"SECONDARY","oldState":"RECOVERING"}}
{"t":{"$date":"2026-06-19T06:16:07.306+00:00"},"s":"I",  "c":"ELECTION", "id":4615652, "ctx":"OplogApplier-0","msg":"Starting an election, since we've seen no PRIMARY in election timeout period","attr":{"electionTimeoutPeriodMillis":10000}}
{"t":{"$date":"2026-06-19T06:16:07.307+00:00"},"s":"I",  "c":"ELECTION", "id":21438,   "ctx":"OplogApplier-0","msg":"Conducting a dry run election to see if we could be elected","attr":{"currentTerm":83}}
{"t":{"$date":"2026-06-19T06:16:07.309+00:00"},"s":"I",  "c":"ELECTION", "id":21444,   "ctx":"ReplCoord-0","msg":"Dry election run succeeded, running for election","attr":{"newTerm":84}}
{"t":{"$date":"2026-06-19T06:16:07.310+00:00"},"s":"I",  "c":"REPL",     "id":21827,   "ctx":"ReplCoord-0","msg":"Updating term","attr":{"oldTerm":83,"newTerm":84}}
{"t":{"$date":"2026-06-19T06:16:07.310+00:00"},"s":"I",  "c":"ELECTION", "id":6015300, "ctx":"ReplCoord-0","msg":"Storing last vote document in local storage for my election","attr":{"lastVote":{"term":84,"candidateIndex":0}}}
{"t":{"$date":"2026-06-19T06:16:07.366+00:00"},"s":"I",  "c":"ELECTION", "id":21450,   "ctx":"ReplCoord-0","msg":"Election succeeded, assuming primary role","attr":{"term":84}}
{"t":{"$date":"2026-06-19T06:16:07.366+00:00"},"s":"I",  "c":"REPL",     "id":21358,   "ctx":"ReplCoord-0","msg":"Replica set state transition","attr":{"newState":"PRIMARY","oldState":"SECONDARY"}}
{"t":{"$date":"2026-06-19T06:16:07.369+00:00"},"s":"I",  "c":"REPL",     "id":21106,   "ctx":"ReplCoord-0","msg":"Resetting sync source to empty","attr":{"previousSyncSource":":27017"}}
{"t":{"$date":"2026-06-19T06:16:07.370+00:00"},"s":"I",  "c":"REPL",     "id":21359,   "ctx":"ReplCoord-0","msg":"Entering primary catch-up mode"}
{"t":{"$date":"2026-06-19T06:16:07.371+00:00"},"s":"I",  "c":"REPL",     "id":6015304, "ctx":"ReplCoord-0","msg":"Skipping primary catchup since we are the only node in the replica set."}
{"t":{"$date":"2026-06-19T06:16:07.372+00:00"},"s":"I",  "c":"REPL",     "id":21363,   "ctx":"ReplCoord-0","msg":"Exited primary catch-up mode"}
{"t":{"$date":"2026-06-19T06:16:07.379+00:00"},"s":"I",  "c":"REPL",     "id":21107,   "ctx":"ReplCoord-0","msg":"Stopping replication producer"}
{"t":{"$date":"2026-06-19T06:16:07.380+00:00"},"s":"I",  "c":"REPL",     "id":21239,   "ctx":"ReplBatcher","msg":"Oplog buffer has been drained","attr":{"term":84}}
{"t":{"$date":"2026-06-19T06:16:07.383+00:00"},"s":"I",  "c":"REPL",     "id":21343,   "ctx":"RstlKillOpThread","msg":"Starting to kill user operations"}
{"t":{"$date":"2026-06-19T06:16:07.384+00:00"},"s":"I",  "c":"REPL",     "id":21344,   "ctx":"RstlKillOpThread","msg":"Stopped killing user operations"}
{"t":{"$date":"2026-06-19T06:16:07.385+00:00"},"s":"I",  "c":"REPL",     "id":21340,   "ctx":"RstlKillOpThread","msg":"State transition ops metrics","attr":{"metrics":{"lastStateTransition":"stepUp","userOpsKilled":0,"userOpsRunning":1}}}
{"t":{"$date":"2026-06-19T06:16:07.385+00:00"},"s":"I",  "c":"REPL",     "id":4508103, "ctx":"OplogApplier-0","msg":"Increment the config term via reconfig"}
{"t":{"$date":"2026-06-19T06:16:07.386+00:00"},"s":"I",  "c":"REPL",     "id":6015313, "ctx":"OplogApplier-0","msg":"Replication config state is Steady, starting reconfig"}
{"t":{"$date":"2026-06-19T06:16:07.387+00:00"},"s":"I",  "c":"REPL",     "id":6015317, "ctx":"OplogApplier-0","msg":"Setting new configuration state","attr":{"newState":"ConfigReconfiguring","oldState":"ConfigSteady"}}
{"t":{"$date":"2026-06-19T06:16:07.390+00:00"},"s":"I",  "c":"REPL",     "id":6475000, "ctx":"OplogApplier-0","msg":"Was able to quickly find new index in config. Skipping full checks.","attr":{"index":0,"force":false}}
{"t":{"$date":"2026-06-19T06:16:07.392+00:00"},"s":"I",  "c":"REPL",     "id":21353,   "ctx":"OplogApplier-0","msg":"replSetReconfig config object parses ok","attr":{"numMembers":1}}
{"t":{"$date":"2026-06-19T06:16:07.393+00:00"},"s":"I",  "c":"REPL",     "id":51814,   "ctx":"OplogApplier-0","msg":"Persisting new config to disk"}
{"t":{"$date":"2026-06-19T06:16:07.405+00:00"},"s":"I",  "c":"REPL",     "id":6015315, "ctx":"OplogApplier-0","msg":"Persisted new config to disk"}
{"t":{"$date":"2026-06-19T06:16:07.406+00:00"},"s":"I",  "c":"REPL",     "id":6015317, "ctx":"OplogApplier-0","msg":"Setting new configuration state","attr":{"newState":"ConfigSteady","oldState":"ConfigReconfiguring"}}
{"t":{"$date":"2026-06-19T06:16:07.406+00:00"},"s":"I",  "c":"REPL",     "id":21392,   "ctx":"OplogApplier-0","msg":"New replica set config in use","attr":{"config":{"_id":"mr1","version":1,"term":84,"members":[{"_id":0,"host":"localhost:27017","arbiterOnly":false,"buildIndexes":true,"hidden":false,"priority":1,"tags":{},"secondaryDelaySecs":0,"votes":1}],"protocolVersion":1,"writeConcernMajorityJournalDefault":true,"settings":{"chainingAllowed":true,"heartbeatIntervalMillis":2000,"heartbeatTimeoutSecs":10,"electionTimeoutMillis":10000,"catchUpTimeoutMillis":-1,"catchUpTakeoverDelayMillis":30000,"getLastErrorModes":{},"getLastErrorDefaults":{"w":1,"wtimeout":0},"replicaSetId":{"$oid":"69fc343354f6ab5832bfe70a"}}}}}
{"t":{"$date":"2026-06-19T06:16:07.407+00:00"},"s":"I",  "c":"REPL",     "id":21393,   "ctx":"OplogApplier-0","msg":"Found self in config","attr":{"hostAndPort":"localhost:27017"}}
{"t":{"$date":"2026-06-19T06:16:07.408+00:00"},"s":"I",  "c":"REPL",     "id":6015310, "ctx":"OplogApplier-0","msg":"Starting to transition to primary."}
{"t":{"$date":"2026-06-19T06:16:07.415+00:00"},"s":"I",  "c":"REPL",     "id":6015309, "ctx":"OplogApplier-0","msg":"Logging transition to primary to oplog on stepup"}
{"t":{"$date":"2026-06-19T06:16:07.420+00:00"},"s":"I",  "c":"STORAGE",  "id":20657,   "ctx":"OplogApplier-0","msg":"IndexBuildsCoordinator::onStepUp - this node is stepping up to primary"}
{"t":{"$date":"2026-06-19T06:16:07.422+00:00"},"s":"I",  "c":"STORAGE",  "id":7508300, "ctx":"IndexBuildsCoordinator-StepUp","msg":"Finished performing asynchronous step-up checks on index builds"}
{"t":{"$date":"2026-06-19T06:16:07.444+00:00"},"s":"I",  "c":"REPL",     "id":21331,   "ctx":"OplogApplier-0","msg":"Transition to primary complete; database writes are now permitted","attr":{"term":84}}
{"t":{"$date":"2026-06-19T06:16:07.490+00:00"},"s":"I",  "c":"REPL",     "id":6795400, "ctx":"JournalFlusher","msg":"Advancing committed opTime to a new term","attr":{"newCommittedOpTime":{"ts":{"$timestamp":{"t":1781849767,"i":2}},"t":84},"newCommittedWallime":{"$date":"2026-06-19T06:16:07.419Z"},"oldTerm":-1}}
{"t":{"$date":"2026-06-19T06:16:07.498+00:00"},"s":"I",  "c":"REPL",     "id":5123005, "ctx":"TenantMigrationDonorService-2","msg":"Rebuilding PrimaryOnlyService due to stepUp","attr":{"service":"TenantMigrationDonorService"}}
{"t":{"$date":"2026-06-19T06:16:07.518+00:00"},"s":"I",  "c":"REPL",     "id":5123005, "ctx":"TenantMigrationRecipientService-2","msg":"Rebuilding PrimaryOnlyService due to stepUp","attr":{"service":"TenantMigrationRecipientService"}}
{"t":{"$date":"2026-06-19T06:16:07.596+00:00"},"s":"I",  "c":"FTDC",     "id":20631,   "ctx":"ftdc","msg":"Unclean full-time diagnostic data capture shutdown detected, found interim file, some metrics may have been lost","attr":{"error":{"code":0,"codeName":"OK"}}}
{"t":{"$date":"2026-06-19T06:16:07.938+00:00"},"s":"I",  "c":"NETWORK",  "id":22943,   "ctx":"listener","msg":"Connection accepted","attr":{"remote":"127.0.0.1:42546","isLoadBalanced":false,"uuid":{"uuid":{"$uuid":"1dfd1123-01da-4c42-a465-96935c450322"}},"connectionId":3,"connectionCount":1}}
{"t":{"$date":"2026-06-19T06:16:08.035+00:00"},"s":"I",  "c":"NETWORK",  "id":51800,   "ctx":"conn3","msg":"client metadata","attr":{"remote":"127.0.0.1:42546","client":"conn3","negotiatedCompressors":[],"doc":{"driver":{"name":"mongo-java-driver|sync|spring-boot","version":"5.5.2"},"os":{"type":"Linux","name":"Linux","architecture":"amd64","version":"6.6.87.2-microsoft-standard-WSL2"},"platform":"Java/Eclipse Adoptium/25.0.3+9-LTS","env":{"container":{"runtime":"docker"}}}}}
{"t":{"$date":"2026-06-19T06:16:08.037+00:00"},"s":"I",  "c":"ACCESS",   "id":10483900,"ctx":"conn3","msg":"Connection not authenticating","attr":{"client":"127.0.0.1:42546","doc":{"driver":{"name":"mongo-java-driver|sync|spring-boot","version":"5.5.2"},"os":{"type":"Linux","name":"Linux","architecture":"amd64","version":"6.6.87.2-microsoft-standard-WSL2"},"platform":"Java/Eclipse Adoptium/25.0.3+9-LTS","env":{"container":{"runtime":"docker"}}}}}
{"t":{"$date":"2026-06-19T06:16:08.104+00:00"},"s":"I",  "c":"NETWORK",  "id":22943,   "ctx":"listener","msg":"Connection accepted","attr":{"remote":"127.0.0.1:42552","isLoadBalanced":false,"uuid":{"uuid":{"$uuid":"897ca34e-844c-49d2-bbec-6e36070ea5be"}},"connectionId":4,"connectionCount":2}}
{"t":{"$date":"2026-06-19T06:16:08.111+00:00"},"s":"I",  "c":"NETWORK",  "id":51800,   "ctx":"conn4","msg":"client metadata","attr":{"remote":"127.0.0.1:42552","client":"conn4","negotiatedCompressors":[],"doc":{"driver":{"name":"mongo-java-driver|sync|spring-boot","version":"5.5.2"},"os":{"type":"Linux","name":"Linux","architecture":"amd64","version":"6.6.87.2-microsoft-standard-WSL2"},"platform":"Java/Eclipse Adoptium/25.0.3+9-LTS","env":{"container":{"runtime":"docker"}}}}}
{"t":{"$date":"2026-06-19T06:16:08.112+00:00"},"s":"I",  "c":"ACCESS",   "id":10483900,"ctx":"conn4","msg":"Connection not authenticating","attr":{"client":"127.0.0.1:42552","doc":{"driver":{"name":"mongo-java-driver|sync|spring-boot","version":"5.5.2"},"os":{"type":"Linux","name":"Linux","architecture":"amd64","version":"6.6.87.2-microsoft-standard-WSL2"},"platform":"Java/Eclipse Adoptium/25.0.3+9-LTS","env":{"container":{"runtime":"docker"}}}}}
{"t":{"$date":"2026-06-19T06:16:08.323+00:00"},"s":"I",  "c":"NETWORK",  "id":22943,   "ctx":"listener","msg":"Connection accepted","attr":{"remote":"127.0.0.1:42562","isLoadBalanced":false,"uuid":{"uuid":{"$uuid":"4de0c394-3522-4d2a-b0f2-96812f93d690"}},"connectionId":5,"connectionCount":3}}
{"t":{"$date":"2026-06-19T06:16:08.331+00:00"},"s":"I",  "c":"NETWORK",  "id":51800,   "ctx":"conn5","msg":"client metadata","attr":{"remote":"127.0.0.1:42562","client":"conn5","negotiatedCompressors":[],"doc":{"application":{"name":"mongosh 2.8.3"},"driver":{"name":"nodejs|mongosh","version":"7.1.0|2.8.3"},"platform":"Node.js v24.15.0, LE","os":{"name":"linux","architecture":"x64","version":"3.10.0-327.22.2.el7.x86_64","type":"Linux"},"env":{"container":{"runtime":"docker"}}}}}
{"t":{"$date":"2026-06-19T06:16:08.332+00:00"},"s":"I",  "c":"ACCESS",   "id":10483900,"ctx":"conn5","msg":"Connection not authenticating","attr":{"client":"127.0.0.1:42562","doc":{"application":{"name":"mongosh 2.8.3"},"driver":{"name":"nodejs|mongosh","version":"7.1.0|2.8.3"},"platform":"Node.js v24.15.0, LE","os":{"name":"linux","architecture":"x64","version":"3.10.0-327.22.2.el7.x86_64","type":"Linux"},"env":{"container":{"runtime":"docker"}}}}}
{"t":{"$date":"2026-06-19T06:16:08.353+00:00"},"s":"I",  "c":"NETWORK",  "id":22943,   "ctx":"listener","msg":"Connection accepted","attr":{"remote":"127.0.0.1:42564","isLoadBalanced":false,"uuid":{"uuid":{"$uuid":"285dc63e-d45e-493c-86bb-e7d0ee643e1d"}},"connectionId":6,"connectionCount":4}}
{"t":{"$date":"2026-06-19T06:16:08.357+00:00"},"s":"I",  "c":"NETWORK",  "id":51800,   "ctx":"conn6","msg":"client metadata","attr":{"remote":"127.0.0.1:42564","client":"conn6","negotiatedCompressors":[],"doc":{"application":{"name":"mongosh 2.8.3"},"driver":{"name":"nodejs|mongosh","version":"7.1.0|2.8.3"},"platform":"Node.js v24.15.0, LE","os":{"name":"linux","architecture":"x64","version":"3.10.0-327.22.2.el7.x86_64","type":"Linux"},"env":{"container":{"runtime":"docker"}}}}}
{"t":{"$date":"2026-06-19T06:16:08.374+00:00"},"s":"I",  "c":"ACCESS",   "id":6788604, "ctx":"conn6","msg":"Auth metrics report","attr":{"metric":"acquireUser","micros":0}}
{"t":{"$date":"2026-06-19T06:16:08.412+00:00"},"s":"I",  "c":"ACCESS",   "id":5286306, "ctx":"conn6","msg":"Successfully authenticated","attr":{"client":"127.0.0.1:42564","isSpeculative":true,"isClusterMember":false,"mechanism":"SCRAM-SHA-256","user":"appsmith","db":"appsmith","result":0,"metrics":{"conversation_duration":{"micros":37990,"summary":{"0":{"step":1,"step_total":2,"duration_micros":468},"1":{"step":2,"step_total":2,"duration_micros":38}}}},"doc":{"application":{"name":"mongosh 2.8.3"},"driver":{"name":"nodejs|mongosh","version":"7.1.0|2.8.3"},"platform":"Node.js v24.15.0, LE","os":{"name":"linux","architecture":"x64","version":"3.10.0-327.22.2.el7.x86_64","type":"Linux"},"env":{"container":{"runtime":"docker"}}},"extraInfo":{}}}
{"t":{"$date":"2026-06-19T06:16:08.483+00:00"},"s":"I",  "c":"NETWORK",  "id":6788700, "ctx":"conn6","msg":"Received first command on ingress connection since session start or auth handshake","attr":{"elapsedMillis":70}}
{"t":{"$date":"2026-06-19T06:16:08.880+00:00"},"s":"I",  "c":"NETWORK",  "id":22943,   "ctx":"listener","msg":"Connection accepted","attr":{"remote":"127.0.0.1:42572","isLoadBalanced":false,"uuid":{"uuid":{"$uuid":"56fa0161-ff93-4f12-901d-093d6c273e06"}},"connectionId":7,"connectionCount":5}}
{"t":{"$date":"2026-06-19T06:16:08.881+00:00"},"s":"I",  "c":"NETWORK",  "id":22943,   "ctx":"listener","msg":"Connection accepted","attr":{"remote":"127.0.0.1:42588","isLoadBalanced":false,"uuid":{"uuid":{"$uuid":"731132c2-06e8-4054-95e1-8f970443ac5b"}},"connectionId":8,"connectionCount":6}}
{"t":{"$date":"2026-06-19T06:16:08.892+00:00"},"s":"I",  "c":"NETWORK",  "id":51800,   "ctx":"conn7","msg":"client metadata","attr":{"remote":"127.0.0.1:42572","client":"conn7","negotiatedCompressors":[],"doc":{"application":{"name":"mongosh 2.8.3"},"driver":{"name":"nodejs|mongosh","version":"7.1.0|2.8.3"},"platform":"Node.js v24.15.0, LE","os":{"name":"linux","architecture":"x64","version":"3.10.0-327.22.2.el7.x86_64","type":"Linux"},"env":{"container":{"runtime":"docker"}}}}}
{"t":{"$date":"2026-06-19T06:16:08.892+00:00"},"s":"I",  "c":"ACCESS",   "id":6788604, "ctx":"conn7","msg":"Auth metrics report","attr":{"metric":"acquireUser","micros":0}}
{"t":{"$date":"2026-06-19T06:16:08.893+00:00"},"s":"I",  "c":"NETWORK",  "id":51800,   "ctx":"conn8","msg":"client metadata","attr":{"remote":"127.0.0.1:42588","client":"conn8","negotiatedCompressors":[],"doc":{"application":{"name":"mongosh 2.8.3"},"driver":{"name":"nodejs|mongosh","version":"7.1.0|2.8.3"},"platform":"Node.js v24.15.0, LE","os":{"name":"linux","architecture":"x64","version":"3.10.0-327.22.2.el7.x86_64","type":"Linux"},"env":{"container":{"runtime":"docker"}}}}}
{"t":{"$date":"2026-06-19T06:16:08.894+00:00"},"s":"I",  "c":"ACCESS",   "id":6788604, "ctx":"conn8","msg":"Auth metrics report","attr":{"metric":"acquireUser","micros":0}}
{"t":{"$date":"2026-06-19T06:16:08.898+00:00"},"s":"I",  "c":"ACCESS",   "id":5286306, "ctx":"conn7","msg":"Successfully authenticated","attr":{"client":"127.0.0.1:42572","isSpeculative":true,"isClusterMember":false,"mechanism":"SCRAM-SHA-256","user":"appsmith","db":"appsmith","result":0,"metrics":{"conversation_duration":{"micros":5717,"summary":{"0":{"step":1,"step_total":2,"duration_micros":852},"1":{"step":2,"step_total":2,"duration_micros":48}}}},"doc":{"application":{"name":"mongosh 2.8.3"},"driver":{"name":"nodejs|mongosh","version":"7.1.0|2.8.3"},"platform":"Node.js v24.15.0, LE","os":{"name":"linux","architecture":"x64","version":"3.10.0-327.22.2.el7.x86_64","type":"Linux"},"env":{"container":{"runtime":"docker"}}},"extraInfo":{}}}
{"t":{"$date":"2026-06-19T06:16:08.906+00:00"},"s":"I",  "c":"ACCESS",   "id":5286306, "ctx":"conn8","msg":"Successfully authenticated","attr":{"client":"127.0.0.1:42588","isSpeculative":true,"isClusterMember":false,"mechanism":"SCRAM-SHA-256","user":"appsmith","db":"appsmith","result":0,"metrics":{"conversation_duration":{"micros":12590,"summary":{"0":{"step":1,"step_total":2,"duration_micros":2238},"1":{"step":2,"step_total":2,"duration_micros":38}}}},"doc":{"application":{"name":"mongosh 2.8.3"},"driver":{"name":"nodejs|mongosh","version":"7.1.0|2.8.3"},"platform":"Node.js v24.15.0, LE","os":{"name":"linux","architecture":"x64","version":"3.10.0-327.22.2.el7.x86_64","type":"Linux"},"env":{"container":{"runtime":"docker"}}},"extraInfo":{}}}
{"t":{"$date":"2026-06-19T06:16:08.910+00:00"},"s":"I",  "c":"NETWORK",  "id":22943,   "ctx":"listener","msg":"Connection accepted","attr":{"remote":"127.0.0.1:42604","isLoadBalanced":false,"uuid":{"uuid":{"$uuid":"a2641269-9740-4ce3-a26c-523b5c25e052"}},"connectionId":9,"connectionCount":7}}
{"t":{"$date":"2026-06-19T06:16:08.912+00:00"},"s":"I",  "c":"NETWORK",  "id":6788700, "ctx":"conn8","msg":"Received first command on ingress connection since session start or auth handshake","attr":{"elapsedMillis":5}}
{"t":{"$date":"2026-06-19T06:16:08.929+00:00"},"s":"I",  "c":"NETWORK",  "id":51800,   "ctx":"conn9","msg":"client metadata","attr":{"remote":"127.0.0.1:42604","client":"conn9","negotiatedCompressors":[],"doc":{"application":{"name":"mongosh 2.8.3"},"driver":{"name":"nodejs|mongosh","version":"7.1.0|2.8.3"},"platform":"Node.js v24.15.0, LE","os":{"name":"linux","architecture":"x64","version":"3.10.0-327.22.2.el7.x86_64","type":"Linux"},"env":{"container":{"runtime":"docker"}}}}}
{"t":{"$date":"2026-06-19T06:16:08.929+00:00"},"s":"I",  "c":"ACCESS",   "id":6788604, "ctx":"conn9","msg":"Auth metrics report","attr":{"metric":"acquireUser","micros":0}}
{"t":{"$date":"2026-06-19T06:16:08.935+00:00"},"s":"I",  "c":"ACCESS",   "id":5286306, "ctx":"conn9","msg":"Successfully authenticated","attr":{"client":"127.0.0.1:42604","isSpeculative":true,"isClusterMember":false,"mechanism":"SCRAM-SHA-256","user":"appsmith","db":"appsmith","result":0,"metrics":{"conversation_duration":{"micros":5404,"summary":{"0":{"step":1,"step_total":2,"duration_micros":1461},"1":{"step":2,"step_total":2,"duration_micros":41}}}},"doc":{"application":{"name":"mongosh 2.8.3"},"driver":{"name":"nodejs|mongosh","version":"7.1.0|2.8.3"},"platform":"Node.js v24.15.0, LE","os":{"name":"linux","architecture":"x64","version":"3.10.0-327.22.2.el7.x86_64","type":"Linux"},"env":{"container":{"runtime":"docker"}}},"extraInfo":{}}}
{"t":{"$date":"2026-06-19T06:16:08.937+00:00"},"s":"I",  "c":"NETWORK",  "id":6788700, "ctx":"conn9","msg":"Received first command on ingress connection since session start or auth handshake","attr":{"elapsedMillis":2}}
{"t":{"$date":"2026-06-19T06:16:08.945+00:00"},"s":"I",  "c":"-",        "id":20883,   "ctx":"conn5","msg":"Interrupted operation as its client disconnected","attr":{"opId":133}}
{"t":{"$date":"2026-06-19T06:16:08.947+00:00"},"s":"I",  "c":"NETWORK",  "id":22944,   "ctx":"conn9","msg":"Connection ended","attr":{"remote":"127.0.0.1:42604","isLoadBalanced":false,"uuid":{"uuid":{"$uuid":"a2641269-9740-4ce3-a26c-523b5c25e052"}},"connectionId":9,"connectionCount":6}}
{"t":{"$date":"2026-06-19T06:16:08.949+00:00"},"s":"I",  "c":"NETWORK",  "id":22944,   "ctx":"conn7","msg":"Connection ended","attr":{"remote":"127.0.0.1:42572","isLoadBalanced":false,"uuid":{"uuid":{"$uuid":"56fa0161-ff93-4f12-901d-093d6c273e06"}},"connectionId":7,"connectionCount":5}}
{"t":{"$date":"2026-06-19T06:16:08.949+00:00"},"s":"I",  "c":"NETWORK",  "id":22944,   "ctx":"conn6","msg":"Connection ended","attr":{"remote":"127.0.0.1:42564","isLoadBalanced":false,"uuid":{"uuid":{"$uuid":"285dc63e-d45e-493c-86bb-e7d0ee643e1d"}},"connectionId":6,"connectionCount":4}}
{"t":{"$date":"2026-06-19T06:16:08.950+00:00"},"s":"I",  "c":"NETWORK",  "id":22944,   "ctx":"conn8","msg":"Connection ended","attr":{"remote":"127.0.0.1:42588","isLoadBalanced":false,"uuid":{"uuid":{"$uuid":"731132c2-06e8-4054-95e1-8f970443ac5b"}},"connectionId":8,"connectionCount":3}}
{"t":{"$date":"2026-06-19T06:16:08.950+00:00"},"s":"I",  "c":"NETWORK",  "id":22944,   "ctx":"conn5","msg":"Connection ended","attr":{"remote":"127.0.0.1:42562","isLoadBalanced":false,"uuid":{"uuid":{"$uuid":"4de0c394-3522-4d2a-b0f2-96812f93d690"}},"connectionId":5,"connectionCount":2}}
{"t":{"$date":"2026-06-19T06:16:11.784+00:00"},"s":"I",  "c":"NETWORK",  "id":22943,   "ctx":"listener","msg":"Connection accepted","attr":{"remote":"127.0.0.1:42610","isLoadBalanced":false,"uuid":{"uuid":{"$uuid":"dc09d045-6049-427a-b005-5c4ed2a56d45"}},"connectionId":10,"connectionCount":3}}
{"t":{"$date":"2026-06-19T06:16:11.791+00:00"},"s":"I",  "c":"NETWORK",  "id":51800,   "ctx":"conn10","msg":"client metadata","attr":{"remote":"127.0.0.1:42610","client":"conn10","negotiatedCompressors":[],"doc":{"driver":{"name":"mongo-java-driver|reactive-streams|spring-boot","version":"5.5.2"},"os":{"type":"Linux","name":"Linux","architecture":"amd64","version":"6.6.87.2-microsoft-standard-WSL2"},"platform":"Java/Eclipse Adoptium/25.0.3+9-LTS","env":{"container":{"runtime":"docker"}}}}}
{"t":{"$date":"2026-06-19T06:16:11.794+00:00"},"s":"I",  "c":"ACCESS",   "id":10483900,"ctx":"conn10","msg":"Connection not authenticating","attr":{"client":"127.0.0.1:42610","doc":{"driver":{"name":"mongo-java-driver|reactive-streams|spring-boot","version":"5.5.2"},"os":{"type":"Linux","name":"Linux","architecture":"amd64","version":"6.6.87.2-microsoft-standard-WSL2"},"platform":"Java/Eclipse Adoptium/25.0.3+9-LTS","env":{"container":{"runtime":"docker"}}}}}
{"t":{"$date":"2026-06-19T06:16:11.816+00:00"},"s":"I",  "c":"NETWORK",  "id":22943,   "ctx":"listener","msg":"Connection accepted","attr":{"remote":"127.0.0.1:42616","isLoadBalanced":false,"uuid":{"uuid":{"$uuid":"bdfe4181-26f3-4f93-a154-53e63b6c6a33"}},"connectionId":11,"connectionCount":4}}
{"t":{"$date":"2026-06-19T06:16:11.877+00:00"},"s":"I",  "c":"NETWORK",  "id":51800,   "ctx":"conn11","msg":"client metadata","attr":{"remote":"127.0.0.1:42616","client":"conn11","negotiatedCompressors":[],"doc":{"driver":{"name":"mongo-java-driver|reactive-streams|spring-boot","version":"5.5.2"},"os":{"type":"Linux","name":"Linux","architecture":"amd64","version":"6.6.87.2-microsoft-standard-WSL2"},"platform":"Java/Eclipse Adoptium/25.0.3+9-LTS","env":{"container":{"runtime":"docker"}}}}}
{"t":{"$date":"2026-06-19T06:16:11.877+00:00"},"s":"I",  "c":"ACCESS",   "id":10483900,"ctx":"conn11","msg":"Connection not authenticating","attr":{"client":"127.0.0.1:42616","doc":{"driver":{"name":"mongo-java-driver|reactive-streams|spring-boot","version":"5.5.2"},"os":{"type":"Linux","name":"Linux","architecture":"amd64","version":"6.6.87.2-microsoft-standard-WSL2"},"platform":"Java/Eclipse Adoptium/25.0.3+9-LTS","env":{"container":{"runtime":"docker"}}}}}
{"t":{"$date":"2026-06-19T06:16:17.664+00:00"},"s":"I",  "c":"NETWORK",  "id":22943,   "ctx":"listener","msg":"Connection accepted","attr":{"remote":"127.0.0.1:54224","isLoadBalanced":false,"uuid":{"uuid":{"$uuid":"56250e48-3dd0-4ab5-83af-e09a8bc4ba5c"}},"connectionId":12,"connectionCount":5}}
{"t":{"$date":"2026-06-19T06:16:17.691+00:00"},"s":"I",  "c":"NETWORK",  "id":51800,   "ctx":"conn12","msg":"client metadata","attr":{"remote":"127.0.0.1:54224","client":"conn12","negotiatedCompressors":[],"doc":{"driver":{"name":"mongo-java-driver|reactive-streams|spring-boot","version":"5.5.2"},"os":{"type":"Linux","name":"Linux","architecture":"amd64","version":"6.6.87.2-microsoft-standard-WSL2"},"platform":"Java/Eclipse Adoptium/25.0.3+9-LTS","env":{"container":{"runtime":"docker"}}}}}
{"t":{"$date":"2026-06-19T06:16:17.692+00:00"},"s":"I",  "c":"ACCESS",   "id":6788604, "ctx":"conn12","msg":"Auth metrics report","attr":{"metric":"acquireUser","micros":0}}
{"t":{"$date":"2026-06-19T06:16:17.809+00:00"},"s":"I",  "c":"ACCESS",   "id":5286306, "ctx":"conn12","msg":"Successfully authenticated","attr":{"client":"127.0.0.1:54224","isSpeculative":true,"isClusterMember":false,"mechanism":"SCRAM-SHA-256","user":"appsmith","db":"appsmith","result":0,"metrics":{"conversation_duration":{"micros":116715,"summary":{"0":{"step":1,"step_total":2,"duration_micros":486},"1":{"step":2,"step_total":2,"duration_micros":42}}}},"doc":{"driver":{"name":"mongo-java-driver|reactive-streams|spring-boot","version":"5.5.2"},"os":{"type":"Linux","name":"Linux","architecture":"amd64","version":"6.6.87.2-microsoft-standard-WSL2"},"platform":"Java/Eclipse Adoptium/25.0.3+9-LTS","env":{"container":{"runtime":"docker"}}},"extraInfo":{}}}
{"t":{"$date":"2026-06-19T06:16:17.846+00:00"},"s":"I",  "c":"NETWORK",  "id":6788700, "ctx":"conn12","msg":"Received first command on ingress connection since session start or auth handshake","attr":{"elapsedMillis":37}}
{"t":{"$date":"2026-06-19T06:16:18.119+00:00"},"s":"I",  "c":"NETWORK",  "id":22943,   "ctx":"listener","msg":"Connection accepted","attr":{"remote":"127.0.0.1:54232","isLoadBalanced":false,"uuid":{"uuid":{"$uuid":"55030138-ebfe-41b9-b761-fb8f84f7dca0"}},"connectionId":13,"connectionCount":6}}
{"t":{"$date":"2026-06-19T06:16:18.141+00:00"},"s":"I",  "c":"NETWORK",  "id":51800,   "ctx":"conn13","msg":"client metadata","attr":{"remote":"127.0.0.1:54232","client":"conn13","negotiatedCompressors":[],"doc":{"driver":{"name":"mongo-java-driver|reactive-streams|spring-boot","version":"5.5.2"},"os":{"type":"Linux","name":"Linux","architecture":"amd64","version":"6.6.87.2-microsoft-standard-WSL2"},"platform":"Java/Eclipse Adoptium/25.0.3+9-LTS","env":{"container":{"runtime":"docker"}}}}}
{"t":{"$date":"2026-06-19T06:16:18.142+00:00"},"s":"I",  "c":"ACCESS",   "id":6788604, "ctx":"conn13","msg":"Auth metrics report","attr":{"metric":"acquireUser","micros":0}}
{"t":{"$date":"2026-06-19T06:16:18.231+00:00"},"s":"I",  "c":"ACCESS",   "id":5286306, "ctx":"conn13","msg":"Successfully authenticated","attr":{"client":"127.0.0.1:54232","isSpeculative":true,"isClusterMember":false,"mechanism":"SCRAM-SHA-256","user":"appsmith","db":"appsmith","result":0,"metrics":{"conversation_duration":{"micros":89709,"summary":{"0":{"step":1,"step_total":2,"duration_micros":511},"1":{"step":2,"step_total":2,"duration_micros":41}}}},"doc":{"driver":{"name":"mongo-java-driver|reactive-streams|spring-boot","version":"5.5.2"},"os":{"type":"Linux","name":"Linux","architecture":"amd64","version":"6.6.87.2-microsoft-standard-WSL2"},"platform":"Java/Eclipse Adoptium/25.0.3+9-LTS","env":{"container":{"runtime":"docker"}}},"extraInfo":{}}}
{"t":{"$date":"2026-06-19T06:16:18.236+00:00"},"s":"I",  "c":"NETWORK",  "id":6788700, "ctx":"conn13","msg":"Received first command on ingress connection since session start or auth handshake","attr":{"elapsedMillis":4}}
{"t":{"$date":"2026-06-19T06:16:18.399+00:00"},"s":"I",  "c":"NETWORK",  "id":22943,   "ctx":"listener","msg":"Connection accepted","attr":{"remote":"127.0.0.1:54244","isLoadBalanced":false,"uuid":{"uuid":{"$uuid":"39a31f91-96c1-49c2-95e2-4cadeed87d1b"}},"connectionId":14,"connectionCount":7}}
{"t":{"$date":"2026-06-19T06:16:18.411+00:00"},"s":"I",  "c":"NETWORK",  "id":51800,   "ctx":"conn14","msg":"client metadata","attr":{"remote":"127.0.0.1:54244","client":"conn14","negotiatedCompressors":[],"doc":{"driver":{"name":"mongo-java-driver|sync|spring-boot","version":"5.5.2"},"os":{"type":"Linux","name":"Linux","architecture":"amd64","version":"6.6.87.2-microsoft-standard-WSL2"},"platform":"Java/Eclipse Adoptium/25.0.3+9-LTS","env":{"container":{"runtime":"docker"}}}}}
{"t":{"$date":"2026-06-19T06:16:18.411+00:00"},"s":"I",  "c":"ACCESS",   "id":6788604, "ctx":"conn14","msg":"Auth metrics report","attr":{"metric":"acquireUser","micros":0}}
{"t":{"$date":"2026-06-19T06:16:18.478+00:00"},"s":"I",  "c":"ACCESS",   "id":5286306, "ctx":"conn14","msg":"Successfully authenticated","attr":{"client":"127.0.0.1:54244","isSpeculative":true,"isClusterMember":false,"mechanism":"SCRAM-SHA-256","user":"appsmith","db":"appsmith","result":0,"metrics":{"conversation_duration":{"micros":66195,"summary":{"0":{"step":1,"step_total":2,"duration_micros":576},"1":{"step":2,"step_total":2,"duration_micros":41}}}},"doc":{"driver":{"name":"mongo-java-driver|sync|spring-boot","version":"5.5.2"},"os":{"type":"Linux","name":"Linux","architecture":"amd64","version":"6.6.87.2-microsoft-standard-WSL2"},"platform":"Java/Eclipse Adoptium/25.0.3+9-LTS","env":{"container":{"runtime":"docker"}}},"extraInfo":{}}}
{"t":{"$date":"2026-06-19T06:16:18.486+00:00"},"s":"I",  "c":"NETWORK",  "id":6788700, "ctx":"conn14","msg":"Received first command on ingress connection since session start or auth handshake","attr":{"elapsedMillis":8}}
{"t":{"$date":"2026-06-19T06:17:06.620+00:00"},"s":"I",  "c":"WTCHKPT",  "id":22430,   "ctx":"Checkpointer","msg":"WiredTiger message","attr":{"message":{"ts_sec":1781849826,"ts_usec":620486,"thread":"1718:0x7eebd58fd6c0","session_name":"WT_SESSION.checkpoint","category":"WT_VERB_CHECKPOINT_PROGRESS","category_id":6,"verbose_level":"DEBUG_1","verbose_level_id":1,"msg":"saving checkpoint snapshot min: 57, snapshot max: 57 snapshot count: 0, oldest timestamp: (1781849515, 3) , meta checkpoint timestamp: (1781849815, 3) base write gen: 226424"}}}
{"t":{"$date":"2026-06-19T06:18:06.708+00:00"},"s":"I",  "c":"WTCHKPT",  "id":22430,   "ctx":"Checkpointer","msg":"WiredTiger message","attr":{"message":{"ts_sec":1781849886,"ts_usec":706799,"thread":"1718:0x7eebd58fd6c0","session_name":"WT_SESSION.checkpoint","category":"WT_VERB_CHECKPOINT_PROGRESS","category_id":6,"verbose_level":"DEBUG_1","verbose_level_id":1,"msg":"saving checkpoint snapshot min: 71, snapshot max: 71 snapshot count: 0, oldest timestamp: (1781849577, 1) , meta checkpoint timestamp: (1781849877, 1) base write gen: 226424"}}}
{"t":{"$date":"2026-06-19T06:19:06.753+00:00"},"s":"I",  "c":"WTCHKPT",  "id":22430,   "ctx":"Checkpointer","msg":"WiredTiger message","attr":{"message":{"ts_sec":1781849946,"ts_usec":753163,"thread":"1718:0x7eebd58fd6c0","session_name":"WT_SESSION.checkpoint","category":"WT_VERB_CHECKPOINT_PROGRESS","category_id":6,"verbose_level":"DEBUG_1","verbose_level_id":1,"msg":"saving checkpoint snapshot min: 85, snapshot max: 85 snapshot count: 0, oldest timestamp: (1781849637, 1) , meta checkpoint timestamp: (1781849937, 1) base write gen: 226424"}}}
{"t":{"$date":"2026-06-19T06:20:06.781+00:00"},"s":"I",  "c":"WTCHKPT",  "id":22430,   "ctx":"Checkpointer","msg":"WiredTiger message","attr":{"message":{"ts_sec":1781850006,"ts_usec":781930,"thread":"1718:0x7eebd58fd6c0","session_name":"WT_SESSION.checkpoint","category":"WT_VERB_CHECKPOINT_PROGRESS","category_id":6,"verbose_level":"DEBUG_1","verbose_level_id":1,"msg":"saving checkpoint snapshot min: 99, snapshot max: 99 snapshot count: 0, oldest timestamp: (1781849697, 1) , meta checkpoint timestamp: (1781849997, 1) base write gen: 226424"}}}
{"t":{"$date":"2026-06-19T06:21:06.820+00:00"},"s":"I",  "c":"WTCHKPT",  "id":22430,   "ctx":"Checkpointer","msg":"WiredTiger message","attr":{"message":{"ts_sec":1781850066,"ts_usec":820531,"thread":"1718:0x7eebd58fd6c0","session_name":"WT_SESSION.checkpoint","category":"WT_VERB_CHECKPOINT_PROGRESS","category_id":6,"verbose_level":"DEBUG_1","verbose_level_id":1,"msg":"saving checkpoint snapshot min: 113, snapshot max: 113 snapshot count: 0, oldest timestamp: (1781849757, 1) , meta checkpoint timestamp: (1781850057, 1) base write gen: 226424"}}}
{"t":{"$date":"2026-06-19T06:22:06.873+00:00"},"s":"I",  "c":"WTCHKPT",  "id":22430,   "ctx":"Checkpointer","msg":"WiredTiger message","attr":{"message":{"ts_sec":1781850126,"ts_usec":873160,"thread":"1718:0x7eebd58fd6c0","session_name":"WT_SESSION.checkpoint","category":"WT_VERB_CHECKPOINT_PROGRESS","category_id":6,"verbose_level":"DEBUG_1","verbose_level_id":1,"msg":"saving checkpoint snapshot min: 132, snapshot max: 132 snapshot count: 0, oldest timestamp: (1781849817, 1) , meta checkpoint timestamp: (1781850117, 1) base write gen: 226424"}}}
{"t":{"$date":"2026-06-19T06:23:06.940+00:00"},"s":"I",  "c":"WTCHKPT",  "id":22430,   "ctx":"Checkpointer","msg":"WiredTiger message","attr":{"message":{"ts_sec":1781850186,"ts_usec":940595,"thread":"1718:0x7eebd58fd6c0","session_name":"WT_SESSION.checkpoint","category":"WT_VERB_CHECKPOINT_PROGRESS","category_id":6,"verbose_level":"DEBUG_1","verbose_level_id":1,"msg":"saving checkpoint snapshot min: 146, snapshot max: 146 snapshot count: 0, oldest timestamp: (1781849877, 1) , meta checkpoint timestamp: (1781850177, 1) base write gen: 226424"}}}
{"t":{"$date":"2026-06-19T06:24:06.989+00:00"},"s":"I",  "c":"WTCHKPT",  "id":22430,   "ctx":"Checkpointer","msg":"WiredTiger message","attr":{"message":{"ts_sec":1781850246,"ts_usec":989462,"thread":"1718:0x7eebd58fd6c0","session_name":"WT_SESSION.checkpoint","category":"WT_VERB_CHECKPOINT_PROGRESS","category_id":6,"verbose_level":"DEBUG_1","verbose_level_id":1,"msg":"saving checkpoint snapshot min: 160, snapshot max: 160 snapshot count: 0, oldest timestamp: (1781849937, 1) , meta checkpoint timestamp: (1781850237, 1) base write gen: 226424"}}}
{"t":{"$date":"2026-06-19T06:25:07.030+00:00"},"s":"I",  "c":"WTCHKPT",  "id":22430,   "ctx":"Checkpointer","msg":"WiredTiger message","attr":{"message":{"ts_sec":1781850307,"ts_usec":30252,"thread":"1718:0x7eebd58fd6c0","session_name":"WT_SESSION.checkpoint","category":"WT_VERB_CHECKPOINT_PROGRESS","category_id":6,"verbose_level":"DEBUG_1","verbose_level_id":1,"msg":"saving checkpoint snapshot min: 174, snapshot max: 174 snapshot count: 0, oldest timestamp: (1781849997, 1) , meta checkpoint timestamp: (1781850297, 1) base write gen: 226424"}}}
{"t":{"$date":"2026-06-19T06:26:07.077+00:00"},"s":"I",  "c":"WTCHKPT",  "id":22430,   "ctx":"Checkpointer","msg":"WiredTiger message","attr":{"message":{"ts_sec":1781850367,"ts_usec":77467,"thread":"1718:0x7eebd58fd6c0","session_name":"WT_SESSION.checkpoint","category":"WT_VERB_CHECKPOINT_PROGRESS","category_id":6,"verbose_level":"DEBUG_1","verbose_level_id":1,"msg":"saving checkpoint snapshot min: 188, snapshot max: 188 snapshot count: 0, oldest timestamp: (1781850057, 1) , meta checkpoint timestamp: (1781850357, 1) base write gen: 226424"}}}
{"t":{"$date":"2026-06-19T06:27:07.118+00:00"},"s":"I",  "c":"WTCHKPT",  "id":22430,   "ctx":"Checkpointer","msg":"WiredTiger message","attr":{"message":{"ts_sec":1781850427,"ts_usec":118300,"thread":"1718:0x7eebd58fd6c0","session_name":"WT_SESSION.checkpoint","category":"WT_VERB_CHECKPOINT_PROGRESS","category_id":6,"verbose_level":"DEBUG_1","verbose_level_id":1,"msg":"saving checkpoint snapshot min: 202, snapshot max: 202 snapshot count: 0, oldest timestamp: (1781850117, 1) , meta checkpoint timestamp: (1781850417, 1) base write gen: 226424"}}}
{"t":{"$date":"2026-06-19T06:28:07.171+00:00"},"s":"I",  "c":"WTCHKPT",  "id":22430,   "ctx":"Checkpointer","msg":"WiredTiger message","attr":{"message":{"ts_sec":1781850487,"ts_usec":171681,"thread":"1718:0x7eebd58fd6c0","session_name":"WT_SESSION.checkpoint","category":"WT_VERB_CHECKPOINT_PROGRESS","category_id":6,"verbose_level":"DEBUG_1","verbose_level_id":1,"msg":"saving checkpoint snapshot min: 216, snapshot max: 216 snapshot count: 0, oldest timestamp: (1781850177, 1) , meta checkpoint timestamp: (1781850477, 1) base write gen: 226424"}}}
{"t":{"$date":"2026-06-19T06:29:07.219+00:00"},"s":"I",  "c":"WTCHKPT",  "id":22430,   "ctx":"Checkpointer","msg":"WiredTiger message","attr":{"message":{"ts_sec":1781850547,"ts_usec":219301,"thread":"1718:0x7eebd58fd6c0","session_name":"WT_SESSION.checkpoint","category":"WT_VERB_CHECKPOINT_PROGRESS","category_id":6,"verbose_level":"DEBUG_1","verbose_level_id":1,"msg":"saving checkpoint snapshot min: 230, snapshot max: 230 snapshot count: 0, oldest timestamp: (1781850237, 1) , meta checkpoint timestamp: (1781850537, 1) base write gen: 226424"}}}
{"t":{"$date":"2026-06-19T06:30:07.274+00:00"},"s":"I",  "c":"WTCHKPT",  "id":22430,   "ctx":"Checkpointer","msg":"WiredTiger message","attr":{"message":{"ts_sec":1781850607,"ts_usec":274125,"thread":"1718:0x7eebd58fd6c0","session_name":"WT_SESSION.checkpoint","category":"WT_VERB_CHECKPOINT_PROGRESS","category_id":6,"verbose_level":"DEBUG_1","verbose_level_id":1,"msg":"saving checkpoint snapshot min: 244, snapshot max: 244 snapshot count: 0, oldest timestamp: (1781850297, 1) , meta checkpoint timestamp: (1781850597, 1) base write gen: 226424"}}}
{"t":{"$date":"2026-06-19T06:31:07.320+00:00"},"s":"I",  "c":"WTCHKPT",  "id":22430,   "ctx":"Checkpointer","msg":"WiredTiger message","attr":{"message":{"ts_sec":1781850667,"ts_usec":320914,"thread":"1718:0x7eebd58fd6c0","session_name":"WT_SESSION.checkpoint","category":"WT_VERB_CHECKPOINT_PROGRESS","category_id":6,"verbose_level":"DEBUG_1","verbose_level_id":1,"msg":"saving checkpoint snapshot min: 258, snapshot max: 258 snapshot count: 0, oldest timestamp: (1781850357, 1) , meta checkpoint timestamp: (1781850657, 1) base write gen: 226424"}}}
{"t":{"$date":"2026-06-19T06:32:07.363+00:00"},"s":"I",  "c":"WTCHKPT",  "id":22430,   "ctx":"Checkpointer","msg":"WiredTiger message","attr":{"message":{"ts_sec":1781850727,"ts_usec":363798,"thread":"1718:0x7eebd58fd6c0","session_name":"WT_SESSION.checkpoint","category":"WT_VERB_CHECKPOINT_PROGRESS","category_id":6,"verbose_level":"DEBUG_1","verbose_level_id":1,"msg":"saving checkpoint snapshot min: 272, snapshot max: 272 snapshot count: 0, oldest timestamp: (1781850417, 1) , meta checkpoint timestamp: (1781850717, 1) base write gen: 226424"}}}
{"t":{"$date":"2026-06-19T06:33:07.404+00:00"},"s":"I",  "c":"WTCHKPT",  "id":22430,   "ctx":"Checkpointer","msg":"WiredTiger message","attr":{"message":{"ts_sec":1781850787,"ts_usec":404239,"thread":"1718:0x7eebd58fd6c0","session_name":"WT_SESSION.checkpoint","category":"WT_VERB_CHECKPOINT_PROGRESS","category_id":6,"verbose_level":"DEBUG_1","verbose_level_id":1,"msg":"saving checkpoint snapshot min: 286, snapshot max: 286 snapshot count: 0, oldest timestamp: (1781850477, 1) , meta checkpoint timestamp: (1781850777, 1) base write gen: 226424"}}}
{"t":{"$date":"2026-06-19T06:34:07.443+00:00"},"s":"I",  "c":"WTCHKPT",  "id":22430,   "ctx":"Checkpointer","msg":"WiredTiger message","attr":{"message":{"ts_sec":1781850847,"ts_usec":443060,"thread":"1718:0x7eebd58fd6c0","session_name":"WT_SESSION.checkpoint","category":"WT_VERB_CHECKPOINT_PROGRESS","category_id":6,"verbose_level":"DEBUG_1","verbose_level_id":1,"msg":"saving checkpoint snapshot min: 300, snapshot max: 300 snapshot count: 0, oldest timestamp: (1781850537, 1) , meta checkpoint timestamp: (1781850837, 1) base write gen: 226424"}}}
{"t":{"$date":"2026-06-19T06:35:07.496+00:00"},"s":"I",  "c":"WTCHKPT",  "id":22430,   "ctx":"Checkpointer","msg":"WiredTiger message","attr":{"message":{"ts_sec":1781850907,"ts_usec":496693,"thread":"1718:0x7eebd58fd6c0","session_name":"WT_SESSION.checkpoint","category":"WT_VERB_CHECKPOINT_PROGRESS","category_id":6,"verbose_level":"DEBUG_1","verbose_level_id":1,"msg":"saving checkpoint snapshot min: 314, snapshot max: 314 snapshot count: 0, oldest timestamp: (1781850597, 1) , meta checkpoint timestamp: (1781850897, 1) base write gen: 226424"}}}
{"t":{"$date":"2026-06-19T06:36:07.558+00:00"},"s":"I",  "c":"WTCHKPT",  "id":22430,   "ctx":"Checkpointer","msg":"WiredTiger message","attr":{"message":{"ts_sec":1781850967,"ts_usec":558584,"thread":"1718:0x7eebd58fd6c0","session_name":"WT_SESSION.checkpoint","category":"WT_VERB_CHECKPOINT_PROGRESS","category_id":6,"verbose_level":"DEBUG_1","verbose_level_id":1,"msg":"saving checkpoint snapshot min: 328, snapshot max: 328 snapshot count: 0, oldest timestamp: (1781850657, 1) , meta checkpoint timestamp: (1781850957, 1) base write gen: 226424"}}}
{"t":{"$date":"2026-06-19T06:37:07.618+00:00"},"s":"I",  "c":"WTCHKPT",  "id":22430,   "ctx":"Checkpointer","msg":"WiredTiger message","attr":{"message":{"ts_sec":1781851027,"ts_usec":617965,"thread":"1718:0x7eebd58fd6c0","session_name":"WT_SESSION.checkpoint","category":"WT_VERB_CHECKPOINT_PROGRESS","category_id":6,"verbose_level":"DEBUG_1","verbose_level_id":1,"msg":"saving checkpoint snapshot min: 342, snapshot max: 342 snapshot count: 0, oldest timestamp: (1781850717, 1) , meta checkpoint timestamp: (1781851017, 1) base write gen: 226424"}}}
{"t":{"$date":"2026-06-19T06:38:07.659+00:00"},"s":"I",  "c":"WTCHKPT",  "id":22430,   "ctx":"Checkpointer","msg":"WiredTiger message","attr":{"message":{"ts_sec":1781851087,"ts_usec":659956,"thread":"1718:0x7eebd58fd6c0","session_name":"WT_SESSION.checkpoint","category":"WT_VERB_CHECKPOINT_PROGRESS","category_id":6,"verbose_level":"DEBUG_1","verbose_level_id":1,"msg":"saving checkpoint snapshot min: 356, snapshot max: 356 snapshot count: 0, oldest timestamp: (1781850777, 1) , meta checkpoint timestamp: (1781851077, 1) base write gen: 226424"}}}
{"t":{"$date":"2026-06-19T06:39:07.704+00:00"},"s":"I",  "c":"WTCHKPT",  "id":22430,   "ctx":"Checkpointer","msg":"WiredTiger message","attr":{"message":{"ts_sec":1781851147,"ts_usec":704746,"thread":"1718:0x7eebd58fd6c0","session_name":"WT_SESSION.checkpoint","category":"WT_VERB_CHECKPOINT_PROGRESS","category_id":6,"verbose_level":"DEBUG_1","verbose_level_id":1,"msg":"saving checkpoint snapshot min: 370, snapshot max: 370 snapshot count: 0, oldest timestamp: (1781850837, 1) , meta checkpoint timestamp: (1781851137, 1) base write gen: 226424"}}}
{"t":{"$date":"2026-06-19T06:40:07.749+00:00"},"s":"I",  "c":"WTCHKPT",  "id":22430,   "ctx":"Checkpointer","msg":"WiredTiger message","attr":{"message":{"ts_sec":1781851207,"ts_usec":749841,"thread":"1718:0x7eebd58fd6c0","session_name":"WT_SESSION.checkpoint","category":"WT_VERB_CHECKPOINT_PROGRESS","category_id":6,"verbose_level":"DEBUG_1","verbose_level_id":1,"msg":"saving checkpoint snapshot min: 385, snapshot max: 385 snapshot count: 0, oldest timestamp: (1781850897, 1) , meta checkpoint timestamp: (1781851197, 1) base write gen: 226424"}}}
{"t":{"$date":"2026-06-19T06:41:07.791+00:00"},"s":"I",  "c":"WTCHKPT",  "id":22430,   "ctx":"Checkpointer","msg":"WiredTiger message","attr":{"message":{"ts_sec":1781851267,"ts_usec":791855,"thread":"1718:0x7eebd58fd6c0","session_name":"WT_SESSION.checkpoint","category":"WT_VERB_CHECKPOINT_PROGRESS","category_id":6,"verbose_level":"DEBUG_1","verbose_level_id":1,"msg":"saving checkpoint snapshot min: 400, snapshot max: 400 snapshot count: 0, oldest timestamp: (1781850967, 1) , meta checkpoint timestamp: (1781851267, 1) base write gen: 226424"}}}
{"t":{"$date":"2026-06-19T06:42:07.848+00:00"},"s":"I",  "c":"WTCHKPT",  "id":22430,   "ctx":"Checkpointer","msg":"WiredTiger message","attr":{"message":{"ts_sec":1781851327,"ts_usec":848354,"thread":"1718:0x7eebd58fd6c0","session_name":"WT_SESSION.checkpoint","category":"WT_VERB_CHECKPOINT_PROGRESS","category_id":6,"verbose_level":"DEBUG_1","verbose_level_id":1,"msg":"saving checkpoint snapshot min: 414, snapshot max: 414 snapshot count: 0, oldest timestamp: (1781851027, 1) , meta checkpoint timestamp: (1781851327, 1) base write gen: 226424"}}}
{"t":{"$date":"2026-06-19T06:43:07.889+00:00"},"s":"I",  "c":"WTCHKPT",  "id":22430,   "ctx":"Checkpointer","msg":"WiredTiger message","attr":{"message":{"ts_sec":1781851387,"ts_usec":889169,"thread":"1718:0x7eebd58fd6c0","session_name":"WT_SESSION.checkpoint","category":"WT_VERB_CHECKPOINT_PROGRESS","category_id":6,"verbose_level":"DEBUG_1","verbose_level_id":1,"msg":"saving checkpoint snapshot min: 428, snapshot max: 428 snapshot count: 0, oldest timestamp: (1781851087, 1) , meta checkpoint timestamp: (1781851387, 1) base write gen: 226424"}}}
{"t":{"$date":"2026-06-19T06:44:07.927+00:00"},"s":"I",  "c":"WTCHKPT",  "id":22430,   "ctx":"Checkpointer","msg":"WiredTiger message","attr":{"message":{"ts_sec":1781851447,"ts_usec":927620,"thread":"1718:0x7eebd58fd6c0","session_name":"WT_SESSION.checkpoint","category":"WT_VERB_CHECKPOINT_PROGRESS","category_id":6,"verbose_level":"DEBUG_1","verbose_level_id":1,"msg":"saving checkpoint snapshot min: 442, snapshot max: 442 snapshot count: 0, oldest timestamp: (1781851147, 1) , meta checkpoint timestamp: (1781851447, 1) base write gen: 226424"}}}
{"t":{"$date":"2026-06-19T06:45:07.967+00:00"},"s":"I",  "c":"WTCHKPT",  "id":22430,   "ctx":"Checkpointer","msg":"WiredTiger message","attr":{"message":{"ts_sec":1781851507,"ts_usec":967003,"thread":"1718:0x7eebd58fd6c0","session_name":"WT_SESSION.checkpoint","category":"WT_VERB_CHECKPOINT_PROGRESS","category_id":6,"verbose_level":"DEBUG_1","verbose_level_id":1,"msg":"saving checkpoint snapshot min: 456, snapshot max: 456 snapshot count: 0, oldest timestamp: (1781851207, 1) , meta checkpoint timestamp: (1781851507, 1) base write gen: 226424"}}}
{"t":{"$date":"2026-06-19T06:46:08.014+00:00"},"s":"I",  "c":"WTCHKPT",  "id":22430,   "ctx":"Checkpointer","msg":"WiredTiger message","attr":{"message":{"ts_sec":1781851568,"ts_usec":14352,"thread":"1718:0x7eebd58fd6c0","session_name":"WT_SESSION.checkpoint","category":"WT_VERB_CHECKPOINT_PROGRESS","category_id":6,"verbose_level":"DEBUG_1","verbose_level_id":1,"msg":"saving checkpoint snapshot min: 470, snapshot max: 470 snapshot count: 0, oldest timestamp: (1781851267, 1) , meta checkpoint timestamp: (1781851567, 1) base write gen: 226424"}}}
{"t":{"$date":"2026-06-19T06:47:08.057+00:00"},"s":"I",  "c":"WTCHKPT",  "id":22430,   "ctx":"Checkpointer","msg":"WiredTiger message","attr":{"message":{"ts_sec":1781851628,"ts_usec":57135,"thread":"1718:0x7eebd58fd6c0","session_name":"WT_SESSION.checkpoint","category":"WT_VERB_CHECKPOINT_PROGRESS","category_id":6,"verbose_level":"DEBUG_1","verbose_level_id":1,"msg":"saving checkpoint snapshot min: 484, snapshot max: 484 snapshot count: 0, oldest timestamp: (1781851327, 1) , meta checkpoint timestamp: (1781851627, 1) base write gen: 226424"}}}
{"t":{"$date":"2026-06-19T06:48:08.094+00:00"},"s":"I",  "c":"WTCHKPT",  "id":22430,   "ctx":"Checkpointer","msg":"WiredTiger message","attr":{"message":{"ts_sec":1781851688,"ts_usec":94300,"thread":"1718:0x7eebd58fd6c0","session_name":"WT_SESSION.checkpoint","category":"WT_VERB_CHECKPOINT_PROGRESS","category_id":6,"verbose_level":"DEBUG_1","verbose_level_id":1,"msg":"saving checkpoint snapshot min: 498, snapshot max: 498 snapshot count: 0, oldest timestamp: (1781851387, 1) , meta checkpoint timestamp: (1781851687, 1) base write gen: 226424"}}}
{"t":{"$date":"2026-06-19T06:49:08.149+00:00"},"s":"I",  "c":"WTCHKPT",  "id":22430,   "ctx":"Checkpointer","msg":"WiredTiger message","attr":{"message":{"ts_sec":1781851748,"ts_usec":149025,"thread":"1718:0x7eebd58fd6c0","session_name":"WT_SESSION.checkpoint","category":"WT_VERB_CHECKPOINT_PROGRESS","category_id":6,"verbose_level":"DEBUG_1","verbose_level_id":1,"msg":"saving checkpoint snapshot min: 512, snapshot max: 512 snapshot count: 0, oldest timestamp: (1781851447, 1) , meta checkpoint timestamp: (1781851747, 1) base write gen: 226424"}}}
{"t":{"$date":"2026-06-19T06:50:08.214+00:00"},"s":"I",  "c":"WTCHKPT",  "id":22430,   "ctx":"Checkpointer","msg":"WiredTiger message","attr":{"message":{"ts_sec":1781851808,"ts_usec":213977,"thread":"1718:0x7eebd58fd6c0","session_name":"WT_SESSION.checkpoint","category":"WT_VERB_CHECKPOINT_PROGRESS","category_id":6,"verbose_level":"DEBUG_1","verbose_level_id":1,"msg":"saving checkpoint snapshot min: 526, snapshot max: 526 snapshot count: 0, oldest timestamp: (1781851507, 1) , meta checkpoint timestamp: (1781851807, 1) base write gen: 226424"}}}
{"t":{"$date":"2026-06-19T06:51:08.270+00:00"},"s":"I",  "c":"WTCHKPT",  "id":22430,   "ctx":"Checkpointer","msg":"WiredTiger message","attr":{"message":{"ts_sec":1781851868,"ts_usec":270117,"thread":"1718:0x7eebd58fd6c0","session_name":"WT_SESSION.checkpoint","category":"WT_VERB_CHECKPOINT_PROGRESS","category_id":6,"verbose_level":"DEBUG_1","verbose_level_id":1,"msg":"saving checkpoint snapshot min: 548, snapshot max: 548 snapshot count: 0, oldest timestamp: (1781851567, 3) , meta checkpoint timestamp: (1781851867, 3) base write gen: 226424"}}}
{"t":{"$date":"2026-06-19T06:52:08.322+00:00"},"s":"I",  "c":"WTCHKPT",  "id":22430,   "ctx":"Checkpointer","msg":"WiredTiger message","attr":{"message":{"ts_sec":1781851928,"ts_usec":322836,"thread":"1718:0x7eebd58fd6c0","session_name":"WT_SESSION.checkpoint","category":"WT_VERB_CHECKPOINT_PROGRESS","category_id":6,"verbose_level":"DEBUG_1","verbose_level_id":1,"msg":"saving checkpoint snapshot min: 562, snapshot max: 562 snapshot count: 0, oldest timestamp: (1781851627, 1) , meta checkpoint timestamp: (1781851927, 1) base write gen: 226424"}}}
{"t":{"$date":"2026-06-19T06:53:08.365+00:00"},"s":"I",  "c":"WTCHKPT",  "id":22430,   "ctx":"Checkpointer","msg":"WiredTiger message","attr":{"message":{"ts_sec":1781851988,"ts_usec":365223,"thread":"1718:0x7eebd58fd6c0","session_name":"WT_SESSION.checkpoint","category":"WT_VERB_CHECKPOINT_PROGRESS","category_id":6,"verbose_level":"DEBUG_1","verbose_level_id":1,"msg":"saving checkpoint snapshot min: 576, snapshot max: 576 snapshot count: 0, oldest timestamp: (1781851687, 1) , meta checkpoint timestamp: (1781851987, 1) base write gen: 226424"}}}
{"t":{"$date":"2026-06-19T06:54:08.417+00:00"},"s":"I",  "c":"WTCHKPT",  "id":22430,   "ctx":"Checkpointer","msg":"WiredTiger message","attr":{"message":{"ts_sec":1781852048,"ts_usec":417722,"thread":"1718:0x7eebd58fd6c0","session_name":"WT_SESSION.checkpoint","category":"WT_VERB_CHECKPOINT_PROGRESS","category_id":6,"verbose_level":"DEBUG_1","verbose_level_id":1,"msg":"saving checkpoint snapshot min: 590, snapshot max: 590 snapshot count: 0, oldest timestamp: (1781851747, 1) , meta checkpoint timestamp: (1781852047, 1) base write gen: 226424"}}}
