APPSMITH_GIT_ROOT: /appsmith-stacks/git-storage
SLF4J(W): Class path contains multiple SLF4J providers.
SLF4J(W): Found provider [ch.qos.logback.classic.spi.LogbackServiceProvider@6f7fd0e6]
SLF4J(W): Found provider [org.slf4j.reload4j.Reload4jServiceProvider@47c62251]
SLF4J(W): See https://www.slf4j.org/codes.html#multiple_bindings for an explanation.
SLF4J(I): Actual provider is of type [ch.qos.logback.classic.spi.LogbackServiceProvider@6f7fd0e6]
WARNING: A terminally deprecated method in sun.misc.Unsafe has been called
WARNING: sun.misc.Unsafe::allocateMemory has been called by io.netty.util.internal.PlatformDependent0$2 (jar:nested:/opt/appsmith/server/mongo/server.jar/!BOOT-INF/lib/netty-common-4.1.131.Final.jar!/)
WARNING: Please consider reporting this to the maintainers of class io.netty.util.internal.PlatformDependent0$2
WARNING: sun.misc.Unsafe::allocateMemory will be removed in a future release
WARNING: A restricted method in java.lang.System has been called
WARNING: java.lang.System::loadLibrary has been called by io.netty.util.internal.NativeLibraryUtil in an unnamed module (jar:nested:/opt/appsmith/server/mongo/server.jar/!BOOT-INF/lib/netty-common-4.1.131.Final.jar!/)
WARNING: Use --enable-native-access=ALL-UNNAMED to avoid a warning for callers in this module
WARNING: Restricted methods will be blocked in a future release unless native access is enabled

org.springframework.web.reactive.function.client.WebClientRequestException: Host not allowed.
	at org.springframework.web.reactive.function.client.ExchangeFunctions$DefaultExchangeFunction.lambda$wrapException$9(ExchangeFunctions.java:137)
	Suppressed: The stacktrace has been enhanced by Reactor, refer to additional information below: 
Error has been observed at the following site(s):
	*__checkpoint ⇢ Request to GET http://localhost:5678/webhook/generate-doc-package1 [DefaultWebClient]
Original Stack Trace:
		at org.springframework.web.reactive.function.client.ExchangeFunctions$DefaultExchangeFunction.lambda$wrapException$9(ExchangeFunctions.java:137)
		at reactor.core.publisher.MonoErrorSupplied.subscribe(MonoErrorSupplied.java:55)
		at reactor.core.publisher.Mono.subscribe(Mono.java:4576)
		at reactor.core.publisher.FluxOnErrorResume$ResumeSubscriber.onError(FluxOnErrorResume.java:103)
		at com.appsmith.server.configurations.MDCConfig$MdcContextLifter.onError(MDCConfig.java:64)
		at reactor.core.publisher.FluxPeek$PeekSubscriber.onError(FluxPeek.java:222)
		at com.appsmith.server.configurations.MDCConfig$MdcContextLifter.onError(MDCConfig.java:64)
		at reactor.core.publisher.FluxPeek$PeekSubscriber.onError(FluxPeek.java:222)
		at com.appsmith.server.configurations.MDCConfig$MdcContextLifter.onError(MDCConfig.java:64)
		at reactor.core.publisher.FluxPeek$PeekSubscriber.onError(FluxPeek.java:222)
		at com.appsmith.server.configurations.MDCConfig$MdcContextLifter.onError(MDCConfig.java:64)
		at reactor.core.publisher.MonoNext$NextSubscriber.onError(MonoNext.java:93)
		at com.appsmith.server.configurations.MDCConfig$MdcContextLifter.onError(MDCConfig.java:64)
		at reactor.core.publisher.MonoFlatMapMany$FlatMapManyMain.onError(MonoFlatMapMany.java:205)
		at com.appsmith.server.configurations.MDCConfig$MdcContextLifter.onError(MDCConfig.java:64)
		at reactor.core.publisher.SerializedSubscriber.onError(SerializedSubscriber.java:124)
		at reactor.core.publisher.FluxRetryWhen$RetryWhenMainSubscriber.whenError(FluxRetryWhen.java:229)
		at reactor.core.publisher.FluxRetryWhen$RetryWhenOtherSubscriber.onError(FluxRetryWhen.java:279)
		at com.appsmith.server.configurations.MDCConfig$MdcContextLifter.onError(MDCConfig.java:64)
		at com.appsmith.server.configurations.MDCConfig$MdcContextLifter.onError(MDCConfig.java:64)
		at reactor.core.publisher.FluxContextWrite$ContextWriteSubscriber.onError(FluxContextWrite.java:121)
		at com.appsmith.server.configurations.MDCConfig$MdcContextLifter.onError(MDCConfig.java:64)
		at reactor.core.publisher.FluxConcatMapNoPrefetch$FluxConcatMapNoPrefetchSubscriber.maybeOnError(FluxConcatMapNoPrefetch.java:327)
		at reactor.core.publisher.FluxConcatMapNoPrefetch$FluxConcatMapNoPrefetchSubscriber.innerError(FluxConcatMapNoPrefetch.java:298)
		at reactor.core.publisher.FluxConcatMap$ConcatMapInner.onError(FluxConcatMap.java:877)
		at com.appsmith.server.configurations.MDCConfig$MdcContextLifter.onError(MDCConfig.java:64)
		at reactor.core.publisher.Operators.error(Operators.java:198)
		at reactor.core.publisher.MonoError.subscribe(MonoError.java:53)
		at reactor.core.publisher.Mono.subscribe(Mono.java:4576)
		at reactor.core.publisher.FluxConcatMapNoPrefetch$FluxConcatMapNoPrefetchSubscriber.onNext(FluxConcatMapNoPrefetch.java:207)
		at com.appsmith.server.configurations.MDCConfig$MdcContextLifter.onNext(MDCConfig.java:59)
		at reactor.core.publisher.FluxContextWrite$ContextWriteSubscriber.onNext(FluxContextWrite.java:107)
		at reactor.core.publisher.SinkManyEmitterProcessor.drain(SinkManyEmitterProcessor.java:476)
		at reactor.core.publisher.SinkManyEmitterProcessor$EmitterInner.drainParent(SinkManyEmitterProcessor.java:620)
		at reactor.core.publisher.FluxPublish$PubSubInner.request(FluxPublish.java:874)
		at reactor.core.publisher.FluxContextWrite$ContextWriteSubscriber.request(FluxContextWrite.java:136)
		at reactor.core.publisher.FluxConcatMapNoPrefetch$FluxConcatMapNoPrefetchSubscriber.request(FluxConcatMapNoPrefetch.java:337)
		at reactor.core.publisher.FluxContextWrite$ContextWriteSubscriber.request(FluxContextWrite.java:136)
		at reactor.core.publisher.Operators$DeferredSubscription.request(Operators.java:1742)
		at reactor.core.publisher.FluxRetryWhen$RetryWhenMainSubscriber.onError(FluxRetryWhen.java:196)
		at com.appsmith.server.configurations.MDCConfig$MdcContextLifter.onError(MDCConfig.java:64)
		at reactor.core.publisher.MonoCreate$DefaultMonoSink.error(MonoCreate.java:205)
		at reactor.netty.http.client.HttpClientConnect$MonoHttpConnect$ClientTransportSubscriber.onError(HttpClientConnect.java:333)
		at com.appsmith.server.configurations.MDCConfig$MdcContextLifter.onError(MDCConfig.java:64)
		at reactor.core.publisher.MonoCreate$DefaultMonoSink.error(MonoCreate.java:205)
		at reactor.netty.resources.DefaultPooledConnectionProvider$DisposableAcquire.onError(DefaultPooledConnectionProvider.java:174)
		at reactor.netty.internal.shaded.reactor.pool.AbstractPool$Borrower.fail(AbstractPool.java:495)
		at reactor.netty.internal.shaded.reactor.pool.SimpleDequePool.lambda$drainLoop$9(SimpleDequePool.java:443)
		at reactor.core.publisher.FluxDoOnEach$DoOnEachSubscriber.onError(FluxDoOnEach.java:186)
		at com.appsmith.server.configurations.MDCConfig$MdcContextLifter.onError(MDCConfig.java:64)
		at reactor.core.publisher.MonoCreate$DefaultMonoSink.error(MonoCreate.java:205)
		at reactor.netty.resources.DefaultPooledConnectionProvider$PooledConnectionAllocator$PooledConnectionInitializer.onError(DefaultPooledConnectionProvider.java:598)
		at com.appsmith.server.configurations.MDCConfig$MdcContextLifter.onError(MDCConfig.java:64)
		at reactor.core.publisher.MonoFlatMap$FlatMapMain.secondError(MonoFlatMap.java:241)
		at reactor.core.publisher.MonoFlatMap$FlatMapInner.onError(MonoFlatMap.java:315)
		at com.appsmith.server.configurations.MDCConfig$MdcContextLifter.onError(MDCConfig.java:64)
		at reactor.core.publisher.FluxOnErrorResume$ResumeSubscriber.onError(FluxOnErrorResume.java:106)
		at com.appsmith.server.configurations.MDCConfig$MdcContextLifter.onError(MDCConfig.java:64)
		at reactor.core.publisher.Operators.error(Operators.java:198)
		at reactor.core.publisher.MonoError.subscribe(MonoError.java:53)
		at reactor.core.publisher.Mono.subscribe(Mono.java:4576)
		at reactor.core.publisher.FluxOnErrorResume$ResumeSubscriber.onError(FluxOnErrorResume.java:103)
		at com.appsmith.server.configurations.MDCConfig$MdcContextLifter.onError(MDCConfig.java:64)
		at reactor.core.publisher.Operators.error(Operators.java:198)
		at reactor.core.publisher.MonoError.subscribe(MonoError.java:53)
		at reactor.core.publisher.InternalMonoOperator.subscribe(InternalMonoOperator.java:76)
		at reactor.core.publisher.MonoFlatMap$FlatMapMain.onNext(MonoFlatMap.java:165)
		at reactor.netty.transport.TransportConnector$MonoChannelPromise._subscribe(TransportConnector.java:662)
		at reactor.netty.transport.TransportConnector$MonoChannelPromise.lambda$subscribe$0(TransportConnector.java:574)
		at io.netty.util.concurrent.AbstractEventExecutor.runTask(AbstractEventExecutor.java:173)
		at io.netty.util.concurrent.AbstractEventExecutor.safeExecute(AbstractEventExecutor.java:166)
		at io.netty.util.concurrent.SingleThreadEventExecutor.runAllTasks(SingleThreadEventExecutor.java:472)
		at io.netty.channel.epoll.EpollEventLoop.run(EpollEventLoop.java:405)
		at io.netty.util.concurrent.SingleThreadEventExecutor$4.run(SingleThreadEventExecutor.java:998)
		at io.netty.util.internal.ThreadExecutorMap$2.run(ThreadExecutorMap.java:74)
		at io.netty.util.concurrent.FastThreadLocalRunnable.run(FastThreadLocalRunnable.java:30)
		at java.base/java.lang.Thread.run(Thread.java:1474)
Caused by: java.net.UnknownHostException: Host not allowed.
	at com.appsmith.util.WebClientUtils.isDisallowedAndFail(WebClientUtils.java:257)
	at com.appsmith.util.WebClientUtils$NameResolver.doResolveAll(WebClientUtils.java:398)
	at io.netty.resolver.SimpleNameResolver.resolveAll(SimpleNameResolver.java:79)
	at io.netty.resolver.SimpleNameResolver.resolveAll(SimpleNameResolver.java:71)
	at io.netty.resolver.InetSocketAddressResolver.doResolveAll(InetSocketAddressResolver.java:73)
	at io.netty.resolver.InetSocketAddressResolver.doResolveAll(InetSocketAddressResolver.java:31)
	at io.netty.resolver.AbstractAddressResolver.resolveAll(AbstractAddressResolver.java:158)
	at reactor.netty.transport.TransportConnector.doResolveAndConnect(TransportConnector.java:336)
	at reactor.netty.transport.TransportConnector.lambda$connect$6(TransportConnector.java:166)
	at reactor.core.publisher.MonoFlatMap$FlatMapMain.onNext(MonoFlatMap.java:132)
	at reactor.netty.transport.TransportConnector$MonoChannelPromise._subscribe(TransportConnector.java:662)
	at reactor.netty.transport.TransportConnector$MonoChannelPromise.lambda$subscribe$0(TransportConnector.java:574)
	at io.netty.util.concurrent.AbstractEventExecutor.runTask(AbstractEventExecutor.java:173)
	at io.netty.util.concurrent.AbstractEventExecutor.safeExecute(AbstractEventExecutor.java:166)
	at io.netty.util.concurrent.SingleThreadEventExecutor.runAllTasks(SingleThreadEventExecutor.java:472)
	at io.netty.channel.epoll.EpollEventLoop.run(EpollEventLoop.java:405)
	at io.netty.util.concurrent.SingleThreadEventExecutor$4.run(SingleThreadEventExecutor.java:998)
	at io.netty.util.internal.ThreadExecutorMap$2.run(ThreadExecutorMap.java:74)
	at io.netty.util.concurrent.FastThreadLocalRunnable.run(FastThreadLocalRunnable.java:30)
	at java.base/java.lang.Thread.run(Thread.java:1474)
org.springframework.web.reactive.function.client.WebClientRequestException: Host not allowed.
	at org.springframework.web.reactive.function.client.ExchangeFunctions$DefaultExchangeFunction.lambda$wrapException$9(ExchangeFunctions.java:137)
	Suppressed: The stacktrace has been enhanced by Reactor, refer to additional information below: 
Error has been observed at the following site(s):
	*__checkpoint ⇢ Request to GET http://localhost:5678/webhook/generate-doc-package1 [DefaultWebClient]
Original Stack Trace:
		at org.springframework.web.reactive.function.client.ExchangeFunctions$DefaultExchangeFunction.lambda$wrapException$9(ExchangeFunctions.java:137)
		at reactor.core.publisher.MonoErrorSupplied.subscribe(MonoErrorSupplied.java:55)
		at reactor.core.publisher.Mono.subscribe(Mono.java:4576)
		at reactor.core.publisher.FluxOnErrorResume$ResumeSubscriber.onError(FluxOnErrorResume.java:103)
		at com.appsmith.server.configurations.MDCConfig$MdcContextLifter.onError(MDCConfig.java:64)
		at reactor.core.publisher.FluxPeek$PeekSubscriber.onError(FluxPeek.java:222)
		at com.appsmith.server.configurations.MDCConfig$MdcContextLifter.onError(MDCConfig.java:64)
		at reactor.core.publisher.FluxPeek$PeekSubscriber.onError(FluxPeek.java:222)
		at com.appsmith.server.configurations.MDCConfig$MdcContextLifter.onError(MDCConfig.java:64)
		at reactor.core.publisher.FluxPeek$PeekSubscriber.onError(FluxPeek.java:222)
		at com.appsmith.server.configurations.MDCConfig$MdcContextLifter.onError(MDCConfig.java:64)
		at reactor.core.publisher.MonoNext$NextSubscriber.onError(MonoNext.java:93)
		at com.appsmith.server.configurations.MDCConfig$MdcContextLifter.onError(MDCConfig.java:64)
		at reactor.core.publisher.MonoFlatMapMany$FlatMapManyMain.onError(MonoFlatMapMany.java:205)
		at com.appsmith.server.configurations.MDCConfig$MdcContextLifter.onError(MDCConfig.java:64)
		at reactor.core.publisher.SerializedSubscriber.onError(SerializedSubscriber.java:124)
		at reactor.core.publisher.FluxRetryWhen$RetryWhenMainSubscriber.whenError(FluxRetryWhen.java:229)
		at reactor.core.publisher.FluxRetryWhen$RetryWhenOtherSubscriber.onError(FluxRetryWhen.java:279)
		at com.appsmith.server.configurations.MDCConfig$MdcContextLifter.onError(MDCConfig.java:64)
		at com.appsmith.server.configurations.MDCConfig$MdcContextLifter.onError(MDCConfig.java:64)
		at reactor.core.publisher.FluxContextWrite$ContextWriteSubscriber.onError(FluxContextWrite.java:121)
		at com.appsmith.server.configurations.MDCConfig$MdcContextLifter.onError(MDCConfig.java:64)
		at reactor.core.publisher.FluxConcatMapNoPrefetch$FluxConcatMapNoPrefetchSubscriber.maybeOnError(FluxConcatMapNoPrefetch.java:327)
		at reactor.core.publisher.FluxConcatMapNoPrefetch$FluxConcatMapNoPrefetchSubscriber.innerError(FluxConcatMapNoPrefetch.java:298)
		at reactor.core.publisher.FluxConcatMap$ConcatMapInner.onError(FluxConcatMap.java:877)
		at com.appsmith.server.configurations.MDCConfig$MdcContextLifter.onError(MDCConfig.java:64)
		at reactor.core.publisher.Operators.error(Operators.java:198)
		at reactor.core.publisher.MonoError.subscribe(MonoError.java:53)
		at reactor.core.publisher.Mono.subscribe(Mono.java:4576)
		at reactor.core.publisher.FluxConcatMapNoPrefetch$FluxConcatMapNoPrefetchSubscriber.onNext(FluxConcatMapNoPrefetch.java:207)
		at com.appsmith.server.configurations.MDCConfig$MdcContextLifter.onNext(MDCConfig.java:59)
		at reactor.core.publisher.FluxContextWrite$ContextWriteSubscriber.onNext(FluxContextWrite.java:107)
		at reactor.core.publisher.SinkManyEmitterProcessor.drain(SinkManyEmitterProcessor.java:476)
		at reactor.core.publisher.SinkManyEmitterProcessor$EmitterInner.drainParent(SinkManyEmitterProcessor.java:620)
		at reactor.core.publisher.FluxPublish$PubSubInner.request(FluxPublish.java:874)
		at reactor.core.publisher.FluxContextWrite$ContextWriteSubscriber.request(FluxContextWrite.java:136)
		at reactor.core.publisher.FluxConcatMapNoPrefetch$FluxConcatMapNoPrefetchSubscriber.request(FluxConcatMapNoPrefetch.java:337)
		at reactor.core.publisher.FluxContextWrite$ContextWriteSubscriber.request(FluxContextWrite.java:136)
		at reactor.core.publisher.Operators$DeferredSubscription.request(Operators.java:1742)
		at reactor.core.publisher.FluxRetryWhen$RetryWhenMainSubscriber.onError(FluxRetryWhen.java:196)
		at com.appsmith.server.configurations.MDCConfig$MdcContextLifter.onError(MDCConfig.java:64)
		at reactor.core.publisher.MonoCreate$DefaultMonoSink.error(MonoCreate.java:205)
		at reactor.netty.http.client.HttpClientConnect$MonoHttpConnect$ClientTransportSubscriber.onError(HttpClientConnect.java:333)
		at com.appsmith.server.configurations.MDCConfig$MdcContextLifter.onError(MDCConfig.java:64)
		at reactor.core.publisher.MonoCreate$DefaultMonoSink.error(MonoCreate.java:205)
		at reactor.netty.resources.DefaultPooledConnectionProvider$DisposableAcquire.onError(DefaultPooledConnectionProvider.java:174)
		at reactor.netty.internal.shaded.reactor.pool.AbstractPool$Borrower.fail(AbstractPool.java:495)
		at reactor.netty.internal.shaded.reactor.pool.SimpleDequePool.lambda$drainLoop$9(SimpleDequePool.java:443)
		at reactor.core.publisher.FluxDoOnEach$DoOnEachSubscriber.onError(FluxDoOnEach.java:186)
		at com.appsmith.server.configurations.MDCConfig$MdcContextLifter.onError(MDCConfig.java:64)
		at reactor.core.publisher.MonoCreate$DefaultMonoSink.error(MonoCreate.java:205)
		at reactor.netty.resources.DefaultPooledConnectionProvider$PooledConnectionAllocator$PooledConnectionInitializer.onError(DefaultPooledConnectionProvider.java:598)
		at com.appsmith.server.configurations.MDCConfig$MdcContextLifter.onError(MDCConfig.java:64)
		at reactor.core.publisher.MonoFlatMap$FlatMapMain.secondError(MonoFlatMap.java:241)
		at reactor.core.publisher.MonoFlatMap$FlatMapInner.onError(MonoFlatMap.java:315)
		at com.appsmith.server.configurations.MDCConfig$MdcContextLifter.onError(MDCConfig.java:64)
		at reactor.core.publisher.FluxOnErrorResume$ResumeSubscriber.onError(FluxOnErrorResume.java:106)
		at com.appsmith.server.configurations.MDCConfig$MdcContextLifter.onError(MDCConfig.java:64)
		at reactor.core.publisher.Operators.error(Operators.java:198)
		at reactor.core.publisher.MonoError.subscribe(MonoError.java:53)
		at reactor.core.publisher.Mono.subscribe(Mono.java:4576)
		at reactor.core.publisher.FluxOnErrorResume$ResumeSubscriber.onError(FluxOnErrorResume.java:103)
		at com.appsmith.server.configurations.MDCConfig$MdcContextLifter.onError(MDCConfig.java:64)
		at reactor.core.publisher.Operators.error(Operators.java:198)
		at reactor.core.publisher.MonoError.subscribe(MonoError.java:53)
		at reactor.core.publisher.InternalMonoOperator.subscribe(InternalMonoOperator.java:76)
		at reactor.core.publisher.MonoFlatMap$FlatMapMain.onNext(MonoFlatMap.java:165)
		at reactor.netty.transport.TransportConnector$MonoChannelPromise._subscribe(TransportConnector.java:662)
		at reactor.netty.transport.TransportConnector$MonoChannelPromise.lambda$subscribe$0(TransportConnector.java:574)
		at io.netty.util.concurrent.AbstractEventExecutor.runTask(AbstractEventExecutor.java:173)
		at io.netty.util.concurrent.AbstractEventExecutor.safeExecute(AbstractEventExecutor.java:166)
		at io.netty.util.concurrent.SingleThreadEventExecutor.runAllTasks(SingleThreadEventExecutor.java:472)
		at io.netty.channel.epoll.EpollEventLoop.run(EpollEventLoop.java:405)
		at io.netty.util.concurrent.SingleThreadEventExecutor$4.run(SingleThreadEventExecutor.java:998)
		at io.netty.util.internal.ThreadExecutorMap$2.run(ThreadExecutorMap.java:74)
		at io.netty.util.concurrent.FastThreadLocalRunnable.run(FastThreadLocalRunnable.java:30)
		at java.base/java.lang.Thread.run(Thread.java:1474)
Caused by: java.net.UnknownHostException: Host not allowed.
	at com.appsmith.util.WebClientUtils.isDisallowedAndFail(WebClientUtils.java:257)
	at com.appsmith.util.WebClientUtils$NameResolver.doResolveAll(WebClientUtils.java:398)
	at io.netty.resolver.SimpleNameResolver.resolveAll(SimpleNameResolver.java:79)
	at io.netty.resolver.SimpleNameResolver.resolveAll(SimpleNameResolver.java:71)
	at io.netty.resolver.InetSocketAddressResolver.doResolveAll(InetSocketAddressResolver.java:73)
	at io.netty.resolver.InetSocketAddressResolver.doResolveAll(InetSocketAddressResolver.java:31)
	at io.netty.resolver.AbstractAddressResolver.resolveAll(AbstractAddressResolver.java:158)
	at reactor.netty.transport.TransportConnector.doResolveAndConnect(TransportConnector.java:336)
	at reactor.netty.transport.TransportConnector.lambda$connect$6(TransportConnector.java:166)
	at reactor.core.publisher.MonoFlatMap$FlatMapMain.onNext(MonoFlatMap.java:132)
	at reactor.netty.transport.TransportConnector$MonoChannelPromise._subscribe(TransportConnector.java:662)
	at reactor.netty.transport.TransportConnector$MonoChannelPromise.lambda$subscribe$0(TransportConnector.java:574)
	at io.netty.util.concurrent.AbstractEventExecutor.runTask(AbstractEventExecutor.java:173)
	at io.netty.util.concurrent.AbstractEventExecutor.safeExecute(AbstractEventExecutor.java:166)
	at io.netty.util.concurrent.SingleThreadEventExecutor.runAllTasks(SingleThreadEventExecutor.java:472)
	at io.netty.channel.epoll.EpollEventLoop.run(EpollEventLoop.java:405)
	at io.netty.util.concurrent.SingleThreadEventExecutor$4.run(SingleThreadEventExecutor.java:998)
	at io.netty.util.internal.ThreadExecutorMap$2.run(ThreadExecutorMap.java:74)
	at io.netty.util.concurrent.FastThreadLocalRunnable.run(FastThreadLocalRunnable.java:30)
	at java.base/java.lang.Thread.run(Thread.java:1474)
org.springframework.web.reactive.function.client.WebClientRequestException: Host not allowed.
	at org.springframework.web.reactive.function.client.ExchangeFunctions$DefaultExchangeFunction.lambda$wrapException$9(ExchangeFunctions.java:137)
	Suppressed: The stacktrace has been enhanced by Reactor, refer to additional information below: 
Error has been observed at the following site(s):
	*__checkpoint ⇢ Request to POST http://localhost:5678/webhook/generate-doc-package1 [DefaultWebClient]
Original Stack Trace:
		at org.springframework.web.reactive.function.client.ExchangeFunctions$DefaultExchangeFunction.lambda$wrapException$9(ExchangeFunctions.java:137)
		at reactor.core.publisher.MonoErrorSupplied.subscribe(MonoErrorSupplied.java:55)
		at reactor.core.publisher.Mono.subscribe(Mono.java:4576)
		at reactor.core.publisher.FluxOnErrorResume$ResumeSubscriber.onError(FluxOnErrorResume.java:103)
		at com.appsmith.server.configurations.MDCConfig$MdcContextLifter.onError(MDCConfig.java:64)
		at reactor.core.publisher.FluxPeek$PeekSubscriber.onError(FluxPeek.java:222)
		at com.appsmith.server.configurations.MDCConfig$MdcContextLifter.onError(MDCConfig.java:64)
		at reactor.core.publisher.FluxPeek$PeekSubscriber.onError(FluxPeek.java:222)
		at com.appsmith.server.configurations.MDCConfig$MdcContextLifter.onError(MDCConfig.java:64)
		at reactor.core.publisher.FluxPeek$PeekSubscriber.onError(FluxPeek.java:222)
		at com.appsmith.server.configurations.MDCConfig$MdcContextLifter.onError(MDCConfig.java:64)
		at reactor.core.publisher.MonoNext$NextSubscriber.onError(MonoNext.java:93)
		at com.appsmith.server.configurations.MDCConfig$MdcContextLifter.onError(MDCConfig.java:64)
		at reactor.core.publisher.MonoFlatMapMany$FlatMapManyMain.onError(MonoFlatMapMany.java:205)
		at com.appsmith.server.configurations.MDCConfig$MdcContextLifter.onError(MDCConfig.java:64)
		at reactor.core.publisher.SerializedSubscriber.onError(SerializedSubscriber.java:124)
		at reactor.core.publisher.FluxRetryWhen$RetryWhenMainSubscriber.whenError(FluxRetryWhen.java:229)
		at reactor.core.publisher.FluxRetryWhen$RetryWhenOtherSubscriber.onError(FluxRetryWhen.java:279)
		at com.appsmith.server.configurations.MDCConfig$MdcContextLifter.onError(MDCConfig.java:64)
		at com.appsmith.server.configurations.MDCConfig$MdcContextLifter.onError(MDCConfig.java:64)
		at reactor.core.publisher.FluxContextWrite$ContextWriteSubscriber.onError(FluxContextWrite.java:121)
		at com.appsmith.server.configurations.MDCConfig$MdcContextLifter.onError(MDCConfig.java:64)
		at reactor.core.publisher.FluxConcatMapNoPrefetch$FluxConcatMapNoPrefetchSubscriber.maybeOnError(FluxConcatMapNoPrefetch.java:327)
		at reactor.core.publisher.FluxConcatMapNoPrefetch$FluxConcatMapNoPrefetchSubscriber.innerError(FluxConcatMapNoPrefetch.java:298)
		at reactor.core.publisher.FluxConcatMap$ConcatMapInner.onError(FluxConcatMap.java:877)
		at com.appsmith.server.configurations.MDCConfig$MdcContextLifter.onError(MDCConfig.java:64)
		at reactor.core.publisher.Operators.error(Operators.java:198)
		at reactor.core.publisher.MonoError.subscribe(MonoError.java:53)
		at reactor.core.publisher.Mono.subscribe(Mono.java:4576)
		at reactor.core.publisher.FluxConcatMapNoPrefetch$FluxConcatMapNoPrefetchSubscriber.onNext(FluxConcatMapNoPrefetch.java:207)
		at com.appsmith.server.configurations.MDCConfig$MdcContextLifter.onNext(MDCConfig.java:59)
		at reactor.core.publisher.FluxContextWrite$ContextWriteSubscriber.onNext(FluxContextWrite.java:107)
		at reactor.core.publisher.SinkManyEmitterProcessor.drain(SinkManyEmitterProcessor.java:476)
		at reactor.core.publisher.SinkManyEmitterProcessor$EmitterInner.drainParent(SinkManyEmitterProcessor.java:620)
		at reactor.core.publisher.FluxPublish$PubSubInner.request(FluxPublish.java:874)
		at reactor.core.publisher.FluxContextWrite$ContextWriteSubscriber.request(FluxContextWrite.java:136)
		at reactor.core.publisher.FluxConcatMapNoPrefetch$FluxConcatMapNoPrefetchSubscriber.request(FluxConcatMapNoPrefetch.java:337)
		at reactor.core.publisher.FluxContextWrite$ContextWriteSubscriber.request(FluxContextWrite.java:136)
		at reactor.core.publisher.Operators$DeferredSubscription.request(Operators.java:1742)
		at reactor.core.publisher.FluxRetryWhen$RetryWhenMainSubscriber.onError(FluxRetryWhen.java:196)
		at com.appsmith.server.configurations.MDCConfig$MdcContextLifter.onError(MDCConfig.java:64)
		at reactor.core.publisher.MonoCreate$DefaultMonoSink.error(MonoCreate.java:205)
		at reactor.netty.http.client.HttpClientConnect$MonoHttpConnect$ClientTransportSubscriber.onError(HttpClientConnect.java:333)
		at com.appsmith.server.configurations.MDCConfig$MdcContextLifter.onError(MDCConfig.java:64)
		at reactor.core.publisher.MonoCreate$DefaultMonoSink.error(MonoCreate.java:205)
		at reactor.netty.resources.DefaultPooledConnectionProvider$DisposableAcquire.onError(DefaultPooledConnectionProvider.java:174)
		at reactor.netty.internal.shaded.reactor.pool.AbstractPool$Borrower.fail(AbstractPool.java:495)
		at reactor.netty.internal.shaded.reactor.pool.SimpleDequePool.lambda$drainLoop$9(SimpleDequePool.java:443)
		at reactor.core.publisher.FluxDoOnEach$DoOnEachSubscriber.onError(FluxDoOnEach.java:186)
		at com.appsmith.server.configurations.MDCConfig$MdcContextLifter.onError(MDCConfig.java:64)
		at reactor.core.publisher.MonoCreate$DefaultMonoSink.error(MonoCreate.java:205)
		at reactor.netty.resources.DefaultPooledConnectionProvider$PooledConnectionAllocator$PooledConnectionInitializer.onError(DefaultPooledConnectionProvider.java:598)
		at com.appsmith.server.configurations.MDCConfig$MdcContextLifter.onError(MDCConfig.java:64)
		at reactor.core.publisher.MonoFlatMap$FlatMapMain.secondError(MonoFlatMap.java:241)
		at reactor.core.publisher.MonoFlatMap$FlatMapInner.onError(MonoFlatMap.java:315)
		at com.appsmith.server.configurations.MDCConfig$MdcContextLifter.onError(MDCConfig.java:64)
		at reactor.core.publisher.FluxOnErrorResume$ResumeSubscriber.onError(FluxOnErrorResume.java:106)
		at com.appsmith.server.configurations.MDCConfig$MdcContextLifter.onError(MDCConfig.java:64)
		at reactor.core.publisher.Operators.error(Operators.java:198)
		at reactor.core.publisher.MonoError.subscribe(MonoError.java:53)
		at reactor.core.publisher.Mono.subscribe(Mono.java:4576)
		at reactor.core.publisher.FluxOnErrorResume$ResumeSubscriber.onError(FluxOnErrorResume.java:103)
		at com.appsmith.server.configurations.MDCConfig$MdcContextLifter.onError(MDCConfig.java:64)
		at reactor.core.publisher.Operators.error(Operators.java:198)
		at reactor.core.publisher.MonoError.subscribe(MonoError.java:53)
		at reactor.core.publisher.InternalMonoOperator.subscribe(InternalMonoOperator.java:76)
		at reactor.core.publisher.MonoFlatMap$FlatMapMain.onNext(MonoFlatMap.java:165)
		at reactor.netty.transport.TransportConnector$MonoChannelPromise._subscribe(TransportConnector.java:662)
		at reactor.netty.transport.TransportConnector$MonoChannelPromise.lambda$subscribe$0(TransportConnector.java:574)
		at io.netty.util.concurrent.AbstractEventExecutor.runTask(AbstractEventExecutor.java:173)
		at io.netty.util.concurrent.AbstractEventExecutor.safeExecute(AbstractEventExecutor.java:166)
		at io.netty.util.concurrent.SingleThreadEventExecutor.runAllTasks(SingleThreadEventExecutor.java:472)
		at io.netty.channel.epoll.EpollEventLoop.run(EpollEventLoop.java:405)
		at io.netty.util.concurrent.SingleThreadEventExecutor$4.run(SingleThreadEventExecutor.java:998)
		at io.netty.util.internal.ThreadExecutorMap$2.run(ThreadExecutorMap.java:74)
		at io.netty.util.concurrent.FastThreadLocalRunnable.run(FastThreadLocalRunnable.java:30)
		at java.base/java.lang.Thread.run(Thread.java:1474)
Caused by: java.net.UnknownHostException: Host not allowed.
	at com.appsmith.util.WebClientUtils.isDisallowedAndFail(WebClientUtils.java:257)
	at com.appsmith.util.WebClientUtils$NameResolver.doResolveAll(WebClientUtils.java:398)
	at io.netty.resolver.SimpleNameResolver.resolveAll(SimpleNameResolver.java:79)
	at io.netty.resolver.SimpleNameResolver.resolveAll(SimpleNameResolver.java:71)
	at io.netty.resolver.InetSocketAddressResolver.doResolveAll(InetSocketAddressResolver.java:73)
	at io.netty.resolver.InetSocketAddressResolver.doResolveAll(InetSocketAddressResolver.java:31)
	at io.netty.resolver.AbstractAddressResolver.resolveAll(AbstractAddressResolver.java:158)
	at reactor.netty.transport.TransportConnector.doResolveAndConnect(TransportConnector.java:336)
	at reactor.netty.transport.TransportConnector.lambda$connect$6(TransportConnector.java:166)
	at reactor.core.publisher.MonoFlatMap$FlatMapMain.onNext(MonoFlatMap.java:132)
	at reactor.netty.transport.TransportConnector$MonoChannelPromise._subscribe(TransportConnector.java:662)
	at reactor.netty.transport.TransportConnector$MonoChannelPromise.lambda$subscribe$0(TransportConnector.java:574)
	at io.netty.util.concurrent.AbstractEventExecutor.runTask(AbstractEventExecutor.java:173)
	at io.netty.util.concurrent.AbstractEventExecutor.safeExecute(AbstractEventExecutor.java:166)
	at io.netty.util.concurrent.SingleThreadEventExecutor.runAllTasks(SingleThreadEventExecutor.java:472)
	at io.netty.channel.epoll.EpollEventLoop.run(EpollEventLoop.java:405)
	at io.netty.util.concurrent.SingleThreadEventExecutor$4.run(SingleThreadEventExecutor.java:998)
	at io.netty.util.internal.ThreadExecutorMap$2.run(ThreadExecutorMap.java:74)
	at io.netty.util.concurrent.FastThreadLocalRunnable.run(FastThreadLocalRunnable.java:30)
	at java.base/java.lang.Thread.run(Thread.java:1474)
org.springframework.web.reactive.function.client.WebClientRequestException: Host not allowed.
	at org.springframework.web.reactive.function.client.ExchangeFunctions$DefaultExchangeFunction.lambda$wrapException$9(ExchangeFunctions.java:137)
	Suppressed: The stacktrace has been enhanced by Reactor, refer to additional information below: 
Error has been observed at the following site(s):
	*__checkpoint ⇢ Request to POST http://localhost:5678/webhook-test/generate-doc-package1 [DefaultWebClient]
Original Stack Trace:
		at org.springframework.web.reactive.function.client.ExchangeFunctions$DefaultExchangeFunction.lambda$wrapException$9(ExchangeFunctions.java:137)
		at reactor.core.publisher.MonoErrorSupplied.subscribe(MonoErrorSupplied.java:55)
		at reactor.core.publisher.Mono.subscribe(Mono.java:4576)
		at reactor.core.publisher.FluxOnErrorResume$ResumeSubscriber.onError(FluxOnErrorResume.java:103)
		at com.appsmith.server.configurations.MDCConfig$MdcContextLifter.onError(MDCConfig.java:64)
		at reactor.core.publisher.FluxPeek$PeekSubscriber.onError(FluxPeek.java:222)
		at com.appsmith.server.configurations.MDCConfig$MdcContextLifter.onError(MDCConfig.java:64)
		at reactor.core.publisher.FluxPeek$PeekSubscriber.onError(FluxPeek.java:222)
		at com.appsmith.server.configurations.MDCConfig$MdcContextLifter.onError(MDCConfig.java:64)
		at reactor.core.publisher.FluxPeek$PeekSubscriber.onError(FluxPeek.java:222)
		at com.appsmith.server.configurations.MDCConfig$MdcContextLifter.onError(MDCConfig.java:64)
		at reactor.core.publisher.MonoNext$NextSubscriber.onError(MonoNext.java:93)
		at com.appsmith.server.configurations.MDCConfig$MdcContextLifter.onError(MDCConfig.java:64)
		at reactor.core.publisher.MonoFlatMapMany$FlatMapManyMain.onError(MonoFlatMapMany.java:205)
		at com.appsmith.server.configurations.MDCConfig$MdcContextLifter.onError(MDCConfig.java:64)
		at reactor.core.publisher.SerializedSubscriber.onError(SerializedSubscriber.java:124)
		at reactor.core.publisher.FluxRetryWhen$RetryWhenMainSubscriber.whenError(FluxRetryWhen.java:229)
		at reactor.core.publisher.FluxRetryWhen$RetryWhenOtherSubscriber.onError(FluxRetryWhen.java:279)
		at com.appsmith.server.configurations.MDCConfig$MdcContextLifter.onError(MDCConfig.java:64)
		at com.appsmith.server.configurations.MDCConfig$MdcContextLifter.onError(MDCConfig.java:64)
		at reactor.core.publisher.FluxContextWrite$ContextWriteSubscriber.onError(FluxContextWrite.java:121)
		at com.appsmith.server.configurations.MDCConfig$MdcContextLifter.onError(MDCConfig.java:64)
		at reactor.core.publisher.FluxConcatMapNoPrefetch$FluxConcatMapNoPrefetchSubscriber.maybeOnError(FluxConcatMapNoPrefetch.java:327)
		at reactor.core.publisher.FluxConcatMapNoPrefetch$FluxConcatMapNoPrefetchSubscriber.innerError(FluxConcatMapNoPrefetch.java:298)
		at reactor.core.publisher.FluxConcatMap$ConcatMapInner.onError(FluxConcatMap.java:877)
		at com.appsmith.server.configurations.MDCConfig$MdcContextLifter.onError(MDCConfig.java:64)
		at reactor.core.publisher.Operators.error(Operators.java:198)
		at reactor.core.publisher.MonoError.subscribe(MonoError.java:53)
		at reactor.core.publisher.Mono.subscribe(Mono.java:4576)
		at reactor.core.publisher.FluxConcatMapNoPrefetch$FluxConcatMapNoPrefetchSubscriber.onNext(FluxConcatMapNoPrefetch.java:207)
		at com.appsmith.server.configurations.MDCConfig$MdcContextLifter.onNext(MDCConfig.java:59)
		at reactor.core.publisher.FluxContextWrite$ContextWriteSubscriber.onNext(FluxContextWrite.java:107)
		at reactor.core.publisher.SinkManyEmitterProcessor.drain(SinkManyEmitterProcessor.java:476)
		at reactor.core.publisher.SinkManyEmitterProcessor$EmitterInner.drainParent(SinkManyEmitterProcessor.java:620)
		at reactor.core.publisher.FluxPublish$PubSubInner.request(FluxPublish.java:874)
		at reactor.core.publisher.FluxContextWrite$ContextWriteSubscriber.request(FluxContextWrite.java:136)
		at reactor.core.publisher.FluxConcatMapNoPrefetch$FluxConcatMapNoPrefetchSubscriber.request(FluxConcatMapNoPrefetch.java:337)
		at reactor.core.publisher.FluxContextWrite$ContextWriteSubscriber.request(FluxContextWrite.java:136)
		at reactor.core.publisher.Operators$DeferredSubscription.request(Operators.java:1742)
		at reactor.core.publisher.FluxRetryWhen$RetryWhenMainSubscriber.onError(FluxRetryWhen.java:196)
		at com.appsmith.server.configurations.MDCConfig$MdcContextLifter.onError(MDCConfig.java:64)
		at reactor.core.publisher.MonoCreate$DefaultMonoSink.error(MonoCreate.java:205)
		at reactor.netty.http.client.HttpClientConnect$MonoHttpConnect$ClientTransportSubscriber.onError(HttpClientConnect.java:333)
		at com.appsmith.server.configurations.MDCConfig$MdcContextLifter.onError(MDCConfig.java:64)
		at reactor.core.publisher.MonoCreate$DefaultMonoSink.error(MonoCreate.java:205)
		at reactor.netty.resources.DefaultPooledConnectionProvider$DisposableAcquire.onError(DefaultPooledConnectionProvider.java:174)
		at reactor.netty.internal.shaded.reactor.pool.AbstractPool$Borrower.fail(AbstractPool.java:495)
		at reactor.netty.internal.shaded.reactor.pool.SimpleDequePool.lambda$drainLoop$9(SimpleDequePool.java:443)
		at reactor.core.publisher.FluxDoOnEach$DoOnEachSubscriber.onError(FluxDoOnEach.java:186)
		at com.appsmith.server.configurations.MDCConfig$MdcContextLifter.onError(MDCConfig.java:64)
		at reactor.core.publisher.MonoCreate$DefaultMonoSink.error(MonoCreate.java:205)
		at reactor.netty.resources.DefaultPooledConnectionProvider$PooledConnectionAllocator$PooledConnectionInitializer.onError(DefaultPooledConnectionProvider.java:598)
		at com.appsmith.server.configurations.MDCConfig$MdcContextLifter.onError(MDCConfig.java:64)
		at reactor.core.publisher.MonoFlatMap$FlatMapMain.secondError(MonoFlatMap.java:241)
		at reactor.core.publisher.MonoFlatMap$FlatMapInner.onError(MonoFlatMap.java:315)
		at com.appsmith.server.configurations.MDCConfig$MdcContextLifter.onError(MDCConfig.java:64)
		at reactor.core.publisher.FluxOnErrorResume$ResumeSubscriber.onError(FluxOnErrorResume.java:106)
		at com.appsmith.server.configurations.MDCConfig$MdcContextLifter.onError(MDCConfig.java:64)
		at reactor.core.publisher.Operators.error(Operators.java:198)
		at reactor.core.publisher.MonoError.subscribe(MonoError.java:53)
		at reactor.core.publisher.Mono.subscribe(Mono.java:4576)
		at reactor.core.publisher.FluxOnErrorResume$ResumeSubscriber.onError(FluxOnErrorResume.java:103)
		at com.appsmith.server.configurations.MDCConfig$MdcContextLifter.onError(MDCConfig.java:64)
		at reactor.core.publisher.Operators.error(Operators.java:198)
		at reactor.core.publisher.MonoError.subscribe(MonoError.java:53)
		at reactor.core.publisher.InternalMonoOperator.subscribe(InternalMonoOperator.java:76)
		at reactor.core.publisher.MonoFlatMap$FlatMapMain.onNext(MonoFlatMap.java:165)
		at reactor.netty.transport.TransportConnector$MonoChannelPromise._subscribe(TransportConnector.java:662)
		at reactor.netty.transport.TransportConnector$MonoChannelPromise.lambda$subscribe$0(TransportConnector.java:574)
		at io.netty.util.concurrent.AbstractEventExecutor.runTask(AbstractEventExecutor.java:173)
		at io.netty.util.concurrent.AbstractEventExecutor.safeExecute(AbstractEventExecutor.java:166)
		at io.netty.util.concurrent.SingleThreadEventExecutor.runAllTasks(SingleThreadEventExecutor.java:472)
		at io.netty.channel.epoll.EpollEventLoop.run(EpollEventLoop.java:405)
		at io.netty.util.concurrent.SingleThreadEventExecutor$4.run(SingleThreadEventExecutor.java:998)
		at io.netty.util.internal.ThreadExecutorMap$2.run(ThreadExecutorMap.java:74)
		at io.netty.util.concurrent.FastThreadLocalRunnable.run(FastThreadLocalRunnable.java:30)
		at java.base/java.lang.Thread.run(Thread.java:1474)
Caused by: java.net.UnknownHostException: Host not allowed.
	at com.appsmith.util.WebClientUtils.isDisallowedAndFail(WebClientUtils.java:257)
	at com.appsmith.util.WebClientUtils$NameResolver.doResolveAll(WebClientUtils.java:398)
	at io.netty.resolver.SimpleNameResolver.resolveAll(SimpleNameResolver.java:79)
	at io.netty.resolver.SimpleNameResolver.resolveAll(SimpleNameResolver.java:71)
	at io.netty.resolver.InetSocketAddressResolver.doResolveAll(InetSocketAddressResolver.java:73)
	at io.netty.resolver.InetSocketAddressResolver.doResolveAll(InetSocketAddressResolver.java:31)
	at io.netty.resolver.AbstractAddressResolver.resolveAll(AbstractAddressResolver.java:158)
	at reactor.netty.transport.TransportConnector.doResolveAndConnect(TransportConnector.java:336)
	at reactor.netty.transport.TransportConnector.lambda$connect$6(TransportConnector.java:166)
	at reactor.core.publisher.MonoFlatMap$FlatMapMain.onNext(MonoFlatMap.java:132)
	at reactor.netty.transport.TransportConnector$MonoChannelPromise._subscribe(TransportConnector.java:662)
	at reactor.netty.transport.TransportConnector$MonoChannelPromise.lambda$subscribe$0(TransportConnector.java:574)
	at io.netty.util.concurrent.AbstractEventExecutor.runTask(AbstractEventExecutor.java:173)
	at io.netty.util.concurrent.AbstractEventExecutor.safeExecute(AbstractEventExecutor.java:166)
	at io.netty.util.concurrent.SingleThreadEventExecutor.runAllTasks(SingleThreadEventExecutor.java:472)
	at io.netty.channel.epoll.EpollEventLoop.run(EpollEventLoop.java:405)
	at io.netty.util.concurrent.SingleThreadEventExecutor$4.run(SingleThreadEventExecutor.java:998)
	at io.netty.util.internal.ThreadExecutorMap$2.run(ThreadExecutorMap.java:74)
	at io.netty.util.concurrent.FastThreadLocalRunnable.run(FastThreadLocalRunnable.java:30)
	at java.base/java.lang.Thread.run(Thread.java:1474)
org.springframework.web.reactive.function.client.WebClientRequestException: Host not allowed.
	at org.springframework.web.reactive.function.client.ExchangeFunctions$DefaultExchangeFunction.lambda$wrapException$9(ExchangeFunctions.java:137)
	Suppressed: The stacktrace has been enhanced by Reactor, refer to additional information below: 
Error has been observed at the following site(s):
	*__checkpoint ⇢ Request to POST http://localhost:5678/webhook-test/generate-doc-package1 [DefaultWebClient]
Original Stack Trace:
		at org.springframework.web.reactive.function.client.ExchangeFunctions$DefaultExchangeFunction.lambda$wrapException$9(ExchangeFunctions.java:137)
		at reactor.core.publisher.MonoErrorSupplied.subscribe(MonoErrorSupplied.java:55)
		at reactor.core.publisher.Mono.subscribe(Mono.java:4576)
		at reactor.core.publisher.FluxOnErrorResume$ResumeSubscriber.onError(FluxOnErrorResume.java:103)
		at com.appsmith.server.configurations.MDCConfig$MdcContextLifter.onError(MDCConfig.java:64)
		at reactor.core.publisher.FluxPeek$PeekSubscriber.onError(FluxPeek.java:222)
		at com.appsmith.server.configurations.MDCConfig$MdcContextLifter.onError(MDCConfig.java:64)
		at reactor.core.publisher.FluxPeek$PeekSubscriber.onError(FluxPeek.java:222)
		at com.appsmith.server.configurations.MDCConfig$MdcContextLifter.onError(MDCConfig.java:64)
		at reactor.core.publisher.FluxPeek$PeekSubscriber.onError(FluxPeek.java:222)
		at com.appsmith.server.configurations.MDCConfig$MdcContextLifter.onError(MDCConfig.java:64)
		at reactor.core.publisher.MonoNext$NextSubscriber.onError(MonoNext.java:93)
		at com.appsmith.server.configurations.MDCConfig$MdcContextLifter.onError(MDCConfig.java:64)
		at reactor.core.publisher.MonoFlatMapMany$FlatMapManyMain.onError(MonoFlatMapMany.java:205)
		at com.appsmith.server.configurations.MDCConfig$MdcContextLifter.onError(MDCConfig.java:64)
		at reactor.core.publisher.SerializedSubscriber.onError(SerializedSubscriber.java:124)
		at reactor.core.publisher.FluxRetryWhen$RetryWhenMainSubscriber.whenError(FluxRetryWhen.java:229)
		at reactor.core.publisher.FluxRetryWhen$RetryWhenOtherSubscriber.onError(FluxRetryWhen.java:279)
		at com.appsmith.server.configurations.MDCConfig$MdcContextLifter.onError(MDCConfig.java:64)
		at com.appsmith.server.configurations.MDCConfig$MdcContextLifter.onError(MDCConfig.java:64)
		at reactor.core.publisher.FluxContextWrite$ContextWriteSubscriber.onError(FluxContextWrite.java:121)
		at com.appsmith.server.configurations.MDCConfig$MdcContextLifter.onError(MDCConfig.java:64)
		at reactor.core.publisher.FluxConcatMapNoPrefetch$FluxConcatMapNoPrefetchSubscriber.maybeOnError(FluxConcatMapNoPrefetch.java:327)
		at reactor.core.publisher.FluxConcatMapNoPrefetch$FluxConcatMapNoPrefetchSubscriber.innerError(FluxConcatMapNoPrefetch.java:298)
		at reactor.core.publisher.FluxConcatMap$ConcatMapInner.onError(FluxConcatMap.java:877)
		at com.appsmith.server.configurations.MDCConfig$MdcContextLifter.onError(MDCConfig.java:64)
		at reactor.core.publisher.Operators.error(Operators.java:198)
		at reactor.core.publisher.MonoError.subscribe(MonoError.java:53)
		at reactor.core.publisher.Mono.subscribe(Mono.java:4576)
		at reactor.core.publisher.FluxConcatMapNoPrefetch$FluxConcatMapNoPrefetchSubscriber.onNext(FluxConcatMapNoPrefetch.java:207)
		at com.appsmith.server.configurations.MDCConfig$MdcContextLifter.onNext(MDCConfig.java:59)
		at reactor.core.publisher.FluxContextWrite$ContextWriteSubscriber.onNext(FluxContextWrite.java:107)
		at reactor.core.publisher.SinkManyEmitterProcessor.drain(SinkManyEmitterProcessor.java:476)
		at reactor.core.publisher.SinkManyEmitterProcessor$EmitterInner.drainParent(SinkManyEmitterProcessor.java:620)
		at reactor.core.publisher.FluxPublish$PubSubInner.request(FluxPublish.java:874)
		at reactor.core.publisher.FluxContextWrite$ContextWriteSubscriber.request(FluxContextWrite.java:136)
		at reactor.core.publisher.FluxConcatMapNoPrefetch$FluxConcatMapNoPrefetchSubscriber.request(FluxConcatMapNoPrefetch.java:337)
		at reactor.core.publisher.FluxContextWrite$ContextWriteSubscriber.request(FluxContextWrite.java:136)
		at reactor.core.publisher.Operators$DeferredSubscription.request(Operators.java:1742)
		at reactor.core.publisher.FluxRetryWhen$RetryWhenMainSubscriber.onError(FluxRetryWhen.java:196)
		at com.appsmith.server.configurations.MDCConfig$MdcContextLifter.onError(MDCConfig.java:64)
		at reactor.core.publisher.MonoCreate$DefaultMonoSink.error(MonoCreate.java:205)
		at reactor.netty.http.client.HttpClientConnect$MonoHttpConnect$ClientTransportSubscriber.onError(HttpClientConnect.java:333)
		at com.appsmith.server.configurations.MDCConfig$MdcContextLifter.onError(MDCConfig.java:64)
		at reactor.core.publisher.MonoCreate$DefaultMonoSink.error(MonoCreate.java:205)
		at reactor.netty.resources.DefaultPooledConnectionProvider$DisposableAcquire.onError(DefaultPooledConnectionProvider.java:174)
		at reactor.netty.internal.shaded.reactor.pool.AbstractPool$Borrower.fail(AbstractPool.java:495)
		at reactor.netty.internal.shaded.reactor.pool.SimpleDequePool.lambda$drainLoop$9(SimpleDequePool.java:443)
		at reactor.core.publisher.FluxDoOnEach$DoOnEachSubscriber.onError(FluxDoOnEach.java:186)
		at com.appsmith.server.configurations.MDCConfig$MdcContextLifter.onError(MDCConfig.java:64)
		at reactor.core.publisher.MonoCreate$DefaultMonoSink.error(MonoCreate.java:205)
		at reactor.netty.resources.DefaultPooledConnectionProvider$PooledConnectionAllocator$PooledConnectionInitializer.onError(DefaultPooledConnectionProvider.java:598)
		at com.appsmith.server.configurations.MDCConfig$MdcContextLifter.onError(MDCConfig.java:64)
		at reactor.core.publisher.MonoFlatMap$FlatMapMain.secondError(MonoFlatMap.java:241)
		at reactor.core.publisher.MonoFlatMap$FlatMapInner.onError(MonoFlatMap.java:315)
		at com.appsmith.server.configurations.MDCConfig$MdcContextLifter.onError(MDCConfig.java:64)
		at reactor.core.publisher.FluxOnErrorResume$ResumeSubscriber.onError(FluxOnErrorResume.java:106)
		at com.appsmith.server.configurations.MDCConfig$MdcContextLifter.onError(MDCConfig.java:64)
		at reactor.core.publisher.Operators.error(Operators.java:198)
		at reactor.core.publisher.MonoError.subscribe(MonoError.java:53)
		at reactor.core.publisher.Mono.subscribe(Mono.java:4576)
		at reactor.core.publisher.FluxOnErrorResume$ResumeSubscriber.onError(FluxOnErrorResume.java:103)
		at com.appsmith.server.configurations.MDCConfig$MdcContextLifter.onError(MDCConfig.java:64)
		at reactor.core.publisher.Operators.error(Operators.java:198)
		at reactor.core.publisher.MonoError.subscribe(MonoError.java:53)
		at reactor.core.publisher.InternalMonoOperator.subscribe(InternalMonoOperator.java:76)
		at reactor.core.publisher.MonoFlatMap$FlatMapMain.onNext(MonoFlatMap.java:165)
		at reactor.netty.transport.TransportConnector$MonoChannelPromise._subscribe(TransportConnector.java:662)
		at reactor.netty.transport.TransportConnector$MonoChannelPromise.lambda$subscribe$0(TransportConnector.java:574)
		at io.netty.util.concurrent.AbstractEventExecutor.runTask(AbstractEventExecutor.java:173)
		at io.netty.util.concurrent.AbstractEventExecutor.safeExecute(AbstractEventExecutor.java:166)
		at io.netty.util.concurrent.SingleThreadEventExecutor.runAllTasks(SingleThreadEventExecutor.java:472)
		at io.netty.channel.epoll.EpollEventLoop.run(EpollEventLoop.java:405)
		at io.netty.util.concurrent.SingleThreadEventExecutor$4.run(SingleThreadEventExecutor.java:998)
		at io.netty.util.internal.ThreadExecutorMap$2.run(ThreadExecutorMap.java:74)
		at io.netty.util.concurrent.FastThreadLocalRunnable.run(FastThreadLocalRunnable.java:30)
		at java.base/java.lang.Thread.run(Thread.java:1474)
Caused by: java.net.UnknownHostException: Host not allowed.
	at com.appsmith.util.WebClientUtils.isDisallowedAndFail(WebClientUtils.java:257)
	at com.appsmith.util.WebClientUtils$NameResolver.doResolveAll(WebClientUtils.java:398)
	at io.netty.resolver.SimpleNameResolver.resolveAll(SimpleNameResolver.java:79)
	at io.netty.resolver.SimpleNameResolver.resolveAll(SimpleNameResolver.java:71)
	at io.netty.resolver.InetSocketAddressResolver.doResolveAll(InetSocketAddressResolver.java:73)
	at io.netty.resolver.InetSocketAddressResolver.doResolveAll(InetSocketAddressResolver.java:31)
	at io.netty.resolver.AbstractAddressResolver.resolveAll(AbstractAddressResolver.java:158)
	at reactor.netty.transport.TransportConnector.doResolveAndConnect(TransportConnector.java:336)
	at reactor.netty.transport.TransportConnector.lambda$connect$6(TransportConnector.java:166)
	at reactor.core.publisher.MonoFlatMap$FlatMapMain.onNext(MonoFlatMap.java:132)
	at reactor.netty.transport.TransportConnector$MonoChannelPromise._subscribe(TransportConnector.java:662)
	at reactor.netty.transport.TransportConnector$MonoChannelPromise.lambda$subscribe$0(TransportConnector.java:574)
	at io.netty.util.concurrent.AbstractEventExecutor.runTask(AbstractEventExecutor.java:173)
	at io.netty.util.concurrent.AbstractEventExecutor.safeExecute(AbstractEventExecutor.java:166)
	at io.netty.util.concurrent.SingleThreadEventExecutor.runAllTasks(SingleThreadEventExecutor.java:472)
	at io.netty.channel.epoll.EpollEventLoop.run(EpollEventLoop.java:405)
	at io.netty.util.concurrent.SingleThreadEventExecutor$4.run(SingleThreadEventExecutor.java:998)
	at io.netty.util.internal.ThreadExecutorMap$2.run(ThreadExecutorMap.java:74)
	at io.netty.util.concurrent.FastThreadLocalRunnable.run(FastThreadLocalRunnable.java:30)
	at java.base/java.lang.Thread.run(Thread.java:1474)
com.appsmith.external.exceptions.pluginExceptions.AppsmithPluginException: Requested url host is null or empty
	at com.appsmith.util.WebClientUtils.requestFilterFn(WebClientUtils.java:268)
	Suppressed: The stacktrace has been enhanced by Reactor, refer to additional information below: 
Error has been observed at the following site(s):
	*__checkpoint ⇢ Request to POST http:/webhook-test/generate-doc-package1 [DefaultWebClient]
Original Stack Trace:
		at com.appsmith.util.WebClientUtils.requestFilterFn(WebClientUtils.java:268)
		at org.springframework.web.reactive.function.client.ExchangeFilterFunction.lambda$ofRequestProcessor$3(ExchangeFilterFunction.java:84)
		at org.springframework.web.reactive.function.client.ExchangeFilterFunction.lambda$andThen$1(ExchangeFilterFunction.java:62)
		at org.springframework.web.reactive.function.client.ExchangeFilterFunction.lambda$andThen$1(ExchangeFilterFunction.java:62)
		at org.springframework.web.reactive.function.client.ExchangeFilterFunction.lambda$apply$2(ExchangeFilterFunction.java:73)
		at org.springframework.web.reactive.function.client.DefaultWebClient$DefaultRequestBodyUriSpec.lambda$exchange$8(DefaultWebClient.java:469)
		at reactor.core.publisher.MonoDefer.subscribe(MonoDefer.java:45)
		at reactor.core.publisher.InternalMonoOperator.subscribe(InternalMonoOperator.java:76)
		at reactor.core.publisher.MonoDeferContextual.subscribe(MonoDeferContextual.java:55)
		at reactor.core.publisher.InternalMonoOperator.subscribe(InternalMonoOperator.java:76)
		at reactor.core.publisher.MonoFlatMap$FlatMapMain.onNext(MonoFlatMap.java:165)
		at com.appsmith.server.configurations.MDCConfig$MdcContextLifter.onNext(MDCConfig.java:59)
		at reactor.core.publisher.MonoZip$ZipCoordinator.signal(MonoZip.java:297)
		at reactor.core.publisher.MonoZip$ZipInner.onNext(MonoZip.java:478)
		at com.appsmith.server.configurations.MDCConfig$MdcContextLifter.onNext(MDCConfig.java:59)
		at reactor.core.publisher.MonoFlatMap$FlatMapMain.secondComplete(MonoFlatMap.java:245)
		at reactor.core.publisher.MonoFlatMap$FlatMapInner.onNext(MonoFlatMap.java:305)
		at com.appsmith.server.configurations.MDCConfig$MdcContextLifter.onNext(MDCConfig.java:59)
		at reactor.core.publisher.FluxTap$TapSubscriber.onNext(FluxTap.java:226)
		at reactor.core.publisher.FluxTapFuseable$TapFuseableSubscriber.onNext(FluxTapFuseable.java:197)
		at com.appsmith.server.configurations.MDCConfig$MdcContextLifter.onNext(MDCConfig.java:59)
		at reactor.core.publisher.FluxHide$SuppressFuseableSubscriber.onNext(FluxHide.java:137)
		at reactor.core.publisher.MonoFlatMap$FlatMapMain.secondComplete(MonoFlatMap.java:245)
		at reactor.core.publisher.MonoFlatMap$FlatMapInner.onNext(MonoFlatMap.java:305)
		at com.appsmith.server.configurations.MDCConfig$MdcContextLifter.onNext(MDCConfig.java:59)
		at reactor.core.publisher.FluxOnErrorResume$ResumeSubscriber.onNext(FluxOnErrorResume.java:79)
		at com.appsmith.server.configurations.MDCConfig$MdcContextLifter.onNext(MDCConfig.java:59)
		at reactor.core.publisher.MonoFlatMap$FlatMapMain.secondComplete(MonoFlatMap.java:245)
		at reactor.core.publisher.MonoFlatMap$FlatMapInner.onNext(MonoFlatMap.java:305)
		at com.appsmith.server.configurations.MDCConfig$MdcContextLifter.onNext(MDCConfig.java:59)
		at reactor.core.publisher.MonoSubscribeOn$SubscribeOnSubscriber.onNext(MonoSubscribeOn.java:146)
		at com.appsmith.server.configurations.MDCConfig$MdcContextLifter.onNext(MDCConfig.java:59)
		at reactor.core.publisher.MonoFlatMap$FlatMapMain.secondComplete(MonoFlatMap.java:245)
		at reactor.core.publisher.MonoFlatMap$FlatMapInner.onNext(MonoFlatMap.java:305)
		at com.appsmith.server.configurations.MDCConfig$MdcContextLifter.onNext(MDCConfig.java:59)
		at reactor.core.publisher.MonoSubscribeOn$SubscribeOnSubscriber.onNext(MonoSubscribeOn.java:146)
		at com.appsmith.server.configurations.MDCConfig$MdcContextLifter.onNext(MDCConfig.java:59)
		at reactor.core.publisher.MonoFlatMap$FlatMapMain.secondComplete(MonoFlatMap.java:245)
		at reactor.core.publisher.MonoFlatMap$FlatMapInner.onNext(MonoFlatMap.java:305)
		at com.appsmith.server.configurations.MDCConfig$MdcContextLifter.onNext(MDCConfig.java:59)
		at reactor.core.publisher.FluxSwitchIfEmpty$SwitchIfEmptySubscriber.onNext(FluxSwitchIfEmpty.java:74)
		at com.appsmith.server.configurations.MDCConfig$MdcContextLifter.onNext(MDCConfig.java:59)
		at reactor.core.publisher.Operators$MonoSubscriber.complete(Operators.java:1864)
		at reactor.core.publisher.MonoCacheTime$CoordinatorSubscriber.signalCached(MonoCacheTime.java:337)
		at reactor.core.publisher.MonoCacheTime$CoordinatorSubscriber.onNext(MonoCacheTime.java:354)
		at com.appsmith.server.configurations.MDCConfig$MdcContextLifter.onNext(MDCConfig.java:59)
		at reactor.core.publisher.Operators$BaseFluxToMonoOperator.completePossiblyEmpty(Operators.java:2096)
		at reactor.core.publisher.FluxDefaultIfEmpty$DefaultIfEmptySubscriber.onComplete(FluxDefaultIfEmpty.java:134)
		at com.appsmith.server.configurations.MDCConfig$MdcContextLifter.onComplete(MDCConfig.java:69)
		at reactor.core.publisher.FluxHide$SuppressFuseableSubscriber.onComplete(FluxHide.java:147)
		at reactor.core.publisher.FluxMapFuseable$MapFuseableSubscriber.onComplete(FluxMapFuseable.java:152)
		at com.appsmith.server.configurations.MDCConfig$MdcContextLifter.onComplete(MDCConfig.java:69)
		at reactor.core.publisher.FluxHide$SuppressFuseableSubscriber.onComplete(FluxHide.java:147)
		at reactor.core.publisher.MonoFlatMap$FlatMapMain.onComplete(MonoFlatMap.java:189)
		at com.appsmith.server.configurations.MDCConfig$MdcContextLifter.onComplete(MDCConfig.java:69)
		at reactor.core.publisher.Operators$MonoSubscriber.onComplete(Operators.java:1906)
		at reactor.core.publisher.MonoCacheTime.subscribeOrReturn(MonoCacheTime.java:154)
		at reactor.core.publisher.InternalMonoOperator.subscribe(InternalMonoOperator.java:63)
		at reactor.core.publisher.MonoCacheTime.subscribeOrReturn(MonoCacheTime.java:143)
		at reactor.core.publisher.Mono.subscribe(Mono.java:4560)
		at reactor.core.publisher.FluxSwitchIfEmpty$SwitchIfEmptySubscriber.onComplete(FluxSwitchIfEmpty.java:82)
		at com.appsmith.server.configurations.MDCConfig$MdcContextLifter.onComplete(MDCConfig.java:69)
		at reactor.core.publisher.MonoFlatMap$FlatMapMain.onComplete(MonoFlatMap.java:189)
		at com.appsmith.server.configurations.MDCConfig$MdcContextLifter.onComplete(MDCConfig.java:69)
		at reactor.core.publisher.Operators$MonoSubscriber.onComplete(Operators.java:1906)
		at reactor.core.publisher.MonoCacheTime$CoordinatorSubscriber.signalCached(MonoCacheTime.java:343)
		at reactor.core.publisher.MonoCacheTime$CoordinatorSubscriber.onComplete(MonoCacheTime.java:368)
		at com.appsmith.server.configurations.MDCConfig$MdcContextLifter.onComplete(MDCConfig.java:69)
		at reactor.core.publisher.MonoFlatMap$FlatMapMain.onNext(MonoFlatMap.java:155)
		at com.appsmith.server.configurations.MDCConfig$MdcContextLifter.onNext(MDCConfig.java:59)
		at reactor.core.publisher.FluxMap$MapSubscriber.onNext(FluxMap.java:122)
		at com.appsmith.server.configurations.MDCConfig$MdcContextLifter.onNext(MDCConfig.java:59)
		at reactor.core.publisher.FluxMap$MapSubscriber.onNext(FluxMap.java:122)
		at com.appsmith.server.configurations.MDCConfig$MdcContextLifter.onNext(MDCConfig.java:59)
		at reactor.core.publisher.MonoZip$ZipCoordinator.signal(MonoZip.java:297)
		at reactor.core.publisher.MonoZip$ZipInner.onNext(MonoZip.java:478)
		at com.appsmith.server.configurations.MDCConfig$MdcContextLifter.onNext(MDCConfig.java:59)
		at reactor.core.publisher.MonoFlatMap$FlatMapMain.secondComplete(MonoFlatMap.java:245)
		at reactor.core.publisher.MonoFlatMap$FlatMapInner.onNext(MonoFlatMap.java:305)
		at com.appsmith.server.configurations.MDCConfig$MdcContextLifter.onNext(MDCConfig.java:59)
		at reactor.core.publisher.FluxSwitchIfEmpty$SwitchIfEmptySubscriber.onNext(FluxSwitchIfEmpty.java:74)
		at com.appsmith.server.configurations.MDCConfig$MdcContextLifter.onNext(MDCConfig.java:59)
		at reactor.core.publisher.FluxMap$MapSubscriber.onNext(FluxMap.java:122)
		at com.appsmith.server.configurations.MDCConfig$MdcContextLifter.onNext(MDCConfig.java:59)
		at reactor.core.publisher.FluxSwitchIfEmpty$SwitchIfEmptySubscriber.onNext(FluxSwitchIfEmpty.java:74)
		at com.appsmith.server.configurations.MDCConfig$MdcContextLifter.onNext(MDCConfig.java:59)
		at reactor.core.publisher.FluxSwitchIfEmpty$SwitchIfEmptySubscriber.onNext(FluxSwitchIfEmpty.java:74)
		at com.appsmith.server.configurations.MDCConfig$MdcContextLifter.onNext(MDCConfig.java:59)
		at reactor.core.publisher.FluxMap$MapSubscriber.onNext(FluxMap.java:122)
		at com.appsmith.server.configurations.MDCConfig$MdcContextLifter.onNext(MDCConfig.java:59)
		at reactor.core.publisher.MonoNext$NextSubscriber.onNext(MonoNext.java:82)
		at com.appsmith.server.configurations.MDCConfig$MdcContextLifter.onNext(MDCConfig.java:59)
		at reactor.core.publisher.FluxUsingWhen$UsingWhenSubscriber.onNext(FluxUsingWhen.java:348)
		at com.appsmith.server.configurations.MDCConfig$MdcContextLifter.onNext(MDCConfig.java:59)
		at reactor.core.publisher.FluxMap$MapSubscriber.onNext(FluxMap.java:122)
		at com.appsmith.server.configurations.MDCConfig$MdcContextLifter.onNext(MDCConfig.java:59)
		at reactor.core.publisher.FluxMap$MapSubscriber.onNext(FluxMap.java:122)
		at com.appsmith.server.configurations.MDCConfig$MdcContextLifter.onNext(MDCConfig.java:59)
		at reactor.core.publisher.FluxFilter$FilterSubscriber.onNext(FluxFilter.java:113)
		at com.appsmith.server.configurations.MDCConfig$MdcContextLifter.onNext(MDCConfig.java:59)
		at reactor.core.publisher.MonoNext$NextSubscriber.onNext(MonoNext.java:82)
		at com.appsmith.server.configurations.MDCConfig$MdcContextLifter.onNext(MDCConfig.java:59)
		at reactor.core.publisher.FluxOnErrorResume$ResumeSubscriber.onNext(FluxOnErrorResume.java:79)
		at com.appsmith.server.configurations.MDCConfig$MdcContextLifter.onNext(MDCConfig.java:59)
		at reactor.core.publisher.MonoFlatMapMany$FlatMapManyInner.onNext(MonoFlatMapMany.java:251)
		at com.appsmith.server.configurations.MDCConfig$MdcContextLifter.onNext(MDCConfig.java:59)
		at reactor.core.publisher.FluxConcatMapNoPrefetch$FluxConcatMapNoPrefetchSubscriber.innerNext(FluxConcatMapNoPrefetch.java:259)
		at reactor.core.publisher.FluxConcatMap$ConcatMapInner.onNext(FluxConcatMap.java:865)
		at com.appsmith.server.configurations.MDCConfig$MdcContextLifter.onNext(MDCConfig.java:59)
		at reactor.core.publisher.FluxDefaultIfEmpty$DefaultIfEmptySubscriber.onNext(FluxDefaultIfEmpty.java:122)
		at com.appsmith.server.configurations.MDCConfig$MdcContextLifter.onNext(MDCConfig.java:59)
		at reactor.core.publisher.FluxMap$MapSubscriber.onNext(FluxMap.java:122)
		at com.appsmith.server.configurations.MDCConfig$MdcContextLifter.onNext(MDCConfig.java:59)
		at reactor.core.publisher.MonoNext$NextSubscriber.onNext(MonoNext.java:82)
		at reactor.core.publisher.MonoNext$NextSubscriber.onNext(MonoNext.java:82)
		at io.lettuce.core.RedisPublisher$ImmediateSubscriber.onNext(RedisPublisher.java:895)
		at io.lettuce.core.RedisPublisher$RedisSubscription.onNext(RedisPublisher.java:295)
		at io.lettuce.core.RedisPublisher$SubscriptionCommand.doOnComplete(RedisPublisher.java:782)
		at io.lettuce.core.protocol.CommandWrapper.complete(CommandWrapper.java:69)
		at io.lettuce.core.protocol.CommandWrapper.complete(CommandWrapper.java:67)
		at io.lettuce.core.protocol.CommandHandler.complete(CommandHandler.java:769)
		at io.lettuce.core.protocol.CommandHandler.decode(CommandHandler.java:704)
		at io.lettuce.core.protocol.CommandHandler.channelRead(CommandHandler.java:621)
		at io.netty.channel.AbstractChannelHandlerContext.invokeChannelRead(AbstractChannelHandlerContext.java:442)
		at io.netty.channel.AbstractChannelHandlerContext.invokeChannelRead(AbstractChannelHandlerContext.java:420)
		at io.netty.channel.AbstractChannelHandlerContext.fireChannelRead(AbstractChannelHandlerContext.java:412)
		at io.netty.channel.DefaultChannelPipeline$HeadContext.channelRead(DefaultChannelPipeline.java:1357)
		at io.netty.channel.AbstractChannelHandlerContext.invokeChannelRead(AbstractChannelHandlerContext.java:440)
		at io.netty.channel.AbstractChannelHandlerContext.invokeChannelRead(AbstractChannelHandlerContext.java:420)
		at io.netty.channel.DefaultChannelPipeline.fireChannelRead(DefaultChannelPipeline.java:868)
		at io.netty.channel.epoll.AbstractEpollStreamChannel$EpollStreamUnsafe.epollInReady(AbstractEpollStreamChannel.java:805)
		at io.netty.channel.epoll.EpollEventLoop.processReady(EpollEventLoop.java:501)
		at io.netty.channel.epoll.EpollEventLoop.run(EpollEventLoop.java:399)
		at io.netty.util.concurrent.SingleThreadEventExecutor$4.run(SingleThreadEventExecutor.java:998)
		at io.netty.util.internal.ThreadExecutorMap$2.run(ThreadExecutorMap.java:74)
		at io.netty.util.concurrent.FastThreadLocalRunnable.run(FastThreadLocalRunnable.java:30)
		at java.base/java.lang.Thread.run(Thread.java:1474)
com.appsmith.external.exceptions.pluginExceptions.AppsmithPluginException: Requested url host is null or empty
	at com.appsmith.util.WebClientUtils.requestFilterFn(WebClientUtils.java:268)
	Suppressed: The stacktrace has been enhanced by Reactor, refer to additional information below: 
Error has been observed at the following site(s):
	*__checkpoint ⇢ Request to POST http:/webhook-test/generate-doc-package1 [DefaultWebClient]
Original Stack Trace:
		at com.appsmith.util.WebClientUtils.requestFilterFn(WebClientUtils.java:268)
		at org.springframework.web.reactive.function.client.ExchangeFilterFunction.lambda$ofRequestProcessor$3(ExchangeFilterFunction.java:84)
		at org.springframework.web.reactive.function.client.ExchangeFilterFunction.lambda$andThen$1(ExchangeFilterFunction.java:62)
		at org.springframework.web.reactive.function.client.ExchangeFilterFunction.lambda$andThen$1(ExchangeFilterFunction.java:62)
		at org.springframework.web.reactive.function.client.ExchangeFilterFunction.lambda$apply$2(ExchangeFilterFunction.java:73)
		at org.springframework.web.reactive.function.client.DefaultWebClient$DefaultRequestBodyUriSpec.lambda$exchange$8(DefaultWebClient.java:469)
		at reactor.core.publisher.MonoDefer.subscribe(MonoDefer.java:45)
		at reactor.core.publisher.InternalMonoOperator.subscribe(InternalMonoOperator.java:76)
		at reactor.core.publisher.MonoDeferContextual.subscribe(MonoDeferContextual.java:55)
		at reactor.core.publisher.InternalMonoOperator.subscribe(InternalMonoOperator.java:76)
		at reactor.core.publisher.MonoFlatMap$FlatMapMain.onNext(MonoFlatMap.java:165)
		at com.appsmith.server.configurations.MDCConfig$MdcContextLifter.onNext(MDCConfig.java:59)
		at reactor.core.publisher.MonoZip$ZipCoordinator.signal(MonoZip.java:297)
		at reactor.core.publisher.MonoZip$ZipInner.onNext(MonoZip.java:478)
		at com.appsmith.server.configurations.MDCConfig$MdcContextLifter.onNext(MDCConfig.java:59)
		at reactor.core.publisher.MonoFlatMap$FlatMapMain.secondComplete(MonoFlatMap.java:245)
		at reactor.core.publisher.MonoFlatMap$FlatMapInner.onNext(MonoFlatMap.java:305)
		at com.appsmith.server.configurations.MDCConfig$MdcContextLifter.onNext(MDCConfig.java:59)
		at reactor.core.publisher.FluxTap$TapSubscriber.onNext(FluxTap.java:226)
		at reactor.core.publisher.FluxTapFuseable$TapFuseableSubscriber.onNext(FluxTapFuseable.java:197)
		at com.appsmith.server.configurations.MDCConfig$MdcContextLifter.onNext(MDCConfig.java:59)
		at reactor.core.publisher.FluxHide$SuppressFuseableSubscriber.onNext(FluxHide.java:137)
		at reactor.core.publisher.MonoFlatMap$FlatMapMain.secondComplete(MonoFlatMap.java:245)
		at reactor.core.publisher.MonoFlatMap$FlatMapInner.onNext(MonoFlatMap.java:305)
		at com.appsmith.server.configurations.MDCConfig$MdcContextLifter.onNext(MDCConfig.java:59)
		at reactor.core.publisher.FluxOnErrorResume$ResumeSubscriber.onNext(FluxOnErrorResume.java:79)
		at com.appsmith.server.configurations.MDCConfig$MdcContextLifter.onNext(MDCConfig.java:59)
		at reactor.core.publisher.MonoFlatMap$FlatMapMain.secondComplete(MonoFlatMap.java:245)
		at reactor.core.publisher.MonoFlatMap$FlatMapInner.onNext(MonoFlatMap.java:305)
		at com.appsmith.server.configurations.MDCConfig$MdcContextLifter.onNext(MDCConfig.java:59)
		at reactor.core.publisher.MonoSubscribeOn$SubscribeOnSubscriber.onNext(MonoSubscribeOn.java:146)
		at com.appsmith.server.configurations.MDCConfig$MdcContextLifter.onNext(MDCConfig.java:59)
		at reactor.core.publisher.MonoFlatMap$FlatMapMain.secondComplete(MonoFlatMap.java:245)
		at reactor.core.publisher.MonoFlatMap$FlatMapInner.onNext(MonoFlatMap.java:305)
		at com.appsmith.server.configurations.MDCConfig$MdcContextLifter.onNext(MDCConfig.java:59)
		at reactor.core.publisher.MonoSubscribeOn$SubscribeOnSubscriber.onNext(MonoSubscribeOn.java:146)
		at com.appsmith.server.configurations.MDCConfig$MdcContextLifter.onNext(MDCConfig.java:59)
		at reactor.core.publisher.MonoFlatMap$FlatMapMain.secondComplete(MonoFlatMap.java:245)
		at reactor.core.publisher.MonoFlatMap$FlatMapInner.onNext(MonoFlatMap.java:305)
		at com.appsmith.server.configurations.MDCConfig$MdcContextLifter.onNext(MDCConfig.java:59)
		at reactor.core.publisher.FluxSwitchIfEmpty$SwitchIfEmptySubscriber.onNext(FluxSwitchIfEmpty.java:74)
		at com.appsmith.server.configurations.MDCConfig$MdcContextLifter.onNext(MDCConfig.java:59)
		at reactor.core.publisher.Operators$MonoSubscriber.complete(Operators.java:1864)
		at reactor.core.publisher.MonoCacheTime$CoordinatorSubscriber.signalCached(MonoCacheTime.java:337)
		at reactor.core.publisher.MonoCacheTime$CoordinatorSubscriber.onNext(MonoCacheTime.java:354)
		at com.appsmith.server.configurations.MDCConfig$MdcContextLifter.onNext(MDCConfig.java:59)
		at reactor.core.publisher.Operators$BaseFluxToMonoOperator.completePossiblyEmpty(Operators.java:2096)
		at reactor.core.publisher.FluxDefaultIfEmpty$DefaultIfEmptySubscriber.onComplete(FluxDefaultIfEmpty.java:134)
		at com.appsmith.server.configurations.MDCConfig$MdcContextLifter.onComplete(MDCConfig.java:69)
		at reactor.core.publisher.FluxHide$SuppressFuseableSubscriber.onComplete(FluxHide.java:147)
		at reactor.core.publisher.FluxMapFuseable$MapFuseableSubscriber.onComplete(FluxMapFuseable.java:152)
		at com.appsmith.server.configurations.MDCConfig$MdcContextLifter.onComplete(MDCConfig.java:69)
		at reactor.core.publisher.FluxHide$SuppressFuseableSubscriber.onComplete(FluxHide.java:147)
		at reactor.core.publisher.MonoFlatMap$FlatMapMain.onComplete(MonoFlatMap.java:189)
		at com.appsmith.server.configurations.MDCConfig$MdcContextLifter.onComplete(MDCConfig.java:69)
		at reactor.core.publisher.Operators$MonoSubscriber.onComplete(Operators.java:1906)
		at reactor.core.publisher.MonoCacheTime.subscribeOrReturn(MonoCacheTime.java:154)
		at reactor.core.publisher.InternalMonoOperator.subscribe(InternalMonoOperator.java:63)
		at reactor.core.publisher.MonoCacheTime.subscribeOrReturn(MonoCacheTime.java:143)
		at reactor.core.publisher.Mono.subscribe(Mono.java:4560)
		at reactor.core.publisher.FluxSwitchIfEmpty$SwitchIfEmptySubscriber.onComplete(FluxSwitchIfEmpty.java:82)
		at com.appsmith.server.configurations.MDCConfig$MdcContextLifter.onComplete(MDCConfig.java:69)
		at reactor.core.publisher.MonoFlatMap$FlatMapMain.onComplete(MonoFlatMap.java:189)
		at com.appsmith.server.configurations.MDCConfig$MdcContextLifter.onComplete(MDCConfig.java:69)
		at reactor.core.publisher.Operators$MonoSubscriber.onComplete(Operators.java:1906)
		at reactor.core.publisher.MonoCacheTime$CoordinatorSubscriber.signalCached(MonoCacheTime.java:343)
		at reactor.core.publisher.MonoCacheTime$CoordinatorSubscriber.onComplete(MonoCacheTime.java:368)
		at com.appsmith.server.configurations.MDCConfig$MdcContextLifter.onComplete(MDCConfig.java:69)
		at reactor.core.publisher.MonoFlatMap$FlatMapMain.onNext(MonoFlatMap.java:155)
		at com.appsmith.server.configurations.MDCConfig$MdcContextLifter.onNext(MDCConfig.java:59)
		at reactor.core.publisher.FluxMap$MapSubscriber.onNext(FluxMap.java:122)
		at com.appsmith.server.configurations.MDCConfig$MdcContextLifter.onNext(MDCConfig.java:59)
		at reactor.core.publisher.FluxMap$MapSubscriber.onNext(FluxMap.java:122)
		at com.appsmith.server.configurations.MDCConfig$MdcContextLifter.onNext(MDCConfig.java:59)
		at reactor.core.publisher.MonoZip$ZipCoordinator.signal(MonoZip.java:297)
		at reactor.core.publisher.MonoZip$ZipInner.onNext(MonoZip.java:478)
		at com.appsmith.server.configurations.MDCConfig$MdcContextLifter.onNext(MDCConfig.java:59)
		at reactor.core.publisher.MonoFlatMap$FlatMapMain.secondComplete(MonoFlatMap.java:245)
		at reactor.core.publisher.MonoFlatMap$FlatMapInner.onNext(MonoFlatMap.java:305)
		at com.appsmith.server.configurations.MDCConfig$MdcContextLifter.onNext(MDCConfig.java:59)
		at reactor.core.publisher.FluxSwitchIfEmpty$SwitchIfEmptySubscriber.onNext(FluxSwitchIfEmpty.java:74)
		at com.appsmith.server.configurations.MDCConfig$MdcContextLifter.onNext(MDCConfig.java:59)
		at reactor.core.publisher.FluxMap$MapSubscriber.onNext(FluxMap.java:122)
		at com.appsmith.server.configurations.MDCConfig$MdcContextLifter.onNext(MDCConfig.java:59)
		at reactor.core.publisher.FluxSwitchIfEmpty$SwitchIfEmptySubscriber.onNext(FluxSwitchIfEmpty.java:74)
		at com.appsmith.server.configurations.MDCConfig$MdcContextLifter.onNext(MDCConfig.java:59)
		at reactor.core.publisher.FluxSwitchIfEmpty$SwitchIfEmptySubscriber.onNext(FluxSwitchIfEmpty.java:74)
		at com.appsmith.server.configurations.MDCConfig$MdcContextLifter.onNext(MDCConfig.java:59)
		at reactor.core.publisher.FluxMap$MapSubscriber.onNext(FluxMap.java:122)
		at com.appsmith.server.configurations.MDCConfig$MdcContextLifter.onNext(MDCConfig.java:59)
		at reactor.core.publisher.MonoNext$NextSubscriber.onNext(MonoNext.java:82)
		at com.appsmith.server.configurations.MDCConfig$MdcContextLifter.onNext(MDCConfig.java:59)
		at reactor.core.publisher.FluxUsingWhen$UsingWhenSubscriber.onNext(FluxUsingWhen.java:348)
		at com.appsmith.server.configurations.MDCConfig$MdcContextLifter.onNext(MDCConfig.java:59)
		at reactor.core.publisher.FluxMap$MapSubscriber.onNext(FluxMap.java:122)
		at com.appsmith.server.configurations.MDCConfig$MdcContextLifter.onNext(MDCConfig.java:59)
		at reactor.core.publisher.FluxMap$MapSubscriber.onNext(FluxMap.java:122)
		at com.appsmith.server.configurations.MDCConfig$MdcContextLifter.onNext(MDCConfig.java:59)
		at reactor.core.publisher.FluxFilter$FilterSubscriber.onNext(FluxFilter.java:113)
		at com.appsmith.server.configurations.MDCConfig$MdcContextLifter.onNext(MDCConfig.java:59)
		at reactor.core.publisher.MonoNext$NextSubscriber.onNext(MonoNext.java:82)
		at com.appsmith.server.configurations.MDCConfig$MdcContextLifter.onNext(MDCConfig.java:59)
		at reactor.core.publisher.FluxOnErrorResume$ResumeSubscriber.onNext(FluxOnErrorResume.java:79)
		at com.appsmith.server.configurations.MDCConfig$MdcContextLifter.onNext(MDCConfig.java:59)
		at reactor.core.publisher.MonoFlatMapMany$FlatMapManyInner.onNext(MonoFlatMapMany.java:251)
		at com.appsmith.server.configurations.MDCConfig$MdcContextLifter.onNext(MDCConfig.java:59)
		at reactor.core.publisher.FluxConcatMapNoPrefetch$FluxConcatMapNoPrefetchSubscriber.innerNext(FluxConcatMapNoPrefetch.java:259)
		at reactor.core.publisher.FluxConcatMap$ConcatMapInner.onNext(FluxConcatMap.java:865)
		at com.appsmith.server.configurations.MDCConfig$MdcContextLifter.onNext(MDCConfig.java:59)
		at reactor.core.publisher.FluxDefaultIfEmpty$DefaultIfEmptySubscriber.onNext(FluxDefaultIfEmpty.java:122)
		at com.appsmith.server.configurations.MDCConfig$MdcContextLifter.onNext(MDCConfig.java:59)
		at reactor.core.publisher.FluxMap$MapSubscriber.onNext(FluxMap.java:122)
		at com.appsmith.server.configurations.MDCConfig$MdcContextLifter.onNext(MDCConfig.java:59)
		at reactor.core.publisher.MonoNext$NextSubscriber.onNext(MonoNext.java:82)
		at reactor.core.publisher.MonoNext$NextSubscriber.onNext(MonoNext.java:82)
		at io.lettuce.core.RedisPublisher$ImmediateSubscriber.onNext(RedisPublisher.java:895)
		at io.lettuce.core.RedisPublisher$RedisSubscription.onNext(RedisPublisher.java:295)
		at io.lettuce.core.RedisPublisher$SubscriptionCommand.doOnComplete(RedisPublisher.java:782)
		at io.lettuce.core.protocol.CommandWrapper.complete(CommandWrapper.java:69)
		at io.lettuce.core.protocol.CommandWrapper.complete(CommandWrapper.java:67)
		at io.lettuce.core.protocol.CommandHandler.complete(CommandHandler.java:769)
		at io.lettuce.core.protocol.CommandHandler.decode(CommandHandler.java:704)
		at io.lettuce.core.protocol.CommandHandler.channelRead(CommandHandler.java:621)
		at io.netty.channel.AbstractChannelHandlerContext.invokeChannelRead(AbstractChannelHandlerContext.java:442)
		at io.netty.channel.AbstractChannelHandlerContext.invokeChannelRead(AbstractChannelHandlerContext.java:420)
		at io.netty.channel.AbstractChannelHandlerContext.fireChannelRead(AbstractChannelHandlerContext.java:412)
		at io.netty.channel.DefaultChannelPipeline$HeadContext.channelRead(DefaultChannelPipeline.java:1357)
		at io.netty.channel.AbstractChannelHandlerContext.invokeChannelRead(AbstractChannelHandlerContext.java:440)
		at io.netty.channel.AbstractChannelHandlerContext.invokeChannelRead(AbstractChannelHandlerContext.java:420)
		at io.netty.channel.DefaultChannelPipeline.fireChannelRead(DefaultChannelPipeline.java:868)
		at io.netty.channel.epoll.AbstractEpollStreamChannel$EpollStreamUnsafe.epollInReady(AbstractEpollStreamChannel.java:805)
		at io.netty.channel.epoll.EpollEventLoop.processReady(EpollEventLoop.java:501)
		at io.netty.channel.epoll.EpollEventLoop.run(EpollEventLoop.java:399)
		at io.netty.util.concurrent.SingleThreadEventExecutor$4.run(SingleThreadEventExecutor.java:998)
		at io.netty.util.internal.ThreadExecutorMap$2.run(ThreadExecutorMap.java:74)
		at io.netty.util.concurrent.FastThreadLocalRunnable.run(FastThreadLocalRunnable.java:30)
		at java.base/java.lang.Thread.run(Thread.java:1474)
APPSMITH_GIT_ROOT: /appsmith-stacks/git-storage
SLF4J(W): Class path contains multiple SLF4J providers.
SLF4J(W): Found provider [ch.qos.logback.classic.spi.LogbackServiceProvider@6f7fd0e6]
SLF4J(W): Found provider [org.slf4j.reload4j.Reload4jServiceProvider@47c62251]
SLF4J(W): See https://www.slf4j.org/codes.html#multiple_bindings for an explanation.
SLF4J(I): Actual provider is of type [ch.qos.logback.classic.spi.LogbackServiceProvider@6f7fd0e6]
WARNING: A terminally deprecated method in sun.misc.Unsafe has been called
WARNING: sun.misc.Unsafe::allocateMemory has been called by io.netty.util.internal.PlatformDependent0$2 (jar:nested:/opt/appsmith/server/mongo/server.jar/!BOOT-INF/lib/netty-common-4.1.131.Final.jar!/)
WARNING: Please consider reporting this to the maintainers of class io.netty.util.internal.PlatformDependent0$2
WARNING: sun.misc.Unsafe::allocateMemory will be removed in a future release
WARNING: A restricted method in java.lang.System has been called
WARNING: java.lang.System::loadLibrary has been called by io.netty.util.internal.NativeLibraryUtil in an unnamed module (jar:nested:/opt/appsmith/server/mongo/server.jar/!BOOT-INF/lib/netty-common-4.1.131.Final.jar!/)
WARNING: Use --enable-native-access=ALL-UNNAMED to avoid a warning for callers in this module
WARNING: Restricted methods will be blocked in a future release unless native access is enabled

APPSMITH_GIT_ROOT: /appsmith-stacks/git-storage
SLF4J(W): Class path contains multiple SLF4J providers.
SLF4J(W): Found provider [ch.qos.logback.classic.spi.LogbackServiceProvider@6f7fd0e6]
SLF4J(W): Found provider [org.slf4j.reload4j.Reload4jServiceProvider@47c62251]
SLF4J(W): See https://www.slf4j.org/codes.html#multiple_bindings for an explanation.
SLF4J(I): Actual provider is of type [ch.qos.logback.classic.spi.LogbackServiceProvider@6f7fd0e6]
WARNING: A terminally deprecated method in sun.misc.Unsafe has been called
WARNING: sun.misc.Unsafe::allocateMemory has been called by io.netty.util.internal.PlatformDependent0$2 (jar:nested:/opt/appsmith/server/mongo/server.jar/!BOOT-INF/lib/netty-common-4.1.131.Final.jar!/)
WARNING: Please consider reporting this to the maintainers of class io.netty.util.internal.PlatformDependent0$2
WARNING: sun.misc.Unsafe::allocateMemory will be removed in a future release
WARNING: A restricted method in java.lang.System has been called
WARNING: java.lang.System::loadLibrary has been called by io.netty.util.internal.NativeLibraryUtil in an unnamed module (jar:nested:/opt/appsmith/server/mongo/server.jar/!BOOT-INF/lib/netty-common-4.1.131.Final.jar!/)
WARNING: Use --enable-native-access=ALL-UNNAMED to avoid a warning for callers in this module
WARNING: Restricted methods will be blocked in a future release unless native access is enabled

APPSMITH_GIT_ROOT: /appsmith-stacks/git-storage
SLF4J(W): Class path contains multiple SLF4J providers.
SLF4J(W): Found provider [ch.qos.logback.classic.spi.LogbackServiceProvider@6f7fd0e6]
SLF4J(W): Found provider [org.slf4j.reload4j.Reload4jServiceProvider@47c62251]
SLF4J(W): See https://www.slf4j.org/codes.html#multiple_bindings for an explanation.
SLF4J(I): Actual provider is of type [ch.qos.logback.classic.spi.LogbackServiceProvider@6f7fd0e6]
WARNING: A terminally deprecated method in sun.misc.Unsafe has been called
WARNING: sun.misc.Unsafe::allocateMemory has been called by io.netty.util.internal.PlatformDependent0$2 (jar:nested:/opt/appsmith/server/mongo/server.jar/!BOOT-INF/lib/netty-common-4.1.131.Final.jar!/)
WARNING: Please consider reporting this to the maintainers of class io.netty.util.internal.PlatformDependent0$2
WARNING: sun.misc.Unsafe::allocateMemory will be removed in a future release
WARNING: A restricted method in java.lang.System has been called
WARNING: java.lang.System::loadLibrary has been called by io.netty.util.internal.NativeLibraryUtil in an unnamed module (jar:nested:/opt/appsmith/server/mongo/server.jar/!BOOT-INF/lib/netty-common-4.1.131.Final.jar!/)
WARNING: Use --enable-native-access=ALL-UNNAMED to avoid a warning for callers in this module
WARNING: Restricted methods will be blocked in a future release unless native access is enabled

APPSMITH_GIT_ROOT: /appsmith-stacks/git-storage
SLF4J(W): Class path contains multiple SLF4J providers.
SLF4J(W): Found provider [ch.qos.logback.classic.spi.LogbackServiceProvider@6f7fd0e6]
SLF4J(W): Found provider [org.slf4j.reload4j.Reload4jServiceProvider@47c62251]
SLF4J(W): See https://www.slf4j.org/codes.html#multiple_bindings for an explanation.
SLF4J(I): Actual provider is of type [ch.qos.logback.classic.spi.LogbackServiceProvider@6f7fd0e6]
WARNING: A terminally deprecated method in sun.misc.Unsafe has been called
WARNING: sun.misc.Unsafe::allocateMemory has been called by io.netty.util.internal.PlatformDependent0$2 (jar:nested:/opt/appsmith/server/mongo/server.jar/!BOOT-INF/lib/netty-common-4.1.131.Final.jar!/)
WARNING: Please consider reporting this to the maintainers of class io.netty.util.internal.PlatformDependent0$2
WARNING: sun.misc.Unsafe::allocateMemory will be removed in a future release
WARNING: A restricted method in java.lang.System has been called
WARNING: java.lang.System::loadLibrary has been called by io.netty.util.internal.NativeLibraryUtil in an unnamed module (jar:nested:/opt/appsmith/server/mongo/server.jar/!BOOT-INF/lib/netty-common-4.1.131.Final.jar!/)
WARNING: Use --enable-native-access=ALL-UNNAMED to avoid a warning for callers in this module
WARNING: Restricted methods will be blocked in a future release unless native access is enabled

