APPSMITH_GIT_ROOT: /appsmith-stacks/git-storage
{"level":"info","ts":1779097279.2846146,"msg":"using config from file","file":"/tmp/appsmith/Caddyfile"}
{"level":"warn","ts":1779097279.2896929,"msg":"The nested 'metrics' option inside `servers` is deprecated and will be removed in the next major version. Use the global 'metrics' option instead."}
{"level":"info","ts":1779097279.3043969,"msg":"adapted config to JSON","adapter":"caddyfile"}
{"level":"info","ts":1779097279.5365787,"msg":"maxprocs: Leaving GOMAXPROCS=8: CPU quota undefined"}
{"level":"info","ts":1779097279.5366251,"msg":"GOMEMLIMIT is updated","GOMEMLIMIT":3593889792,"previous":9223372036854775807}
{"level":"info","ts":1779097279.5366347,"msg":"using config from file","file":"/tmp/appsmith/Caddyfile"}
{"level":"warn","ts":1779097279.536639,"msg":"The nested 'metrics' option inside `servers` is deprecated and will be removed in the next major version. Use the global 'metrics' option instead."}
{"level":"info","ts":1779097279.536643,"msg":"adapted config to JSON","adapter":"caddyfile"}
{"level":"info","ts":1779097279.5438437,"logger":"admin","msg":"admin endpoint started","address":"0.0.0.0:2019","enforce_origin":false,"origins":["//0.0.0.0:2019"]}
{"level":"warn","ts":1779097279.5438807,"logger":"admin","msg":"admin endpoint on open interface; host checking disabled","address":"0.0.0.0:2019"}
{"level":"info","ts":1779097279.54435,"logger":"tls.cache.maintenance","msg":"started background certificate maintenance","cache":"0x1b030b525580"}
{"level":"warn","ts":1779097279.588917,"logger":"http.auto_https","msg":"server is listening only on the HTTP port, so no automatic HTTPS will be applied to this server","server_name":"srv0","http_port":80}
{"level":"warn","ts":1779097279.6129708,"logger":"http","msg":"HTTP/2 skipped because it requires TLS","network":"tcp","addr":":80"}
{"level":"warn","ts":1779097279.613039,"logger":"http","msg":"HTTP/3 skipped because it requires TLS","network":"tcp","addr":":80"}
{"level":"info","ts":1779097279.6130524,"logger":"http.log","msg":"server running","name":"srv0","protocols":["h1","h2","h3"]}
{"level":"info","ts":1779097279.613096,"msg":"serving initial configuration"}
{"level":"info","ts":1779097279.6665523,"logger":"tls","msg":"storage cleaning happened too recently; skipping for now","storage":"FileStorage:/appsmith-stacks/data/caddy","instance":"a106c22c-794f-46f6-a690-e540da6957df","try_again":1779183679.6665483,"try_again_in":86399.9999991}
{"level":"info","ts":1779097279.6763995,"logger":"tls","msg":"finished cleaning storage units"}
APPSMITH_GIT_ROOT: /appsmith-stacks/git-storage
{"level":"info","ts":1779239150.3803968,"msg":"using config from file","file":"/tmp/appsmith/Caddyfile"}
{"level":"warn","ts":1779239150.4006073,"msg":"The nested 'metrics' option inside `servers` is deprecated and will be removed in the next major version. Use the global 'metrics' option instead."}
{"level":"info","ts":1779239150.418213,"msg":"adapted config to JSON","adapter":"caddyfile"}
{"level":"info","ts":1779239150.5492146,"msg":"maxprocs: Leaving GOMAXPROCS=8: CPU quota undefined"}
{"level":"info","ts":1779239150.5492349,"msg":"GOMEMLIMIT is updated","GOMEMLIMIT":3593889792,"previous":9223372036854775807}
{"level":"info","ts":1779239150.549241,"msg":"using config from file","file":"/tmp/appsmith/Caddyfile"}
{"level":"warn","ts":1779239150.5492449,"msg":"The nested 'metrics' option inside `servers` is deprecated and will be removed in the next major version. Use the global 'metrics' option instead."}
{"level":"info","ts":1779239150.5492485,"msg":"adapted config to JSON","adapter":"caddyfile"}
{"level":"info","ts":1779239150.5643883,"logger":"admin","msg":"admin endpoint started","address":"0.0.0.0:2019","enforce_origin":false,"origins":["//0.0.0.0:2019"]}
{"level":"warn","ts":1779239150.5644207,"logger":"admin","msg":"admin endpoint on open interface; host checking disabled","address":"0.0.0.0:2019"}
{"level":"info","ts":1779239150.5666928,"logger":"tls.cache.maintenance","msg":"started background certificate maintenance","cache":"0x2d2700a24900"}
{"level":"warn","ts":1779239150.606113,"logger":"http.auto_https","msg":"server is listening only on the HTTP port, so no automatic HTTPS will be applied to this server","server_name":"srv0","http_port":80}
{"level":"warn","ts":1779239150.6091769,"logger":"http","msg":"HTTP/2 skipped because it requires TLS","network":"tcp","addr":":80"}
{"level":"warn","ts":1779239150.6092079,"logger":"http","msg":"HTTP/3 skipped because it requires TLS","network":"tcp","addr":":80"}
{"level":"info","ts":1779239150.6092157,"logger":"http.log","msg":"server running","name":"srv0","protocols":["h1","h2","h3"]}
{"level":"info","ts":1779239150.6092794,"msg":"serving initial configuration"}
{"level":"info","ts":1779239150.6444814,"logger":"tls","msg":"storage cleaning happened too recently; skipping for now","storage":"FileStorage:/appsmith-stacks/data/caddy","instance":"a106c22c-794f-46f6-a690-e540da6957df","try_again":1779325550.6444788,"try_again_in":86399.9999993}
{"level":"info","ts":1779239150.6486616,"logger":"tls","msg":"finished cleaning storage units"}
APPSMITH_GIT_ROOT: /appsmith-stacks/git-storage
{"level":"info","ts":1779325371.034784,"msg":"using config from file","file":"/tmp/appsmith/Caddyfile"}
{"level":"warn","ts":1779325371.0396745,"msg":"The nested 'metrics' option inside `servers` is deprecated and will be removed in the next major version. Use the global 'metrics' option instead."}
{"level":"info","ts":1779325371.0477006,"msg":"adapted config to JSON","adapter":"caddyfile"}
{"level":"info","ts":1779325371.1459906,"msg":"maxprocs: Leaving GOMAXPROCS=8: CPU quota undefined"}
{"level":"info","ts":1779325371.1460905,"msg":"GOMEMLIMIT is updated","GOMEMLIMIT":3593878732,"previous":9223372036854775807}
{"level":"info","ts":1779325371.1461508,"msg":"using config from file","file":"/tmp/appsmith/Caddyfile"}
{"level":"warn","ts":1779325371.1461565,"msg":"The nested 'metrics' option inside `servers` is deprecated and will be removed in the next major version. Use the global 'metrics' option instead."}
{"level":"info","ts":1779325371.1461596,"msg":"adapted config to JSON","adapter":"caddyfile"}
{"level":"info","ts":1779325371.1713984,"logger":"admin","msg":"admin endpoint started","address":"0.0.0.0:2019","enforce_origin":false,"origins":["//0.0.0.0:2019"]}
{"level":"warn","ts":1779325371.171444,"logger":"admin","msg":"admin endpoint on open interface; host checking disabled","address":"0.0.0.0:2019"}
{"level":"info","ts":1779325371.175063,"logger":"tls.cache.maintenance","msg":"started background certificate maintenance","cache":"0x2c6fc12f7180"}
{"level":"warn","ts":1779325371.2297728,"logger":"http.auto_https","msg":"server is listening only on the HTTP port, so no automatic HTTPS will be applied to this server","server_name":"srv0","http_port":80}
{"level":"warn","ts":1779325371.232708,"logger":"http","msg":"HTTP/2 skipped because it requires TLS","network":"tcp","addr":":80"}
{"level":"warn","ts":1779325371.2327664,"logger":"http","msg":"HTTP/3 skipped because it requires TLS","network":"tcp","addr":":80"}
{"level":"info","ts":1779325371.2327778,"logger":"http.log","msg":"server running","name":"srv0","protocols":["h1","h2","h3"]}
{"level":"info","ts":1779325371.2328315,"msg":"serving initial configuration"}
{"level":"info","ts":1779325371.3526032,"logger":"tls","msg":"storage cleaning happened too recently; skipping for now","storage":"FileStorage:/appsmith-stacks/data/caddy","instance":"a106c22c-794f-46f6-a690-e540da6957df","try_again":1779411771.3525982,"try_again_in":86399.9999993}
{"level":"info","ts":1779325371.3577585,"logger":"tls","msg":"finished cleaning storage units"}
APPSMITH_GIT_ROOT: /appsmith-stacks/git-storage
{"level":"info","ts":1779347381.084618,"msg":"using config from file","file":"/tmp/appsmith/Caddyfile"}
{"level":"warn","ts":1779347381.0856013,"msg":"The nested 'metrics' option inside `servers` is deprecated and will be removed in the next major version. Use the global 'metrics' option instead."}
{"level":"info","ts":1779347381.0951416,"msg":"adapted config to JSON","adapter":"caddyfile"}
{"level":"info","ts":1779347381.1850636,"msg":"maxprocs: Leaving GOMAXPROCS=8: CPU quota undefined"}
{"level":"info","ts":1779347381.185779,"msg":"GOMEMLIMIT is updated","GOMEMLIMIT":3593878732,"previous":9223372036854775807}
{"level":"info","ts":1779347381.1857889,"msg":"using config from file","file":"/tmp/appsmith/Caddyfile"}
{"level":"warn","ts":1779347381.185792,"msg":"The nested 'metrics' option inside `servers` is deprecated and will be removed in the next major version. Use the global 'metrics' option instead."}
{"level":"info","ts":1779347381.185794,"msg":"adapted config to JSON","adapter":"caddyfile"}
{"level":"info","ts":1779347381.1910253,"logger":"admin","msg":"admin endpoint started","address":"0.0.0.0:2019","enforce_origin":false,"origins":["//0.0.0.0:2019"]}
{"level":"warn","ts":1779347381.19109,"logger":"admin","msg":"admin endpoint on open interface; host checking disabled","address":"0.0.0.0:2019"}
{"level":"info","ts":1779347381.1920376,"logger":"tls.cache.maintenance","msg":"started background certificate maintenance","cache":"0x2cf69e022a80"}
{"level":"warn","ts":1779347381.2050974,"logger":"http.auto_https","msg":"server is listening only on the HTTP port, so no automatic HTTPS will be applied to this server","server_name":"srv0","http_port":80}
{"level":"warn","ts":1779347381.206947,"logger":"http","msg":"HTTP/2 skipped because it requires TLS","network":"tcp","addr":":80"}
{"level":"warn","ts":1779347381.2069948,"logger":"http","msg":"HTTP/3 skipped because it requires TLS","network":"tcp","addr":":80"}
{"level":"info","ts":1779347381.2070034,"logger":"http.log","msg":"server running","name":"srv0","protocols":["h1","h2","h3"]}
{"level":"info","ts":1779347381.2070577,"msg":"serving initial configuration"}
{"level":"info","ts":1779347381.223997,"logger":"tls","msg":"storage cleaning happened too recently; skipping for now","storage":"FileStorage:/appsmith-stacks/data/caddy","instance":"a106c22c-794f-46f6-a690-e540da6957df","try_again":1779433781.2239933,"try_again_in":86399.9999994}
{"level":"info","ts":1779347381.228189,"logger":"tls","msg":"finished cleaning storage units"}
APPSMITH_GIT_ROOT: /appsmith-stacks/git-storage
{"level":"info","ts":1779348313.028454,"msg":"using config from file","file":"/tmp/appsmith/Caddyfile"}
{"level":"warn","ts":1779348313.030219,"msg":"The nested 'metrics' option inside `servers` is deprecated and will be removed in the next major version. Use the global 'metrics' option instead."}
{"level":"info","ts":1779348313.0343785,"msg":"adapted config to JSON","adapter":"caddyfile"}
{"level":"info","ts":1779348313.118005,"msg":"maxprocs: Leaving GOMAXPROCS=8: CPU quota undefined"}
{"level":"info","ts":1779348313.1180356,"msg":"GOMEMLIMIT is updated","GOMEMLIMIT":3593878732,"previous":9223372036854775807}
{"level":"info","ts":1779348313.118043,"msg":"using config from file","file":"/tmp/appsmith/Caddyfile"}
{"level":"warn","ts":1779348313.118047,"msg":"The nested 'metrics' option inside `servers` is deprecated and will be removed in the next major version. Use the global 'metrics' option instead."}
{"level":"info","ts":1779348313.1180503,"msg":"adapted config to JSON","adapter":"caddyfile"}
{"level":"info","ts":1779348313.1230972,"logger":"admin","msg":"admin endpoint started","address":"0.0.0.0:2019","enforce_origin":false,"origins":["//0.0.0.0:2019"]}
{"level":"warn","ts":1779348313.1231525,"logger":"admin","msg":"admin endpoint on open interface; host checking disabled","address":"0.0.0.0:2019"}
{"level":"info","ts":1779348313.1243062,"logger":"tls.cache.maintenance","msg":"started background certificate maintenance","cache":"0xb4e1a3c900"}
{"level":"warn","ts":1779348313.1484938,"logger":"http.auto_https","msg":"server is listening only on the HTTP port, so no automatic HTTPS will be applied to this server","server_name":"srv0","http_port":80}
{"level":"warn","ts":1779348313.1537926,"logger":"http","msg":"HTTP/2 skipped because it requires TLS","network":"tcp","addr":":80"}
{"level":"warn","ts":1779348313.1539133,"logger":"http","msg":"HTTP/3 skipped because it requires TLS","network":"tcp","addr":":80"}
{"level":"info","ts":1779348313.1539261,"logger":"http.log","msg":"server running","name":"srv0","protocols":["h1","h2","h3"]}
{"level":"info","ts":1779348313.1540186,"msg":"serving initial configuration"}
{"level":"info","ts":1779348313.1747196,"logger":"tls","msg":"storage cleaning happened too recently; skipping for now","storage":"FileStorage:/appsmith-stacks/data/caddy","instance":"a106c22c-794f-46f6-a690-e540da6957df","try_again":1779434713.1747153,"try_again_in":86399.9999993}
{"level":"info","ts":1779348313.1789625,"logger":"tls","msg":"finished cleaning storage units"}
