APPSMITH_GIT_ROOT: /appsmith-stacks/git-storage
{"level":"info","ts":1778661520.851585,"msg":"using config from file","file":"/tmp/appsmith/Caddyfile"}
{"level":"warn","ts":1778661520.8527465,"msg":"The nested 'metrics' option inside `servers` is deprecated and will be removed in the next major version. Use the global 'metrics' option instead."}
{"level":"info","ts":1778661520.8610682,"msg":"adapted config to JSON","adapter":"caddyfile"}
{"level":"info","ts":1778661520.9600863,"msg":"maxprocs: Leaving GOMAXPROCS=8: CPU quota undefined"}
{"level":"info","ts":1778661520.9601421,"msg":"GOMEMLIMIT is updated","GOMEMLIMIT":3593886105,"previous":9223372036854775807}
{"level":"info","ts":1778661520.9601543,"msg":"using config from file","file":"/tmp/appsmith/Caddyfile"}
{"level":"warn","ts":1778661520.9601595,"msg":"The nested 'metrics' option inside `servers` is deprecated and will be removed in the next major version. Use the global 'metrics' option instead."}
{"level":"info","ts":1778661520.9601629,"msg":"adapted config to JSON","adapter":"caddyfile"}
{"level":"info","ts":1778661520.9666588,"logger":"admin","msg":"admin endpoint started","address":"0.0.0.0:2019","enforce_origin":false,"origins":["//0.0.0.0:2019"]}
{"level":"warn","ts":1778661520.9667132,"logger":"admin","msg":"admin endpoint on open interface; host checking disabled","address":"0.0.0.0:2019"}
{"level":"info","ts":1778661520.9678965,"logger":"tls.cache.maintenance","msg":"started background certificate maintenance","cache":"0x2f061b531d80"}
{"level":"warn","ts":1778661521.0160854,"logger":"http.auto_https","msg":"server is listening only on the HTTP port, so no automatic HTTPS will be applied to this server","server_name":"srv0","http_port":80}
{"level":"warn","ts":1778661521.022129,"logger":"http","msg":"HTTP/2 skipped because it requires TLS","network":"tcp","addr":":80"}
{"level":"warn","ts":1778661521.0221848,"logger":"http","msg":"HTTP/3 skipped because it requires TLS","network":"tcp","addr":":80"}
{"level":"info","ts":1778661521.0221949,"logger":"http.log","msg":"server running","name":"srv0","protocols":["h1","h2","h3"]}
{"level":"info","ts":1778661521.0222933,"msg":"serving initial configuration"}
{"level":"info","ts":1778661521.0451329,"logger":"tls","msg":"storage cleaning happened too recently; skipping for now","storage":"FileStorage:/appsmith-stacks/data/caddy","instance":"a106c22c-794f-46f6-a690-e540da6957df","try_again":1778747921.045128,"try_again_in":86399.9999994}
{"level":"info","ts":1778661521.049295,"logger":"tls","msg":"finished cleaning storage units"}
{"level":"info","ts":1778661874.6338954,"msg":"quitting process immediately","signal":"SIGQUIT"}
