APPSMITH_GIT_ROOT: /appsmith-stacks/git-storage
{"level":"info","ts":1778548065.9081178,"msg":"using config from file","file":"/tmp/appsmith/Caddyfile"}
{"level":"warn","ts":1778548065.910347,"msg":"The nested 'metrics' option inside `servers` is deprecated and will be removed in the next major version. Use the global 'metrics' option instead."}
{"level":"info","ts":1778548065.923383,"msg":"adapted config to JSON","adapter":"caddyfile"}
{"level":"info","ts":1778548066.2560048,"msg":"maxprocs: Leaving GOMAXPROCS=8: CPU quota undefined"}
{"level":"info","ts":1778548066.2560463,"msg":"GOMEMLIMIT is updated","GOMEMLIMIT":3593886105,"previous":9223372036854775807}
{"level":"info","ts":1778548066.2560546,"msg":"using config from file","file":"/tmp/appsmith/Caddyfile"}
{"level":"warn","ts":1778548066.2560594,"msg":"The nested 'metrics' option inside `servers` is deprecated and will be removed in the next major version. Use the global 'metrics' option instead."}
{"level":"info","ts":1778548066.256063,"msg":"adapted config to JSON","adapter":"caddyfile"}
{"level":"info","ts":1778548066.3370097,"logger":"admin","msg":"admin endpoint started","address":"0.0.0.0:2019","enforce_origin":false,"origins":["//0.0.0.0:2019"]}
{"level":"warn","ts":1778548066.337108,"logger":"admin","msg":"admin endpoint on open interface; host checking disabled","address":"0.0.0.0:2019"}
{"level":"info","ts":1778548066.3432705,"logger":"tls.cache.maintenance","msg":"started background certificate maintenance","cache":"0x1f443726a000"}
{"level":"warn","ts":1778548066.425674,"logger":"http.auto_https","msg":"server is listening only on the HTTP port, so no automatic HTTPS will be applied to this server","server_name":"srv0","http_port":80}
{"level":"warn","ts":1778548066.4381216,"logger":"http","msg":"HTTP/2 skipped because it requires TLS","network":"tcp","addr":":80"}
{"level":"warn","ts":1778548066.4382102,"logger":"http","msg":"HTTP/3 skipped because it requires TLS","network":"tcp","addr":":80"}
{"level":"info","ts":1778548066.4382198,"logger":"http.log","msg":"server running","name":"srv0","protocols":["h1","h2","h3"]}
{"level":"info","ts":1778548066.4384143,"msg":"serving initial configuration"}
{"level":"info","ts":1778548066.5238671,"logger":"tls","msg":"storage cleaning happened too recently; skipping for now","storage":"FileStorage:/appsmith-stacks/data/caddy","instance":"a106c22c-794f-46f6-a690-e540da6957df","try_again":1778634466.5238614,"try_again_in":86399.999998199}
{"level":"info","ts":1778548066.5326767,"logger":"tls","msg":"finished cleaning storage units"}
{"level":"info","ts":1778548915.4237914,"msg":"quitting process immediately","signal":"SIGQUIT"}
APPSMITH_GIT_ROOT: /appsmith-stacks/git-storage
{"level":"info","ts":1778548968.033397,"msg":"using config from file","file":"/tmp/appsmith/Caddyfile"}
{"level":"warn","ts":1778548968.0462437,"msg":"The nested 'metrics' option inside `servers` is deprecated and will be removed in the next major version. Use the global 'metrics' option instead."}
{"level":"info","ts":1778548968.055608,"msg":"adapted config to JSON","adapter":"caddyfile"}
{"level":"info","ts":1778548968.2261074,"msg":"maxprocs: Leaving GOMAXPROCS=8: CPU quota undefined"}
{"level":"info","ts":1778548968.2262957,"msg":"GOMEMLIMIT is updated","GOMEMLIMIT":3593886105,"previous":9223372036854775807}
{"level":"info","ts":1778548968.2263103,"msg":"using config from file","file":"/tmp/appsmith/Caddyfile"}
{"level":"warn","ts":1778548968.2263153,"msg":"The nested 'metrics' option inside `servers` is deprecated and will be removed in the next major version. Use the global 'metrics' option instead."}
{"level":"info","ts":1778548968.2263877,"msg":"adapted config to JSON","adapter":"caddyfile"}
{"level":"info","ts":1778548968.2347577,"logger":"admin","msg":"admin endpoint started","address":"0.0.0.0:2019","enforce_origin":false,"origins":["//0.0.0.0:2019"]}
{"level":"warn","ts":1778548968.2348294,"logger":"admin","msg":"admin endpoint on open interface; host checking disabled","address":"0.0.0.0:2019"}
{"level":"info","ts":1778548968.2356377,"logger":"tls.cache.maintenance","msg":"started background certificate maintenance","cache":"0x15dd4abf0b80"}
{"level":"warn","ts":1778548968.2620213,"logger":"http.auto_https","msg":"server is listening only on the HTTP port, so no automatic HTTPS will be applied to this server","server_name":"srv0","http_port":80}
{"level":"warn","ts":1778548968.2666318,"logger":"http","msg":"HTTP/2 skipped because it requires TLS","network":"tcp","addr":":80"}
{"level":"warn","ts":1778548968.2666545,"logger":"http","msg":"HTTP/3 skipped because it requires TLS","network":"tcp","addr":":80"}
{"level":"info","ts":1778548968.2666607,"logger":"http.log","msg":"server running","name":"srv0","protocols":["h1","h2","h3"]}
{"level":"info","ts":1778548968.2667136,"msg":"serving initial configuration"}
{"level":"info","ts":1778548968.3090115,"logger":"tls","msg":"storage cleaning happened too recently; skipping for now","storage":"FileStorage:/appsmith-stacks/data/caddy","instance":"a106c22c-794f-46f6-a690-e540da6957df","try_again":1778635368.3090072,"try_again_in":86399.9999994}
{"level":"info","ts":1778548968.3144906,"logger":"tls","msg":"finished cleaning storage units"}
