APPSMITH_GIT_ROOT: /appsmith-stacks/git-storage
{"level":"info","ts":1779348964.5580995,"msg":"using config from file","file":"/tmp/appsmith/Caddyfile"}
{"level":"warn","ts":1779348964.5750678,"msg":"The nested 'metrics' option inside `servers` is deprecated and will be removed in the next major version. Use the global 'metrics' option instead."}
{"level":"info","ts":1779348964.5901182,"msg":"adapted config to JSON","adapter":"caddyfile"}
{"level":"info","ts":1779348964.7962554,"msg":"maxprocs: Leaving GOMAXPROCS=8: CPU quota undefined"}
{"level":"info","ts":1779348964.7964447,"msg":"GOMEMLIMIT is updated","GOMEMLIMIT":3593878732,"previous":9223372036854775807}
{"level":"info","ts":1779348964.7964573,"msg":"using config from file","file":"/tmp/appsmith/Caddyfile"}
{"level":"warn","ts":1779348964.796461,"msg":"The nested 'metrics' option inside `servers` is deprecated and will be removed in the next major version. Use the global 'metrics' option instead."}
{"level":"info","ts":1779348964.7964666,"msg":"adapted config to JSON","adapter":"caddyfile"}
{"level":"info","ts":1779348964.8228629,"logger":"admin","msg":"admin endpoint started","address":"0.0.0.0:2019","enforce_origin":false,"origins":["//0.0.0.0:2019"]}
{"level":"warn","ts":1779348964.8229518,"logger":"admin","msg":"admin endpoint on open interface; host checking disabled","address":"0.0.0.0:2019"}
{"level":"info","ts":1779348964.8248434,"logger":"tls.cache.maintenance","msg":"started background certificate maintenance","cache":"0x1f78702a6580"}
{"level":"warn","ts":1779348964.9087913,"logger":"http.auto_https","msg":"server is listening only on the HTTP port, so no automatic HTTPS will be applied to this server","server_name":"srv0","http_port":80}
{"level":"warn","ts":1779348964.9234521,"logger":"http","msg":"HTTP/2 skipped because it requires TLS","network":"tcp","addr":":80"}
{"level":"warn","ts":1779348964.923511,"logger":"http","msg":"HTTP/3 skipped because it requires TLS","network":"tcp","addr":":80"}
{"level":"info","ts":1779348964.923521,"logger":"http.log","msg":"server running","name":"srv0","protocols":["h1","h2","h3"]}
{"level":"info","ts":1779348964.9237347,"msg":"serving initial configuration"}
{"level":"info","ts":1779348964.9469118,"logger":"tls","msg":"storage cleaning happened too recently; skipping for now","storage":"FileStorage:/appsmith-stacks/data/caddy","instance":"a106c22c-794f-46f6-a690-e540da6957df","try_again":1779435364.9469068,"try_again_in":86399.9999993}
{"level":"info","ts":1779348964.9518492,"logger":"tls","msg":"finished cleaning storage units"}
{"level":"info","ts":1779351814.670106,"msg":"quitting process immediately","signal":"SIGQUIT"}
