APPSMITH_GIT_ROOT: /appsmith-stacks/git-storage
{"level":"info","ts":1778566730.5029287,"msg":"using config from file","file":"/tmp/appsmith/Caddyfile"}
{"level":"warn","ts":1778566730.5069172,"msg":"The nested 'metrics' option inside `servers` is deprecated and will be removed in the next major version. Use the global 'metrics' option instead."}
{"level":"info","ts":1778566730.5175824,"msg":"adapted config to JSON","adapter":"caddyfile"}
{"level":"info","ts":1778566730.68593,"msg":"maxprocs: Leaving GOMAXPROCS=8: CPU quota undefined"}
{"level":"info","ts":1778566730.6859603,"msg":"GOMEMLIMIT is updated","GOMEMLIMIT":3593886105,"previous":9223372036854775807}
{"level":"info","ts":1778566730.6859663,"msg":"using config from file","file":"/tmp/appsmith/Caddyfile"}
{"level":"warn","ts":1778566730.6859708,"msg":"The nested 'metrics' option inside `servers` is deprecated and will be removed in the next major version. Use the global 'metrics' option instead."}
{"level":"info","ts":1778566730.6859744,"msg":"adapted config to JSON","adapter":"caddyfile"}
{"level":"info","ts":1778566730.697179,"logger":"admin","msg":"admin endpoint started","address":"0.0.0.0:2019","enforce_origin":false,"origins":["//0.0.0.0:2019"]}
{"level":"warn","ts":1778566730.6972487,"logger":"admin","msg":"admin endpoint on open interface; host checking disabled","address":"0.0.0.0:2019"}
{"level":"info","ts":1778566730.7008438,"logger":"tls.cache.maintenance","msg":"started background certificate maintenance","cache":"0x38a42eeb200"}
{"level":"warn","ts":1778566730.7563717,"logger":"http.auto_https","msg":"server is listening only on the HTTP port, so no automatic HTTPS will be applied to this server","server_name":"srv0","http_port":80}
{"level":"warn","ts":1778566730.7583725,"logger":"http","msg":"HTTP/2 skipped because it requires TLS","network":"tcp","addr":":80"}
{"level":"warn","ts":1778566730.7584343,"logger":"http","msg":"HTTP/3 skipped because it requires TLS","network":"tcp","addr":":80"}
{"level":"info","ts":1778566730.758443,"logger":"http.log","msg":"server running","name":"srv0","protocols":["h1","h2","h3"]}
{"level":"info","ts":1778566730.758505,"msg":"serving initial configuration"}
{"level":"info","ts":1778566730.7805183,"logger":"tls","msg":"storage cleaning happened too recently; skipping for now","storage":"FileStorage:/appsmith-stacks/data/caddy","instance":"a106c22c-794f-46f6-a690-e540da6957df","try_again":1778653130.780513,"try_again_in":86399.9999991}
{"level":"info","ts":1778566730.7851634,"logger":"tls","msg":"finished cleaning storage units"}
APPSMITH_GIT_ROOT: /appsmith-stacks/git-storage
{"level":"info","ts":1778567839.324349,"msg":"using config from file","file":"/tmp/appsmith/Caddyfile"}
{"level":"warn","ts":1778567839.3253186,"msg":"The nested 'metrics' option inside `servers` is deprecated and will be removed in the next major version. Use the global 'metrics' option instead."}
{"level":"info","ts":1778567839.330828,"msg":"adapted config to JSON","adapter":"caddyfile"}
{"level":"info","ts":1778567839.4187412,"msg":"maxprocs: Leaving GOMAXPROCS=8: CPU quota undefined"}
{"level":"info","ts":1778567839.4187956,"msg":"GOMEMLIMIT is updated","GOMEMLIMIT":3593886105,"previous":9223372036854775807}
{"level":"info","ts":1778567839.4188056,"msg":"using config from file","file":"/tmp/appsmith/Caddyfile"}
{"level":"warn","ts":1778567839.4188101,"msg":"The nested 'metrics' option inside `servers` is deprecated and will be removed in the next major version. Use the global 'metrics' option instead."}
{"level":"info","ts":1778567839.4188132,"msg":"adapted config to JSON","adapter":"caddyfile"}
{"level":"info","ts":1778567839.4298487,"logger":"admin","msg":"admin endpoint started","address":"0.0.0.0:2019","enforce_origin":false,"origins":["//0.0.0.0:2019"]}
{"level":"warn","ts":1778567839.4299047,"logger":"admin","msg":"admin endpoint on open interface; host checking disabled","address":"0.0.0.0:2019"}
{"level":"info","ts":1778567839.43057,"logger":"tls.cache.maintenance","msg":"started background certificate maintenance","cache":"0x28fe6f1af180"}
{"level":"warn","ts":1778567839.4732127,"logger":"http.auto_https","msg":"server is listening only on the HTTP port, so no automatic HTTPS will be applied to this server","server_name":"srv0","http_port":80}
{"level":"warn","ts":1778567839.4751983,"logger":"http","msg":"HTTP/2 skipped because it requires TLS","network":"tcp","addr":":80"}
{"level":"warn","ts":1778567839.47525,"logger":"http","msg":"HTTP/3 skipped because it requires TLS","network":"tcp","addr":":80"}
{"level":"info","ts":1778567839.4752603,"logger":"http.log","msg":"server running","name":"srv0","protocols":["h1","h2","h3"]}
{"level":"info","ts":1778567839.47531,"msg":"serving initial configuration"}
{"level":"info","ts":1778567839.4920313,"logger":"tls","msg":"storage cleaning happened too recently; skipping for now","storage":"FileStorage:/appsmith-stacks/data/caddy","instance":"a106c22c-794f-46f6-a690-e540da6957df","try_again":1778654239.4920278,"try_again_in":86399.9999992}
{"level":"info","ts":1778567839.4951425,"logger":"tls","msg":"finished cleaning storage units"}
APPSMITH_GIT_ROOT: /appsmith-stacks/git-storage
{"level":"info","ts":1778568312.5426192,"msg":"using config from file","file":"/tmp/appsmith/Caddyfile"}
{"level":"warn","ts":1778568312.5440273,"msg":"The nested 'metrics' option inside `servers` is deprecated and will be removed in the next major version. Use the global 'metrics' option instead."}
{"level":"info","ts":1778568312.5626225,"msg":"adapted config to JSON","adapter":"caddyfile"}
{"level":"info","ts":1778568312.6671646,"msg":"maxprocs: Leaving GOMAXPROCS=8: CPU quota undefined"}
{"level":"info","ts":1778568312.667231,"msg":"GOMEMLIMIT is updated","GOMEMLIMIT":3593886105,"previous":9223372036854775807}
{"level":"info","ts":1778568312.6672428,"msg":"using config from file","file":"/tmp/appsmith/Caddyfile"}
{"level":"warn","ts":1778568312.667248,"msg":"The nested 'metrics' option inside `servers` is deprecated and will be removed in the next major version. Use the global 'metrics' option instead."}
{"level":"info","ts":1778568312.667253,"msg":"adapted config to JSON","adapter":"caddyfile"}
{"level":"info","ts":1778568312.673768,"logger":"admin","msg":"admin endpoint started","address":"0.0.0.0:2019","enforce_origin":false,"origins":["//0.0.0.0:2019"]}
{"level":"warn","ts":1778568312.67384,"logger":"admin","msg":"admin endpoint on open interface; host checking disabled","address":"0.0.0.0:2019"}
{"level":"info","ts":1778568312.6742938,"logger":"tls.cache.maintenance","msg":"started background certificate maintenance","cache":"0x2d94a5a7af00"}
{"level":"warn","ts":1778568312.6980243,"logger":"http.auto_https","msg":"server is listening only on the HTTP port, so no automatic HTTPS will be applied to this server","server_name":"srv0","http_port":80}
{"level":"warn","ts":1778568312.7002707,"logger":"http","msg":"HTTP/2 skipped because it requires TLS","network":"tcp","addr":":80"}
{"level":"warn","ts":1778568312.7003286,"logger":"http","msg":"HTTP/3 skipped because it requires TLS","network":"tcp","addr":":80"}
{"level":"info","ts":1778568312.7003398,"logger":"http.log","msg":"server running","name":"srv0","protocols":["h1","h2","h3"]}
{"level":"info","ts":1778568312.700421,"msg":"serving initial configuration"}
{"level":"info","ts":1778568312.7165072,"logger":"tls","msg":"storage cleaning happened too recently; skipping for now","storage":"FileStorage:/appsmith-stacks/data/caddy","instance":"a106c22c-794f-46f6-a690-e540da6957df","try_again":1778654712.7165039,"try_again_in":86399.9999993}
{"level":"info","ts":1778568312.725409,"logger":"tls","msg":"finished cleaning storage units"}
