APPSMITH_GIT_ROOT: /appsmith-stacks/git-storage
{"level":"info","ts":1779097099.8499544,"msg":"using config from file","file":"/tmp/appsmith/Caddyfile"}
{"level":"warn","ts":1779097099.851495,"msg":"The nested 'metrics' option inside `servers` is deprecated and will be removed in the next major version. Use the global 'metrics' option instead."}
{"level":"info","ts":1779097099.8671067,"msg":"adapted config to JSON","adapter":"caddyfile"}
{"level":"info","ts":1779097100.0939696,"msg":"maxprocs: Leaving GOMAXPROCS=8: CPU quota undefined"}
{"level":"info","ts":1779097100.094009,"msg":"GOMEMLIMIT is updated","GOMEMLIMIT":3593889792,"previous":9223372036854775807}
{"level":"info","ts":1779097100.0940175,"msg":"using config from file","file":"/tmp/appsmith/Caddyfile"}
{"level":"warn","ts":1779097100.0940225,"msg":"The nested 'metrics' option inside `servers` is deprecated and will be removed in the next major version. Use the global 'metrics' option instead."}
{"level":"info","ts":1779097100.0940263,"msg":"adapted config to JSON","adapter":"caddyfile"}
{"level":"info","ts":1779097100.1116745,"logger":"admin","msg":"admin endpoint started","address":"0.0.0.0:2019","enforce_origin":false,"origins":["//0.0.0.0:2019"]}
{"level":"warn","ts":1779097100.1117501,"logger":"admin","msg":"admin endpoint on open interface; host checking disabled","address":"0.0.0.0:2019"}
{"level":"info","ts":1779097100.1153302,"logger":"tls.cache.maintenance","msg":"started background certificate maintenance","cache":"0xae545711d00"}
{"level":"warn","ts":1779097100.1692822,"logger":"http.auto_https","msg":"server is listening only on the HTTP port, so no automatic HTTPS will be applied to this server","server_name":"srv0","http_port":80}
{"level":"warn","ts":1779097100.1716197,"logger":"http","msg":"HTTP/2 skipped because it requires TLS","network":"tcp","addr":":80"}
{"level":"warn","ts":1779097100.1716404,"logger":"http","msg":"HTTP/3 skipped because it requires TLS","network":"tcp","addr":":80"}
{"level":"info","ts":1779097100.1716459,"logger":"http.log","msg":"server running","name":"srv0","protocols":["h1","h2","h3"]}
{"level":"info","ts":1779097100.1721983,"msg":"serving initial configuration"}
{"level":"info","ts":1779097100.1935048,"logger":"tls","msg":"storage cleaning happened too recently; skipping for now","storage":"FileStorage:/appsmith-stacks/data/caddy","instance":"a106c22c-794f-46f6-a690-e540da6957df","try_again":1779183500.1935008,"try_again_in":86399.9999992}
{"level":"info","ts":1779097100.198814,"logger":"tls","msg":"finished cleaning storage units"}
{"level":"info","ts":1779097258.5689375,"msg":"quitting process immediately","signal":"SIGQUIT"}
