APPSMITH_GIT_ROOT: /appsmith-stacks/git-storage
{"level":"info","ts":1778662868.8057365,"msg":"using config from file","file":"/tmp/appsmith/Caddyfile"}
{"level":"warn","ts":1778662868.8066573,"msg":"The nested 'metrics' option inside `servers` is deprecated and will be removed in the next major version. Use the global 'metrics' option instead."}
{"level":"info","ts":1778662868.813403,"msg":"adapted config to JSON","adapter":"caddyfile"}
{"level":"info","ts":1778662868.902988,"msg":"maxprocs: Leaving GOMAXPROCS=8: CPU quota undefined"}
{"level":"info","ts":1778662868.9030457,"msg":"GOMEMLIMIT is updated","GOMEMLIMIT":3593886105,"previous":9223372036854775807}
{"level":"info","ts":1778662868.903056,"msg":"using config from file","file":"/tmp/appsmith/Caddyfile"}
{"level":"warn","ts":1778662868.90306,"msg":"The nested 'metrics' option inside `servers` is deprecated and will be removed in the next major version. Use the global 'metrics' option instead."}
{"level":"info","ts":1778662868.9030635,"msg":"adapted config to JSON","adapter":"caddyfile"}
{"level":"info","ts":1778662868.9135034,"logger":"admin","msg":"admin endpoint started","address":"0.0.0.0:2019","enforce_origin":false,"origins":["//0.0.0.0:2019"]}
{"level":"warn","ts":1778662868.9135375,"logger":"admin","msg":"admin endpoint on open interface; host checking disabled","address":"0.0.0.0:2019"}
{"level":"info","ts":1778662868.914187,"logger":"tls.cache.maintenance","msg":"started background certificate maintenance","cache":"0x295ccffc3d80"}
{"level":"warn","ts":1778662868.9323678,"logger":"http.auto_https","msg":"server is listening only on the HTTP port, so no automatic HTTPS will be applied to this server","server_name":"srv0","http_port":80}
{"level":"warn","ts":1778662868.9340675,"logger":"http","msg":"HTTP/2 skipped because it requires TLS","network":"tcp","addr":":80"}
{"level":"warn","ts":1778662868.934303,"logger":"http","msg":"HTTP/3 skipped because it requires TLS","network":"tcp","addr":":80"}
{"level":"info","ts":1778662868.9343157,"logger":"http.log","msg":"server running","name":"srv0","protocols":["h1","h2","h3"]}
{"level":"info","ts":1778662868.934696,"msg":"serving initial configuration"}
{"level":"info","ts":1778662868.9601858,"logger":"tls","msg":"storage cleaning happened too recently; skipping for now","storage":"FileStorage:/appsmith-stacks/data/caddy","instance":"a106c22c-794f-46f6-a690-e540da6957df","try_again":1778749268.9601805,"try_again_in":86399.9999993}
{"level":"info","ts":1778662868.9643342,"logger":"tls","msg":"finished cleaning storage units"}
APPSMITH_GIT_ROOT: /appsmith-stacks/git-storage
{"level":"info","ts":1778727798.6468534,"msg":"using config from file","file":"/tmp/appsmith/Caddyfile"}
{"level":"warn","ts":1778727798.6544652,"msg":"The nested 'metrics' option inside `servers` is deprecated and will be removed in the next major version. Use the global 'metrics' option instead."}
{"level":"info","ts":1778727798.668285,"msg":"adapted config to JSON","adapter":"caddyfile"}
{"level":"info","ts":1778727798.8154323,"msg":"maxprocs: Leaving GOMAXPROCS=8: CPU quota undefined"}
{"level":"info","ts":1778727798.8155031,"msg":"GOMEMLIMIT is updated","GOMEMLIMIT":3593886105,"previous":9223372036854775807}
{"level":"info","ts":1778727798.815514,"msg":"using config from file","file":"/tmp/appsmith/Caddyfile"}
{"level":"warn","ts":1778727798.8155181,"msg":"The nested 'metrics' option inside `servers` is deprecated and will be removed in the next major version. Use the global 'metrics' option instead."}
{"level":"info","ts":1778727798.8155217,"msg":"adapted config to JSON","adapter":"caddyfile"}
{"level":"info","ts":1778727798.824151,"logger":"admin","msg":"admin endpoint started","address":"0.0.0.0:2019","enforce_origin":false,"origins":["//0.0.0.0:2019"]}
{"level":"warn","ts":1778727798.8242254,"logger":"admin","msg":"admin endpoint on open interface; host checking disabled","address":"0.0.0.0:2019"}
{"level":"info","ts":1778727798.825108,"logger":"tls.cache.maintenance","msg":"started background certificate maintenance","cache":"0xd4e4a9e7380"}
{"level":"warn","ts":1778727798.8674648,"logger":"http.auto_https","msg":"server is listening only on the HTTP port, so no automatic HTTPS will be applied to this server","server_name":"srv0","http_port":80}
{"level":"warn","ts":1778727798.870444,"logger":"http","msg":"HTTP/2 skipped because it requires TLS","network":"tcp","addr":":80"}
{"level":"warn","ts":1778727798.8704708,"logger":"http","msg":"HTTP/3 skipped because it requires TLS","network":"tcp","addr":":80"}
{"level":"info","ts":1778727798.8704762,"logger":"http.log","msg":"server running","name":"srv0","protocols":["h1","h2","h3"]}
{"level":"info","ts":1778727798.8705082,"msg":"serving initial configuration"}
{"level":"info","ts":1778727798.921251,"logger":"tls","msg":"storage cleaning happened too recently; skipping for now","storage":"FileStorage:/appsmith-stacks/data/caddy","instance":"a106c22c-794f-46f6-a690-e540da6957df","try_again":1778814198.921247,"try_again_in":86399.9999985}
{"level":"info","ts":1778727798.9364502,"logger":"tls","msg":"finished cleaning storage units"}
APPSMITH_GIT_ROOT: /appsmith-stacks/git-storage
{"level":"info","ts":1778808834.5109315,"msg":"using config from file","file":"/tmp/appsmith/Caddyfile"}
{"level":"warn","ts":1778808834.5119567,"msg":"The nested 'metrics' option inside `servers` is deprecated and will be removed in the next major version. Use the global 'metrics' option instead."}
{"level":"info","ts":1778808834.5182014,"msg":"adapted config to JSON","adapter":"caddyfile"}
{"level":"info","ts":1778808834.5945303,"msg":"maxprocs: Leaving GOMAXPROCS=8: CPU quota undefined"}
{"level":"info","ts":1778808834.5945816,"msg":"GOMEMLIMIT is updated","GOMEMLIMIT":3593886105,"previous":9223372036854775807}
{"level":"info","ts":1778808834.5945892,"msg":"using config from file","file":"/tmp/appsmith/Caddyfile"}
{"level":"warn","ts":1778808834.594592,"msg":"The nested 'metrics' option inside `servers` is deprecated and will be removed in the next major version. Use the global 'metrics' option instead."}
{"level":"info","ts":1778808834.594594,"msg":"adapted config to JSON","adapter":"caddyfile"}
{"level":"info","ts":1778808834.5995207,"logger":"admin","msg":"admin endpoint started","address":"0.0.0.0:2019","enforce_origin":false,"origins":["//0.0.0.0:2019"]}
{"level":"warn","ts":1778808834.5995736,"logger":"admin","msg":"admin endpoint on open interface; host checking disabled","address":"0.0.0.0:2019"}
{"level":"info","ts":1778808834.6002014,"logger":"tls.cache.maintenance","msg":"started background certificate maintenance","cache":"0x2fd6761eb280"}
{"level":"warn","ts":1778808834.6173692,"logger":"http.auto_https","msg":"server is listening only on the HTTP port, so no automatic HTTPS will be applied to this server","server_name":"srv0","http_port":80}
{"level":"warn","ts":1778808834.6201205,"logger":"http","msg":"HTTP/2 skipped because it requires TLS","network":"tcp","addr":":80"}
{"level":"warn","ts":1778808834.620185,"logger":"http","msg":"HTTP/3 skipped because it requires TLS","network":"tcp","addr":":80"}
{"level":"info","ts":1778808834.6201956,"logger":"http.log","msg":"server running","name":"srv0","protocols":["h1","h2","h3"]}
{"level":"info","ts":1778808834.620321,"msg":"serving initial configuration"}
{"level":"info","ts":1778808834.6431448,"logger":"tls","msg":"storage cleaning happened too recently; skipping for now","storage":"FileStorage:/appsmith-stacks/data/caddy","instance":"a106c22c-794f-46f6-a690-e540da6957df","try_again":1778895234.6431413,"try_again_in":86399.9999992}
{"level":"info","ts":1778808834.6469367,"logger":"tls","msg":"finished cleaning storage units"}
APPSMITH_GIT_ROOT: /appsmith-stacks/git-storage
{"level":"info","ts":1779066926.3635821,"msg":"using config from file","file":"/tmp/appsmith/Caddyfile"}
{"level":"warn","ts":1779066926.3646863,"msg":"The nested 'metrics' option inside `servers` is deprecated and will be removed in the next major version. Use the global 'metrics' option instead."}
{"level":"info","ts":1779066926.3742695,"msg":"adapted config to JSON","adapter":"caddyfile"}
{"level":"info","ts":1779066926.503875,"msg":"maxprocs: Leaving GOMAXPROCS=8: CPU quota undefined"}
{"level":"info","ts":1779066926.5039396,"msg":"GOMEMLIMIT is updated","GOMEMLIMIT":3593889792,"previous":9223372036854775807}
{"level":"info","ts":1779066926.5039506,"msg":"using config from file","file":"/tmp/appsmith/Caddyfile"}
{"level":"warn","ts":1779066926.503954,"msg":"The nested 'metrics' option inside `servers` is deprecated and will be removed in the next major version. Use the global 'metrics' option instead."}
{"level":"info","ts":1779066926.5039563,"msg":"adapted config to JSON","adapter":"caddyfile"}
{"level":"info","ts":1779066926.524722,"logger":"admin","msg":"admin endpoint started","address":"0.0.0.0:2019","enforce_origin":false,"origins":["//0.0.0.0:2019"]}
{"level":"warn","ts":1779066926.5248342,"logger":"admin","msg":"admin endpoint on open interface; host checking disabled","address":"0.0.0.0:2019"}
{"level":"info","ts":1779066926.527084,"logger":"tls.cache.maintenance","msg":"started background certificate maintenance","cache":"0x3a5ec2c51400"}
{"level":"warn","ts":1779066926.5739422,"logger":"http.auto_https","msg":"server is listening only on the HTTP port, so no automatic HTTPS will be applied to this server","server_name":"srv0","http_port":80}
{"level":"warn","ts":1779066926.5878391,"logger":"http","msg":"HTTP/2 skipped because it requires TLS","network":"tcp","addr":":80"}
{"level":"warn","ts":1779066926.5878727,"logger":"http","msg":"HTTP/3 skipped because it requires TLS","network":"tcp","addr":":80"}
{"level":"info","ts":1779066926.5878794,"logger":"http.log","msg":"server running","name":"srv0","protocols":["h1","h2","h3"]}
{"level":"info","ts":1779066926.5880542,"msg":"serving initial configuration"}
{"level":"info","ts":1779066926.6647859,"logger":"tls","msg":"storage cleaning happened too recently; skipping for now","storage":"FileStorage:/appsmith-stacks/data/caddy","instance":"a106c22c-794f-46f6-a690-e540da6957df","try_again":1779153326.6647801,"try_again_in":86399.9999984}
{"level":"info","ts":1779066926.6703115,"logger":"tls","msg":"finished cleaning storage units"}
{"level":"info","ts":1779096431.2335172,"msg":"quitting process immediately","signal":"SIGQUIT"}
APPSMITH_GIT_ROOT: /appsmith-stacks/git-storage
{"level":"info","ts":1779096457.9489512,"msg":"using config from file","file":"/tmp/appsmith/Caddyfile"}
{"level":"warn","ts":1779096457.9551775,"msg":"The nested 'metrics' option inside `servers` is deprecated and will be removed in the next major version. Use the global 'metrics' option instead."}
{"level":"info","ts":1779096457.9713829,"msg":"adapted config to JSON","adapter":"caddyfile"}
{"level":"info","ts":1779096458.2427456,"msg":"maxprocs: Leaving GOMAXPROCS=8: CPU quota undefined"}
{"level":"info","ts":1779096458.2428083,"msg":"GOMEMLIMIT is updated","GOMEMLIMIT":3593889792,"previous":9223372036854775807}
{"level":"info","ts":1779096458.2428193,"msg":"using config from file","file":"/tmp/appsmith/Caddyfile"}
{"level":"warn","ts":1779096458.242824,"msg":"The nested 'metrics' option inside `servers` is deprecated and will be removed in the next major version. Use the global 'metrics' option instead."}
{"level":"info","ts":1779096458.2428281,"msg":"adapted config to JSON","adapter":"caddyfile"}
{"level":"info","ts":1779096458.2553105,"logger":"admin","msg":"admin endpoint started","address":"0.0.0.0:2019","enforce_origin":false,"origins":["//0.0.0.0:2019"]}
{"level":"warn","ts":1779096458.2553704,"logger":"admin","msg":"admin endpoint on open interface; host checking disabled","address":"0.0.0.0:2019"}
{"level":"info","ts":1779096458.2577815,"logger":"tls.cache.maintenance","msg":"started background certificate maintenance","cache":"0x2f22b8d25980"}
{"level":"warn","ts":1779096458.3507757,"logger":"http.auto_https","msg":"server is listening only on the HTTP port, so no automatic HTTPS will be applied to this server","server_name":"srv0","http_port":80}
{"level":"warn","ts":1779096458.361705,"logger":"http","msg":"HTTP/2 skipped because it requires TLS","network":"tcp","addr":":80"}
{"level":"warn","ts":1779096458.3617644,"logger":"http","msg":"HTTP/3 skipped because it requires TLS","network":"tcp","addr":":80"}
{"level":"info","ts":1779096458.3617759,"logger":"http.log","msg":"server running","name":"srv0","protocols":["h1","h2","h3"]}
{"level":"info","ts":1779096458.3618157,"msg":"serving initial configuration"}
{"level":"info","ts":1779096458.4093308,"logger":"tls","msg":"storage cleaning happened too recently; skipping for now","storage":"FileStorage:/appsmith-stacks/data/caddy","instance":"a106c22c-794f-46f6-a690-e540da6957df","try_again":1779182858.4093256,"try_again_in":86399.9999992}
{"level":"info","ts":1779096458.4128766,"logger":"tls","msg":"finished cleaning storage units"}
{"level":"info","ts":1779097070.9414148,"msg":"quitting process immediately","signal":"SIGQUIT"}
