APPSMITH_GIT_ROOT: /appsmith-stacks/git-storage
{"level":"info","ts":1781056187.5848186,"msg":"using config from file","file":"/tmp/appsmith/Caddyfile"}
{"level":"info","ts":1781056187.5914862,"msg":"adapted config to JSON","adapter":"caddyfile"}
{"level":"info","ts":1781056187.6579866,"msg":"maxprocs: Leaving GOMAXPROCS=8: CPU quota undefined"}
{"level":"info","ts":1781056187.658051,"msg":"GOMEMLIMIT is updated","GOMEMLIMIT":3593878732,"previous":9223372036854775807}
{"level":"info","ts":1781056187.6580617,"msg":"using config from file","file":"/tmp/appsmith/Caddyfile"}
{"level":"info","ts":1781056187.658066,"msg":"adapted config to JSON","adapter":"caddyfile"}
{"level":"info","ts":1781056187.6588001,"logger":"admin","msg":"admin endpoint started","address":"unix//tmp/appsmith/caddy.sock","enforce_origin":false,"origins":[]}
{"level":"warn","ts":1781056187.658821,"logger":"admin","msg":"admin endpoint on open interface; host checking disabled","address":"unix//tmp/appsmith/caddy.sock"}
{"level":"info","ts":1781056187.659803,"logger":"tls.cache.maintenance","msg":"started background certificate maintenance","cache":"0x2071e4cf6b80"}
{"level":"warn","ts":1781056187.6760006,"logger":"http.auto_https","msg":"server is listening only on the HTTP port, so no automatic HTTPS will be applied to this server","server_name":"srv1","http_port":80}
{"level":"warn","ts":1781056187.6902366,"logger":"http","msg":"HTTP/2 skipped because it requires TLS","network":"tcp","addr":":80"}
{"level":"warn","ts":1781056187.690307,"logger":"http","msg":"HTTP/3 skipped because it requires TLS","network":"tcp","addr":":80"}
{"level":"info","ts":1781056187.6903155,"logger":"http.log","msg":"server running","name":"srv1","protocols":["h1","h2","h3"]}
{"level":"warn","ts":1781056187.6903784,"logger":"http","msg":"HTTP/2 skipped because it requires TLS","network":"tcp","addr":":2019"}
{"level":"warn","ts":1781056187.6903832,"logger":"http","msg":"HTTP/3 skipped because it requires TLS","network":"tcp","addr":":2019"}
{"level":"info","ts":1781056187.6903853,"logger":"http.log","msg":"server running","name":"srv0","protocols":["h1","h2","h3"]}
{"level":"info","ts":1781056187.690444,"msg":"serving initial configuration"}
{"level":"info","ts":1781056187.705806,"logger":"tls","msg":"storage cleaning happened too recently; skipping for now","storage":"FileStorage:/appsmith-stacks/data/caddy","instance":"a106c22c-794f-46f6-a690-e540da6957df","try_again":1781142587.7057974,"try_again_in":86399.9999994}
{"level":"info","ts":1781056187.7104015,"logger":"tls","msg":"finished cleaning storage units"}
{"level":"info","ts":1781056730.271211,"msg":"quitting process immediately","signal":"SIGQUIT"}
