APPSMITH_GIT_ROOT: /appsmith-stacks/git-storage
{"level":"info","ts":1778662457.1020954,"msg":"using config from file","file":"/tmp/appsmith/Caddyfile"}
{"level":"warn","ts":1778662457.1033232,"msg":"The nested 'metrics' option inside `servers` is deprecated and will be removed in the next major version. Use the global 'metrics' option instead."}
{"level":"info","ts":1778662457.110697,"msg":"adapted config to JSON","adapter":"caddyfile"}
{"level":"info","ts":1778662457.2464268,"msg":"maxprocs: Leaving GOMAXPROCS=8: CPU quota undefined"}
{"level":"info","ts":1778662457.2465303,"msg":"GOMEMLIMIT is updated","GOMEMLIMIT":3593886105,"previous":9223372036854775807}
{"level":"info","ts":1778662457.2465415,"msg":"using config from file","file":"/tmp/appsmith/Caddyfile"}
{"level":"warn","ts":1778662457.246546,"msg":"The nested 'metrics' option inside `servers` is deprecated and will be removed in the next major version. Use the global 'metrics' option instead."}
{"level":"info","ts":1778662457.2465496,"msg":"adapted config to JSON","adapter":"caddyfile"}
{"level":"info","ts":1778662457.2568936,"logger":"admin","msg":"admin endpoint started","address":"0.0.0.0:2019","enforce_origin":false,"origins":["//0.0.0.0:2019"]}
{"level":"warn","ts":1778662457.256933,"logger":"admin","msg":"admin endpoint on open interface; host checking disabled","address":"0.0.0.0:2019"}
{"level":"info","ts":1778662457.2630796,"logger":"tls.cache.maintenance","msg":"started background certificate maintenance","cache":"0x2559a1a86400"}
{"level":"warn","ts":1778662457.306741,"logger":"http.auto_https","msg":"server is listening only on the HTTP port, so no automatic HTTPS will be applied to this server","server_name":"srv0","http_port":80}
{"level":"warn","ts":1778662457.3143184,"logger":"http","msg":"HTTP/2 skipped because it requires TLS","network":"tcp","addr":":80"}
{"level":"warn","ts":1778662457.3144486,"logger":"http","msg":"HTTP/3 skipped because it requires TLS","network":"tcp","addr":":80"}
{"level":"info","ts":1778662457.3144605,"logger":"http.log","msg":"server running","name":"srv0","protocols":["h1","h2","h3"]}
{"level":"info","ts":1778662457.3144999,"msg":"serving initial configuration"}
{"level":"info","ts":1778662457.366793,"logger":"tls","msg":"storage cleaning happened too recently; skipping for now","storage":"FileStorage:/appsmith-stacks/data/caddy","instance":"a106c22c-794f-46f6-a690-e540da6957df","try_again":1778748857.366788,"try_again_in":86399.999999}
{"level":"info","ts":1778662457.380349,"logger":"tls","msg":"finished cleaning storage units"}
{"level":"info","ts":1778662535.5911214,"msg":"quitting process immediately","signal":"SIGQUIT"}
