APPSMITH_GIT_ROOT: /appsmith-stacks/git-storage
{"level":"info","ts":1778578863.002373,"msg":"using config from file","file":"/tmp/appsmith/Caddyfile"}
{"level":"warn","ts":1778578863.0101542,"msg":"The nested 'metrics' option inside `servers` is deprecated and will be removed in the next major version. Use the global 'metrics' option instead."}
{"level":"info","ts":1778578863.0319917,"msg":"adapted config to JSON","adapter":"caddyfile"}
{"level":"info","ts":1778578863.1603463,"msg":"maxprocs: Leaving GOMAXPROCS=8: CPU quota undefined"}
{"level":"info","ts":1778578863.1604052,"msg":"GOMEMLIMIT is updated","GOMEMLIMIT":3593886105,"previous":9223372036854775807}
{"level":"info","ts":1778578863.1604154,"msg":"using config from file","file":"/tmp/appsmith/Caddyfile"}
{"level":"warn","ts":1778578863.1604207,"msg":"The nested 'metrics' option inside `servers` is deprecated and will be removed in the next major version. Use the global 'metrics' option instead."}
{"level":"info","ts":1778578863.1604242,"msg":"adapted config to JSON","adapter":"caddyfile"}
{"level":"info","ts":1778578863.166656,"logger":"admin","msg":"admin endpoint started","address":"0.0.0.0:2019","enforce_origin":false,"origins":["//0.0.0.0:2019"]}
{"level":"warn","ts":1778578863.1666884,"logger":"admin","msg":"admin endpoint on open interface; host checking disabled","address":"0.0.0.0:2019"}
{"level":"info","ts":1778578863.1674333,"logger":"tls.cache.maintenance","msg":"started background certificate maintenance","cache":"0x6b8a22e9100"}
{"level":"warn","ts":1778578863.1904366,"logger":"http.auto_https","msg":"server is listening only on the HTTP port, so no automatic HTTPS will be applied to this server","server_name":"srv0","http_port":80}
{"level":"warn","ts":1778578863.192505,"logger":"http","msg":"HTTP/2 skipped because it requires TLS","network":"tcp","addr":":80"}
{"level":"warn","ts":1778578863.1925552,"logger":"http","msg":"HTTP/3 skipped because it requires TLS","network":"tcp","addr":":80"}
{"level":"info","ts":1778578863.1925662,"logger":"http.log","msg":"server running","name":"srv0","protocols":["h1","h2","h3"]}
{"level":"info","ts":1778578863.192618,"msg":"serving initial configuration"}
{"level":"info","ts":1778578863.2127974,"logger":"tls","msg":"storage cleaning happened too recently; skipping for now","storage":"FileStorage:/appsmith-stacks/data/caddy","instance":"a106c22c-794f-46f6-a690-e540da6957df","try_again":1778665263.2127924,"try_again_in":86399.999999}
{"level":"info","ts":1778578863.2172127,"logger":"tls","msg":"finished cleaning storage units"}
{"level":"info","ts":1778579376.9470384,"msg":"quitting process immediately","signal":"SIGQUIT"}
