{"__type":"$$EventMessageAudit","id":"6798cbeb-2be7-4c44-966f-fb1ed3ef7f3c","ts":"2026-06-19T11:13:42.688+07:00","eventName":"n8n.audit.workflow.executed","message":"n8n.audit.workflow.executed","payload":{"workflowId":"KVlRhtybz5Ho4gys","workflowName":"Auto_Procurement","executionId":"224","source":"webhook"}}
{"__type":"$$EventMessageConfirm","confirm":"6798cbeb-2be7-4c44-966f-fb1ed3ef7f3c","ts":"2026-06-19T11:13:42.692+07:00","source":{"id":"0","name":"eventBus"}}
{"__type":"$$EventMessageWorkflow","id":"c55dd134-ae37-42ae-a597-00ce02ec9062","ts":"2026-06-19T11:13:42.692+07:00","eventName":"n8n.workflow.started","message":"n8n.workflow.started","payload":{"executionId":"224","workflowId":"KVlRhtybz5Ho4gys","isManual":false,"mode":"manual","workflowName":"Auto_Procurement","projectId":"h2L0jogoBTqwjpXf","projectName":"Dinh Pham <khadinh41@gmail.com>"}}
{"__type":"$$EventMessageConfirm","confirm":"c55dd134-ae37-42ae-a597-00ce02ec9062","ts":"2026-06-19T11:13:42.692+07:00","source":{"id":"0","name":"eventBus"}}
{"__type":"$$EventMessageNode","id":"f4cb7d5a-4a68-4f58-b234-3fb1f8096654","ts":"2026-06-19T11:13:42.705+07:00","eventName":"n8n.node.started","message":"n8n.node.started","payload":{"workflowId":"KVlRhtybz5Ho4gys","workflowName":"Auto_Procurement","executionId":"224","nodeType":"n8n-nodes-base.webhook","nodeName":"Webhook","nodeId":"513fef5d-17bc-4aee-a6d8-bafcdff7b044"}}
{"__type":"$$EventMessageConfirm","confirm":"f4cb7d5a-4a68-4f58-b234-3fb1f8096654","ts":"2026-06-19T11:13:42.705+07:00","source":{"id":"0","name":"eventBus"}}
{"__type":"$$EventMessageNode","id":"fb8d4d15-3da8-4d0e-aae3-48dbec183720","ts":"2026-06-19T11:13:42.709+07:00","eventName":"n8n.node.finished","message":"n8n.node.finished","payload":{"workflowId":"KVlRhtybz5Ho4gys","workflowName":"Auto_Procurement","executionId":"224","nodeType":"n8n-nodes-base.webhook","nodeName":"Webhook","nodeId":"513fef5d-17bc-4aee-a6d8-bafcdff7b044"}}
{"__type":"$$EventMessageConfirm","confirm":"fb8d4d15-3da8-4d0e-aae3-48dbec183720","ts":"2026-06-19T11:13:42.709+07:00","source":{"id":"0","name":"eventBus"}}
{"__type":"$$EventMessageNode","id":"70b80e5c-95a6-4a8b-9869-59e7dc1fdff0","ts":"2026-06-19T11:13:42.711+07:00","eventName":"n8n.node.started","message":"n8n.node.started","payload":{"workflowId":"KVlRhtybz5Ho4gys","workflowName":"Auto_Procurement","executionId":"224","nodeType":"n8n-nodes-base.postgres","nodeName":"Execute a SQL query","nodeId":"391dc944-79ec-4d6f-a7df-ca0ba74fee58"}}
{"__type":"$$EventMessageConfirm","confirm":"70b80e5c-95a6-4a8b-9869-59e7dc1fdff0","ts":"2026-06-19T11:13:42.711+07:00","source":{"id":"0","name":"eventBus"}}
{"__type":"$$EventMessageNode","id":"3615749c-6543-4adf-a8d8-a9660cf171fe","ts":"2026-06-19T11:13:42.812+07:00","eventName":"n8n.node.finished","message":"n8n.node.finished","payload":{"workflowId":"KVlRhtybz5Ho4gys","workflowName":"Auto_Procurement","executionId":"224","nodeType":"n8n-nodes-base.postgres","nodeName":"Execute a SQL query","nodeId":"391dc944-79ec-4d6f-a7df-ca0ba74fee58"}}
{"__type":"$$EventMessageConfirm","confirm":"3615749c-6543-4adf-a8d8-a9660cf171fe","ts":"2026-06-19T11:13:42.812+07:00","source":{"id":"0","name":"eventBus"}}
{"__type":"$$EventMessageNode","id":"50280be3-772b-4ee4-902b-e73ca24abb53","ts":"2026-06-19T11:13:42.813+07:00","eventName":"n8n.node.started","message":"n8n.node.started","payload":{"workflowId":"KVlRhtybz5Ho4gys","workflowName":"Auto_Procurement","executionId":"224","nodeType":"n8n-nodes-base.httpRequest","nodeName":"HTTP Request","nodeId":"fe91f348-d636-432f-b862-729a41ad6c3a"}}
{"__type":"$$EventMessageConfirm","confirm":"50280be3-772b-4ee4-902b-e73ca24abb53","ts":"2026-06-19T11:13:42.813+07:00","source":{"id":"0","name":"eventBus"}}
{"__type":"$$EventMessageNode","id":"b3801334-2794-430a-9263-45424ddcee5e","ts":"2026-06-19T11:13:43.149+07:00","eventName":"n8n.node.finished","message":"n8n.node.finished","payload":{"workflowId":"KVlRhtybz5Ho4gys","workflowName":"Auto_Procurement","executionId":"224","nodeType":"n8n-nodes-base.httpRequest","nodeName":"HTTP Request","nodeId":"fe91f348-d636-432f-b862-729a41ad6c3a"}}
{"__type":"$$EventMessageConfirm","confirm":"b3801334-2794-430a-9263-45424ddcee5e","ts":"2026-06-19T11:13:43.150+07:00","source":{"id":"0","name":"eventBus"}}
{"__type":"$$EventMessageWorkflow","id":"e85318ac-0dbf-4404-96e0-8bff7d1d46b3","ts":"2026-06-19T11:13:43.159+07:00","eventName":"n8n.workflow.failed","message":"n8n.workflow.failed","payload":{"userId":"b15f9a4a-4fc3-4b09-b6c9-0dc75a2b83d8","executionId":"224","success":false,"isManual":true,"mode":"manual","workflowId":"KVlRhtybz5Ho4gys","workflowName":"Auto_Procurement","projectId":"h2L0jogoBTqwjpXf","projectName":"Dinh Pham <khadinh41@gmail.com>","lastNodeExecuted":"HTTP Request","errorNodeType":"n8n-nodes-base.httpRequest","errorMessage":"The connection cannot be established, this usually occurs due to an incorrect host (domain) value"}}
{"__type":"$$EventMessageConfirm","confirm":"e85318ac-0dbf-4404-96e0-8bff7d1d46b3","ts":"2026-06-19T11:13:43.160+07:00","source":{"id":"0","name":"eventBus"}}
{"__type":"$$EventMessageAudit","id":"5757ce19-d4b0-476f-8bb7-181abf9a855f","ts":"2026-06-19T11:24:58.541+07:00","eventName":"n8n.audit.workflow.executed","message":"n8n.audit.workflow.executed","payload":{"workflowId":"KVlRhtybz5Ho4gys","workflowName":"Auto_Procurement","executionId":"225","source":"webhook"}}
{"__type":"$$EventMessageConfirm","confirm":"5757ce19-d4b0-476f-8bb7-181abf9a855f","ts":"2026-06-19T11:24:58.551+07:00","source":{"id":"0","name":"eventBus"}}
{"__type":"$$EventMessageWorkflow","id":"556b6f39-e2ec-421f-a2ec-8656b43794d0","ts":"2026-06-19T11:24:58.556+07:00","eventName":"n8n.workflow.started","message":"n8n.workflow.started","payload":{"executionId":"225","workflowId":"KVlRhtybz5Ho4gys","isManual":false,"mode":"manual","workflowName":"Auto_Procurement","projectId":"h2L0jogoBTqwjpXf","projectName":"Dinh Pham <khadinh41@gmail.com>"}}
{"__type":"$$EventMessageConfirm","confirm":"556b6f39-e2ec-421f-a2ec-8656b43794d0","ts":"2026-06-19T11:24:58.557+07:00","source":{"id":"0","name":"eventBus"}}
{"__type":"$$EventMessageNode","id":"9836c2b9-b2bb-496f-8c1a-9ff03ee88890","ts":"2026-06-19T11:24:58.624+07:00","eventName":"n8n.node.started","message":"n8n.node.started","payload":{"workflowId":"KVlRhtybz5Ho4gys","workflowName":"Auto_Procurement","executionId":"225","nodeType":"n8n-nodes-base.webhook","nodeName":"Webhook","nodeId":"513fef5d-17bc-4aee-a6d8-bafcdff7b044"}}
{"__type":"$$EventMessageConfirm","confirm":"9836c2b9-b2bb-496f-8c1a-9ff03ee88890","ts":"2026-06-19T11:24:58.625+07:00","source":{"id":"0","name":"eventBus"}}
{"__type":"$$EventMessageNode","id":"005bc27f-e398-4a05-a573-c4e9cd816f6e","ts":"2026-06-19T11:24:58.630+07:00","eventName":"n8n.node.finished","message":"n8n.node.finished","payload":{"workflowId":"KVlRhtybz5Ho4gys","workflowName":"Auto_Procurement","executionId":"225","nodeType":"n8n-nodes-base.webhook","nodeName":"Webhook","nodeId":"513fef5d-17bc-4aee-a6d8-bafcdff7b044"}}
{"__type":"$$EventMessageConfirm","confirm":"005bc27f-e398-4a05-a573-c4e9cd816f6e","ts":"2026-06-19T11:24:58.631+07:00","source":{"id":"0","name":"eventBus"}}
{"__type":"$$EventMessageNode","id":"566a7d17-f045-4e51-895f-78b8363d82a2","ts":"2026-06-19T11:24:58.642+07:00","eventName":"n8n.node.started","message":"n8n.node.started","payload":{"workflowId":"KVlRhtybz5Ho4gys","workflowName":"Auto_Procurement","executionId":"225","nodeType":"n8n-nodes-base.postgres","nodeName":"Execute a SQL query","nodeId":"391dc944-79ec-4d6f-a7df-ca0ba74fee58"}}
{"__type":"$$EventMessageConfirm","confirm":"566a7d17-f045-4e51-895f-78b8363d82a2","ts":"2026-06-19T11:24:58.643+07:00","source":{"id":"0","name":"eventBus"}}
{"__type":"$$EventMessageNode","id":"6c836bef-d5df-4e6b-a488-f5041a40f8cc","ts":"2026-06-19T11:24:58.904+07:00","eventName":"n8n.node.finished","message":"n8n.node.finished","payload":{"workflowId":"KVlRhtybz5Ho4gys","workflowName":"Auto_Procurement","executionId":"225","nodeType":"n8n-nodes-base.postgres","nodeName":"Execute a SQL query","nodeId":"391dc944-79ec-4d6f-a7df-ca0ba74fee58"}}
{"__type":"$$EventMessageConfirm","confirm":"6c836bef-d5df-4e6b-a488-f5041a40f8cc","ts":"2026-06-19T11:24:58.905+07:00","source":{"id":"0","name":"eventBus"}}
{"__type":"$$EventMessageNode","id":"f8832b4c-ad96-4e29-9f4f-68131d414461","ts":"2026-06-19T11:24:58.907+07:00","eventName":"n8n.node.started","message":"n8n.node.started","payload":{"workflowId":"KVlRhtybz5Ho4gys","workflowName":"Auto_Procurement","executionId":"225","nodeType":"n8n-nodes-base.httpRequest","nodeName":"HTTP Request","nodeId":"fe91f348-d636-432f-b862-729a41ad6c3a"}}
{"__type":"$$EventMessageConfirm","confirm":"f8832b4c-ad96-4e29-9f4f-68131d414461","ts":"2026-06-19T11:24:58.908+07:00","source":{"id":"0","name":"eventBus"}}
{"__type":"$$EventMessageNode","id":"88403734-ff55-49ef-bf94-169b42e0a567","ts":"2026-06-19T11:24:59.163+07:00","eventName":"n8n.node.finished","message":"n8n.node.finished","payload":{"workflowId":"KVlRhtybz5Ho4gys","workflowName":"Auto_Procurement","executionId":"225","nodeType":"n8n-nodes-base.httpRequest","nodeName":"HTTP Request","nodeId":"fe91f348-d636-432f-b862-729a41ad6c3a"}}
{"__type":"$$EventMessageConfirm","confirm":"88403734-ff55-49ef-bf94-169b42e0a567","ts":"2026-06-19T11:24:59.163+07:00","source":{"id":"0","name":"eventBus"}}
{"__type":"$$EventMessageWorkflow","id":"b475c822-a3ac-4d49-a8c5-22a3746dd5e4","ts":"2026-06-19T11:24:59.221+07:00","eventName":"n8n.workflow.failed","message":"n8n.workflow.failed","payload":{"userId":"b15f9a4a-4fc3-4b09-b6c9-0dc75a2b83d8","executionId":"225","success":false,"isManual":true,"mode":"manual","workflowId":"KVlRhtybz5Ho4gys","workflowName":"Auto_Procurement","projectId":"h2L0jogoBTqwjpXf","projectName":"Dinh Pham <khadinh41@gmail.com>","lastNodeExecuted":"HTTP Request","errorNodeType":"n8n-nodes-base.httpRequest","errorMessage":"The connection cannot be established, this usually occurs due to an incorrect host (domain) value"}}
{"__type":"$$EventMessageConfirm","confirm":"b475c822-a3ac-4d49-a8c5-22a3746dd5e4","ts":"2026-06-19T11:24:59.255+07:00","source":{"id":"0","name":"eventBus"}}
{"__type":"$$EventMessageAudit","id":"19db9e1d-e2b5-4af5-bb4e-a55145498c07","ts":"2026-06-19T13:14:23.453+07:00","eventName":"n8n.audit.workflow.updated","message":"n8n.audit.workflow.updated","payload":{"userId":"b15f9a4a-4fc3-4b09-b6c9-0dc75a2b83d8","_email":"khadinh41@gmail.com","_firstName":"Dinh","_lastName":"Pham","globalRole":"global:owner","workflowId":"KVlRhtybz5Ho4gys","workflowName":"Auto_Procurement"}}
{"__type":"$$EventMessageConfirm","confirm":"19db9e1d-e2b5-4af5-bb4e-a55145498c07","ts":"2026-06-19T13:14:23.455+07:00","source":{"id":"0","name":"eventBus"}}
{"__type":"$$EventMessageAudit","id":"a142bd47-7fac-4263-9daa-4eab622c7851","ts":"2026-06-19T13:14:29.873+07:00","eventName":"n8n.audit.workflow.executed","message":"n8n.audit.workflow.executed","payload":{"workflowId":"KVlRhtybz5Ho4gys","workflowName":"Auto_Procurement","executionId":"226","source":"webhook"}}
{"__type":"$$EventMessageConfirm","confirm":"a142bd47-7fac-4263-9daa-4eab622c7851","ts":"2026-06-19T13:14:29.874+07:00","source":{"id":"0","name":"eventBus"}}
{"__type":"$$EventMessageWorkflow","id":"3edbc1f9-4c83-4ae8-996a-b29e0b63d8ca","ts":"2026-06-19T13:14:29.875+07:00","eventName":"n8n.workflow.started","message":"n8n.workflow.started","payload":{"executionId":"226","workflowId":"KVlRhtybz5Ho4gys","isManual":false,"mode":"manual","workflowName":"Auto_Procurement","projectId":"h2L0jogoBTqwjpXf","projectName":"Dinh Pham <khadinh41@gmail.com>"}}
{"__type":"$$EventMessageConfirm","confirm":"3edbc1f9-4c83-4ae8-996a-b29e0b63d8ca","ts":"2026-06-19T13:14:29.875+07:00","source":{"id":"0","name":"eventBus"}}
{"__type":"$$EventMessageNode","id":"0e833858-e5e5-4d12-b580-945141417419","ts":"2026-06-19T13:14:29.897+07:00","eventName":"n8n.node.started","message":"n8n.node.started","payload":{"workflowId":"KVlRhtybz5Ho4gys","workflowName":"Auto_Procurement","executionId":"226","nodeType":"n8n-nodes-base.webhook","nodeName":"Webhook","nodeId":"513fef5d-17bc-4aee-a6d8-bafcdff7b044"}}
{"__type":"$$EventMessageConfirm","confirm":"0e833858-e5e5-4d12-b580-945141417419","ts":"2026-06-19T13:14:29.897+07:00","source":{"id":"0","name":"eventBus"}}
{"__type":"$$EventMessageNode","id":"f0770dbc-c13d-49ee-b36b-679031695188","ts":"2026-06-19T13:14:29.900+07:00","eventName":"n8n.node.finished","message":"n8n.node.finished","payload":{"workflowId":"KVlRhtybz5Ho4gys","workflowName":"Auto_Procurement","executionId":"226","nodeType":"n8n-nodes-base.webhook","nodeName":"Webhook","nodeId":"513fef5d-17bc-4aee-a6d8-bafcdff7b044"}}
{"__type":"$$EventMessageConfirm","confirm":"f0770dbc-c13d-49ee-b36b-679031695188","ts":"2026-06-19T13:14:29.900+07:00","source":{"id":"0","name":"eventBus"}}
{"__type":"$$EventMessageNode","id":"057477af-0439-42c7-b807-bdbd45f46bd4","ts":"2026-06-19T13:14:29.903+07:00","eventName":"n8n.node.started","message":"n8n.node.started","payload":{"workflowId":"KVlRhtybz5Ho4gys","workflowName":"Auto_Procurement","executionId":"226","nodeType":"n8n-nodes-base.postgres","nodeName":"Execute a SQL query","nodeId":"391dc944-79ec-4d6f-a7df-ca0ba74fee58"}}
{"__type":"$$EventMessageConfirm","confirm":"057477af-0439-42c7-b807-bdbd45f46bd4","ts":"2026-06-19T13:14:29.903+07:00","source":{"id":"0","name":"eventBus"}}
{"__type":"$$EventMessageNode","id":"c118fc04-d15d-4465-9386-ba0cf33f9b31","ts":"2026-06-19T13:14:29.979+07:00","eventName":"n8n.node.finished","message":"n8n.node.finished","payload":{"workflowId":"KVlRhtybz5Ho4gys","workflowName":"Auto_Procurement","executionId":"226","nodeType":"n8n-nodes-base.postgres","nodeName":"Execute a SQL query","nodeId":"391dc944-79ec-4d6f-a7df-ca0ba74fee58"}}
{"__type":"$$EventMessageConfirm","confirm":"c118fc04-d15d-4465-9386-ba0cf33f9b31","ts":"2026-06-19T13:14:29.979+07:00","source":{"id":"0","name":"eventBus"}}
{"__type":"$$EventMessageNode","id":"abc80a53-4fd5-44f7-88d5-be0d7f010c07","ts":"2026-06-19T13:14:29.981+07:00","eventName":"n8n.node.started","message":"n8n.node.started","payload":{"workflowId":"KVlRhtybz5Ho4gys","workflowName":"Auto_Procurement","executionId":"226","nodeType":"n8n-nodes-base.httpRequest","nodeName":"HTTP Request","nodeId":"fe91f348-d636-432f-b862-729a41ad6c3a"}}
{"__type":"$$EventMessageConfirm","confirm":"abc80a53-4fd5-44f7-88d5-be0d7f010c07","ts":"2026-06-19T13:14:29.981+07:00","source":{"id":"0","name":"eventBus"}}
{"__type":"$$EventMessageNode","id":"17db8b1f-67de-44d9-a9c8-c8de12aa86c9","ts":"2026-06-19T13:14:30.017+07:00","eventName":"n8n.node.finished","message":"n8n.node.finished","payload":{"workflowId":"KVlRhtybz5Ho4gys","workflowName":"Auto_Procurement","executionId":"226","nodeType":"n8n-nodes-base.httpRequest","nodeName":"HTTP Request","nodeId":"fe91f348-d636-432f-b862-729a41ad6c3a"}}
{"__type":"$$EventMessageConfirm","confirm":"17db8b1f-67de-44d9-a9c8-c8de12aa86c9","ts":"2026-06-19T13:14:30.018+07:00","source":{"id":"0","name":"eventBus"}}
{"__type":"$$EventMessageWorkflow","id":"7cbbd411-ea4c-4446-a111-0a7817318ec3","ts":"2026-06-19T13:14:30.029+07:00","eventName":"n8n.workflow.failed","message":"n8n.workflow.failed","payload":{"userId":"b15f9a4a-4fc3-4b09-b6c9-0dc75a2b83d8","executionId":"226","success":false,"isManual":true,"mode":"manual","workflowId":"KVlRhtybz5Ho4gys","workflowName":"Auto_Procurement","projectId":"h2L0jogoBTqwjpXf","projectName":"Dinh Pham <khadinh41@gmail.com>","lastNodeExecuted":"HTTP Request","errorNodeType":"n8n-nodes-base.httpRequest","errorMessage":"The service refused the connection - perhaps it is offline"}}
{"__type":"$$EventMessageConfirm","confirm":"7cbbd411-ea4c-4446-a111-0a7817318ec3","ts":"2026-06-19T13:14:30.029+07:00","source":{"id":"0","name":"eventBus"}}
