{"__type":"$$EventMessageAudit","id":"464f0160-3105-43b8-b681-32fb13309237","ts":"2026-06-18T10:00:09.297+07:00","eventName":"n8n.audit.workflow.executed","message":"n8n.audit.workflow.executed","payload":{"workflowId":"KVlRhtybz5Ho4gys","workflowName":"Auto_Procurement","executionId":"210","source":"webhook"}}
{"__type":"$$EventMessageConfirm","confirm":"464f0160-3105-43b8-b681-32fb13309237","ts":"2026-06-18T10:00:09.305+07:00","source":{"id":"0","name":"eventBus"}}
{"__type":"$$EventMessageWorkflow","id":"49b236ed-3b2a-4bda-8065-8b601e44c585","ts":"2026-06-18T10:00:09.307+07:00","eventName":"n8n.workflow.started","message":"n8n.workflow.started","payload":{"executionId":"210","workflowId":"KVlRhtybz5Ho4gys","isManual":false,"mode":"manual","workflowName":"Auto_Procurement","projectId":"h2L0jogoBTqwjpXf","projectName":"Dinh Pham <khadinh41@gmail.com>"}}
{"__type":"$$EventMessageConfirm","confirm":"49b236ed-3b2a-4bda-8065-8b601e44c585","ts":"2026-06-18T10:00:09.307+07:00","source":{"id":"0","name":"eventBus"}}
{"__type":"$$EventMessageNode","id":"d0c4e8f4-4cc8-4ce9-beef-b5da918c9134","ts":"2026-06-18T10:00:09.370+07:00","eventName":"n8n.node.started","message":"n8n.node.started","payload":{"workflowId":"KVlRhtybz5Ho4gys","workflowName":"Auto_Procurement","executionId":"210","nodeType":"n8n-nodes-base.webhook","nodeName":"Webhook","nodeId":"513fef5d-17bc-4aee-a6d8-bafcdff7b044"}}
{"__type":"$$EventMessageConfirm","confirm":"d0c4e8f4-4cc8-4ce9-beef-b5da918c9134","ts":"2026-06-18T10:00:09.371+07:00","source":{"id":"0","name":"eventBus"}}
{"__type":"$$EventMessageNode","id":"a55b6769-71d0-490f-89b2-930ac2db5966","ts":"2026-06-18T10:00:09.386+07:00","eventName":"n8n.node.finished","message":"n8n.node.finished","payload":{"workflowId":"KVlRhtybz5Ho4gys","workflowName":"Auto_Procurement","executionId":"210","nodeType":"n8n-nodes-base.webhook","nodeName":"Webhook","nodeId":"513fef5d-17bc-4aee-a6d8-bafcdff7b044"}}
{"__type":"$$EventMessageConfirm","confirm":"a55b6769-71d0-490f-89b2-930ac2db5966","ts":"2026-06-18T10:00:09.386+07:00","source":{"id":"0","name":"eventBus"}}
{"__type":"$$EventMessageNode","id":"62e13212-4786-47ff-9f23-ab7b1fe000bf","ts":"2026-06-18T10:00:09.393+07:00","eventName":"n8n.node.started","message":"n8n.node.started","payload":{"workflowId":"KVlRhtybz5Ho4gys","workflowName":"Auto_Procurement","executionId":"210","nodeType":"n8n-nodes-base.postgres","nodeName":"Execute a SQL query","nodeId":"391dc944-79ec-4d6f-a7df-ca0ba74fee58"}}
{"__type":"$$EventMessageConfirm","confirm":"62e13212-4786-47ff-9f23-ab7b1fe000bf","ts":"2026-06-18T10:00:09.393+07:00","source":{"id":"0","name":"eventBus"}}
{"__type":"$$EventMessageNode","id":"7bb3078f-fc5b-47fc-97f5-16166e02a379","ts":"2026-06-18T10:00:10.501+07:00","eventName":"n8n.node.finished","message":"n8n.node.finished","payload":{"workflowId":"KVlRhtybz5Ho4gys","workflowName":"Auto_Procurement","executionId":"210","nodeType":"n8n-nodes-base.postgres","nodeName":"Execute a SQL query","nodeId":"391dc944-79ec-4d6f-a7df-ca0ba74fee58"}}
{"__type":"$$EventMessageConfirm","confirm":"7bb3078f-fc5b-47fc-97f5-16166e02a379","ts":"2026-06-18T10:00:10.501+07:00","source":{"id":"0","name":"eventBus"}}
{"__type":"$$EventMessageNode","id":"d8a14ba3-6e55-46ee-b7fb-26a4a3e561b5","ts":"2026-06-18T10:00:10.503+07:00","eventName":"n8n.node.started","message":"n8n.node.started","payload":{"workflowId":"KVlRhtybz5Ho4gys","workflowName":"Auto_Procurement","executionId":"210","nodeType":"n8n-nodes-base.httpRequest","nodeName":"HTTP Request","nodeId":"fe91f348-d636-432f-b862-729a41ad6c3a"}}
{"__type":"$$EventMessageConfirm","confirm":"d8a14ba3-6e55-46ee-b7fb-26a4a3e561b5","ts":"2026-06-18T10:00:10.503+07:00","source":{"id":"0","name":"eventBus"}}
{"__type":"$$EventMessageNode","id":"a56b0b46-0b39-4f27-8bcd-2b2f57ff3e7e","ts":"2026-06-18T10:00:55.423+07:00","eventName":"n8n.node.finished","message":"n8n.node.finished","payload":{"workflowId":"KVlRhtybz5Ho4gys","workflowName":"Auto_Procurement","executionId":"210","nodeType":"n8n-nodes-base.httpRequest","nodeName":"HTTP Request","nodeId":"fe91f348-d636-432f-b862-729a41ad6c3a"}}
{"__type":"$$EventMessageConfirm","confirm":"a56b0b46-0b39-4f27-8bcd-2b2f57ff3e7e","ts":"2026-06-18T10:00:55.453+07:00","source":{"id":"0","name":"eventBus"}}
{"__type":"$$EventMessageNode","id":"baba2cd6-15a0-4d18-885b-56829e94d5c9","ts":"2026-06-18T10:00:55.468+07:00","eventName":"n8n.node.started","message":"n8n.node.started","payload":{"workflowId":"KVlRhtybz5Ho4gys","workflowName":"Auto_Procurement","executionId":"210","nodeType":"n8n-nodes-base.respondToWebhook","nodeName":"Respond to Webhook","nodeId":"f81e9db7-2d43-4121-9e87-5b2625a9ad11"}}
{"__type":"$$EventMessageConfirm","confirm":"baba2cd6-15a0-4d18-885b-56829e94d5c9","ts":"2026-06-18T10:00:55.469+07:00","source":{"id":"0","name":"eventBus"}}
{"__type":"$$EventMessageNode","id":"3dc2833a-0632-48bd-96c1-3830e7194f34","ts":"2026-06-18T10:00:56.026+07:00","eventName":"n8n.node.finished","message":"n8n.node.finished","payload":{"workflowId":"KVlRhtybz5Ho4gys","workflowName":"Auto_Procurement","executionId":"210","nodeType":"n8n-nodes-base.respondToWebhook","nodeName":"Respond to Webhook","nodeId":"f81e9db7-2d43-4121-9e87-5b2625a9ad11"}}
{"__type":"$$EventMessageConfirm","confirm":"3dc2833a-0632-48bd-96c1-3830e7194f34","ts":"2026-06-18T10:00:56.027+07:00","source":{"id":"0","name":"eventBus"}}
{"__type":"$$EventMessageWorkflow","id":"d0cfa93f-ec40-4c12-aba0-73577372e16a","ts":"2026-06-18T10:00:56.195+07:00","eventName":"n8n.workflow.success","message":"n8n.workflow.success","payload":{"userId":"b15f9a4a-4fc3-4b09-b6c9-0dc75a2b83d8","executionId":"210","success":true,"isManual":true,"mode":"manual","workflowId":"KVlRhtybz5Ho4gys","workflowName":"Auto_Procurement","projectId":"h2L0jogoBTqwjpXf","projectName":"Dinh Pham <khadinh41@gmail.com>"}}
{"__type":"$$EventMessageConfirm","confirm":"d0cfa93f-ec40-4c12-aba0-73577372e16a","ts":"2026-06-18T10:00:56.195+07:00","source":{"id":"0","name":"eventBus"}}
{"__type":"$$EventMessageAudit","id":"477472d9-eb63-4178-a690-a8323ac5d2b5","ts":"2026-06-18T10:12:16.883+07:00","eventName":"n8n.audit.workflow.executed","message":"n8n.audit.workflow.executed","payload":{"workflowId":"KVlRhtybz5Ho4gys","workflowName":"Auto_Procurement","executionId":"211","source":"webhook"}}
{"__type":"$$EventMessageConfirm","confirm":"477472d9-eb63-4178-a690-a8323ac5d2b5","ts":"2026-06-18T10:12:16.889+07:00","source":{"id":"0","name":"eventBus"}}
{"__type":"$$EventMessageWorkflow","id":"442b071a-6b72-49ab-bf5b-d7c74c1c2278","ts":"2026-06-18T10:12:16.891+07:00","eventName":"n8n.workflow.started","message":"n8n.workflow.started","payload":{"executionId":"211","workflowId":"KVlRhtybz5Ho4gys","isManual":false,"mode":"manual","workflowName":"Auto_Procurement","projectId":"h2L0jogoBTqwjpXf","projectName":"Dinh Pham <khadinh41@gmail.com>"}}
{"__type":"$$EventMessageConfirm","confirm":"442b071a-6b72-49ab-bf5b-d7c74c1c2278","ts":"2026-06-18T10:12:16.891+07:00","source":{"id":"0","name":"eventBus"}}
{"__type":"$$EventMessageNode","id":"4ffc9953-83ae-4a65-b919-0f3fdb0a1427","ts":"2026-06-18T10:12:16.935+07:00","eventName":"n8n.node.started","message":"n8n.node.started","payload":{"workflowId":"KVlRhtybz5Ho4gys","workflowName":"Auto_Procurement","executionId":"211","nodeType":"n8n-nodes-base.webhook","nodeName":"Webhook","nodeId":"513fef5d-17bc-4aee-a6d8-bafcdff7b044"}}
{"__type":"$$EventMessageConfirm","confirm":"4ffc9953-83ae-4a65-b919-0f3fdb0a1427","ts":"2026-06-18T10:12:16.936+07:00","source":{"id":"0","name":"eventBus"}}
{"__type":"$$EventMessageNode","id":"d2d144a2-9953-4259-b14f-97bca67e5e4c","ts":"2026-06-18T10:12:16.940+07:00","eventName":"n8n.node.finished","message":"n8n.node.finished","payload":{"workflowId":"KVlRhtybz5Ho4gys","workflowName":"Auto_Procurement","executionId":"211","nodeType":"n8n-nodes-base.webhook","nodeName":"Webhook","nodeId":"513fef5d-17bc-4aee-a6d8-bafcdff7b044"}}
{"__type":"$$EventMessageConfirm","confirm":"d2d144a2-9953-4259-b14f-97bca67e5e4c","ts":"2026-06-18T10:12:16.941+07:00","source":{"id":"0","name":"eventBus"}}
{"__type":"$$EventMessageNode","id":"73047924-46e6-4d56-b34d-b4d79669af74","ts":"2026-06-18T10:12:16.948+07:00","eventName":"n8n.node.started","message":"n8n.node.started","payload":{"workflowId":"KVlRhtybz5Ho4gys","workflowName":"Auto_Procurement","executionId":"211","nodeType":"n8n-nodes-base.postgres","nodeName":"Execute a SQL query","nodeId":"391dc944-79ec-4d6f-a7df-ca0ba74fee58"}}
{"__type":"$$EventMessageConfirm","confirm":"73047924-46e6-4d56-b34d-b4d79669af74","ts":"2026-06-18T10:12:16.948+07:00","source":{"id":"0","name":"eventBus"}}
{"__type":"$$EventMessageNode","id":"05da29b0-1db4-4ffd-adc0-12bea6cb8803","ts":"2026-06-18T10:12:17.087+07:00","eventName":"n8n.node.finished","message":"n8n.node.finished","payload":{"workflowId":"KVlRhtybz5Ho4gys","workflowName":"Auto_Procurement","executionId":"211","nodeType":"n8n-nodes-base.postgres","nodeName":"Execute a SQL query","nodeId":"391dc944-79ec-4d6f-a7df-ca0ba74fee58"}}
{"__type":"$$EventMessageConfirm","confirm":"05da29b0-1db4-4ffd-adc0-12bea6cb8803","ts":"2026-06-18T10:12:17.088+07:00","source":{"id":"0","name":"eventBus"}}
{"__type":"$$EventMessageNode","id":"0332160c-7c83-46c9-9aff-379a1af32145","ts":"2026-06-18T10:12:17.089+07:00","eventName":"n8n.node.started","message":"n8n.node.started","payload":{"workflowId":"KVlRhtybz5Ho4gys","workflowName":"Auto_Procurement","executionId":"211","nodeType":"n8n-nodes-base.httpRequest","nodeName":"HTTP Request","nodeId":"fe91f348-d636-432f-b862-729a41ad6c3a"}}
{"__type":"$$EventMessageConfirm","confirm":"0332160c-7c83-46c9-9aff-379a1af32145","ts":"2026-06-18T10:12:17.089+07:00","source":{"id":"0","name":"eventBus"}}
{"__type":"$$EventMessageNode","id":"6558d3ff-f95e-46db-8d64-233ed89ae9f0","ts":"2026-06-18T10:12:24.345+07:00","eventName":"n8n.node.finished","message":"n8n.node.finished","payload":{"workflowId":"KVlRhtybz5Ho4gys","workflowName":"Auto_Procurement","executionId":"211","nodeType":"n8n-nodes-base.httpRequest","nodeName":"HTTP Request","nodeId":"fe91f348-d636-432f-b862-729a41ad6c3a"}}
{"__type":"$$EventMessageConfirm","confirm":"6558d3ff-f95e-46db-8d64-233ed89ae9f0","ts":"2026-06-18T10:12:24.346+07:00","source":{"id":"0","name":"eventBus"}}
{"__type":"$$EventMessageNode","id":"5f2ecd7e-8979-46b3-bf3a-bbea68e344f9","ts":"2026-06-18T10:12:24.348+07:00","eventName":"n8n.node.started","message":"n8n.node.started","payload":{"workflowId":"KVlRhtybz5Ho4gys","workflowName":"Auto_Procurement","executionId":"211","nodeType":"n8n-nodes-base.respondToWebhook","nodeName":"Respond to Webhook","nodeId":"f81e9db7-2d43-4121-9e87-5b2625a9ad11"}}
{"__type":"$$EventMessageConfirm","confirm":"5f2ecd7e-8979-46b3-bf3a-bbea68e344f9","ts":"2026-06-18T10:12:24.349+07:00","source":{"id":"0","name":"eventBus"}}
{"__type":"$$EventMessageNode","id":"4a1f29c6-c0c0-443d-a19f-8b9e26bdb802","ts":"2026-06-18T10:12:24.355+07:00","eventName":"n8n.node.finished","message":"n8n.node.finished","payload":{"workflowId":"KVlRhtybz5Ho4gys","workflowName":"Auto_Procurement","executionId":"211","nodeType":"n8n-nodes-base.respondToWebhook","nodeName":"Respond to Webhook","nodeId":"f81e9db7-2d43-4121-9e87-5b2625a9ad11"}}
{"__type":"$$EventMessageConfirm","confirm":"4a1f29c6-c0c0-443d-a19f-8b9e26bdb802","ts":"2026-06-18T10:12:24.355+07:00","source":{"id":"0","name":"eventBus"}}
{"__type":"$$EventMessageWorkflow","id":"aaa656f7-dd83-42f7-877d-08c6099b1def","ts":"2026-06-18T10:12:24.394+07:00","eventName":"n8n.workflow.success","message":"n8n.workflow.success","payload":{"userId":"b15f9a4a-4fc3-4b09-b6c9-0dc75a2b83d8","executionId":"211","success":true,"isManual":true,"mode":"manual","workflowId":"KVlRhtybz5Ho4gys","workflowName":"Auto_Procurement","projectId":"h2L0jogoBTqwjpXf","projectName":"Dinh Pham <khadinh41@gmail.com>"}}
{"__type":"$$EventMessageConfirm","confirm":"aaa656f7-dd83-42f7-877d-08c6099b1def","ts":"2026-06-18T10:12:24.394+07:00","source":{"id":"0","name":"eventBus"}}
{"__type":"$$EventMessageAudit","id":"25169497-e0d9-4713-8162-b3d9e68a6561","ts":"2026-06-18T10:16:52.718+07:00","eventName":"n8n.audit.workflow.executed","message":"n8n.audit.workflow.executed","payload":{"workflowId":"KVlRhtybz5Ho4gys","workflowName":"Auto_Procurement","executionId":"212","source":"webhook"}}
{"__type":"$$EventMessageConfirm","confirm":"25169497-e0d9-4713-8162-b3d9e68a6561","ts":"2026-06-18T10:16:52.721+07:00","source":{"id":"0","name":"eventBus"}}
{"__type":"$$EventMessageWorkflow","id":"8752f267-9d7b-4b47-bb6d-c944f4932f7a","ts":"2026-06-18T10:16:52.723+07:00","eventName":"n8n.workflow.started","message":"n8n.workflow.started","payload":{"executionId":"212","workflowId":"KVlRhtybz5Ho4gys","isManual":false,"mode":"manual","workflowName":"Auto_Procurement","projectId":"h2L0jogoBTqwjpXf","projectName":"Dinh Pham <khadinh41@gmail.com>"}}
{"__type":"$$EventMessageConfirm","confirm":"8752f267-9d7b-4b47-bb6d-c944f4932f7a","ts":"2026-06-18T10:16:52.723+07:00","source":{"id":"0","name":"eventBus"}}
{"__type":"$$EventMessageNode","id":"115091ba-9705-4fb0-8549-b40bb2862fbc","ts":"2026-06-18T10:16:53.366+07:00","eventName":"n8n.node.started","message":"n8n.node.started","payload":{"workflowId":"KVlRhtybz5Ho4gys","workflowName":"Auto_Procurement","executionId":"212","nodeType":"n8n-nodes-base.webhook","nodeName":"Webhook","nodeId":"513fef5d-17bc-4aee-a6d8-bafcdff7b044"}}
{"__type":"$$EventMessageConfirm","confirm":"115091ba-9705-4fb0-8549-b40bb2862fbc","ts":"2026-06-18T10:16:53.366+07:00","source":{"id":"0","name":"eventBus"}}
{"__type":"$$EventMessageNode","id":"7ee22531-3d39-48da-a81d-9a8fffa7234a","ts":"2026-06-18T10:16:53.369+07:00","eventName":"n8n.node.finished","message":"n8n.node.finished","payload":{"workflowId":"KVlRhtybz5Ho4gys","workflowName":"Auto_Procurement","executionId":"212","nodeType":"n8n-nodes-base.webhook","nodeName":"Webhook","nodeId":"513fef5d-17bc-4aee-a6d8-bafcdff7b044"}}
{"__type":"$$EventMessageConfirm","confirm":"7ee22531-3d39-48da-a81d-9a8fffa7234a","ts":"2026-06-18T10:16:53.370+07:00","source":{"id":"0","name":"eventBus"}}
{"__type":"$$EventMessageNode","id":"3011777a-f26d-46e6-ab81-2a02dfc0b8aa","ts":"2026-06-18T10:16:53.382+07:00","eventName":"n8n.node.started","message":"n8n.node.started","payload":{"workflowId":"KVlRhtybz5Ho4gys","workflowName":"Auto_Procurement","executionId":"212","nodeType":"n8n-nodes-base.postgres","nodeName":"Execute a SQL query","nodeId":"391dc944-79ec-4d6f-a7df-ca0ba74fee58"}}
{"__type":"$$EventMessageConfirm","confirm":"3011777a-f26d-46e6-ab81-2a02dfc0b8aa","ts":"2026-06-18T10:16:53.382+07:00","source":{"id":"0","name":"eventBus"}}
{"__type":"$$EventMessageNode","id":"e1ee010c-db41-4d55-9d12-ca6190b19710","ts":"2026-06-18T10:16:53.553+07:00","eventName":"n8n.node.finished","message":"n8n.node.finished","payload":{"workflowId":"KVlRhtybz5Ho4gys","workflowName":"Auto_Procurement","executionId":"212","nodeType":"n8n-nodes-base.postgres","nodeName":"Execute a SQL query","nodeId":"391dc944-79ec-4d6f-a7df-ca0ba74fee58"}}
{"__type":"$$EventMessageConfirm","confirm":"e1ee010c-db41-4d55-9d12-ca6190b19710","ts":"2026-06-18T10:16:53.553+07:00","source":{"id":"0","name":"eventBus"}}
{"__type":"$$EventMessageNode","id":"d377e2b7-cffd-4dfd-9c18-f23bf6e3ac8d","ts":"2026-06-18T10:16:53.556+07:00","eventName":"n8n.node.started","message":"n8n.node.started","payload":{"workflowId":"KVlRhtybz5Ho4gys","workflowName":"Auto_Procurement","executionId":"212","nodeType":"n8n-nodes-base.httpRequest","nodeName":"HTTP Request","nodeId":"fe91f348-d636-432f-b862-729a41ad6c3a"}}
{"__type":"$$EventMessageConfirm","confirm":"d377e2b7-cffd-4dfd-9c18-f23bf6e3ac8d","ts":"2026-06-18T10:16:53.556+07:00","source":{"id":"0","name":"eventBus"}}
{"__type":"$$EventMessageNode","id":"977dbb85-d9e0-42da-bec3-ddb87f354d0b","ts":"2026-06-18T10:16:59.781+07:00","eventName":"n8n.node.finished","message":"n8n.node.finished","payload":{"workflowId":"KVlRhtybz5Ho4gys","workflowName":"Auto_Procurement","executionId":"212","nodeType":"n8n-nodes-base.httpRequest","nodeName":"HTTP Request","nodeId":"fe91f348-d636-432f-b862-729a41ad6c3a"}}
{"__type":"$$EventMessageConfirm","confirm":"977dbb85-d9e0-42da-bec3-ddb87f354d0b","ts":"2026-06-18T10:16:59.781+07:00","source":{"id":"0","name":"eventBus"}}
{"__type":"$$EventMessageNode","id":"0285ce55-c0bf-459f-a66c-6d719db5e320","ts":"2026-06-18T10:16:59.783+07:00","eventName":"n8n.node.started","message":"n8n.node.started","payload":{"workflowId":"KVlRhtybz5Ho4gys","workflowName":"Auto_Procurement","executionId":"212","nodeType":"n8n-nodes-base.respondToWebhook","nodeName":"Respond to Webhook","nodeId":"f81e9db7-2d43-4121-9e87-5b2625a9ad11"}}
{"__type":"$$EventMessageConfirm","confirm":"0285ce55-c0bf-459f-a66c-6d719db5e320","ts":"2026-06-18T10:16:59.784+07:00","source":{"id":"0","name":"eventBus"}}
{"__type":"$$EventMessageNode","id":"c5cbbf8c-3288-45e1-9a29-57b880973f04","ts":"2026-06-18T10:16:59.786+07:00","eventName":"n8n.node.finished","message":"n8n.node.finished","payload":{"workflowId":"KVlRhtybz5Ho4gys","workflowName":"Auto_Procurement","executionId":"212","nodeType":"n8n-nodes-base.respondToWebhook","nodeName":"Respond to Webhook","nodeId":"f81e9db7-2d43-4121-9e87-5b2625a9ad11"}}
{"__type":"$$EventMessageConfirm","confirm":"c5cbbf8c-3288-45e1-9a29-57b880973f04","ts":"2026-06-18T10:16:59.786+07:00","source":{"id":"0","name":"eventBus"}}
{"__type":"$$EventMessageWorkflow","id":"04df9b34-cb8e-4632-8917-0da7663a3990","ts":"2026-06-18T10:16:59.795+07:00","eventName":"n8n.workflow.success","message":"n8n.workflow.success","payload":{"userId":"b15f9a4a-4fc3-4b09-b6c9-0dc75a2b83d8","executionId":"212","success":true,"isManual":true,"mode":"manual","workflowId":"KVlRhtybz5Ho4gys","workflowName":"Auto_Procurement","projectId":"h2L0jogoBTqwjpXf","projectName":"Dinh Pham <khadinh41@gmail.com>"}}
{"__type":"$$EventMessageConfirm","confirm":"04df9b34-cb8e-4632-8917-0da7663a3990","ts":"2026-06-18T10:16:59.795+07:00","source":{"id":"0","name":"eventBus"}}
{"__type":"$$EventMessageAudit","id":"559ed25c-c7a7-474d-947a-e272c940abd4","ts":"2026-06-18T10:20:19.104+07:00","eventName":"n8n.audit.workflow.executed","message":"n8n.audit.workflow.executed","payload":{"workflowId":"KVlRhtybz5Ho4gys","workflowName":"Auto_Procurement","executionId":"213","source":"webhook"}}
{"__type":"$$EventMessageConfirm","confirm":"559ed25c-c7a7-474d-947a-e272c940abd4","ts":"2026-06-18T10:20:19.106+07:00","source":{"id":"0","name":"eventBus"}}
{"__type":"$$EventMessageWorkflow","id":"d9e86117-8b4e-4bbe-b340-f11fb4156db9","ts":"2026-06-18T10:20:19.106+07:00","eventName":"n8n.workflow.started","message":"n8n.workflow.started","payload":{"executionId":"213","workflowId":"KVlRhtybz5Ho4gys","isManual":false,"mode":"manual","workflowName":"Auto_Procurement","projectId":"h2L0jogoBTqwjpXf","projectName":"Dinh Pham <khadinh41@gmail.com>"}}
{"__type":"$$EventMessageConfirm","confirm":"d9e86117-8b4e-4bbe-b340-f11fb4156db9","ts":"2026-06-18T10:20:19.107+07:00","source":{"id":"0","name":"eventBus"}}
{"__type":"$$EventMessageNode","id":"0515c833-dfed-466e-b751-0ad7eaf4d3c2","ts":"2026-06-18T10:20:19.152+07:00","eventName":"n8n.node.started","message":"n8n.node.started","payload":{"workflowId":"KVlRhtybz5Ho4gys","workflowName":"Auto_Procurement","executionId":"213","nodeType":"n8n-nodes-base.webhook","nodeName":"Webhook","nodeId":"513fef5d-17bc-4aee-a6d8-bafcdff7b044"}}
{"__type":"$$EventMessageConfirm","confirm":"0515c833-dfed-466e-b751-0ad7eaf4d3c2","ts":"2026-06-18T10:20:19.153+07:00","source":{"id":"0","name":"eventBus"}}
{"__type":"$$EventMessageNode","id":"c253d9b5-9f14-49de-9f51-184bc4be9816","ts":"2026-06-18T10:20:19.155+07:00","eventName":"n8n.node.finished","message":"n8n.node.finished","payload":{"workflowId":"KVlRhtybz5Ho4gys","workflowName":"Auto_Procurement","executionId":"213","nodeType":"n8n-nodes-base.webhook","nodeName":"Webhook","nodeId":"513fef5d-17bc-4aee-a6d8-bafcdff7b044"}}
{"__type":"$$EventMessageConfirm","confirm":"c253d9b5-9f14-49de-9f51-184bc4be9816","ts":"2026-06-18T10:20:19.155+07:00","source":{"id":"0","name":"eventBus"}}
{"__type":"$$EventMessageNode","id":"1e231b55-67cd-42bf-9d2b-c0223b76d405","ts":"2026-06-18T10:20:19.158+07:00","eventName":"n8n.node.started","message":"n8n.node.started","payload":{"workflowId":"KVlRhtybz5Ho4gys","workflowName":"Auto_Procurement","executionId":"213","nodeType":"n8n-nodes-base.postgres","nodeName":"Execute a SQL query","nodeId":"391dc944-79ec-4d6f-a7df-ca0ba74fee58"}}
{"__type":"$$EventMessageConfirm","confirm":"1e231b55-67cd-42bf-9d2b-c0223b76d405","ts":"2026-06-18T10:20:19.159+07:00","source":{"id":"0","name":"eventBus"}}
{"__type":"$$EventMessageNode","id":"8808333b-13ae-490b-8ff7-e07dee34f7ca","ts":"2026-06-18T10:20:19.212+07:00","eventName":"n8n.node.finished","message":"n8n.node.finished","payload":{"workflowId":"KVlRhtybz5Ho4gys","workflowName":"Auto_Procurement","executionId":"213","nodeType":"n8n-nodes-base.postgres","nodeName":"Execute a SQL query","nodeId":"391dc944-79ec-4d6f-a7df-ca0ba74fee58"}}
{"__type":"$$EventMessageConfirm","confirm":"8808333b-13ae-490b-8ff7-e07dee34f7ca","ts":"2026-06-18T10:20:19.212+07:00","source":{"id":"0","name":"eventBus"}}
{"__type":"$$EventMessageNode","id":"121eeee5-8ff4-4440-8b17-4a4c6344a68f","ts":"2026-06-18T10:20:19.213+07:00","eventName":"n8n.node.started","message":"n8n.node.started","payload":{"workflowId":"KVlRhtybz5Ho4gys","workflowName":"Auto_Procurement","executionId":"213","nodeType":"n8n-nodes-base.httpRequest","nodeName":"HTTP Request","nodeId":"fe91f348-d636-432f-b862-729a41ad6c3a"}}
{"__type":"$$EventMessageConfirm","confirm":"121eeee5-8ff4-4440-8b17-4a4c6344a68f","ts":"2026-06-18T10:20:19.213+07:00","source":{"id":"0","name":"eventBus"}}
{"__type":"$$EventMessageNode","id":"58f19b86-1bd8-4013-b08f-002d85b58335","ts":"2026-06-18T10:20:24.070+07:00","eventName":"n8n.node.finished","message":"n8n.node.finished","payload":{"workflowId":"KVlRhtybz5Ho4gys","workflowName":"Auto_Procurement","executionId":"213","nodeType":"n8n-nodes-base.httpRequest","nodeName":"HTTP Request","nodeId":"fe91f348-d636-432f-b862-729a41ad6c3a"}}
{"__type":"$$EventMessageConfirm","confirm":"58f19b86-1bd8-4013-b08f-002d85b58335","ts":"2026-06-18T10:20:24.070+07:00","source":{"id":"0","name":"eventBus"}}
{"__type":"$$EventMessageNode","id":"673cd8b4-24e9-407d-b7a6-af44126b18ec","ts":"2026-06-18T10:20:24.071+07:00","eventName":"n8n.node.started","message":"n8n.node.started","payload":{"workflowId":"KVlRhtybz5Ho4gys","workflowName":"Auto_Procurement","executionId":"213","nodeType":"n8n-nodes-base.respondToWebhook","nodeName":"Respond to Webhook","nodeId":"f81e9db7-2d43-4121-9e87-5b2625a9ad11"}}
{"__type":"$$EventMessageConfirm","confirm":"673cd8b4-24e9-407d-b7a6-af44126b18ec","ts":"2026-06-18T10:20:24.071+07:00","source":{"id":"0","name":"eventBus"}}
{"__type":"$$EventMessageNode","id":"08e40b20-98a4-48cc-9500-5afdb827faa5","ts":"2026-06-18T10:20:24.073+07:00","eventName":"n8n.node.finished","message":"n8n.node.finished","payload":{"workflowId":"KVlRhtybz5Ho4gys","workflowName":"Auto_Procurement","executionId":"213","nodeType":"n8n-nodes-base.respondToWebhook","nodeName":"Respond to Webhook","nodeId":"f81e9db7-2d43-4121-9e87-5b2625a9ad11"}}
{"__type":"$$EventMessageConfirm","confirm":"08e40b20-98a4-48cc-9500-5afdb827faa5","ts":"2026-06-18T10:20:24.073+07:00","source":{"id":"0","name":"eventBus"}}
{"__type":"$$EventMessageWorkflow","id":"8a363404-54db-4a1e-83b2-2c02bdb2fdb6","ts":"2026-06-18T10:20:24.083+07:00","eventName":"n8n.workflow.success","message":"n8n.workflow.success","payload":{"userId":"b15f9a4a-4fc3-4b09-b6c9-0dc75a2b83d8","executionId":"213","success":true,"isManual":true,"mode":"manual","workflowId":"KVlRhtybz5Ho4gys","workflowName":"Auto_Procurement","projectId":"h2L0jogoBTqwjpXf","projectName":"Dinh Pham <khadinh41@gmail.com>"}}
{"__type":"$$EventMessageConfirm","confirm":"8a363404-54db-4a1e-83b2-2c02bdb2fdb6","ts":"2026-06-18T10:20:24.085+07:00","source":{"id":"0","name":"eventBus"}}
{"__type":"$$EventMessageAudit","id":"d698e08e-3bf6-447b-b63d-606d6bad6384","ts":"2026-06-18T10:35:48.557+07:00","eventName":"n8n.audit.workflow.executed","message":"n8n.audit.workflow.executed","payload":{"workflowId":"KVlRhtybz5Ho4gys","workflowName":"Auto_Procurement","executionId":"214","source":"webhook"}}
{"__type":"$$EventMessageConfirm","confirm":"d698e08e-3bf6-447b-b63d-606d6bad6384","ts":"2026-06-18T10:35:48.567+07:00","source":{"id":"0","name":"eventBus"}}
{"__type":"$$EventMessageWorkflow","id":"5573857c-d716-4f1e-993f-683f6ce9a3c5","ts":"2026-06-18T10:35:48.571+07:00","eventName":"n8n.workflow.started","message":"n8n.workflow.started","payload":{"executionId":"214","workflowId":"KVlRhtybz5Ho4gys","isManual":false,"mode":"manual","workflowName":"Auto_Procurement","projectId":"h2L0jogoBTqwjpXf","projectName":"Dinh Pham <khadinh41@gmail.com>"}}
{"__type":"$$EventMessageConfirm","confirm":"5573857c-d716-4f1e-993f-683f6ce9a3c5","ts":"2026-06-18T10:35:48.571+07:00","source":{"id":"0","name":"eventBus"}}
{"__type":"$$EventMessageNode","id":"5c4003b4-fe16-4ab1-8585-865ed3add601","ts":"2026-06-18T10:35:48.613+07:00","eventName":"n8n.node.started","message":"n8n.node.started","payload":{"workflowId":"KVlRhtybz5Ho4gys","workflowName":"Auto_Procurement","executionId":"214","nodeType":"n8n-nodes-base.webhook","nodeName":"Webhook","nodeId":"513fef5d-17bc-4aee-a6d8-bafcdff7b044"}}
{"__type":"$$EventMessageConfirm","confirm":"5c4003b4-fe16-4ab1-8585-865ed3add601","ts":"2026-06-18T10:35:48.613+07:00","source":{"id":"0","name":"eventBus"}}
{"__type":"$$EventMessageNode","id":"345f41c3-47c3-402b-b441-a9018aaf2db7","ts":"2026-06-18T10:35:48.620+07:00","eventName":"n8n.node.finished","message":"n8n.node.finished","payload":{"workflowId":"KVlRhtybz5Ho4gys","workflowName":"Auto_Procurement","executionId":"214","nodeType":"n8n-nodes-base.webhook","nodeName":"Webhook","nodeId":"513fef5d-17bc-4aee-a6d8-bafcdff7b044"}}
{"__type":"$$EventMessageConfirm","confirm":"345f41c3-47c3-402b-b441-a9018aaf2db7","ts":"2026-06-18T10:35:48.620+07:00","source":{"id":"0","name":"eventBus"}}
{"__type":"$$EventMessageNode","id":"4f080687-6778-49cb-b87a-bc7c0635fbc5","ts":"2026-06-18T10:35:48.628+07:00","eventName":"n8n.node.started","message":"n8n.node.started","payload":{"workflowId":"KVlRhtybz5Ho4gys","workflowName":"Auto_Procurement","executionId":"214","nodeType":"n8n-nodes-base.postgres","nodeName":"Execute a SQL query","nodeId":"391dc944-79ec-4d6f-a7df-ca0ba74fee58"}}
{"__type":"$$EventMessageConfirm","confirm":"4f080687-6778-49cb-b87a-bc7c0635fbc5","ts":"2026-06-18T10:35:48.628+07:00","source":{"id":"0","name":"eventBus"}}
{"__type":"$$EventMessageNode","id":"5836d937-db9c-45e9-b505-277c685e4950","ts":"2026-06-18T10:35:48.789+07:00","eventName":"n8n.node.finished","message":"n8n.node.finished","payload":{"workflowId":"KVlRhtybz5Ho4gys","workflowName":"Auto_Procurement","executionId":"214","nodeType":"n8n-nodes-base.postgres","nodeName":"Execute a SQL query","nodeId":"391dc944-79ec-4d6f-a7df-ca0ba74fee58"}}
{"__type":"$$EventMessageConfirm","confirm":"5836d937-db9c-45e9-b505-277c685e4950","ts":"2026-06-18T10:35:48.789+07:00","source":{"id":"0","name":"eventBus"}}
{"__type":"$$EventMessageNode","id":"bf5945d4-91d6-4d1c-994d-a0f557f20ed9","ts":"2026-06-18T10:35:48.791+07:00","eventName":"n8n.node.started","message":"n8n.node.started","payload":{"workflowId":"KVlRhtybz5Ho4gys","workflowName":"Auto_Procurement","executionId":"214","nodeType":"n8n-nodes-base.httpRequest","nodeName":"HTTP Request","nodeId":"fe91f348-d636-432f-b862-729a41ad6c3a"}}
{"__type":"$$EventMessageConfirm","confirm":"bf5945d4-91d6-4d1c-994d-a0f557f20ed9","ts":"2026-06-18T10:35:48.791+07:00","source":{"id":"0","name":"eventBus"}}
{"__type":"$$EventMessageNode","id":"2d29d0e6-4ebf-498b-b276-6bf7e6431ed3","ts":"2026-06-18T10:35:54.774+07:00","eventName":"n8n.node.finished","message":"n8n.node.finished","payload":{"workflowId":"KVlRhtybz5Ho4gys","workflowName":"Auto_Procurement","executionId":"214","nodeType":"n8n-nodes-base.httpRequest","nodeName":"HTTP Request","nodeId":"fe91f348-d636-432f-b862-729a41ad6c3a"}}
{"__type":"$$EventMessageConfirm","confirm":"2d29d0e6-4ebf-498b-b276-6bf7e6431ed3","ts":"2026-06-18T10:35:54.774+07:00","source":{"id":"0","name":"eventBus"}}
{"__type":"$$EventMessageNode","id":"85dfe267-3227-4ed4-9ae0-a12eb7348d1b","ts":"2026-06-18T10:35:54.775+07:00","eventName":"n8n.node.started","message":"n8n.node.started","payload":{"workflowId":"KVlRhtybz5Ho4gys","workflowName":"Auto_Procurement","executionId":"214","nodeType":"n8n-nodes-base.respondToWebhook","nodeName":"Respond to Webhook","nodeId":"f81e9db7-2d43-4121-9e87-5b2625a9ad11"}}
{"__type":"$$EventMessageConfirm","confirm":"85dfe267-3227-4ed4-9ae0-a12eb7348d1b","ts":"2026-06-18T10:35:54.775+07:00","source":{"id":"0","name":"eventBus"}}
{"__type":"$$EventMessageNode","id":"025f6ba0-80e2-4080-ba5e-6b6995b746bc","ts":"2026-06-18T10:35:54.787+07:00","eventName":"n8n.node.finished","message":"n8n.node.finished","payload":{"workflowId":"KVlRhtybz5Ho4gys","workflowName":"Auto_Procurement","executionId":"214","nodeType":"n8n-nodes-base.respondToWebhook","nodeName":"Respond to Webhook","nodeId":"f81e9db7-2d43-4121-9e87-5b2625a9ad11"}}
{"__type":"$$EventMessageConfirm","confirm":"025f6ba0-80e2-4080-ba5e-6b6995b746bc","ts":"2026-06-18T10:35:54.787+07:00","source":{"id":"0","name":"eventBus"}}
{"__type":"$$EventMessageWorkflow","id":"bb95bc91-1d09-4353-9465-bb961110ea07","ts":"2026-06-18T10:35:54.849+07:00","eventName":"n8n.workflow.success","message":"n8n.workflow.success","payload":{"userId":"b15f9a4a-4fc3-4b09-b6c9-0dc75a2b83d8","executionId":"214","success":true,"isManual":true,"mode":"manual","workflowId":"KVlRhtybz5Ho4gys","workflowName":"Auto_Procurement","projectId":"h2L0jogoBTqwjpXf","projectName":"Dinh Pham <khadinh41@gmail.com>"}}
{"__type":"$$EventMessageConfirm","confirm":"bb95bc91-1d09-4353-9465-bb961110ea07","ts":"2026-06-18T10:35:54.850+07:00","source":{"id":"0","name":"eventBus"}}
{"__type":"$$EventMessageAudit","id":"3ced2dd9-3b49-4c23-8f90-fa2f370c57f6","ts":"2026-06-18T10:37:19.728+07:00","eventName":"n8n.audit.workflow.executed","message":"n8n.audit.workflow.executed","payload":{"workflowId":"KVlRhtybz5Ho4gys","workflowName":"Auto_Procurement","executionId":"215","source":"webhook"}}
{"__type":"$$EventMessageConfirm","confirm":"3ced2dd9-3b49-4c23-8f90-fa2f370c57f6","ts":"2026-06-18T10:37:19.729+07:00","source":{"id":"0","name":"eventBus"}}
{"__type":"$$EventMessageWorkflow","id":"37747c57-2017-4686-92ba-c8cab059d36a","ts":"2026-06-18T10:37:19.729+07:00","eventName":"n8n.workflow.started","message":"n8n.workflow.started","payload":{"executionId":"215","workflowId":"KVlRhtybz5Ho4gys","isManual":false,"mode":"manual","workflowName":"Auto_Procurement","projectId":"h2L0jogoBTqwjpXf","projectName":"Dinh Pham <khadinh41@gmail.com>"}}
{"__type":"$$EventMessageConfirm","confirm":"37747c57-2017-4686-92ba-c8cab059d36a","ts":"2026-06-18T10:37:19.729+07:00","source":{"id":"0","name":"eventBus"}}
{"__type":"$$EventMessageNode","id":"fd700b56-e1ba-4da0-acc8-78b934f80daf","ts":"2026-06-18T10:37:19.752+07:00","eventName":"n8n.node.started","message":"n8n.node.started","payload":{"workflowId":"KVlRhtybz5Ho4gys","workflowName":"Auto_Procurement","executionId":"215","nodeType":"n8n-nodes-base.webhook","nodeName":"Webhook","nodeId":"513fef5d-17bc-4aee-a6d8-bafcdff7b044"}}
{"__type":"$$EventMessageConfirm","confirm":"fd700b56-e1ba-4da0-acc8-78b934f80daf","ts":"2026-06-18T10:37:19.752+07:00","source":{"id":"0","name":"eventBus"}}
{"__type":"$$EventMessageNode","id":"8de706e6-53d1-4f11-bab7-f891311cbc81","ts":"2026-06-18T10:37:19.752+07:00","eventName":"n8n.node.finished","message":"n8n.node.finished","payload":{"workflowId":"KVlRhtybz5Ho4gys","workflowName":"Auto_Procurement","executionId":"215","nodeType":"n8n-nodes-base.webhook","nodeName":"Webhook","nodeId":"513fef5d-17bc-4aee-a6d8-bafcdff7b044"}}
{"__type":"$$EventMessageConfirm","confirm":"8de706e6-53d1-4f11-bab7-f891311cbc81","ts":"2026-06-18T10:37:19.753+07:00","source":{"id":"0","name":"eventBus"}}
{"__type":"$$EventMessageNode","id":"0347a273-c366-4ab8-b709-7bf87b25a52b","ts":"2026-06-18T10:37:19.753+07:00","eventName":"n8n.node.started","message":"n8n.node.started","payload":{"workflowId":"KVlRhtybz5Ho4gys","workflowName":"Auto_Procurement","executionId":"215","nodeType":"n8n-nodes-base.postgres","nodeName":"Execute a SQL query","nodeId":"391dc944-79ec-4d6f-a7df-ca0ba74fee58"}}
{"__type":"$$EventMessageConfirm","confirm":"0347a273-c366-4ab8-b709-7bf87b25a52b","ts":"2026-06-18T10:37:19.753+07:00","source":{"id":"0","name":"eventBus"}}
{"__type":"$$EventMessageNode","id":"e85fb172-9dbe-4eed-b04c-b6388e383b8b","ts":"2026-06-18T10:37:19.777+07:00","eventName":"n8n.node.finished","message":"n8n.node.finished","payload":{"workflowId":"KVlRhtybz5Ho4gys","workflowName":"Auto_Procurement","executionId":"215","nodeType":"n8n-nodes-base.postgres","nodeName":"Execute a SQL query","nodeId":"391dc944-79ec-4d6f-a7df-ca0ba74fee58"}}
{"__type":"$$EventMessageConfirm","confirm":"e85fb172-9dbe-4eed-b04c-b6388e383b8b","ts":"2026-06-18T10:37:19.777+07:00","source":{"id":"0","name":"eventBus"}}
{"__type":"$$EventMessageNode","id":"8150f424-4e20-4c46-8e66-2ec9196e73a5","ts":"2026-06-18T10:37:19.778+07:00","eventName":"n8n.node.started","message":"n8n.node.started","payload":{"workflowId":"KVlRhtybz5Ho4gys","workflowName":"Auto_Procurement","executionId":"215","nodeType":"n8n-nodes-base.httpRequest","nodeName":"HTTP Request","nodeId":"fe91f348-d636-432f-b862-729a41ad6c3a"}}
{"__type":"$$EventMessageConfirm","confirm":"8150f424-4e20-4c46-8e66-2ec9196e73a5","ts":"2026-06-18T10:37:19.778+07:00","source":{"id":"0","name":"eventBus"}}
{"__type":"$$EventMessageNode","id":"61e9452c-25ca-41f9-8de0-8279762282c8","ts":"2026-06-18T10:37:25.502+07:00","eventName":"n8n.node.finished","message":"n8n.node.finished","payload":{"workflowId":"KVlRhtybz5Ho4gys","workflowName":"Auto_Procurement","executionId":"215","nodeType":"n8n-nodes-base.httpRequest","nodeName":"HTTP Request","nodeId":"fe91f348-d636-432f-b862-729a41ad6c3a"}}
{"__type":"$$EventMessageConfirm","confirm":"61e9452c-25ca-41f9-8de0-8279762282c8","ts":"2026-06-18T10:37:25.502+07:00","source":{"id":"0","name":"eventBus"}}
{"__type":"$$EventMessageNode","id":"8279c65e-7fbb-444c-9a9f-b506c124b123","ts":"2026-06-18T10:37:25.503+07:00","eventName":"n8n.node.started","message":"n8n.node.started","payload":{"workflowId":"KVlRhtybz5Ho4gys","workflowName":"Auto_Procurement","executionId":"215","nodeType":"n8n-nodes-base.respondToWebhook","nodeName":"Respond to Webhook","nodeId":"f81e9db7-2d43-4121-9e87-5b2625a9ad11"}}
{"__type":"$$EventMessageConfirm","confirm":"8279c65e-7fbb-444c-9a9f-b506c124b123","ts":"2026-06-18T10:37:25.503+07:00","source":{"id":"0","name":"eventBus"}}
{"__type":"$$EventMessageNode","id":"fb31c44f-93b8-4652-bb8d-f0d7edbfb6d0","ts":"2026-06-18T10:37:25.505+07:00","eventName":"n8n.node.finished","message":"n8n.node.finished","payload":{"workflowId":"KVlRhtybz5Ho4gys","workflowName":"Auto_Procurement","executionId":"215","nodeType":"n8n-nodes-base.respondToWebhook","nodeName":"Respond to Webhook","nodeId":"f81e9db7-2d43-4121-9e87-5b2625a9ad11"}}
{"__type":"$$EventMessageConfirm","confirm":"fb31c44f-93b8-4652-bb8d-f0d7edbfb6d0","ts":"2026-06-18T10:37:25.505+07:00","source":{"id":"0","name":"eventBus"}}
{"__type":"$$EventMessageWorkflow","id":"eb99c85f-a201-4738-ace4-252c1304b094","ts":"2026-06-18T10:37:25.521+07:00","eventName":"n8n.workflow.success","message":"n8n.workflow.success","payload":{"userId":"b15f9a4a-4fc3-4b09-b6c9-0dc75a2b83d8","executionId":"215","success":true,"isManual":true,"mode":"manual","workflowId":"KVlRhtybz5Ho4gys","workflowName":"Auto_Procurement","projectId":"h2L0jogoBTqwjpXf","projectName":"Dinh Pham <khadinh41@gmail.com>"}}
{"__type":"$$EventMessageConfirm","confirm":"eb99c85f-a201-4738-ace4-252c1304b094","ts":"2026-06-18T10:37:25.521+07:00","source":{"id":"0","name":"eventBus"}}
{"__type":"$$EventMessageAudit","id":"37152be9-b2e3-46b7-ab79-5250bb430828","ts":"2026-06-18T10:43:53.070+07:00","eventName":"n8n.audit.workflow.executed","message":"n8n.audit.workflow.executed","payload":{"workflowId":"KVlRhtybz5Ho4gys","workflowName":"Auto_Procurement","executionId":"216","source":"webhook"}}
{"__type":"$$EventMessageConfirm","confirm":"37152be9-b2e3-46b7-ab79-5250bb430828","ts":"2026-06-18T10:43:53.072+07:00","source":{"id":"0","name":"eventBus"}}
{"__type":"$$EventMessageWorkflow","id":"6227a9c3-839f-4c79-9f4c-d061eef46db0","ts":"2026-06-18T10:43:53.072+07:00","eventName":"n8n.workflow.started","message":"n8n.workflow.started","payload":{"executionId":"216","workflowId":"KVlRhtybz5Ho4gys","isManual":false,"mode":"manual","workflowName":"Auto_Procurement","projectId":"h2L0jogoBTqwjpXf","projectName":"Dinh Pham <khadinh41@gmail.com>"}}
{"__type":"$$EventMessageConfirm","confirm":"6227a9c3-839f-4c79-9f4c-d061eef46db0","ts":"2026-06-18T10:43:53.072+07:00","source":{"id":"0","name":"eventBus"}}
{"__type":"$$EventMessageNode","id":"135dfca0-6291-4163-9880-89a0bf41a762","ts":"2026-06-18T10:43:53.101+07:00","eventName":"n8n.node.started","message":"n8n.node.started","payload":{"workflowId":"KVlRhtybz5Ho4gys","workflowName":"Auto_Procurement","executionId":"216","nodeType":"n8n-nodes-base.webhook","nodeName":"Webhook","nodeId":"513fef5d-17bc-4aee-a6d8-bafcdff7b044"}}
{"__type":"$$EventMessageConfirm","confirm":"135dfca0-6291-4163-9880-89a0bf41a762","ts":"2026-06-18T10:43:53.101+07:00","source":{"id":"0","name":"eventBus"}}
{"__type":"$$EventMessageNode","id":"40ffd04d-5394-4289-84b0-cbaeba842d8c","ts":"2026-06-18T10:43:53.102+07:00","eventName":"n8n.node.finished","message":"n8n.node.finished","payload":{"workflowId":"KVlRhtybz5Ho4gys","workflowName":"Auto_Procurement","executionId":"216","nodeType":"n8n-nodes-base.webhook","nodeName":"Webhook","nodeId":"513fef5d-17bc-4aee-a6d8-bafcdff7b044"}}
{"__type":"$$EventMessageConfirm","confirm":"40ffd04d-5394-4289-84b0-cbaeba842d8c","ts":"2026-06-18T10:43:53.102+07:00","source":{"id":"0","name":"eventBus"}}
{"__type":"$$EventMessageNode","id":"f731e36f-5dc4-48bd-8ced-7f8c3c057917","ts":"2026-06-18T10:43:53.107+07:00","eventName":"n8n.node.started","message":"n8n.node.started","payload":{"workflowId":"KVlRhtybz5Ho4gys","workflowName":"Auto_Procurement","executionId":"216","nodeType":"n8n-nodes-base.postgres","nodeName":"Execute a SQL query","nodeId":"391dc944-79ec-4d6f-a7df-ca0ba74fee58"}}
{"__type":"$$EventMessageConfirm","confirm":"f731e36f-5dc4-48bd-8ced-7f8c3c057917","ts":"2026-06-18T10:43:53.108+07:00","source":{"id":"0","name":"eventBus"}}
{"__type":"$$EventMessageNode","id":"dfd0bbfd-98e4-4b6a-b982-9289c638f9b8","ts":"2026-06-18T10:43:53.149+07:00","eventName":"n8n.node.finished","message":"n8n.node.finished","payload":{"workflowId":"KVlRhtybz5Ho4gys","workflowName":"Auto_Procurement","executionId":"216","nodeType":"n8n-nodes-base.postgres","nodeName":"Execute a SQL query","nodeId":"391dc944-79ec-4d6f-a7df-ca0ba74fee58"}}
{"__type":"$$EventMessageConfirm","confirm":"dfd0bbfd-98e4-4b6a-b982-9289c638f9b8","ts":"2026-06-18T10:43:53.150+07:00","source":{"id":"0","name":"eventBus"}}
{"__type":"$$EventMessageNode","id":"316ee63e-22d3-42ca-a6d4-740ff90abfd8","ts":"2026-06-18T10:43:53.151+07:00","eventName":"n8n.node.started","message":"n8n.node.started","payload":{"workflowId":"KVlRhtybz5Ho4gys","workflowName":"Auto_Procurement","executionId":"216","nodeType":"n8n-nodes-base.httpRequest","nodeName":"HTTP Request","nodeId":"fe91f348-d636-432f-b862-729a41ad6c3a"}}
{"__type":"$$EventMessageConfirm","confirm":"316ee63e-22d3-42ca-a6d4-740ff90abfd8","ts":"2026-06-18T10:43:53.151+07:00","source":{"id":"0","name":"eventBus"}}
{"__type":"$$EventMessageNode","id":"329e34b3-9a54-4a99-8b9e-ffcaff4c61a0","ts":"2026-06-18T10:43:58.857+07:00","eventName":"n8n.node.finished","message":"n8n.node.finished","payload":{"workflowId":"KVlRhtybz5Ho4gys","workflowName":"Auto_Procurement","executionId":"216","nodeType":"n8n-nodes-base.httpRequest","nodeName":"HTTP Request","nodeId":"fe91f348-d636-432f-b862-729a41ad6c3a"}}
{"__type":"$$EventMessageConfirm","confirm":"329e34b3-9a54-4a99-8b9e-ffcaff4c61a0","ts":"2026-06-18T10:43:58.857+07:00","source":{"id":"0","name":"eventBus"}}
{"__type":"$$EventMessageNode","id":"88b61da5-568f-433a-886e-7bbd20c4bb0f","ts":"2026-06-18T10:43:58.858+07:00","eventName":"n8n.node.started","message":"n8n.node.started","payload":{"workflowId":"KVlRhtybz5Ho4gys","workflowName":"Auto_Procurement","executionId":"216","nodeType":"n8n-nodes-base.respondToWebhook","nodeName":"Respond to Webhook","nodeId":"f81e9db7-2d43-4121-9e87-5b2625a9ad11"}}
{"__type":"$$EventMessageConfirm","confirm":"88b61da5-568f-433a-886e-7bbd20c4bb0f","ts":"2026-06-18T10:43:58.858+07:00","source":{"id":"0","name":"eventBus"}}
{"__type":"$$EventMessageNode","id":"c803b479-b63b-4bec-9b0c-3fa40fdc8e63","ts":"2026-06-18T10:43:58.861+07:00","eventName":"n8n.node.finished","message":"n8n.node.finished","payload":{"workflowId":"KVlRhtybz5Ho4gys","workflowName":"Auto_Procurement","executionId":"216","nodeType":"n8n-nodes-base.respondToWebhook","nodeName":"Respond to Webhook","nodeId":"f81e9db7-2d43-4121-9e87-5b2625a9ad11"}}
{"__type":"$$EventMessageConfirm","confirm":"c803b479-b63b-4bec-9b0c-3fa40fdc8e63","ts":"2026-06-18T10:43:58.861+07:00","source":{"id":"0","name":"eventBus"}}
{"__type":"$$EventMessageWorkflow","id":"1a46e81d-8022-43c3-abc6-b8cb09fc0ed4","ts":"2026-06-18T10:43:58.877+07:00","eventName":"n8n.workflow.success","message":"n8n.workflow.success","payload":{"userId":"b15f9a4a-4fc3-4b09-b6c9-0dc75a2b83d8","executionId":"216","success":true,"isManual":true,"mode":"manual","workflowId":"KVlRhtybz5Ho4gys","workflowName":"Auto_Procurement","projectId":"h2L0jogoBTqwjpXf","projectName":"Dinh Pham <khadinh41@gmail.com>"}}
{"__type":"$$EventMessageConfirm","confirm":"1a46e81d-8022-43c3-abc6-b8cb09fc0ed4","ts":"2026-06-18T10:43:58.877+07:00","source":{"id":"0","name":"eventBus"}}
{"__type":"$$EventMessageAudit","id":"2d37285a-4fc8-40e4-b45c-d77aa85a5a22","ts":"2026-06-18T10:44:48.634+07:00","eventName":"n8n.audit.workflow.executed","message":"n8n.audit.workflow.executed","payload":{"workflowId":"KVlRhtybz5Ho4gys","workflowName":"Auto_Procurement","executionId":"217","source":"webhook"}}
{"__type":"$$EventMessageConfirm","confirm":"2d37285a-4fc8-40e4-b45c-d77aa85a5a22","ts":"2026-06-18T10:44:48.635+07:00","source":{"id":"0","name":"eventBus"}}
{"__type":"$$EventMessageWorkflow","id":"8ab406b4-d351-46c7-a248-9d5dbb986c44","ts":"2026-06-18T10:44:48.635+07:00","eventName":"n8n.workflow.started","message":"n8n.workflow.started","payload":{"executionId":"217","workflowId":"KVlRhtybz5Ho4gys","isManual":false,"mode":"manual","workflowName":"Auto_Procurement","projectId":"h2L0jogoBTqwjpXf","projectName":"Dinh Pham <khadinh41@gmail.com>"}}
{"__type":"$$EventMessageConfirm","confirm":"8ab406b4-d351-46c7-a248-9d5dbb986c44","ts":"2026-06-18T10:44:48.635+07:00","source":{"id":"0","name":"eventBus"}}
{"__type":"$$EventMessageNode","id":"dfd2b78c-076d-4e4f-8774-924a3fa8ffc2","ts":"2026-06-18T10:44:48.659+07:00","eventName":"n8n.node.started","message":"n8n.node.started","payload":{"workflowId":"KVlRhtybz5Ho4gys","workflowName":"Auto_Procurement","executionId":"217","nodeType":"n8n-nodes-base.webhook","nodeName":"Webhook","nodeId":"513fef5d-17bc-4aee-a6d8-bafcdff7b044"}}
{"__type":"$$EventMessageConfirm","confirm":"dfd2b78c-076d-4e4f-8774-924a3fa8ffc2","ts":"2026-06-18T10:44:48.660+07:00","source":{"id":"0","name":"eventBus"}}
{"__type":"$$EventMessageNode","id":"8651358f-fdf8-47d9-b7d9-84df7b25b1d8","ts":"2026-06-18T10:44:48.661+07:00","eventName":"n8n.node.finished","message":"n8n.node.finished","payload":{"workflowId":"KVlRhtybz5Ho4gys","workflowName":"Auto_Procurement","executionId":"217","nodeType":"n8n-nodes-base.webhook","nodeName":"Webhook","nodeId":"513fef5d-17bc-4aee-a6d8-bafcdff7b044"}}
{"__type":"$$EventMessageConfirm","confirm":"8651358f-fdf8-47d9-b7d9-84df7b25b1d8","ts":"2026-06-18T10:44:48.661+07:00","source":{"id":"0","name":"eventBus"}}
{"__type":"$$EventMessageNode","id":"f6ef80db-0711-4d33-a3a2-ea40b0b0f6e9","ts":"2026-06-18T10:44:48.662+07:00","eventName":"n8n.node.started","message":"n8n.node.started","payload":{"workflowId":"KVlRhtybz5Ho4gys","workflowName":"Auto_Procurement","executionId":"217","nodeType":"n8n-nodes-base.postgres","nodeName":"Execute a SQL query","nodeId":"391dc944-79ec-4d6f-a7df-ca0ba74fee58"}}
{"__type":"$$EventMessageConfirm","confirm":"f6ef80db-0711-4d33-a3a2-ea40b0b0f6e9","ts":"2026-06-18T10:44:48.662+07:00","source":{"id":"0","name":"eventBus"}}
{"__type":"$$EventMessageNode","id":"8f5405c9-e0bc-47d7-8c7e-d54ab1775970","ts":"2026-06-18T10:44:48.693+07:00","eventName":"n8n.node.finished","message":"n8n.node.finished","payload":{"workflowId":"KVlRhtybz5Ho4gys","workflowName":"Auto_Procurement","executionId":"217","nodeType":"n8n-nodes-base.postgres","nodeName":"Execute a SQL query","nodeId":"391dc944-79ec-4d6f-a7df-ca0ba74fee58"}}
{"__type":"$$EventMessageConfirm","confirm":"8f5405c9-e0bc-47d7-8c7e-d54ab1775970","ts":"2026-06-18T10:44:48.693+07:00","source":{"id":"0","name":"eventBus"}}
{"__type":"$$EventMessageNode","id":"f3ee2765-8fc7-4aac-9224-0af12ef47dea","ts":"2026-06-18T10:44:48.694+07:00","eventName":"n8n.node.started","message":"n8n.node.started","payload":{"workflowId":"KVlRhtybz5Ho4gys","workflowName":"Auto_Procurement","executionId":"217","nodeType":"n8n-nodes-base.httpRequest","nodeName":"HTTP Request","nodeId":"fe91f348-d636-432f-b862-729a41ad6c3a"}}
{"__type":"$$EventMessageConfirm","confirm":"f3ee2765-8fc7-4aac-9224-0af12ef47dea","ts":"2026-06-18T10:44:48.694+07:00","source":{"id":"0","name":"eventBus"}}
{"__type":"$$EventMessageNode","id":"e7d0e355-ada9-4722-a7a6-073f3c47f61e","ts":"2026-06-18T10:44:53.055+07:00","eventName":"n8n.node.finished","message":"n8n.node.finished","payload":{"workflowId":"KVlRhtybz5Ho4gys","workflowName":"Auto_Procurement","executionId":"217","nodeType":"n8n-nodes-base.httpRequest","nodeName":"HTTP Request","nodeId":"fe91f348-d636-432f-b862-729a41ad6c3a"}}
{"__type":"$$EventMessageConfirm","confirm":"e7d0e355-ada9-4722-a7a6-073f3c47f61e","ts":"2026-06-18T10:44:53.055+07:00","source":{"id":"0","name":"eventBus"}}
{"__type":"$$EventMessageNode","id":"f5d5d683-420c-450e-ba93-4a9d61f6da3a","ts":"2026-06-18T10:44:53.056+07:00","eventName":"n8n.node.started","message":"n8n.node.started","payload":{"workflowId":"KVlRhtybz5Ho4gys","workflowName":"Auto_Procurement","executionId":"217","nodeType":"n8n-nodes-base.respondToWebhook","nodeName":"Respond to Webhook","nodeId":"f81e9db7-2d43-4121-9e87-5b2625a9ad11"}}
{"__type":"$$EventMessageConfirm","confirm":"f5d5d683-420c-450e-ba93-4a9d61f6da3a","ts":"2026-06-18T10:44:53.056+07:00","source":{"id":"0","name":"eventBus"}}
{"__type":"$$EventMessageNode","id":"d7ee0960-7785-4e1e-8594-cd9e9b4e3c5f","ts":"2026-06-18T10:44:53.057+07:00","eventName":"n8n.node.finished","message":"n8n.node.finished","payload":{"workflowId":"KVlRhtybz5Ho4gys","workflowName":"Auto_Procurement","executionId":"217","nodeType":"n8n-nodes-base.respondToWebhook","nodeName":"Respond to Webhook","nodeId":"f81e9db7-2d43-4121-9e87-5b2625a9ad11"}}
{"__type":"$$EventMessageConfirm","confirm":"d7ee0960-7785-4e1e-8594-cd9e9b4e3c5f","ts":"2026-06-18T10:44:53.057+07:00","source":{"id":"0","name":"eventBus"}}
{"__type":"$$EventMessageWorkflow","id":"bfe69477-ca3b-4036-9e6f-cf481c4df2b8","ts":"2026-06-18T10:44:53.062+07:00","eventName":"n8n.workflow.success","message":"n8n.workflow.success","payload":{"userId":"b15f9a4a-4fc3-4b09-b6c9-0dc75a2b83d8","executionId":"217","success":true,"isManual":true,"mode":"manual","workflowId":"KVlRhtybz5Ho4gys","workflowName":"Auto_Procurement","projectId":"h2L0jogoBTqwjpXf","projectName":"Dinh Pham <khadinh41@gmail.com>"}}
{"__type":"$$EventMessageConfirm","confirm":"bfe69477-ca3b-4036-9e6f-cf481c4df2b8","ts":"2026-06-18T10:44:53.062+07:00","source":{"id":"0","name":"eventBus"}}
{"__type":"$$EventMessageAudit","id":"5f76f9e0-90b0-4ba7-a480-f164f84174f2","ts":"2026-06-18T10:49:58.146+07:00","eventName":"n8n.audit.workflow.executed","message":"n8n.audit.workflow.executed","payload":{"workflowId":"KVlRhtybz5Ho4gys","workflowName":"Auto_Procurement","executionId":"218","source":"webhook"}}
{"__type":"$$EventMessageConfirm","confirm":"5f76f9e0-90b0-4ba7-a480-f164f84174f2","ts":"2026-06-18T10:49:58.147+07:00","source":{"id":"0","name":"eventBus"}}
{"__type":"$$EventMessageWorkflow","id":"cfa92e48-5ca1-44a3-b1dc-74ac3f496c6f","ts":"2026-06-18T10:49:58.148+07:00","eventName":"n8n.workflow.started","message":"n8n.workflow.started","payload":{"executionId":"218","workflowId":"KVlRhtybz5Ho4gys","isManual":false,"mode":"manual","workflowName":"Auto_Procurement","projectId":"h2L0jogoBTqwjpXf","projectName":"Dinh Pham <khadinh41@gmail.com>"}}
{"__type":"$$EventMessageConfirm","confirm":"cfa92e48-5ca1-44a3-b1dc-74ac3f496c6f","ts":"2026-06-18T10:49:58.148+07:00","source":{"id":"0","name":"eventBus"}}
{"__type":"$$EventMessageNode","id":"112067c9-a163-4f2a-b6dd-5984520ed31e","ts":"2026-06-18T10:49:58.185+07:00","eventName":"n8n.node.started","message":"n8n.node.started","payload":{"workflowId":"KVlRhtybz5Ho4gys","workflowName":"Auto_Procurement","executionId":"218","nodeType":"n8n-nodes-base.webhook","nodeName":"Webhook","nodeId":"513fef5d-17bc-4aee-a6d8-bafcdff7b044"}}
{"__type":"$$EventMessageConfirm","confirm":"112067c9-a163-4f2a-b6dd-5984520ed31e","ts":"2026-06-18T10:49:58.186+07:00","source":{"id":"0","name":"eventBus"}}
{"__type":"$$EventMessageNode","id":"af7c051a-8a3b-4df0-9425-19b5fb462e11","ts":"2026-06-18T10:49:58.190+07:00","eventName":"n8n.node.finished","message":"n8n.node.finished","payload":{"workflowId":"KVlRhtybz5Ho4gys","workflowName":"Auto_Procurement","executionId":"218","nodeType":"n8n-nodes-base.webhook","nodeName":"Webhook","nodeId":"513fef5d-17bc-4aee-a6d8-bafcdff7b044"}}
{"__type":"$$EventMessageConfirm","confirm":"af7c051a-8a3b-4df0-9425-19b5fb462e11","ts":"2026-06-18T10:49:58.190+07:00","source":{"id":"0","name":"eventBus"}}
{"__type":"$$EventMessageNode","id":"b7e4debe-42a7-4a0d-9a59-f75e0592e2c4","ts":"2026-06-18T10:49:58.194+07:00","eventName":"n8n.node.started","message":"n8n.node.started","payload":{"workflowId":"KVlRhtybz5Ho4gys","workflowName":"Auto_Procurement","executionId":"218","nodeType":"n8n-nodes-base.postgres","nodeName":"Execute a SQL query","nodeId":"391dc944-79ec-4d6f-a7df-ca0ba74fee58"}}
{"__type":"$$EventMessageConfirm","confirm":"b7e4debe-42a7-4a0d-9a59-f75e0592e2c4","ts":"2026-06-18T10:49:58.195+07:00","source":{"id":"0","name":"eventBus"}}
{"__type":"$$EventMessageNode","id":"82f7c4b1-8319-4bfd-88bb-09be1843f052","ts":"2026-06-18T10:49:58.269+07:00","eventName":"n8n.node.finished","message":"n8n.node.finished","payload":{"workflowId":"KVlRhtybz5Ho4gys","workflowName":"Auto_Procurement","executionId":"218","nodeType":"n8n-nodes-base.postgres","nodeName":"Execute a SQL query","nodeId":"391dc944-79ec-4d6f-a7df-ca0ba74fee58"}}
{"__type":"$$EventMessageConfirm","confirm":"82f7c4b1-8319-4bfd-88bb-09be1843f052","ts":"2026-06-18T10:49:58.269+07:00","source":{"id":"0","name":"eventBus"}}
{"__type":"$$EventMessageNode","id":"bba35127-21a0-4d84-afdf-0cc9d10881e6","ts":"2026-06-18T10:49:58.274+07:00","eventName":"n8n.node.started","message":"n8n.node.started","payload":{"workflowId":"KVlRhtybz5Ho4gys","workflowName":"Auto_Procurement","executionId":"218","nodeType":"n8n-nodes-base.httpRequest","nodeName":"HTTP Request","nodeId":"fe91f348-d636-432f-b862-729a41ad6c3a"}}
{"__type":"$$EventMessageConfirm","confirm":"bba35127-21a0-4d84-afdf-0cc9d10881e6","ts":"2026-06-18T10:49:58.274+07:00","source":{"id":"0","name":"eventBus"}}
{"__type":"$$EventMessageNode","id":"039f2939-6888-48cc-98d5-f47b0f1a0b41","ts":"2026-06-18T10:50:03.229+07:00","eventName":"n8n.node.finished","message":"n8n.node.finished","payload":{"workflowId":"KVlRhtybz5Ho4gys","workflowName":"Auto_Procurement","executionId":"218","nodeType":"n8n-nodes-base.httpRequest","nodeName":"HTTP Request","nodeId":"fe91f348-d636-432f-b862-729a41ad6c3a"}}
{"__type":"$$EventMessageConfirm","confirm":"039f2939-6888-48cc-98d5-f47b0f1a0b41","ts":"2026-06-18T10:50:03.229+07:00","source":{"id":"0","name":"eventBus"}}
{"__type":"$$EventMessageNode","id":"cc548c30-48ed-41d7-8046-437ddb503d70","ts":"2026-06-18T10:50:03.230+07:00","eventName":"n8n.node.started","message":"n8n.node.started","payload":{"workflowId":"KVlRhtybz5Ho4gys","workflowName":"Auto_Procurement","executionId":"218","nodeType":"n8n-nodes-base.respondToWebhook","nodeName":"Respond to Webhook","nodeId":"f81e9db7-2d43-4121-9e87-5b2625a9ad11"}}
{"__type":"$$EventMessageConfirm","confirm":"cc548c30-48ed-41d7-8046-437ddb503d70","ts":"2026-06-18T10:50:03.231+07:00","source":{"id":"0","name":"eventBus"}}
{"__type":"$$EventMessageNode","id":"0600799f-35be-419a-9fd4-9cd91463420c","ts":"2026-06-18T10:50:03.234+07:00","eventName":"n8n.node.finished","message":"n8n.node.finished","payload":{"workflowId":"KVlRhtybz5Ho4gys","workflowName":"Auto_Procurement","executionId":"218","nodeType":"n8n-nodes-base.respondToWebhook","nodeName":"Respond to Webhook","nodeId":"f81e9db7-2d43-4121-9e87-5b2625a9ad11"}}
{"__type":"$$EventMessageConfirm","confirm":"0600799f-35be-419a-9fd4-9cd91463420c","ts":"2026-06-18T10:50:03.234+07:00","source":{"id":"0","name":"eventBus"}}
{"__type":"$$EventMessageWorkflow","id":"bab2535f-40e9-43b7-a21e-89ab696f2fba","ts":"2026-06-18T10:50:03.245+07:00","eventName":"n8n.workflow.success","message":"n8n.workflow.success","payload":{"userId":"b15f9a4a-4fc3-4b09-b6c9-0dc75a2b83d8","executionId":"218","success":true,"isManual":true,"mode":"manual","workflowId":"KVlRhtybz5Ho4gys","workflowName":"Auto_Procurement","projectId":"h2L0jogoBTqwjpXf","projectName":"Dinh Pham <khadinh41@gmail.com>"}}
{"__type":"$$EventMessageConfirm","confirm":"bab2535f-40e9-43b7-a21e-89ab696f2fba","ts":"2026-06-18T10:50:03.245+07:00","source":{"id":"0","name":"eventBus"}}
{"__type":"$$EventMessageAudit","id":"16b988a5-1eec-41d3-a4a5-d4ff93819b73","ts":"2026-06-18T10:56:14.761+07:00","eventName":"n8n.audit.workflow.executed","message":"n8n.audit.workflow.executed","payload":{"workflowId":"KVlRhtybz5Ho4gys","workflowName":"Auto_Procurement","executionId":"219","source":"webhook"}}
{"__type":"$$EventMessageConfirm","confirm":"16b988a5-1eec-41d3-a4a5-d4ff93819b73","ts":"2026-06-18T10:56:14.762+07:00","source":{"id":"0","name":"eventBus"}}
{"__type":"$$EventMessageWorkflow","id":"258dfcbf-b159-4f11-85ab-50c51ccc5d71","ts":"2026-06-18T10:56:14.762+07:00","eventName":"n8n.workflow.started","message":"n8n.workflow.started","payload":{"executionId":"219","workflowId":"KVlRhtybz5Ho4gys","isManual":false,"mode":"manual","workflowName":"Auto_Procurement","projectId":"h2L0jogoBTqwjpXf","projectName":"Dinh Pham <khadinh41@gmail.com>"}}
{"__type":"$$EventMessageConfirm","confirm":"258dfcbf-b159-4f11-85ab-50c51ccc5d71","ts":"2026-06-18T10:56:14.763+07:00","source":{"id":"0","name":"eventBus"}}
{"__type":"$$EventMessageNode","id":"b892f051-a07b-492b-a90f-434cbd5fc373","ts":"2026-06-18T10:56:14.786+07:00","eventName":"n8n.node.started","message":"n8n.node.started","payload":{"workflowId":"KVlRhtybz5Ho4gys","workflowName":"Auto_Procurement","executionId":"219","nodeType":"n8n-nodes-base.webhook","nodeName":"Webhook","nodeId":"513fef5d-17bc-4aee-a6d8-bafcdff7b044"}}
{"__type":"$$EventMessageConfirm","confirm":"b892f051-a07b-492b-a90f-434cbd5fc373","ts":"2026-06-18T10:56:14.786+07:00","source":{"id":"0","name":"eventBus"}}
{"__type":"$$EventMessageNode","id":"bf1c9122-5110-4df1-91e4-66b937e835b7","ts":"2026-06-18T10:56:14.787+07:00","eventName":"n8n.node.finished","message":"n8n.node.finished","payload":{"workflowId":"KVlRhtybz5Ho4gys","workflowName":"Auto_Procurement","executionId":"219","nodeType":"n8n-nodes-base.webhook","nodeName":"Webhook","nodeId":"513fef5d-17bc-4aee-a6d8-bafcdff7b044"}}
{"__type":"$$EventMessageConfirm","confirm":"bf1c9122-5110-4df1-91e4-66b937e835b7","ts":"2026-06-18T10:56:14.787+07:00","source":{"id":"0","name":"eventBus"}}
{"__type":"$$EventMessageNode","id":"6abcd889-d6d0-4161-905b-dccf119e100f","ts":"2026-06-18T10:56:14.788+07:00","eventName":"n8n.node.started","message":"n8n.node.started","payload":{"workflowId":"KVlRhtybz5Ho4gys","workflowName":"Auto_Procurement","executionId":"219","nodeType":"n8n-nodes-base.postgres","nodeName":"Execute a SQL query","nodeId":"391dc944-79ec-4d6f-a7df-ca0ba74fee58"}}
{"__type":"$$EventMessageConfirm","confirm":"6abcd889-d6d0-4161-905b-dccf119e100f","ts":"2026-06-18T10:56:14.789+07:00","source":{"id":"0","name":"eventBus"}}
{"__type":"$$EventMessageNode","id":"6755dee4-9245-46bb-a68c-e6b9eea4edba","ts":"2026-06-18T10:56:14.836+07:00","eventName":"n8n.node.finished","message":"n8n.node.finished","payload":{"workflowId":"KVlRhtybz5Ho4gys","workflowName":"Auto_Procurement","executionId":"219","nodeType":"n8n-nodes-base.postgres","nodeName":"Execute a SQL query","nodeId":"391dc944-79ec-4d6f-a7df-ca0ba74fee58"}}
{"__type":"$$EventMessageConfirm","confirm":"6755dee4-9245-46bb-a68c-e6b9eea4edba","ts":"2026-06-18T10:56:14.836+07:00","source":{"id":"0","name":"eventBus"}}
{"__type":"$$EventMessageNode","id":"fbdcd0a4-ad3f-4691-aace-f8d261c640b8","ts":"2026-06-18T10:56:14.837+07:00","eventName":"n8n.node.started","message":"n8n.node.started","payload":{"workflowId":"KVlRhtybz5Ho4gys","workflowName":"Auto_Procurement","executionId":"219","nodeType":"n8n-nodes-base.httpRequest","nodeName":"HTTP Request","nodeId":"fe91f348-d636-432f-b862-729a41ad6c3a"}}
{"__type":"$$EventMessageConfirm","confirm":"fbdcd0a4-ad3f-4691-aace-f8d261c640b8","ts":"2026-06-18T10:56:14.837+07:00","source":{"id":"0","name":"eventBus"}}
{"__type":"$$EventMessageNode","id":"4d0fe0cd-7aec-4fea-b089-b58969459ec8","ts":"2026-06-18T10:56:20.955+07:00","eventName":"n8n.node.finished","message":"n8n.node.finished","payload":{"workflowId":"KVlRhtybz5Ho4gys","workflowName":"Auto_Procurement","executionId":"219","nodeType":"n8n-nodes-base.httpRequest","nodeName":"HTTP Request","nodeId":"fe91f348-d636-432f-b862-729a41ad6c3a"}}
{"__type":"$$EventMessageConfirm","confirm":"4d0fe0cd-7aec-4fea-b089-b58969459ec8","ts":"2026-06-18T10:56:20.955+07:00","source":{"id":"0","name":"eventBus"}}
{"__type":"$$EventMessageNode","id":"5a70a3f3-1d3b-4199-aafa-2390cf425056","ts":"2026-06-18T10:56:20.956+07:00","eventName":"n8n.node.started","message":"n8n.node.started","payload":{"workflowId":"KVlRhtybz5Ho4gys","workflowName":"Auto_Procurement","executionId":"219","nodeType":"n8n-nodes-base.respondToWebhook","nodeName":"Respond to Webhook","nodeId":"f81e9db7-2d43-4121-9e87-5b2625a9ad11"}}
{"__type":"$$EventMessageConfirm","confirm":"5a70a3f3-1d3b-4199-aafa-2390cf425056","ts":"2026-06-18T10:56:20.956+07:00","source":{"id":"0","name":"eventBus"}}
{"__type":"$$EventMessageNode","id":"96c8b2dd-a9f7-41cd-817b-d2755b7f4741","ts":"2026-06-18T10:56:20.958+07:00","eventName":"n8n.node.finished","message":"n8n.node.finished","payload":{"workflowId":"KVlRhtybz5Ho4gys","workflowName":"Auto_Procurement","executionId":"219","nodeType":"n8n-nodes-base.respondToWebhook","nodeName":"Respond to Webhook","nodeId":"f81e9db7-2d43-4121-9e87-5b2625a9ad11"}}
{"__type":"$$EventMessageConfirm","confirm":"96c8b2dd-a9f7-41cd-817b-d2755b7f4741","ts":"2026-06-18T10:56:20.958+07:00","source":{"id":"0","name":"eventBus"}}
{"__type":"$$EventMessageWorkflow","id":"5de9764f-5b0f-49e9-a988-b12ac8614b6f","ts":"2026-06-18T10:56:20.973+07:00","eventName":"n8n.workflow.success","message":"n8n.workflow.success","payload":{"userId":"b15f9a4a-4fc3-4b09-b6c9-0dc75a2b83d8","executionId":"219","success":true,"isManual":true,"mode":"manual","workflowId":"KVlRhtybz5Ho4gys","workflowName":"Auto_Procurement","projectId":"h2L0jogoBTqwjpXf","projectName":"Dinh Pham <khadinh41@gmail.com>"}}
{"__type":"$$EventMessageConfirm","confirm":"5de9764f-5b0f-49e9-a988-b12ac8614b6f","ts":"2026-06-18T10:56:20.973+07:00","source":{"id":"0","name":"eventBus"}}
{"__type":"$$EventMessageAudit","id":"51070285-a6e6-4d1f-a4a5-60ee9c3abc38","ts":"2026-06-18T10:56:56.194+07:00","eventName":"n8n.audit.workflow.executed","message":"n8n.audit.workflow.executed","payload":{"workflowId":"KVlRhtybz5Ho4gys","workflowName":"Auto_Procurement","executionId":"220","source":"webhook"}}
{"__type":"$$EventMessageConfirm","confirm":"51070285-a6e6-4d1f-a4a5-60ee9c3abc38","ts":"2026-06-18T10:56:56.195+07:00","source":{"id":"0","name":"eventBus"}}
{"__type":"$$EventMessageWorkflow","id":"fa20d0c8-d78b-460f-a47a-cd83ff1b8eb3","ts":"2026-06-18T10:56:56.195+07:00","eventName":"n8n.workflow.started","message":"n8n.workflow.started","payload":{"executionId":"220","workflowId":"KVlRhtybz5Ho4gys","isManual":false,"mode":"manual","workflowName":"Auto_Procurement","projectId":"h2L0jogoBTqwjpXf","projectName":"Dinh Pham <khadinh41@gmail.com>"}}
{"__type":"$$EventMessageConfirm","confirm":"fa20d0c8-d78b-460f-a47a-cd83ff1b8eb3","ts":"2026-06-18T10:56:56.195+07:00","source":{"id":"0","name":"eventBus"}}
{"__type":"$$EventMessageNode","id":"68d05dab-444d-49fa-9e83-87e1524a4fab","ts":"2026-06-18T10:56:56.212+07:00","eventName":"n8n.node.started","message":"n8n.node.started","payload":{"workflowId":"KVlRhtybz5Ho4gys","workflowName":"Auto_Procurement","executionId":"220","nodeType":"n8n-nodes-base.webhook","nodeName":"Webhook","nodeId":"513fef5d-17bc-4aee-a6d8-bafcdff7b044"}}
{"__type":"$$EventMessageConfirm","confirm":"68d05dab-444d-49fa-9e83-87e1524a4fab","ts":"2026-06-18T10:56:56.213+07:00","source":{"id":"0","name":"eventBus"}}
{"__type":"$$EventMessageNode","id":"cfd94e02-2877-44af-b03a-8721e94f2aa2","ts":"2026-06-18T10:56:56.213+07:00","eventName":"n8n.node.finished","message":"n8n.node.finished","payload":{"workflowId":"KVlRhtybz5Ho4gys","workflowName":"Auto_Procurement","executionId":"220","nodeType":"n8n-nodes-base.webhook","nodeName":"Webhook","nodeId":"513fef5d-17bc-4aee-a6d8-bafcdff7b044"}}
{"__type":"$$EventMessageConfirm","confirm":"cfd94e02-2877-44af-b03a-8721e94f2aa2","ts":"2026-06-18T10:56:56.214+07:00","source":{"id":"0","name":"eventBus"}}
{"__type":"$$EventMessageNode","id":"d04cec93-bee0-4251-b7f1-dd54321cd5f6","ts":"2026-06-18T10:56:56.215+07:00","eventName":"n8n.node.started","message":"n8n.node.started","payload":{"workflowId":"KVlRhtybz5Ho4gys","workflowName":"Auto_Procurement","executionId":"220","nodeType":"n8n-nodes-base.postgres","nodeName":"Execute a SQL query","nodeId":"391dc944-79ec-4d6f-a7df-ca0ba74fee58"}}
{"__type":"$$EventMessageConfirm","confirm":"d04cec93-bee0-4251-b7f1-dd54321cd5f6","ts":"2026-06-18T10:56:56.215+07:00","source":{"id":"0","name":"eventBus"}}
{"__type":"$$EventMessageNode","id":"b4fef2a0-0e46-4b4d-9bdc-bf755018500f","ts":"2026-06-18T10:56:56.238+07:00","eventName":"n8n.node.finished","message":"n8n.node.finished","payload":{"workflowId":"KVlRhtybz5Ho4gys","workflowName":"Auto_Procurement","executionId":"220","nodeType":"n8n-nodes-base.postgres","nodeName":"Execute a SQL query","nodeId":"391dc944-79ec-4d6f-a7df-ca0ba74fee58"}}
{"__type":"$$EventMessageConfirm","confirm":"b4fef2a0-0e46-4b4d-9bdc-bf755018500f","ts":"2026-06-18T10:56:56.238+07:00","source":{"id":"0","name":"eventBus"}}
{"__type":"$$EventMessageNode","id":"73d6ff61-4e79-448b-be5c-e36a507cf633","ts":"2026-06-18T10:56:56.239+07:00","eventName":"n8n.node.started","message":"n8n.node.started","payload":{"workflowId":"KVlRhtybz5Ho4gys","workflowName":"Auto_Procurement","executionId":"220","nodeType":"n8n-nodes-base.httpRequest","nodeName":"HTTP Request","nodeId":"fe91f348-d636-432f-b862-729a41ad6c3a"}}
{"__type":"$$EventMessageConfirm","confirm":"73d6ff61-4e79-448b-be5c-e36a507cf633","ts":"2026-06-18T10:56:56.239+07:00","source":{"id":"0","name":"eventBus"}}
{"__type":"$$EventMessageNode","id":"ea97c44c-a198-4839-b6ec-f990b084707b","ts":"2026-06-18T10:57:00.647+07:00","eventName":"n8n.node.finished","message":"n8n.node.finished","payload":{"workflowId":"KVlRhtybz5Ho4gys","workflowName":"Auto_Procurement","executionId":"220","nodeType":"n8n-nodes-base.httpRequest","nodeName":"HTTP Request","nodeId":"fe91f348-d636-432f-b862-729a41ad6c3a"}}
{"__type":"$$EventMessageConfirm","confirm":"ea97c44c-a198-4839-b6ec-f990b084707b","ts":"2026-06-18T10:57:00.647+07:00","source":{"id":"0","name":"eventBus"}}
{"__type":"$$EventMessageNode","id":"454597b1-34bc-4940-a86f-c1792cff4865","ts":"2026-06-18T10:57:00.648+07:00","eventName":"n8n.node.started","message":"n8n.node.started","payload":{"workflowId":"KVlRhtybz5Ho4gys","workflowName":"Auto_Procurement","executionId":"220","nodeType":"n8n-nodes-base.respondToWebhook","nodeName":"Respond to Webhook","nodeId":"f81e9db7-2d43-4121-9e87-5b2625a9ad11"}}
{"__type":"$$EventMessageConfirm","confirm":"454597b1-34bc-4940-a86f-c1792cff4865","ts":"2026-06-18T10:57:00.648+07:00","source":{"id":"0","name":"eventBus"}}
{"__type":"$$EventMessageNode","id":"0b584f2a-3f02-4fce-b0b3-a29b8e8f99bc","ts":"2026-06-18T10:57:00.650+07:00","eventName":"n8n.node.finished","message":"n8n.node.finished","payload":{"workflowId":"KVlRhtybz5Ho4gys","workflowName":"Auto_Procurement","executionId":"220","nodeType":"n8n-nodes-base.respondToWebhook","nodeName":"Respond to Webhook","nodeId":"f81e9db7-2d43-4121-9e87-5b2625a9ad11"}}
{"__type":"$$EventMessageConfirm","confirm":"0b584f2a-3f02-4fce-b0b3-a29b8e8f99bc","ts":"2026-06-18T10:57:00.650+07:00","source":{"id":"0","name":"eventBus"}}
{"__type":"$$EventMessageWorkflow","id":"1dfcec25-9b97-4f54-ad2b-b098fc94b0a1","ts":"2026-06-18T10:57:00.660+07:00","eventName":"n8n.workflow.success","message":"n8n.workflow.success","payload":{"userId":"b15f9a4a-4fc3-4b09-b6c9-0dc75a2b83d8","executionId":"220","success":true,"isManual":true,"mode":"manual","workflowId":"KVlRhtybz5Ho4gys","workflowName":"Auto_Procurement","projectId":"h2L0jogoBTqwjpXf","projectName":"Dinh Pham <khadinh41@gmail.com>"}}
{"__type":"$$EventMessageConfirm","confirm":"1dfcec25-9b97-4f54-ad2b-b098fc94b0a1","ts":"2026-06-18T10:57:00.661+07:00","source":{"id":"0","name":"eventBus"}}
{"__type":"$$EventMessageAudit","id":"d008e8e8-917d-4583-a16e-98d9c122967b","ts":"2026-06-18T11:03:01.667+07:00","eventName":"n8n.audit.workflow.executed","message":"n8n.audit.workflow.executed","payload":{"workflowId":"KVlRhtybz5Ho4gys","workflowName":"Auto_Procurement","executionId":"221","source":"webhook"}}
{"__type":"$$EventMessageConfirm","confirm":"d008e8e8-917d-4583-a16e-98d9c122967b","ts":"2026-06-18T11:03:01.671+07:00","source":{"id":"0","name":"eventBus"}}
{"__type":"$$EventMessageWorkflow","id":"9d28f93c-611a-4748-a0ac-ae9330411193","ts":"2026-06-18T11:03:01.674+07:00","eventName":"n8n.workflow.started","message":"n8n.workflow.started","payload":{"executionId":"221","workflowId":"KVlRhtybz5Ho4gys","isManual":false,"mode":"manual","workflowName":"Auto_Procurement","projectId":"h2L0jogoBTqwjpXf","projectName":"Dinh Pham <khadinh41@gmail.com>"}}
{"__type":"$$EventMessageConfirm","confirm":"9d28f93c-611a-4748-a0ac-ae9330411193","ts":"2026-06-18T11:03:01.675+07:00","source":{"id":"0","name":"eventBus"}}
{"__type":"$$EventMessageNode","id":"9a5a2b39-ceec-47f6-b2c9-64bab34505a0","ts":"2026-06-18T11:03:01.702+07:00","eventName":"n8n.node.started","message":"n8n.node.started","payload":{"workflowId":"KVlRhtybz5Ho4gys","workflowName":"Auto_Procurement","executionId":"221","nodeType":"n8n-nodes-base.webhook","nodeName":"Webhook","nodeId":"513fef5d-17bc-4aee-a6d8-bafcdff7b044"}}
{"__type":"$$EventMessageConfirm","confirm":"9a5a2b39-ceec-47f6-b2c9-64bab34505a0","ts":"2026-06-18T11:03:01.702+07:00","source":{"id":"0","name":"eventBus"}}
{"__type":"$$EventMessageNode","id":"b69bd218-db13-4823-9bfb-b4817e346fa3","ts":"2026-06-18T11:03:01.706+07:00","eventName":"n8n.node.finished","message":"n8n.node.finished","payload":{"workflowId":"KVlRhtybz5Ho4gys","workflowName":"Auto_Procurement","executionId":"221","nodeType":"n8n-nodes-base.webhook","nodeName":"Webhook","nodeId":"513fef5d-17bc-4aee-a6d8-bafcdff7b044"}}
{"__type":"$$EventMessageConfirm","confirm":"b69bd218-db13-4823-9bfb-b4817e346fa3","ts":"2026-06-18T11:03:01.706+07:00","source":{"id":"0","name":"eventBus"}}
{"__type":"$$EventMessageNode","id":"a72ed241-b640-44ee-8fba-d044fd730ecd","ts":"2026-06-18T11:03:01.714+07:00","eventName":"n8n.node.started","message":"n8n.node.started","payload":{"workflowId":"KVlRhtybz5Ho4gys","workflowName":"Auto_Procurement","executionId":"221","nodeType":"n8n-nodes-base.postgres","nodeName":"Execute a SQL query","nodeId":"391dc944-79ec-4d6f-a7df-ca0ba74fee58"}}
{"__type":"$$EventMessageConfirm","confirm":"a72ed241-b640-44ee-8fba-d044fd730ecd","ts":"2026-06-18T11:03:01.714+07:00","source":{"id":"0","name":"eventBus"}}
{"__type":"$$EventMessageNode","id":"9f87dee0-5306-45b1-9ab5-df6e6b30fc9c","ts":"2026-06-18T11:03:01.830+07:00","eventName":"n8n.node.finished","message":"n8n.node.finished","payload":{"workflowId":"KVlRhtybz5Ho4gys","workflowName":"Auto_Procurement","executionId":"221","nodeType":"n8n-nodes-base.postgres","nodeName":"Execute a SQL query","nodeId":"391dc944-79ec-4d6f-a7df-ca0ba74fee58"}}
{"__type":"$$EventMessageConfirm","confirm":"9f87dee0-5306-45b1-9ab5-df6e6b30fc9c","ts":"2026-06-18T11:03:01.830+07:00","source":{"id":"0","name":"eventBus"}}
{"__type":"$$EventMessageNode","id":"5ba2c67a-6377-4056-a190-9ba2705a80d6","ts":"2026-06-18T11:03:01.832+07:00","eventName":"n8n.node.started","message":"n8n.node.started","payload":{"workflowId":"KVlRhtybz5Ho4gys","workflowName":"Auto_Procurement","executionId":"221","nodeType":"n8n-nodes-base.httpRequest","nodeName":"HTTP Request","nodeId":"fe91f348-d636-432f-b862-729a41ad6c3a"}}
{"__type":"$$EventMessageConfirm","confirm":"5ba2c67a-6377-4056-a190-9ba2705a80d6","ts":"2026-06-18T11:03:01.832+07:00","source":{"id":"0","name":"eventBus"}}
{"__type":"$$EventMessageNode","id":"f78fe071-190a-411c-ab59-ec9af3ecef33","ts":"2026-06-18T11:03:09.210+07:00","eventName":"n8n.node.finished","message":"n8n.node.finished","payload":{"workflowId":"KVlRhtybz5Ho4gys","workflowName":"Auto_Procurement","executionId":"221","nodeType":"n8n-nodes-base.httpRequest","nodeName":"HTTP Request","nodeId":"fe91f348-d636-432f-b862-729a41ad6c3a"}}
{"__type":"$$EventMessageConfirm","confirm":"f78fe071-190a-411c-ab59-ec9af3ecef33","ts":"2026-06-18T11:03:09.210+07:00","source":{"id":"0","name":"eventBus"}}
{"__type":"$$EventMessageNode","id":"e369de6a-b0a7-4954-9fba-899c27722844","ts":"2026-06-18T11:03:09.212+07:00","eventName":"n8n.node.started","message":"n8n.node.started","payload":{"workflowId":"KVlRhtybz5Ho4gys","workflowName":"Auto_Procurement","executionId":"221","nodeType":"n8n-nodes-base.respondToWebhook","nodeName":"Respond to Webhook","nodeId":"f81e9db7-2d43-4121-9e87-5b2625a9ad11"}}
{"__type":"$$EventMessageConfirm","confirm":"e369de6a-b0a7-4954-9fba-899c27722844","ts":"2026-06-18T11:03:09.213+07:00","source":{"id":"0","name":"eventBus"}}
{"__type":"$$EventMessageNode","id":"aa9bc1bc-01e9-497e-8988-8626d64fb97e","ts":"2026-06-18T11:03:09.215+07:00","eventName":"n8n.node.finished","message":"n8n.node.finished","payload":{"workflowId":"KVlRhtybz5Ho4gys","workflowName":"Auto_Procurement","executionId":"221","nodeType":"n8n-nodes-base.respondToWebhook","nodeName":"Respond to Webhook","nodeId":"f81e9db7-2d43-4121-9e87-5b2625a9ad11"}}
{"__type":"$$EventMessageConfirm","confirm":"aa9bc1bc-01e9-497e-8988-8626d64fb97e","ts":"2026-06-18T11:03:09.216+07:00","source":{"id":"0","name":"eventBus"}}
{"__type":"$$EventMessageWorkflow","id":"803d2893-72db-412b-8bb6-45b24c57bcaa","ts":"2026-06-18T11:03:09.240+07:00","eventName":"n8n.workflow.success","message":"n8n.workflow.success","payload":{"userId":"b15f9a4a-4fc3-4b09-b6c9-0dc75a2b83d8","executionId":"221","success":true,"isManual":true,"mode":"manual","workflowId":"KVlRhtybz5Ho4gys","workflowName":"Auto_Procurement","projectId":"h2L0jogoBTqwjpXf","projectName":"Dinh Pham <khadinh41@gmail.com>"}}
{"__type":"$$EventMessageConfirm","confirm":"803d2893-72db-412b-8bb6-45b24c57bcaa","ts":"2026-06-18T11:03:09.240+07:00","source":{"id":"0","name":"eventBus"}}
{"__type":"$$EventMessageAudit","id":"13cf7954-80ca-4e6f-8b47-c696838bf04c","ts":"2026-06-18T11:19:19.856+07:00","eventName":"n8n.audit.workflow.executed","message":"n8n.audit.workflow.executed","payload":{"workflowId":"KVlRhtybz5Ho4gys","workflowName":"Auto_Procurement","executionId":"222","source":"webhook"}}
{"__type":"$$EventMessageConfirm","confirm":"13cf7954-80ca-4e6f-8b47-c696838bf04c","ts":"2026-06-18T11:19:19.861+07:00","source":{"id":"0","name":"eventBus"}}
{"__type":"$$EventMessageWorkflow","id":"8edf335f-5a82-49e2-a5b4-33c5a73130a8","ts":"2026-06-18T11:19:19.862+07:00","eventName":"n8n.workflow.started","message":"n8n.workflow.started","payload":{"executionId":"222","workflowId":"KVlRhtybz5Ho4gys","isManual":false,"mode":"manual","workflowName":"Auto_Procurement","projectId":"h2L0jogoBTqwjpXf","projectName":"Dinh Pham <khadinh41@gmail.com>"}}
{"__type":"$$EventMessageConfirm","confirm":"8edf335f-5a82-49e2-a5b4-33c5a73130a8","ts":"2026-06-18T11:19:19.862+07:00","source":{"id":"0","name":"eventBus"}}
{"__type":"$$EventMessageNode","id":"bcdd323e-e7f8-489b-86be-03055bec1ec6","ts":"2026-06-18T11:19:19.892+07:00","eventName":"n8n.node.started","message":"n8n.node.started","payload":{"workflowId":"KVlRhtybz5Ho4gys","workflowName":"Auto_Procurement","executionId":"222","nodeType":"n8n-nodes-base.webhook","nodeName":"Webhook","nodeId":"513fef5d-17bc-4aee-a6d8-bafcdff7b044"}}
{"__type":"$$EventMessageConfirm","confirm":"bcdd323e-e7f8-489b-86be-03055bec1ec6","ts":"2026-06-18T11:19:19.892+07:00","source":{"id":"0","name":"eventBus"}}
{"__type":"$$EventMessageNode","id":"cf192f2c-fb3b-4c68-b132-77661d9828b1","ts":"2026-06-18T11:19:19.896+07:00","eventName":"n8n.node.finished","message":"n8n.node.finished","payload":{"workflowId":"KVlRhtybz5Ho4gys","workflowName":"Auto_Procurement","executionId":"222","nodeType":"n8n-nodes-base.webhook","nodeName":"Webhook","nodeId":"513fef5d-17bc-4aee-a6d8-bafcdff7b044"}}
{"__type":"$$EventMessageConfirm","confirm":"cf192f2c-fb3b-4c68-b132-77661d9828b1","ts":"2026-06-18T11:19:19.897+07:00","source":{"id":"0","name":"eventBus"}}
{"__type":"$$EventMessageNode","id":"5f415317-d5b5-456f-b5e7-30eb48f946ac","ts":"2026-06-18T11:19:19.905+07:00","eventName":"n8n.node.started","message":"n8n.node.started","payload":{"workflowId":"KVlRhtybz5Ho4gys","workflowName":"Auto_Procurement","executionId":"222","nodeType":"n8n-nodes-base.postgres","nodeName":"Execute a SQL query","nodeId":"391dc944-79ec-4d6f-a7df-ca0ba74fee58"}}
{"__type":"$$EventMessageConfirm","confirm":"5f415317-d5b5-456f-b5e7-30eb48f946ac","ts":"2026-06-18T11:19:19.905+07:00","source":{"id":"0","name":"eventBus"}}
{"__type":"$$EventMessageNode","id":"adce2f36-91f8-413a-8579-79b12c26cda9","ts":"2026-06-18T11:19:20.006+07:00","eventName":"n8n.node.finished","message":"n8n.node.finished","payload":{"workflowId":"KVlRhtybz5Ho4gys","workflowName":"Auto_Procurement","executionId":"222","nodeType":"n8n-nodes-base.postgres","nodeName":"Execute a SQL query","nodeId":"391dc944-79ec-4d6f-a7df-ca0ba74fee58"}}
{"__type":"$$EventMessageConfirm","confirm":"adce2f36-91f8-413a-8579-79b12c26cda9","ts":"2026-06-18T11:19:20.006+07:00","source":{"id":"0","name":"eventBus"}}
{"__type":"$$EventMessageNode","id":"b7d9e3e2-e9a4-40e5-be8d-9ef72bb81c80","ts":"2026-06-18T11:19:20.007+07:00","eventName":"n8n.node.started","message":"n8n.node.started","payload":{"workflowId":"KVlRhtybz5Ho4gys","workflowName":"Auto_Procurement","executionId":"222","nodeType":"n8n-nodes-base.httpRequest","nodeName":"HTTP Request","nodeId":"fe91f348-d636-432f-b862-729a41ad6c3a"}}
{"__type":"$$EventMessageConfirm","confirm":"b7d9e3e2-e9a4-40e5-be8d-9ef72bb81c80","ts":"2026-06-18T11:19:20.007+07:00","source":{"id":"0","name":"eventBus"}}
{"__type":"$$EventMessageNode","id":"88f15ac9-8607-4e10-8094-cf57c18ea28c","ts":"2026-06-18T11:19:24.404+07:00","eventName":"n8n.node.finished","message":"n8n.node.finished","payload":{"workflowId":"KVlRhtybz5Ho4gys","workflowName":"Auto_Procurement","executionId":"222","nodeType":"n8n-nodes-base.httpRequest","nodeName":"HTTP Request","nodeId":"fe91f348-d636-432f-b862-729a41ad6c3a"}}
{"__type":"$$EventMessageConfirm","confirm":"88f15ac9-8607-4e10-8094-cf57c18ea28c","ts":"2026-06-18T11:19:24.405+07:00","source":{"id":"0","name":"eventBus"}}
{"__type":"$$EventMessageNode","id":"c4944882-821e-4eab-8689-dcb64ec289b6","ts":"2026-06-18T11:19:24.407+07:00","eventName":"n8n.node.started","message":"n8n.node.started","payload":{"workflowId":"KVlRhtybz5Ho4gys","workflowName":"Auto_Procurement","executionId":"222","nodeType":"n8n-nodes-base.respondToWebhook","nodeName":"Respond to Webhook","nodeId":"f81e9db7-2d43-4121-9e87-5b2625a9ad11"}}
{"__type":"$$EventMessageConfirm","confirm":"c4944882-821e-4eab-8689-dcb64ec289b6","ts":"2026-06-18T11:19:24.407+07:00","source":{"id":"0","name":"eventBus"}}
{"__type":"$$EventMessageNode","id":"df01edd2-5240-43d0-b6b7-a0bb8ca52cb6","ts":"2026-06-18T11:19:24.412+07:00","eventName":"n8n.node.finished","message":"n8n.node.finished","payload":{"workflowId":"KVlRhtybz5Ho4gys","workflowName":"Auto_Procurement","executionId":"222","nodeType":"n8n-nodes-base.respondToWebhook","nodeName":"Respond to Webhook","nodeId":"f81e9db7-2d43-4121-9e87-5b2625a9ad11"}}
{"__type":"$$EventMessageConfirm","confirm":"df01edd2-5240-43d0-b6b7-a0bb8ca52cb6","ts":"2026-06-18T11:19:24.412+07:00","source":{"id":"0","name":"eventBus"}}
{"__type":"$$EventMessageWorkflow","id":"4bf428c2-a82f-4828-8c35-01c1a17ab275","ts":"2026-06-18T11:19:24.446+07:00","eventName":"n8n.workflow.success","message":"n8n.workflow.success","payload":{"userId":"b15f9a4a-4fc3-4b09-b6c9-0dc75a2b83d8","executionId":"222","success":true,"isManual":true,"mode":"manual","workflowId":"KVlRhtybz5Ho4gys","workflowName":"Auto_Procurement","projectId":"h2L0jogoBTqwjpXf","projectName":"Dinh Pham <khadinh41@gmail.com>"}}
{"__type":"$$EventMessageConfirm","confirm":"4bf428c2-a82f-4828-8c35-01c1a17ab275","ts":"2026-06-18T11:19:24.446+07:00","source":{"id":"0","name":"eventBus"}}
{"__type":"$$EventMessageAudit","id":"75e7f1a1-4c39-4ab7-9e04-f268b981e0d9","ts":"2026-06-18T11:25:27.949+07:00","eventName":"n8n.audit.workflow.executed","message":"n8n.audit.workflow.executed","payload":{"workflowId":"KVlRhtybz5Ho4gys","workflowName":"Auto_Procurement","executionId":"223","source":"webhook"}}
{"__type":"$$EventMessageConfirm","confirm":"75e7f1a1-4c39-4ab7-9e04-f268b981e0d9","ts":"2026-06-18T11:25:27.950+07:00","source":{"id":"0","name":"eventBus"}}
{"__type":"$$EventMessageWorkflow","id":"fb1756bc-099d-4258-918f-ac6fe2f09316","ts":"2026-06-18T11:25:27.950+07:00","eventName":"n8n.workflow.started","message":"n8n.workflow.started","payload":{"executionId":"223","workflowId":"KVlRhtybz5Ho4gys","isManual":false,"mode":"manual","workflowName":"Auto_Procurement","projectId":"h2L0jogoBTqwjpXf","projectName":"Dinh Pham <khadinh41@gmail.com>"}}
{"__type":"$$EventMessageConfirm","confirm":"fb1756bc-099d-4258-918f-ac6fe2f09316","ts":"2026-06-18T11:25:27.950+07:00","source":{"id":"0","name":"eventBus"}}
{"__type":"$$EventMessageNode","id":"6e83feaf-77ea-4c0c-bfb4-28142ec3e626","ts":"2026-06-18T11:25:27.984+07:00","eventName":"n8n.node.started","message":"n8n.node.started","payload":{"workflowId":"KVlRhtybz5Ho4gys","workflowName":"Auto_Procurement","executionId":"223","nodeType":"n8n-nodes-base.webhook","nodeName":"Webhook","nodeId":"513fef5d-17bc-4aee-a6d8-bafcdff7b044"}}
{"__type":"$$EventMessageConfirm","confirm":"6e83feaf-77ea-4c0c-bfb4-28142ec3e626","ts":"2026-06-18T11:25:27.985+07:00","source":{"id":"0","name":"eventBus"}}
{"__type":"$$EventMessageNode","id":"7872a69c-7bba-4688-b253-d7a6861fc076","ts":"2026-06-18T11:25:27.985+07:00","eventName":"n8n.node.finished","message":"n8n.node.finished","payload":{"workflowId":"KVlRhtybz5Ho4gys","workflowName":"Auto_Procurement","executionId":"223","nodeType":"n8n-nodes-base.webhook","nodeName":"Webhook","nodeId":"513fef5d-17bc-4aee-a6d8-bafcdff7b044"}}
{"__type":"$$EventMessageConfirm","confirm":"7872a69c-7bba-4688-b253-d7a6861fc076","ts":"2026-06-18T11:25:27.985+07:00","source":{"id":"0","name":"eventBus"}}
{"__type":"$$EventMessageNode","id":"16920da4-8081-42ba-bfd7-a90d6d26d854","ts":"2026-06-18T11:25:27.988+07:00","eventName":"n8n.node.started","message":"n8n.node.started","payload":{"workflowId":"KVlRhtybz5Ho4gys","workflowName":"Auto_Procurement","executionId":"223","nodeType":"n8n-nodes-base.postgres","nodeName":"Execute a SQL query","nodeId":"391dc944-79ec-4d6f-a7df-ca0ba74fee58"}}
{"__type":"$$EventMessageConfirm","confirm":"16920da4-8081-42ba-bfd7-a90d6d26d854","ts":"2026-06-18T11:25:27.990+07:00","source":{"id":"0","name":"eventBus"}}
{"__type":"$$EventMessageNode","id":"dcc71cbc-5415-4eef-93cc-43642be58425","ts":"2026-06-18T11:25:28.024+07:00","eventName":"n8n.node.finished","message":"n8n.node.finished","payload":{"workflowId":"KVlRhtybz5Ho4gys","workflowName":"Auto_Procurement","executionId":"223","nodeType":"n8n-nodes-base.postgres","nodeName":"Execute a SQL query","nodeId":"391dc944-79ec-4d6f-a7df-ca0ba74fee58"}}
{"__type":"$$EventMessageConfirm","confirm":"dcc71cbc-5415-4eef-93cc-43642be58425","ts":"2026-06-18T11:25:28.025+07:00","source":{"id":"0","name":"eventBus"}}
{"__type":"$$EventMessageNode","id":"d7bcf502-2768-416b-b5ca-5071ef48b5b2","ts":"2026-06-18T11:25:28.026+07:00","eventName":"n8n.node.started","message":"n8n.node.started","payload":{"workflowId":"KVlRhtybz5Ho4gys","workflowName":"Auto_Procurement","executionId":"223","nodeType":"n8n-nodes-base.httpRequest","nodeName":"HTTP Request","nodeId":"fe91f348-d636-432f-b862-729a41ad6c3a"}}
{"__type":"$$EventMessageConfirm","confirm":"d7bcf502-2768-416b-b5ca-5071ef48b5b2","ts":"2026-06-18T11:25:28.026+07:00","source":{"id":"0","name":"eventBus"}}
{"__type":"$$EventMessageNode","id":"894be539-96d3-4433-9c65-c4ad0a8ed8a9","ts":"2026-06-18T11:25:34.532+07:00","eventName":"n8n.node.finished","message":"n8n.node.finished","payload":{"workflowId":"KVlRhtybz5Ho4gys","workflowName":"Auto_Procurement","executionId":"223","nodeType":"n8n-nodes-base.httpRequest","nodeName":"HTTP Request","nodeId":"fe91f348-d636-432f-b862-729a41ad6c3a"}}
{"__type":"$$EventMessageConfirm","confirm":"894be539-96d3-4433-9c65-c4ad0a8ed8a9","ts":"2026-06-18T11:25:34.532+07:00","source":{"id":"0","name":"eventBus"}}
{"__type":"$$EventMessageNode","id":"b87338d0-8a7e-4ca9-8843-0ce98bc66d57","ts":"2026-06-18T11:25:34.534+07:00","eventName":"n8n.node.started","message":"n8n.node.started","payload":{"workflowId":"KVlRhtybz5Ho4gys","workflowName":"Auto_Procurement","executionId":"223","nodeType":"n8n-nodes-base.respondToWebhook","nodeName":"Respond to Webhook","nodeId":"f81e9db7-2d43-4121-9e87-5b2625a9ad11"}}
{"__type":"$$EventMessageConfirm","confirm":"b87338d0-8a7e-4ca9-8843-0ce98bc66d57","ts":"2026-06-18T11:25:34.534+07:00","source":{"id":"0","name":"eventBus"}}
{"__type":"$$EventMessageNode","id":"2dfabcc2-8279-4c12-8d11-2d19f053da91","ts":"2026-06-18T11:25:34.537+07:00","eventName":"n8n.node.finished","message":"n8n.node.finished","payload":{"workflowId":"KVlRhtybz5Ho4gys","workflowName":"Auto_Procurement","executionId":"223","nodeType":"n8n-nodes-base.respondToWebhook","nodeName":"Respond to Webhook","nodeId":"f81e9db7-2d43-4121-9e87-5b2625a9ad11"}}
{"__type":"$$EventMessageConfirm","confirm":"2dfabcc2-8279-4c12-8d11-2d19f053da91","ts":"2026-06-18T11:25:34.537+07:00","source":{"id":"0","name":"eventBus"}}
{"__type":"$$EventMessageWorkflow","id":"839a4bbc-6f68-44c0-a3ac-3dae8046d718","ts":"2026-06-18T11:25:34.545+07:00","eventName":"n8n.workflow.success","message":"n8n.workflow.success","payload":{"userId":"b15f9a4a-4fc3-4b09-b6c9-0dc75a2b83d8","executionId":"223","success":true,"isManual":true,"mode":"manual","workflowId":"KVlRhtybz5Ho4gys","workflowName":"Auto_Procurement","projectId":"h2L0jogoBTqwjpXf","projectName":"Dinh Pham <khadinh41@gmail.com>"}}
{"__type":"$$EventMessageConfirm","confirm":"839a4bbc-6f68-44c0-a3ac-3dae8046d718","ts":"2026-06-18T11:25:34.545+07:00","source":{"id":"0","name":"eventBus"}}
