{"__type":"$$EventMessageAudit","id":"98e54b18-579c-4a06-aa36-c3d32df09f85","ts":"2026-06-19T13:17:32.994+07:00","eventName":"n8n.audit.workflow.executed","message":"n8n.audit.workflow.executed","payload":{"workflowId":"KVlRhtybz5Ho4gys","workflowName":"Auto_Procurement","executionId":"227","source":"webhook"}}
{"__type":"$$EventMessageConfirm","confirm":"98e54b18-579c-4a06-aa36-c3d32df09f85","ts":"2026-06-19T13:17:32.999+07:00","source":{"id":"0","name":"eventBus"}}
{"__type":"$$EventMessageWorkflow","id":"cd804751-c951-4add-860e-dd7596a24bf5","ts":"2026-06-19T13:17:33.000+07:00","eventName":"n8n.workflow.started","message":"n8n.workflow.started","payload":{"executionId":"227","workflowId":"KVlRhtybz5Ho4gys","isManual":false,"mode":"manual","workflowName":"Auto_Procurement","projectId":"h2L0jogoBTqwjpXf","projectName":"Dinh Pham <khadinh41@gmail.com>"}}
{"__type":"$$EventMessageConfirm","confirm":"cd804751-c951-4add-860e-dd7596a24bf5","ts":"2026-06-19T13:17:33.000+07:00","source":{"id":"0","name":"eventBus"}}
{"__type":"$$EventMessageNode","id":"ef2cc110-4650-45ba-afa0-13888e6cd1d3","ts":"2026-06-19T13:17:33.015+07:00","eventName":"n8n.node.started","message":"n8n.node.started","payload":{"workflowId":"KVlRhtybz5Ho4gys","workflowName":"Auto_Procurement","executionId":"227","nodeType":"n8n-nodes-base.webhook","nodeName":"Webhook","nodeId":"513fef5d-17bc-4aee-a6d8-bafcdff7b044"}}
{"__type":"$$EventMessageConfirm","confirm":"ef2cc110-4650-45ba-afa0-13888e6cd1d3","ts":"2026-06-19T13:17:33.016+07:00","source":{"id":"0","name":"eventBus"}}
{"__type":"$$EventMessageNode","id":"420b76c5-ae66-4a43-87fc-888fe61e0496","ts":"2026-06-19T13:17:33.020+07:00","eventName":"n8n.node.finished","message":"n8n.node.finished","payload":{"workflowId":"KVlRhtybz5Ho4gys","workflowName":"Auto_Procurement","executionId":"227","nodeType":"n8n-nodes-base.webhook","nodeName":"Webhook","nodeId":"513fef5d-17bc-4aee-a6d8-bafcdff7b044"}}
{"__type":"$$EventMessageConfirm","confirm":"420b76c5-ae66-4a43-87fc-888fe61e0496","ts":"2026-06-19T13:17:33.021+07:00","source":{"id":"0","name":"eventBus"}}
{"__type":"$$EventMessageNode","id":"ded84122-02ab-4e4a-b784-7e7b416cf802","ts":"2026-06-19T13:17:33.023+07:00","eventName":"n8n.node.started","message":"n8n.node.started","payload":{"workflowId":"KVlRhtybz5Ho4gys","workflowName":"Auto_Procurement","executionId":"227","nodeType":"n8n-nodes-base.postgres","nodeName":"Execute a SQL query","nodeId":"391dc944-79ec-4d6f-a7df-ca0ba74fee58"}}
{"__type":"$$EventMessageConfirm","confirm":"ded84122-02ab-4e4a-b784-7e7b416cf802","ts":"2026-06-19T13:17:33.023+07:00","source":{"id":"0","name":"eventBus"}}
{"__type":"$$EventMessageNode","id":"ba4ee83e-3455-4246-b5f8-1088eb7f0fed","ts":"2026-06-19T13:17:33.131+07:00","eventName":"n8n.node.finished","message":"n8n.node.finished","payload":{"workflowId":"KVlRhtybz5Ho4gys","workflowName":"Auto_Procurement","executionId":"227","nodeType":"n8n-nodes-base.postgres","nodeName":"Execute a SQL query","nodeId":"391dc944-79ec-4d6f-a7df-ca0ba74fee58"}}
{"__type":"$$EventMessageConfirm","confirm":"ba4ee83e-3455-4246-b5f8-1088eb7f0fed","ts":"2026-06-19T13:17:33.131+07:00","source":{"id":"0","name":"eventBus"}}
{"__type":"$$EventMessageNode","id":"dd93f558-f500-4477-a5de-3dec5b6ab922","ts":"2026-06-19T13:17:33.132+07:00","eventName":"n8n.node.started","message":"n8n.node.started","payload":{"workflowId":"KVlRhtybz5Ho4gys","workflowName":"Auto_Procurement","executionId":"227","nodeType":"n8n-nodes-base.httpRequest","nodeName":"HTTP Request","nodeId":"fe91f348-d636-432f-b862-729a41ad6c3a"}}
{"__type":"$$EventMessageConfirm","confirm":"dd93f558-f500-4477-a5de-3dec5b6ab922","ts":"2026-06-19T13:17:33.133+07:00","source":{"id":"0","name":"eventBus"}}
{"__type":"$$EventMessageNode","id":"8f0bf796-1f6e-48e8-a144-d49e5087c2a5","ts":"2026-06-19T13:17:33.302+07:00","eventName":"n8n.node.finished","message":"n8n.node.finished","payload":{"workflowId":"KVlRhtybz5Ho4gys","workflowName":"Auto_Procurement","executionId":"227","nodeType":"n8n-nodes-base.httpRequest","nodeName":"HTTP Request","nodeId":"fe91f348-d636-432f-b862-729a41ad6c3a"}}
{"__type":"$$EventMessageConfirm","confirm":"8f0bf796-1f6e-48e8-a144-d49e5087c2a5","ts":"2026-06-19T13:17:33.302+07:00","source":{"id":"0","name":"eventBus"}}
{"__type":"$$EventMessageWorkflow","id":"51993cf1-cfe9-4d52-b8b4-1be3eeaed867","ts":"2026-06-19T13:17:33.313+07:00","eventName":"n8n.workflow.failed","message":"n8n.workflow.failed","payload":{"userId":"b15f9a4a-4fc3-4b09-b6c9-0dc75a2b83d8","executionId":"227","success":false,"isManual":true,"mode":"manual","workflowId":"KVlRhtybz5Ho4gys","workflowName":"Auto_Procurement","projectId":"h2L0jogoBTqwjpXf","projectName":"Dinh Pham <khadinh41@gmail.com>","lastNodeExecuted":"HTTP Request","errorNodeType":"n8n-nodes-base.httpRequest","errorMessage":"The service refused the connection - perhaps it is offline"}}
{"__type":"$$EventMessageConfirm","confirm":"51993cf1-cfe9-4d52-b8b4-1be3eeaed867","ts":"2026-06-19T13:17:33.313+07:00","source":{"id":"0","name":"eventBus"}}
{"__type":"$$EventMessageAudit","id":"79a9d006-85c8-4903-bf24-4412577a5d26","ts":"2026-06-19T13:19:54.000+07:00","eventName":"n8n.audit.workflow.updated","message":"n8n.audit.workflow.updated","payload":{"userId":"b15f9a4a-4fc3-4b09-b6c9-0dc75a2b83d8","_email":"khadinh41@gmail.com","_firstName":"Dinh","_lastName":"Pham","globalRole":"global:owner","workflowId":"KVlRhtybz5Ho4gys","workflowName":"Auto_Procurement"}}
{"__type":"$$EventMessageConfirm","confirm":"79a9d006-85c8-4903-bf24-4412577a5d26","ts":"2026-06-19T13:19:54.002+07:00","source":{"id":"0","name":"eventBus"}}
{"__type":"$$EventMessageAudit","id":"4154864f-d926-444a-bd51-5b746484655e","ts":"2026-06-19T13:19:59.815+07:00","eventName":"n8n.audit.workflow.executed","message":"n8n.audit.workflow.executed","payload":{"workflowId":"KVlRhtybz5Ho4gys","workflowName":"Auto_Procurement","executionId":"228","source":"webhook"}}
{"__type":"$$EventMessageConfirm","confirm":"4154864f-d926-444a-bd51-5b746484655e","ts":"2026-06-19T13:19:59.815+07:00","source":{"id":"0","name":"eventBus"}}
{"__type":"$$EventMessageWorkflow","id":"8465ad4e-1f94-47e4-928f-c2d17fd5663c","ts":"2026-06-19T13:19:59.816+07:00","eventName":"n8n.workflow.started","message":"n8n.workflow.started","payload":{"executionId":"228","workflowId":"KVlRhtybz5Ho4gys","isManual":false,"mode":"manual","workflowName":"Auto_Procurement","projectId":"h2L0jogoBTqwjpXf","projectName":"Dinh Pham <khadinh41@gmail.com>"}}
{"__type":"$$EventMessageConfirm","confirm":"8465ad4e-1f94-47e4-928f-c2d17fd5663c","ts":"2026-06-19T13:19:59.816+07:00","source":{"id":"0","name":"eventBus"}}
{"__type":"$$EventMessageNode","id":"a1fb1a9d-5422-4d0d-bcc2-3d4284dfd946","ts":"2026-06-19T13:19:59.831+07:00","eventName":"n8n.node.started","message":"n8n.node.started","payload":{"workflowId":"KVlRhtybz5Ho4gys","workflowName":"Auto_Procurement","executionId":"228","nodeType":"n8n-nodes-base.webhook","nodeName":"Webhook","nodeId":"513fef5d-17bc-4aee-a6d8-bafcdff7b044"}}
{"__type":"$$EventMessageConfirm","confirm":"a1fb1a9d-5422-4d0d-bcc2-3d4284dfd946","ts":"2026-06-19T13:19:59.831+07:00","source":{"id":"0","name":"eventBus"}}
{"__type":"$$EventMessageNode","id":"3f1da637-f1d3-42bd-84ea-96ba9b636af9","ts":"2026-06-19T13:19:59.832+07:00","eventName":"n8n.node.finished","message":"n8n.node.finished","payload":{"workflowId":"KVlRhtybz5Ho4gys","workflowName":"Auto_Procurement","executionId":"228","nodeType":"n8n-nodes-base.webhook","nodeName":"Webhook","nodeId":"513fef5d-17bc-4aee-a6d8-bafcdff7b044"}}
{"__type":"$$EventMessageConfirm","confirm":"3f1da637-f1d3-42bd-84ea-96ba9b636af9","ts":"2026-06-19T13:19:59.833+07:00","source":{"id":"0","name":"eventBus"}}
{"__type":"$$EventMessageNode","id":"ff9a05f6-77c9-48cc-8e25-df1b2caa0856","ts":"2026-06-19T13:19:59.836+07:00","eventName":"n8n.node.started","message":"n8n.node.started","payload":{"workflowId":"KVlRhtybz5Ho4gys","workflowName":"Auto_Procurement","executionId":"228","nodeType":"n8n-nodes-base.postgres","nodeName":"Execute a SQL query","nodeId":"391dc944-79ec-4d6f-a7df-ca0ba74fee58"}}
{"__type":"$$EventMessageConfirm","confirm":"ff9a05f6-77c9-48cc-8e25-df1b2caa0856","ts":"2026-06-19T13:19:59.836+07:00","source":{"id":"0","name":"eventBus"}}
{"__type":"$$EventMessageNode","id":"7b50205f-9472-4d46-8e05-ee2fbe5a94c4","ts":"2026-06-19T13:19:59.875+07:00","eventName":"n8n.node.finished","message":"n8n.node.finished","payload":{"workflowId":"KVlRhtybz5Ho4gys","workflowName":"Auto_Procurement","executionId":"228","nodeType":"n8n-nodes-base.postgres","nodeName":"Execute a SQL query","nodeId":"391dc944-79ec-4d6f-a7df-ca0ba74fee58"}}
{"__type":"$$EventMessageConfirm","confirm":"7b50205f-9472-4d46-8e05-ee2fbe5a94c4","ts":"2026-06-19T13:19:59.875+07:00","source":{"id":"0","name":"eventBus"}}
{"__type":"$$EventMessageNode","id":"d445d7f9-0e77-4572-9064-7ed399b758eb","ts":"2026-06-19T13:19:59.876+07:00","eventName":"n8n.node.started","message":"n8n.node.started","payload":{"workflowId":"KVlRhtybz5Ho4gys","workflowName":"Auto_Procurement","executionId":"228","nodeType":"n8n-nodes-base.httpRequest","nodeName":"HTTP Request","nodeId":"fe91f348-d636-432f-b862-729a41ad6c3a"}}
{"__type":"$$EventMessageConfirm","confirm":"d445d7f9-0e77-4572-9064-7ed399b758eb","ts":"2026-06-19T13:19:59.876+07:00","source":{"id":"0","name":"eventBus"}}
{"__type":"$$EventMessageNode","id":"e8a34f14-4fe2-43a1-8f39-bac71ceb3cc1","ts":"2026-06-19T13:19:59.896+07:00","eventName":"n8n.node.finished","message":"n8n.node.finished","payload":{"workflowId":"KVlRhtybz5Ho4gys","workflowName":"Auto_Procurement","executionId":"228","nodeType":"n8n-nodes-base.httpRequest","nodeName":"HTTP Request","nodeId":"fe91f348-d636-432f-b862-729a41ad6c3a"}}
{"__type":"$$EventMessageConfirm","confirm":"e8a34f14-4fe2-43a1-8f39-bac71ceb3cc1","ts":"2026-06-19T13:19:59.896+07:00","source":{"id":"0","name":"eventBus"}}
{"__type":"$$EventMessageWorkflow","id":"98148318-9aa9-41a1-a35a-d297cc1ca599","ts":"2026-06-19T13:19:59.899+07:00","eventName":"n8n.workflow.failed","message":"n8n.workflow.failed","payload":{"userId":"b15f9a4a-4fc3-4b09-b6c9-0dc75a2b83d8","executionId":"228","success":false,"isManual":true,"mode":"manual","workflowId":"KVlRhtybz5Ho4gys","workflowName":"Auto_Procurement","projectId":"h2L0jogoBTqwjpXf","projectName":"Dinh Pham <khadinh41@gmail.com>","lastNodeExecuted":"HTTP Request","errorNodeType":"n8n-nodes-base.httpRequest","errorMessage":"The service refused the connection - perhaps it is offline"}}
{"__type":"$$EventMessageConfirm","confirm":"98148318-9aa9-41a1-a35a-d297cc1ca599","ts":"2026-06-19T13:19:59.899+07:00","source":{"id":"0","name":"eventBus"}}
{"__type":"$$EventMessageAudit","id":"a6994942-f33f-416b-be01-d90c55da2773","ts":"2026-06-19T13:21:54.408+07:00","eventName":"n8n.audit.workflow.updated","message":"n8n.audit.workflow.updated","payload":{"userId":"b15f9a4a-4fc3-4b09-b6c9-0dc75a2b83d8","_email":"khadinh41@gmail.com","_firstName":"Dinh","_lastName":"Pham","globalRole":"global:owner","workflowId":"KVlRhtybz5Ho4gys","workflowName":"Auto_Procurement"}}
{"__type":"$$EventMessageConfirm","confirm":"a6994942-f33f-416b-be01-d90c55da2773","ts":"2026-06-19T13:21:54.409+07:00","source":{"id":"0","name":"eventBus"}}
{"__type":"$$EventMessageAudit","id":"5ab72aa9-2ba9-4f9b-bf27-8c6775f96994","ts":"2026-06-19T13:21:59.391+07:00","eventName":"n8n.audit.workflow.executed","message":"n8n.audit.workflow.executed","payload":{"workflowId":"KVlRhtybz5Ho4gys","workflowName":"Auto_Procurement","executionId":"229","source":"webhook"}}
{"__type":"$$EventMessageConfirm","confirm":"5ab72aa9-2ba9-4f9b-bf27-8c6775f96994","ts":"2026-06-19T13:21:59.392+07:00","source":{"id":"0","name":"eventBus"}}
{"__type":"$$EventMessageWorkflow","id":"0534b3cb-1eae-4a8f-888e-fd06fbb7b4d8","ts":"2026-06-19T13:21:59.392+07:00","eventName":"n8n.workflow.started","message":"n8n.workflow.started","payload":{"executionId":"229","workflowId":"KVlRhtybz5Ho4gys","isManual":false,"mode":"manual","workflowName":"Auto_Procurement","projectId":"h2L0jogoBTqwjpXf","projectName":"Dinh Pham <khadinh41@gmail.com>"}}
{"__type":"$$EventMessageConfirm","confirm":"0534b3cb-1eae-4a8f-888e-fd06fbb7b4d8","ts":"2026-06-19T13:21:59.392+07:00","source":{"id":"0","name":"eventBus"}}
{"__type":"$$EventMessageNode","id":"36e77967-3c73-43f5-afba-e3c9c55631af","ts":"2026-06-19T13:21:59.404+07:00","eventName":"n8n.node.started","message":"n8n.node.started","payload":{"workflowId":"KVlRhtybz5Ho4gys","workflowName":"Auto_Procurement","executionId":"229","nodeType":"n8n-nodes-base.webhook","nodeName":"Webhook","nodeId":"513fef5d-17bc-4aee-a6d8-bafcdff7b044"}}
{"__type":"$$EventMessageConfirm","confirm":"36e77967-3c73-43f5-afba-e3c9c55631af","ts":"2026-06-19T13:21:59.404+07:00","source":{"id":"0","name":"eventBus"}}
{"__type":"$$EventMessageNode","id":"e28609f0-2fbb-4af3-9116-6bbe2e1e1b47","ts":"2026-06-19T13:21:59.406+07:00","eventName":"n8n.node.finished","message":"n8n.node.finished","payload":{"workflowId":"KVlRhtybz5Ho4gys","workflowName":"Auto_Procurement","executionId":"229","nodeType":"n8n-nodes-base.webhook","nodeName":"Webhook","nodeId":"513fef5d-17bc-4aee-a6d8-bafcdff7b044"}}
{"__type":"$$EventMessageConfirm","confirm":"e28609f0-2fbb-4af3-9116-6bbe2e1e1b47","ts":"2026-06-19T13:21:59.407+07:00","source":{"id":"0","name":"eventBus"}}
{"__type":"$$EventMessageNode","id":"70504896-9d6a-44d1-a2c5-a040e7c7c678","ts":"2026-06-19T13:21:59.409+07:00","eventName":"n8n.node.started","message":"n8n.node.started","payload":{"workflowId":"KVlRhtybz5Ho4gys","workflowName":"Auto_Procurement","executionId":"229","nodeType":"n8n-nodes-base.postgres","nodeName":"Execute a SQL query","nodeId":"391dc944-79ec-4d6f-a7df-ca0ba74fee58"}}
{"__type":"$$EventMessageConfirm","confirm":"70504896-9d6a-44d1-a2c5-a040e7c7c678","ts":"2026-06-19T13:21:59.409+07:00","source":{"id":"0","name":"eventBus"}}
{"__type":"$$EventMessageNode","id":"586dd899-bdd7-437b-a938-be8dea49830e","ts":"2026-06-19T13:21:59.430+07:00","eventName":"n8n.node.finished","message":"n8n.node.finished","payload":{"workflowId":"KVlRhtybz5Ho4gys","workflowName":"Auto_Procurement","executionId":"229","nodeType":"n8n-nodes-base.postgres","nodeName":"Execute a SQL query","nodeId":"391dc944-79ec-4d6f-a7df-ca0ba74fee58"}}
{"__type":"$$EventMessageConfirm","confirm":"586dd899-bdd7-437b-a938-be8dea49830e","ts":"2026-06-19T13:21:59.430+07:00","source":{"id":"0","name":"eventBus"}}
{"__type":"$$EventMessageNode","id":"cef62472-4e46-4ed3-a017-14a6ea1c6927","ts":"2026-06-19T13:21:59.431+07:00","eventName":"n8n.node.started","message":"n8n.node.started","payload":{"workflowId":"KVlRhtybz5Ho4gys","workflowName":"Auto_Procurement","executionId":"229","nodeType":"n8n-nodes-base.httpRequest","nodeName":"HTTP Request","nodeId":"fe91f348-d636-432f-b862-729a41ad6c3a"}}
{"__type":"$$EventMessageConfirm","confirm":"cef62472-4e46-4ed3-a017-14a6ea1c6927","ts":"2026-06-19T13:21:59.431+07:00","source":{"id":"0","name":"eventBus"}}
{"__type":"$$EventMessageNode","id":"b70d98f1-4f98-407f-9b8b-b14407082263","ts":"2026-06-19T13:21:59.494+07:00","eventName":"n8n.node.finished","message":"n8n.node.finished","payload":{"workflowId":"KVlRhtybz5Ho4gys","workflowName":"Auto_Procurement","executionId":"229","nodeType":"n8n-nodes-base.httpRequest","nodeName":"HTTP Request","nodeId":"fe91f348-d636-432f-b862-729a41ad6c3a"}}
{"__type":"$$EventMessageConfirm","confirm":"b70d98f1-4f98-407f-9b8b-b14407082263","ts":"2026-06-19T13:21:59.494+07:00","source":{"id":"0","name":"eventBus"}}
{"__type":"$$EventMessageWorkflow","id":"e9d28b0b-831e-4609-a3e6-4ac2cb5877e9","ts":"2026-06-19T13:21:59.497+07:00","eventName":"n8n.workflow.failed","message":"n8n.workflow.failed","payload":{"userId":"b15f9a4a-4fc3-4b09-b6c9-0dc75a2b83d8","executionId":"229","success":false,"isManual":true,"mode":"manual","workflowId":"KVlRhtybz5Ho4gys","workflowName":"Auto_Procurement","projectId":"h2L0jogoBTqwjpXf","projectName":"Dinh Pham <khadinh41@gmail.com>","lastNodeExecuted":"HTTP Request","errorNodeType":"n8n-nodes-base.httpRequest","errorMessage":"The connection cannot be established, this usually occurs due to an incorrect host (domain) value"}}
{"__type":"$$EventMessageConfirm","confirm":"e9d28b0b-831e-4609-a3e6-4ac2cb5877e9","ts":"2026-06-19T13:21:59.497+07:00","source":{"id":"0","name":"eventBus"}}
{"__type":"$$EventMessageAudit","id":"753da20a-8315-424c-9ce3-37cb15a4c662","ts":"2026-06-19T13:25:08.690+07:00","eventName":"n8n.audit.workflow.updated","message":"n8n.audit.workflow.updated","payload":{"userId":"b15f9a4a-4fc3-4b09-b6c9-0dc75a2b83d8","_email":"khadinh41@gmail.com","_firstName":"Dinh","_lastName":"Pham","globalRole":"global:owner","workflowId":"KVlRhtybz5Ho4gys","workflowName":"Auto_Procurement"}}
{"__type":"$$EventMessageConfirm","confirm":"753da20a-8315-424c-9ce3-37cb15a4c662","ts":"2026-06-19T13:25:08.692+07:00","source":{"id":"0","name":"eventBus"}}
{"__type":"$$EventMessageAudit","id":"9e51803e-f9f8-4925-bc3a-d5e56f14ab65","ts":"2026-06-19T13:25:11.493+07:00","eventName":"n8n.audit.workflow.updated","message":"n8n.audit.workflow.updated","payload":{"userId":"b15f9a4a-4fc3-4b09-b6c9-0dc75a2b83d8","_email":"khadinh41@gmail.com","_firstName":"Dinh","_lastName":"Pham","globalRole":"global:owner","workflowId":"KVlRhtybz5Ho4gys","workflowName":"Auto_Procurement"}}
{"__type":"$$EventMessageConfirm","confirm":"9e51803e-f9f8-4925-bc3a-d5e56f14ab65","ts":"2026-06-19T13:25:11.493+07:00","source":{"id":"0","name":"eventBus"}}
{"__type":"$$EventMessageAudit","id":"31a9ac59-f521-46dc-9d77-9add65937839","ts":"2026-06-19T13:25:15.884+07:00","eventName":"n8n.audit.workflow.updated","message":"n8n.audit.workflow.updated","payload":{"userId":"b15f9a4a-4fc3-4b09-b6c9-0dc75a2b83d8","_email":"khadinh41@gmail.com","_firstName":"Dinh","_lastName":"Pham","globalRole":"global:owner","workflowId":"KVlRhtybz5Ho4gys","workflowName":"Auto_Procurement"}}
{"__type":"$$EventMessageConfirm","confirm":"31a9ac59-f521-46dc-9d77-9add65937839","ts":"2026-06-19T13:25:15.884+07:00","source":{"id":"0","name":"eventBus"}}
{"__type":"$$EventMessageAudit","id":"1bd5b049-709c-465a-9cc3-fd84d1119697","ts":"2026-06-19T13:25:38.970+07:00","eventName":"n8n.audit.workflow.executed","message":"n8n.audit.workflow.executed","payload":{"workflowId":"KVlRhtybz5Ho4gys","workflowName":"Auto_Procurement","executionId":"230","source":"webhook"}}
{"__type":"$$EventMessageConfirm","confirm":"1bd5b049-709c-465a-9cc3-fd84d1119697","ts":"2026-06-19T13:25:38.971+07:00","source":{"id":"0","name":"eventBus"}}
{"__type":"$$EventMessageWorkflow","id":"651b2c79-b33e-4a91-b6b3-93d0c87c18e1","ts":"2026-06-19T13:25:38.971+07:00","eventName":"n8n.workflow.started","message":"n8n.workflow.started","payload":{"executionId":"230","workflowId":"KVlRhtybz5Ho4gys","isManual":false,"mode":"manual","workflowName":"Auto_Procurement","projectId":"h2L0jogoBTqwjpXf","projectName":"Dinh Pham <khadinh41@gmail.com>"}}
{"__type":"$$EventMessageConfirm","confirm":"651b2c79-b33e-4a91-b6b3-93d0c87c18e1","ts":"2026-06-19T13:25:38.972+07:00","source":{"id":"0","name":"eventBus"}}
{"__type":"$$EventMessageNode","id":"585cc1da-7bc1-4e7d-8708-dc2add36442f","ts":"2026-06-19T13:25:38.990+07:00","eventName":"n8n.node.started","message":"n8n.node.started","payload":{"workflowId":"KVlRhtybz5Ho4gys","workflowName":"Auto_Procurement","executionId":"230","nodeType":"n8n-nodes-base.webhook","nodeName":"Webhook","nodeId":"513fef5d-17bc-4aee-a6d8-bafcdff7b044"}}
{"__type":"$$EventMessageConfirm","confirm":"585cc1da-7bc1-4e7d-8708-dc2add36442f","ts":"2026-06-19T13:25:38.991+07:00","source":{"id":"0","name":"eventBus"}}
{"__type":"$$EventMessageNode","id":"5bbc4244-e9a3-4f18-88eb-2697a94104c0","ts":"2026-06-19T13:25:38.992+07:00","eventName":"n8n.node.finished","message":"n8n.node.finished","payload":{"workflowId":"KVlRhtybz5Ho4gys","workflowName":"Auto_Procurement","executionId":"230","nodeType":"n8n-nodes-base.webhook","nodeName":"Webhook","nodeId":"513fef5d-17bc-4aee-a6d8-bafcdff7b044"}}
{"__type":"$$EventMessageConfirm","confirm":"5bbc4244-e9a3-4f18-88eb-2697a94104c0","ts":"2026-06-19T13:25:38.992+07:00","source":{"id":"0","name":"eventBus"}}
{"__type":"$$EventMessageNode","id":"280af906-2f16-43df-8893-6bd4fa16a693","ts":"2026-06-19T13:25:38.995+07:00","eventName":"n8n.node.started","message":"n8n.node.started","payload":{"workflowId":"KVlRhtybz5Ho4gys","workflowName":"Auto_Procurement","executionId":"230","nodeType":"n8n-nodes-base.postgres","nodeName":"Execute a SQL query","nodeId":"391dc944-79ec-4d6f-a7df-ca0ba74fee58"}}
{"__type":"$$EventMessageConfirm","confirm":"280af906-2f16-43df-8893-6bd4fa16a693","ts":"2026-06-19T13:25:38.995+07:00","source":{"id":"0","name":"eventBus"}}
{"__type":"$$EventMessageNode","id":"744a55fb-2fbc-4187-a4fe-60076a82439b","ts":"2026-06-19T13:25:39.050+07:00","eventName":"n8n.node.finished","message":"n8n.node.finished","payload":{"workflowId":"KVlRhtybz5Ho4gys","workflowName":"Auto_Procurement","executionId":"230","nodeType":"n8n-nodes-base.postgres","nodeName":"Execute a SQL query","nodeId":"391dc944-79ec-4d6f-a7df-ca0ba74fee58"}}
{"__type":"$$EventMessageConfirm","confirm":"744a55fb-2fbc-4187-a4fe-60076a82439b","ts":"2026-06-19T13:25:39.050+07:00","source":{"id":"0","name":"eventBus"}}
{"__type":"$$EventMessageNode","id":"204c6293-9872-49f5-97e6-22bfed0c741b","ts":"2026-06-19T13:25:39.052+07:00","eventName":"n8n.node.started","message":"n8n.node.started","payload":{"workflowId":"KVlRhtybz5Ho4gys","workflowName":"Auto_Procurement","executionId":"230","nodeType":"n8n-nodes-base.httpRequest","nodeName":"HTTP Request","nodeId":"fe91f348-d636-432f-b862-729a41ad6c3a"}}
{"__type":"$$EventMessageConfirm","confirm":"204c6293-9872-49f5-97e6-22bfed0c741b","ts":"2026-06-19T13:25:39.053+07:00","source":{"id":"0","name":"eventBus"}}
{"__type":"$$EventMessageNode","id":"0aaab854-860f-41f0-9190-c1fe9de9ff70","ts":"2026-06-19T13:25:39.077+07:00","eventName":"n8n.node.finished","message":"n8n.node.finished","payload":{"workflowId":"KVlRhtybz5Ho4gys","workflowName":"Auto_Procurement","executionId":"230","nodeType":"n8n-nodes-base.httpRequest","nodeName":"HTTP Request","nodeId":"fe91f348-d636-432f-b862-729a41ad6c3a"}}
{"__type":"$$EventMessageConfirm","confirm":"0aaab854-860f-41f0-9190-c1fe9de9ff70","ts":"2026-06-19T13:25:39.078+07:00","source":{"id":"0","name":"eventBus"}}
{"__type":"$$EventMessageWorkflow","id":"edb83d07-54e9-42d5-bf93-1df95c8a6cb1","ts":"2026-06-19T13:25:39.082+07:00","eventName":"n8n.workflow.failed","message":"n8n.workflow.failed","payload":{"userId":"b15f9a4a-4fc3-4b09-b6c9-0dc75a2b83d8","executionId":"230","success":false,"isManual":true,"mode":"manual","workflowId":"KVlRhtybz5Ho4gys","workflowName":"Auto_Procurement","projectId":"h2L0jogoBTqwjpXf","projectName":"Dinh Pham <khadinh41@gmail.com>","lastNodeExecuted":"HTTP Request","errorNodeType":"n8n-nodes-base.httpRequest","errorMessage":"The service refused the connection - perhaps it is offline"}}
{"__type":"$$EventMessageConfirm","confirm":"edb83d07-54e9-42d5-bf93-1df95c8a6cb1","ts":"2026-06-19T13:25:39.082+07:00","source":{"id":"0","name":"eventBus"}}
{"__type":"$$EventMessageAudit","id":"2945c499-b87c-4748-af7e-ac048199d642","ts":"2026-06-19T13:26:01.047+07:00","eventName":"n8n.audit.workflow.updated","message":"n8n.audit.workflow.updated","payload":{"userId":"b15f9a4a-4fc3-4b09-b6c9-0dc75a2b83d8","_email":"khadinh41@gmail.com","_firstName":"Dinh","_lastName":"Pham","globalRole":"global:owner","workflowId":"KVlRhtybz5Ho4gys","workflowName":"Auto_Procurement"}}
{"__type":"$$EventMessageConfirm","confirm":"2945c499-b87c-4748-af7e-ac048199d642","ts":"2026-06-19T13:26:01.047+07:00","source":{"id":"0","name":"eventBus"}}
{"__type":"$$EventMessageAudit","id":"7d080279-3947-4c7c-bd7d-b86c8fa6b231","ts":"2026-06-19T13:26:05.753+07:00","eventName":"n8n.audit.workflow.updated","message":"n8n.audit.workflow.updated","payload":{"userId":"b15f9a4a-4fc3-4b09-b6c9-0dc75a2b83d8","_email":"khadinh41@gmail.com","_firstName":"Dinh","_lastName":"Pham","globalRole":"global:owner","workflowId":"KVlRhtybz5Ho4gys","workflowName":"Auto_Procurement"}}
{"__type":"$$EventMessageConfirm","confirm":"7d080279-3947-4c7c-bd7d-b86c8fa6b231","ts":"2026-06-19T13:26:05.753+07:00","source":{"id":"0","name":"eventBus"}}
{"__type":"$$EventMessageAudit","id":"1107a10d-dfc1-44df-93af-caf7d36b2277","ts":"2026-06-19T13:26:09.774+07:00","eventName":"n8n.audit.workflow.executed","message":"n8n.audit.workflow.executed","payload":{"workflowId":"KVlRhtybz5Ho4gys","workflowName":"Auto_Procurement","executionId":"231","source":"webhook"}}
{"__type":"$$EventMessageConfirm","confirm":"1107a10d-dfc1-44df-93af-caf7d36b2277","ts":"2026-06-19T13:26:09.774+07:00","source":{"id":"0","name":"eventBus"}}
{"__type":"$$EventMessageWorkflow","id":"a56b3245-31f1-456b-9740-100fddd76725","ts":"2026-06-19T13:26:09.774+07:00","eventName":"n8n.workflow.started","message":"n8n.workflow.started","payload":{"executionId":"231","workflowId":"KVlRhtybz5Ho4gys","isManual":false,"mode":"manual","workflowName":"Auto_Procurement","projectId":"h2L0jogoBTqwjpXf","projectName":"Dinh Pham <khadinh41@gmail.com>"}}
{"__type":"$$EventMessageConfirm","confirm":"a56b3245-31f1-456b-9740-100fddd76725","ts":"2026-06-19T13:26:09.774+07:00","source":{"id":"0","name":"eventBus"}}
{"__type":"$$EventMessageNode","id":"fd9f13de-5b20-4089-a359-ebfc6ab1b59d","ts":"2026-06-19T13:26:09.789+07:00","eventName":"n8n.node.started","message":"n8n.node.started","payload":{"workflowId":"KVlRhtybz5Ho4gys","workflowName":"Auto_Procurement","executionId":"231","nodeType":"n8n-nodes-base.webhook","nodeName":"Webhook","nodeId":"513fef5d-17bc-4aee-a6d8-bafcdff7b044"}}
{"__type":"$$EventMessageConfirm","confirm":"fd9f13de-5b20-4089-a359-ebfc6ab1b59d","ts":"2026-06-19T13:26:09.789+07:00","source":{"id":"0","name":"eventBus"}}
{"__type":"$$EventMessageNode","id":"2cbcbf17-9198-4999-9ed7-b4a2604791cf","ts":"2026-06-19T13:26:09.790+07:00","eventName":"n8n.node.finished","message":"n8n.node.finished","payload":{"workflowId":"KVlRhtybz5Ho4gys","workflowName":"Auto_Procurement","executionId":"231","nodeType":"n8n-nodes-base.webhook","nodeName":"Webhook","nodeId":"513fef5d-17bc-4aee-a6d8-bafcdff7b044"}}
{"__type":"$$EventMessageConfirm","confirm":"2cbcbf17-9198-4999-9ed7-b4a2604791cf","ts":"2026-06-19T13:26:09.790+07:00","source":{"id":"0","name":"eventBus"}}
{"__type":"$$EventMessageNode","id":"e4186716-99d2-489f-adf8-7c22597b53aa","ts":"2026-06-19T13:26:09.790+07:00","eventName":"n8n.node.started","message":"n8n.node.started","payload":{"workflowId":"KVlRhtybz5Ho4gys","workflowName":"Auto_Procurement","executionId":"231","nodeType":"n8n-nodes-base.postgres","nodeName":"Execute a SQL query","nodeId":"391dc944-79ec-4d6f-a7df-ca0ba74fee58"}}
{"__type":"$$EventMessageConfirm","confirm":"e4186716-99d2-489f-adf8-7c22597b53aa","ts":"2026-06-19T13:26:09.790+07:00","source":{"id":"0","name":"eventBus"}}
{"__type":"$$EventMessageNode","id":"32cf4284-3bf4-45ef-b5ca-0a74eb164b6a","ts":"2026-06-19T13:26:09.811+07:00","eventName":"n8n.node.finished","message":"n8n.node.finished","payload":{"workflowId":"KVlRhtybz5Ho4gys","workflowName":"Auto_Procurement","executionId":"231","nodeType":"n8n-nodes-base.postgres","nodeName":"Execute a SQL query","nodeId":"391dc944-79ec-4d6f-a7df-ca0ba74fee58"}}
{"__type":"$$EventMessageConfirm","confirm":"32cf4284-3bf4-45ef-b5ca-0a74eb164b6a","ts":"2026-06-19T13:26:09.811+07:00","source":{"id":"0","name":"eventBus"}}
{"__type":"$$EventMessageNode","id":"8999759f-31fb-4a05-b839-00025106aecb","ts":"2026-06-19T13:26:09.811+07:00","eventName":"n8n.node.started","message":"n8n.node.started","payload":{"workflowId":"KVlRhtybz5Ho4gys","workflowName":"Auto_Procurement","executionId":"231","nodeType":"n8n-nodes-base.httpRequest","nodeName":"HTTP Request","nodeId":"fe91f348-d636-432f-b862-729a41ad6c3a"}}
{"__type":"$$EventMessageConfirm","confirm":"8999759f-31fb-4a05-b839-00025106aecb","ts":"2026-06-19T13:26:09.812+07:00","source":{"id":"0","name":"eventBus"}}
{"__type":"$$EventMessageNode","id":"8ac1f874-65dc-42ce-8aa8-0f2a6ed3a18d","ts":"2026-06-19T13:26:09.875+07:00","eventName":"n8n.node.finished","message":"n8n.node.finished","payload":{"workflowId":"KVlRhtybz5Ho4gys","workflowName":"Auto_Procurement","executionId":"231","nodeType":"n8n-nodes-base.httpRequest","nodeName":"HTTP Request","nodeId":"fe91f348-d636-432f-b862-729a41ad6c3a"}}
{"__type":"$$EventMessageConfirm","confirm":"8ac1f874-65dc-42ce-8aa8-0f2a6ed3a18d","ts":"2026-06-19T13:26:09.875+07:00","source":{"id":"0","name":"eventBus"}}
{"__type":"$$EventMessageWorkflow","id":"dfed5f73-3ca1-4f4b-b5ee-65ad9fa6171b","ts":"2026-06-19T13:26:09.879+07:00","eventName":"n8n.workflow.failed","message":"n8n.workflow.failed","payload":{"userId":"b15f9a4a-4fc3-4b09-b6c9-0dc75a2b83d8","executionId":"231","success":false,"isManual":true,"mode":"manual","workflowId":"KVlRhtybz5Ho4gys","workflowName":"Auto_Procurement","projectId":"h2L0jogoBTqwjpXf","projectName":"Dinh Pham <khadinh41@gmail.com>","lastNodeExecuted":"HTTP Request","errorNodeType":"n8n-nodes-base.httpRequest","errorMessage":"The connection cannot be established, this usually occurs due to an incorrect host (domain) value"}}
{"__type":"$$EventMessageConfirm","confirm":"dfed5f73-3ca1-4f4b-b5ee-65ad9fa6171b","ts":"2026-06-19T13:26:09.879+07:00","source":{"id":"0","name":"eventBus"}}
{"__type":"$$EventMessageAudit","id":"9b56164e-3e5d-48ed-b81e-5265cd8e69a1","ts":"2026-06-19T13:26:26.030+07:00","eventName":"n8n.audit.workflow.updated","message":"n8n.audit.workflow.updated","payload":{"userId":"b15f9a4a-4fc3-4b09-b6c9-0dc75a2b83d8","_email":"khadinh41@gmail.com","_firstName":"Dinh","_lastName":"Pham","globalRole":"global:owner","workflowId":"KVlRhtybz5Ho4gys","workflowName":"Auto_Procurement"}}
{"__type":"$$EventMessageConfirm","confirm":"9b56164e-3e5d-48ed-b81e-5265cd8e69a1","ts":"2026-06-19T13:26:26.030+07:00","source":{"id":"0","name":"eventBus"}}
{"__type":"$$EventMessageAudit","id":"dbedf35f-c291-474f-983b-47fe194a72ca","ts":"2026-06-19T13:26:27.805+07:00","eventName":"n8n.audit.workflow.updated","message":"n8n.audit.workflow.updated","payload":{"userId":"b15f9a4a-4fc3-4b09-b6c9-0dc75a2b83d8","_email":"khadinh41@gmail.com","_firstName":"Dinh","_lastName":"Pham","globalRole":"global:owner","workflowId":"KVlRhtybz5Ho4gys","workflowName":"Auto_Procurement"}}
{"__type":"$$EventMessageConfirm","confirm":"dbedf35f-c291-474f-983b-47fe194a72ca","ts":"2026-06-19T13:26:27.806+07:00","source":{"id":"0","name":"eventBus"}}
{"__type":"$$EventMessageAudit","id":"45d1c82c-9601-4290-a5fb-2593ff252279","ts":"2026-06-19T13:26:31.545+07:00","eventName":"n8n.audit.workflow.executed","message":"n8n.audit.workflow.executed","payload":{"workflowId":"KVlRhtybz5Ho4gys","workflowName":"Auto_Procurement","executionId":"232","source":"webhook"}}
{"__type":"$$EventMessageConfirm","confirm":"45d1c82c-9601-4290-a5fb-2593ff252279","ts":"2026-06-19T13:26:31.545+07:00","source":{"id":"0","name":"eventBus"}}
{"__type":"$$EventMessageWorkflow","id":"1b4caab8-e7f7-42de-b737-77c3ec929c71","ts":"2026-06-19T13:26:31.545+07:00","eventName":"n8n.workflow.started","message":"n8n.workflow.started","payload":{"executionId":"232","workflowId":"KVlRhtybz5Ho4gys","isManual":false,"mode":"manual","workflowName":"Auto_Procurement","projectId":"h2L0jogoBTqwjpXf","projectName":"Dinh Pham <khadinh41@gmail.com>"}}
{"__type":"$$EventMessageConfirm","confirm":"1b4caab8-e7f7-42de-b737-77c3ec929c71","ts":"2026-06-19T13:26:31.545+07:00","source":{"id":"0","name":"eventBus"}}
{"__type":"$$EventMessageNode","id":"2e2b7212-2293-4820-8b1b-e9d024010e4f","ts":"2026-06-19T13:26:31.557+07:00","eventName":"n8n.node.started","message":"n8n.node.started","payload":{"workflowId":"KVlRhtybz5Ho4gys","workflowName":"Auto_Procurement","executionId":"232","nodeType":"n8n-nodes-base.webhook","nodeName":"Webhook","nodeId":"513fef5d-17bc-4aee-a6d8-bafcdff7b044"}}
{"__type":"$$EventMessageConfirm","confirm":"2e2b7212-2293-4820-8b1b-e9d024010e4f","ts":"2026-06-19T13:26:31.558+07:00","source":{"id":"0","name":"eventBus"}}
{"__type":"$$EventMessageNode","id":"d17d5fae-201d-4423-895f-44ccf0300b2b","ts":"2026-06-19T13:26:31.559+07:00","eventName":"n8n.node.finished","message":"n8n.node.finished","payload":{"workflowId":"KVlRhtybz5Ho4gys","workflowName":"Auto_Procurement","executionId":"232","nodeType":"n8n-nodes-base.webhook","nodeName":"Webhook","nodeId":"513fef5d-17bc-4aee-a6d8-bafcdff7b044"}}
{"__type":"$$EventMessageConfirm","confirm":"d17d5fae-201d-4423-895f-44ccf0300b2b","ts":"2026-06-19T13:26:31.559+07:00","source":{"id":"0","name":"eventBus"}}
{"__type":"$$EventMessageNode","id":"15e0e767-cb32-433d-bacb-81cf45a00e5e","ts":"2026-06-19T13:26:31.560+07:00","eventName":"n8n.node.started","message":"n8n.node.started","payload":{"workflowId":"KVlRhtybz5Ho4gys","workflowName":"Auto_Procurement","executionId":"232","nodeType":"n8n-nodes-base.postgres","nodeName":"Execute a SQL query","nodeId":"391dc944-79ec-4d6f-a7df-ca0ba74fee58"}}
{"__type":"$$EventMessageConfirm","confirm":"15e0e767-cb32-433d-bacb-81cf45a00e5e","ts":"2026-06-19T13:26:31.560+07:00","source":{"id":"0","name":"eventBus"}}
{"__type":"$$EventMessageNode","id":"338cc5ca-c50f-4417-84df-6d183becc870","ts":"2026-06-19T13:26:31.580+07:00","eventName":"n8n.node.finished","message":"n8n.node.finished","payload":{"workflowId":"KVlRhtybz5Ho4gys","workflowName":"Auto_Procurement","executionId":"232","nodeType":"n8n-nodes-base.postgres","nodeName":"Execute a SQL query","nodeId":"391dc944-79ec-4d6f-a7df-ca0ba74fee58"}}
{"__type":"$$EventMessageConfirm","confirm":"338cc5ca-c50f-4417-84df-6d183becc870","ts":"2026-06-19T13:26:31.580+07:00","source":{"id":"0","name":"eventBus"}}
{"__type":"$$EventMessageNode","id":"d0eb0350-fafe-4058-8398-21a85fc0a525","ts":"2026-06-19T13:26:31.581+07:00","eventName":"n8n.node.started","message":"n8n.node.started","payload":{"workflowId":"KVlRhtybz5Ho4gys","workflowName":"Auto_Procurement","executionId":"232","nodeType":"n8n-nodes-base.httpRequest","nodeName":"HTTP Request","nodeId":"fe91f348-d636-432f-b862-729a41ad6c3a"}}
{"__type":"$$EventMessageConfirm","confirm":"d0eb0350-fafe-4058-8398-21a85fc0a525","ts":"2026-06-19T13:26:31.581+07:00","source":{"id":"0","name":"eventBus"}}
{"__type":"$$EventMessageNode","id":"a2bc8335-a62a-4128-b240-13bb56d7def1","ts":"2026-06-19T13:26:31.587+07:00","eventName":"n8n.node.finished","message":"n8n.node.finished","payload":{"workflowId":"KVlRhtybz5Ho4gys","workflowName":"Auto_Procurement","executionId":"232","nodeType":"n8n-nodes-base.httpRequest","nodeName":"HTTP Request","nodeId":"fe91f348-d636-432f-b862-729a41ad6c3a"}}
{"__type":"$$EventMessageConfirm","confirm":"a2bc8335-a62a-4128-b240-13bb56d7def1","ts":"2026-06-19T13:26:31.587+07:00","source":{"id":"0","name":"eventBus"}}
{"__type":"$$EventMessageWorkflow","id":"17552030-06ee-4cbe-b9b3-c0607d881d0c","ts":"2026-06-19T13:26:31.593+07:00","eventName":"n8n.workflow.failed","message":"n8n.workflow.failed","payload":{"userId":"b15f9a4a-4fc3-4b09-b6c9-0dc75a2b83d8","executionId":"232","success":false,"isManual":true,"mode":"manual","workflowId":"KVlRhtybz5Ho4gys","workflowName":"Auto_Procurement","projectId":"h2L0jogoBTqwjpXf","projectName":"Dinh Pham <khadinh41@gmail.com>","lastNodeExecuted":"HTTP Request","errorNodeType":"n8n-nodes-base.httpRequest","errorMessage":"The service refused the connection - perhaps it is offline"}}
{"__type":"$$EventMessageConfirm","confirm":"17552030-06ee-4cbe-b9b3-c0607d881d0c","ts":"2026-06-19T13:26:31.593+07:00","source":{"id":"0","name":"eventBus"}}
{"__type":"$$EventMessageAudit","id":"29c0b43d-bbf2-4c8d-ae17-928a525aca33","ts":"2026-06-19T13:46:58.032+07:00","eventName":"n8n.audit.workflow.executed","message":"n8n.audit.workflow.executed","payload":{"workflowId":"KVlRhtybz5Ho4gys","workflowName":"Auto_Procurement","executionId":"233","source":"webhook"}}
{"__type":"$$EventMessageConfirm","confirm":"29c0b43d-bbf2-4c8d-ae17-928a525aca33","ts":"2026-06-19T13:46:58.047+07:00","source":{"id":"0","name":"eventBus"}}
{"__type":"$$EventMessageWorkflow","id":"c9a30d29-0dd1-4030-bf67-2052bd24eb73","ts":"2026-06-19T13:46:58.051+07:00","eventName":"n8n.workflow.started","message":"n8n.workflow.started","payload":{"executionId":"233","workflowId":"KVlRhtybz5Ho4gys","isManual":false,"mode":"manual","workflowName":"Auto_Procurement","projectId":"h2L0jogoBTqwjpXf","projectName":"Dinh Pham <khadinh41@gmail.com>"}}
{"__type":"$$EventMessageConfirm","confirm":"c9a30d29-0dd1-4030-bf67-2052bd24eb73","ts":"2026-06-19T13:46:58.052+07:00","source":{"id":"0","name":"eventBus"}}
{"__type":"$$EventMessageNode","id":"17ca10b7-123e-4233-a22d-cfdbefd4c1b0","ts":"2026-06-19T13:46:58.100+07:00","eventName":"n8n.node.started","message":"n8n.node.started","payload":{"workflowId":"KVlRhtybz5Ho4gys","workflowName":"Auto_Procurement","executionId":"233","nodeType":"n8n-nodes-base.webhook","nodeName":"Webhook","nodeId":"513fef5d-17bc-4aee-a6d8-bafcdff7b044"}}
{"__type":"$$EventMessageConfirm","confirm":"17ca10b7-123e-4233-a22d-cfdbefd4c1b0","ts":"2026-06-19T13:46:58.101+07:00","source":{"id":"0","name":"eventBus"}}
{"__type":"$$EventMessageNode","id":"6e5a1c7e-527a-4b8d-9fbc-b8f53feeaa25","ts":"2026-06-19T13:46:58.108+07:00","eventName":"n8n.node.finished","message":"n8n.node.finished","payload":{"workflowId":"KVlRhtybz5Ho4gys","workflowName":"Auto_Procurement","executionId":"233","nodeType":"n8n-nodes-base.webhook","nodeName":"Webhook","nodeId":"513fef5d-17bc-4aee-a6d8-bafcdff7b044"}}
{"__type":"$$EventMessageConfirm","confirm":"6e5a1c7e-527a-4b8d-9fbc-b8f53feeaa25","ts":"2026-06-19T13:46:58.108+07:00","source":{"id":"0","name":"eventBus"}}
{"__type":"$$EventMessageNode","id":"f3383274-ed80-48ea-97e7-cf10c9d724e4","ts":"2026-06-19T13:46:58.124+07:00","eventName":"n8n.node.started","message":"n8n.node.started","payload":{"workflowId":"KVlRhtybz5Ho4gys","workflowName":"Auto_Procurement","executionId":"233","nodeType":"n8n-nodes-base.postgres","nodeName":"Execute a SQL query","nodeId":"391dc944-79ec-4d6f-a7df-ca0ba74fee58"}}
{"__type":"$$EventMessageConfirm","confirm":"f3383274-ed80-48ea-97e7-cf10c9d724e4","ts":"2026-06-19T13:46:58.125+07:00","source":{"id":"0","name":"eventBus"}}
{"__type":"$$EventMessageNode","id":"3f548bf5-d58d-4912-95a0-89b76db37d7d","ts":"2026-06-19T13:46:58.421+07:00","eventName":"n8n.node.finished","message":"n8n.node.finished","payload":{"workflowId":"KVlRhtybz5Ho4gys","workflowName":"Auto_Procurement","executionId":"233","nodeType":"n8n-nodes-base.postgres","nodeName":"Execute a SQL query","nodeId":"391dc944-79ec-4d6f-a7df-ca0ba74fee58"}}
{"__type":"$$EventMessageConfirm","confirm":"3f548bf5-d58d-4912-95a0-89b76db37d7d","ts":"2026-06-19T13:46:58.422+07:00","source":{"id":"0","name":"eventBus"}}
{"__type":"$$EventMessageNode","id":"ca7701b5-89de-4d14-bd66-c4a8b3b3824e","ts":"2026-06-19T13:46:58.423+07:00","eventName":"n8n.node.started","message":"n8n.node.started","payload":{"workflowId":"KVlRhtybz5Ho4gys","workflowName":"Auto_Procurement","executionId":"233","nodeType":"n8n-nodes-base.httpRequest","nodeName":"HTTP Request","nodeId":"fe91f348-d636-432f-b862-729a41ad6c3a"}}
{"__type":"$$EventMessageConfirm","confirm":"ca7701b5-89de-4d14-bd66-c4a8b3b3824e","ts":"2026-06-19T13:46:58.423+07:00","source":{"id":"0","name":"eventBus"}}
{"__type":"$$EventMessageNode","id":"aa37620d-829e-4881-b865-d9edef629891","ts":"2026-06-19T13:46:58.575+07:00","eventName":"n8n.node.finished","message":"n8n.node.finished","payload":{"workflowId":"KVlRhtybz5Ho4gys","workflowName":"Auto_Procurement","executionId":"233","nodeType":"n8n-nodes-base.httpRequest","nodeName":"HTTP Request","nodeId":"fe91f348-d636-432f-b862-729a41ad6c3a"}}
{"__type":"$$EventMessageConfirm","confirm":"aa37620d-829e-4881-b865-d9edef629891","ts":"2026-06-19T13:46:58.575+07:00","source":{"id":"0","name":"eventBus"}}
{"__type":"$$EventMessageWorkflow","id":"1bf6abf7-80f1-4f12-a652-db652dc59ddc","ts":"2026-06-19T13:46:58.615+07:00","eventName":"n8n.workflow.failed","message":"n8n.workflow.failed","payload":{"userId":"b15f9a4a-4fc3-4b09-b6c9-0dc75a2b83d8","executionId":"233","success":false,"isManual":true,"mode":"manual","workflowId":"KVlRhtybz5Ho4gys","workflowName":"Auto_Procurement","projectId":"h2L0jogoBTqwjpXf","projectName":"Dinh Pham <khadinh41@gmail.com>","lastNodeExecuted":"HTTP Request","errorNodeType":"n8n-nodes-base.httpRequest","errorMessage":"The service refused the connection - perhaps it is offline"}}
{"__type":"$$EventMessageConfirm","confirm":"1bf6abf7-80f1-4f12-a652-db652dc59ddc","ts":"2026-06-19T13:46:58.616+07:00","source":{"id":"0","name":"eventBus"}}
{"__type":"$$EventMessageAudit","id":"a6c8a018-f070-460c-8336-55360a8a153a","ts":"2026-06-19T13:47:10.914+07:00","eventName":"n8n.audit.workflow.updated","message":"n8n.audit.workflow.updated","payload":{"userId":"b15f9a4a-4fc3-4b09-b6c9-0dc75a2b83d8","_email":"khadinh41@gmail.com","_firstName":"Dinh","_lastName":"Pham","globalRole":"global:owner","workflowId":"KVlRhtybz5Ho4gys","workflowName":"Auto_Procurement"}}
{"__type":"$$EventMessageConfirm","confirm":"a6c8a018-f070-460c-8336-55360a8a153a","ts":"2026-06-19T13:47:10.914+07:00","source":{"id":"0","name":"eventBus"}}
{"__type":"$$EventMessageAudit","id":"07ff235a-d4b6-4488-a399-e7017e89734b","ts":"2026-06-19T13:47:13.783+07:00","eventName":"n8n.audit.workflow.updated","message":"n8n.audit.workflow.updated","payload":{"userId":"b15f9a4a-4fc3-4b09-b6c9-0dc75a2b83d8","_email":"khadinh41@gmail.com","_firstName":"Dinh","_lastName":"Pham","globalRole":"global:owner","workflowId":"KVlRhtybz5Ho4gys","workflowName":"Auto_Procurement"}}
{"__type":"$$EventMessageConfirm","confirm":"07ff235a-d4b6-4488-a399-e7017e89734b","ts":"2026-06-19T13:47:13.783+07:00","source":{"id":"0","name":"eventBus"}}
{"__type":"$$EventMessageAudit","id":"ac6e7922-e5f2-40c1-aca3-1ef9b8a5aada","ts":"2026-06-19T13:47:18.512+07:00","eventName":"n8n.audit.workflow.executed","message":"n8n.audit.workflow.executed","payload":{"workflowId":"KVlRhtybz5Ho4gys","workflowName":"Auto_Procurement","executionId":"234","source":"webhook"}}
{"__type":"$$EventMessageConfirm","confirm":"ac6e7922-e5f2-40c1-aca3-1ef9b8a5aada","ts":"2026-06-19T13:47:18.512+07:00","source":{"id":"0","name":"eventBus"}}
{"__type":"$$EventMessageWorkflow","id":"91129c5b-381d-41ee-ad70-69775e1629b3","ts":"2026-06-19T13:47:18.512+07:00","eventName":"n8n.workflow.started","message":"n8n.workflow.started","payload":{"executionId":"234","workflowId":"KVlRhtybz5Ho4gys","isManual":false,"mode":"manual","workflowName":"Auto_Procurement","projectId":"h2L0jogoBTqwjpXf","projectName":"Dinh Pham <khadinh41@gmail.com>"}}
{"__type":"$$EventMessageConfirm","confirm":"91129c5b-381d-41ee-ad70-69775e1629b3","ts":"2026-06-19T13:47:18.512+07:00","source":{"id":"0","name":"eventBus"}}
{"__type":"$$EventMessageNode","id":"31ee4fbb-4208-48ca-80b8-3bb49fb16165","ts":"2026-06-19T13:47:18.524+07:00","eventName":"n8n.node.started","message":"n8n.node.started","payload":{"workflowId":"KVlRhtybz5Ho4gys","workflowName":"Auto_Procurement","executionId":"234","nodeType":"n8n-nodes-base.webhook","nodeName":"Webhook","nodeId":"513fef5d-17bc-4aee-a6d8-bafcdff7b044"}}
{"__type":"$$EventMessageConfirm","confirm":"31ee4fbb-4208-48ca-80b8-3bb49fb16165","ts":"2026-06-19T13:47:18.525+07:00","source":{"id":"0","name":"eventBus"}}
{"__type":"$$EventMessageNode","id":"5c61f2e6-c131-4298-b4fe-2ee727bbe1dd","ts":"2026-06-19T13:47:18.525+07:00","eventName":"n8n.node.finished","message":"n8n.node.finished","payload":{"workflowId":"KVlRhtybz5Ho4gys","workflowName":"Auto_Procurement","executionId":"234","nodeType":"n8n-nodes-base.webhook","nodeName":"Webhook","nodeId":"513fef5d-17bc-4aee-a6d8-bafcdff7b044"}}
{"__type":"$$EventMessageConfirm","confirm":"5c61f2e6-c131-4298-b4fe-2ee727bbe1dd","ts":"2026-06-19T13:47:18.525+07:00","source":{"id":"0","name":"eventBus"}}
{"__type":"$$EventMessageNode","id":"9d90cbf7-593c-45f9-9d1b-ccd034509bc9","ts":"2026-06-19T13:47:18.526+07:00","eventName":"n8n.node.started","message":"n8n.node.started","payload":{"workflowId":"KVlRhtybz5Ho4gys","workflowName":"Auto_Procurement","executionId":"234","nodeType":"n8n-nodes-base.postgres","nodeName":"Execute a SQL query","nodeId":"391dc944-79ec-4d6f-a7df-ca0ba74fee58"}}
{"__type":"$$EventMessageConfirm","confirm":"9d90cbf7-593c-45f9-9d1b-ccd034509bc9","ts":"2026-06-19T13:47:18.526+07:00","source":{"id":"0","name":"eventBus"}}
{"__type":"$$EventMessageNode","id":"d8522275-96cc-443a-9d20-833b4710e2de","ts":"2026-06-19T13:47:18.551+07:00","eventName":"n8n.node.finished","message":"n8n.node.finished","payload":{"workflowId":"KVlRhtybz5Ho4gys","workflowName":"Auto_Procurement","executionId":"234","nodeType":"n8n-nodes-base.postgres","nodeName":"Execute a SQL query","nodeId":"391dc944-79ec-4d6f-a7df-ca0ba74fee58"}}
{"__type":"$$EventMessageConfirm","confirm":"d8522275-96cc-443a-9d20-833b4710e2de","ts":"2026-06-19T13:47:18.551+07:00","source":{"id":"0","name":"eventBus"}}
{"__type":"$$EventMessageNode","id":"692d9f13-c1f0-4567-af8f-9785611bb949","ts":"2026-06-19T13:47:18.552+07:00","eventName":"n8n.node.started","message":"n8n.node.started","payload":{"workflowId":"KVlRhtybz5Ho4gys","workflowName":"Auto_Procurement","executionId":"234","nodeType":"n8n-nodes-base.httpRequest","nodeName":"HTTP Request","nodeId":"fe91f348-d636-432f-b862-729a41ad6c3a"}}
{"__type":"$$EventMessageConfirm","confirm":"692d9f13-c1f0-4567-af8f-9785611bb949","ts":"2026-06-19T13:47:18.552+07:00","source":{"id":"0","name":"eventBus"}}
{"__type":"$$EventMessageNode","id":"8bd5fae0-180b-4e0a-a9c8-ebf45b30fc86","ts":"2026-06-19T13:47:18.660+07:00","eventName":"n8n.node.finished","message":"n8n.node.finished","payload":{"workflowId":"KVlRhtybz5Ho4gys","workflowName":"Auto_Procurement","executionId":"234","nodeType":"n8n-nodes-base.httpRequest","nodeName":"HTTP Request","nodeId":"fe91f348-d636-432f-b862-729a41ad6c3a"}}
{"__type":"$$EventMessageConfirm","confirm":"8bd5fae0-180b-4e0a-a9c8-ebf45b30fc86","ts":"2026-06-19T13:47:18.661+07:00","source":{"id":"0","name":"eventBus"}}
{"__type":"$$EventMessageWorkflow","id":"1c2e43cc-f97b-4d3a-ae70-f88b5c740a86","ts":"2026-06-19T13:47:18.664+07:00","eventName":"n8n.workflow.failed","message":"n8n.workflow.failed","payload":{"userId":"b15f9a4a-4fc3-4b09-b6c9-0dc75a2b83d8","executionId":"234","success":false,"isManual":true,"mode":"manual","workflowId":"KVlRhtybz5Ho4gys","workflowName":"Auto_Procurement","projectId":"h2L0jogoBTqwjpXf","projectName":"Dinh Pham <khadinh41@gmail.com>","lastNodeExecuted":"HTTP Request","errorNodeType":"n8n-nodes-base.httpRequest","errorMessage":"The connection cannot be established, this usually occurs due to an incorrect host (domain) value"}}
{"__type":"$$EventMessageConfirm","confirm":"1c2e43cc-f97b-4d3a-ae70-f88b5c740a86","ts":"2026-06-19T13:47:18.664+07:00","source":{"id":"0","name":"eventBus"}}
{"__type":"$$EventMessageAudit","id":"e84c424c-d145-4ccb-bb68-8e3661c29c99","ts":"2026-06-19T13:48:15.790+07:00","eventName":"n8n.audit.workflow.updated","message":"n8n.audit.workflow.updated","payload":{"userId":"b15f9a4a-4fc3-4b09-b6c9-0dc75a2b83d8","_email":"khadinh41@gmail.com","_firstName":"Dinh","_lastName":"Pham","globalRole":"global:owner","workflowId":"KVlRhtybz5Ho4gys","workflowName":"Auto_Procurement"}}
{"__type":"$$EventMessageConfirm","confirm":"e84c424c-d145-4ccb-bb68-8e3661c29c99","ts":"2026-06-19T13:48:15.790+07:00","source":{"id":"0","name":"eventBus"}}
{"__type":"$$EventMessageAudit","id":"086b2074-ff46-4e3f-83e6-099292d6996b","ts":"2026-06-19T13:48:18.785+07:00","eventName":"n8n.audit.workflow.updated","message":"n8n.audit.workflow.updated","payload":{"userId":"b15f9a4a-4fc3-4b09-b6c9-0dc75a2b83d8","_email":"khadinh41@gmail.com","_firstName":"Dinh","_lastName":"Pham","globalRole":"global:owner","workflowId":"KVlRhtybz5Ho4gys","workflowName":"Auto_Procurement"}}
{"__type":"$$EventMessageConfirm","confirm":"086b2074-ff46-4e3f-83e6-099292d6996b","ts":"2026-06-19T13:48:18.785+07:00","source":{"id":"0","name":"eventBus"}}
{"__type":"$$EventMessageAudit","id":"b9fe0ef3-cf62-45cb-a469-643c422c46cc","ts":"2026-06-19T13:48:21.482+07:00","eventName":"n8n.audit.workflow.executed","message":"n8n.audit.workflow.executed","payload":{"workflowId":"KVlRhtybz5Ho4gys","workflowName":"Auto_Procurement","executionId":"235","source":"webhook"}}
{"__type":"$$EventMessageConfirm","confirm":"b9fe0ef3-cf62-45cb-a469-643c422c46cc","ts":"2026-06-19T13:48:21.482+07:00","source":{"id":"0","name":"eventBus"}}
{"__type":"$$EventMessageWorkflow","id":"d91bd1b5-4f44-4f8e-8498-d1c68c5b279f","ts":"2026-06-19T13:48:21.483+07:00","eventName":"n8n.workflow.started","message":"n8n.workflow.started","payload":{"executionId":"235","workflowId":"KVlRhtybz5Ho4gys","isManual":false,"mode":"manual","workflowName":"Auto_Procurement","projectId":"h2L0jogoBTqwjpXf","projectName":"Dinh Pham <khadinh41@gmail.com>"}}
{"__type":"$$EventMessageConfirm","confirm":"d91bd1b5-4f44-4f8e-8498-d1c68c5b279f","ts":"2026-06-19T13:48:21.483+07:00","source":{"id":"0","name":"eventBus"}}
{"__type":"$$EventMessageNode","id":"463d9e9d-4db8-46b8-b86a-9b6c0d54294a","ts":"2026-06-19T13:48:21.495+07:00","eventName":"n8n.node.started","message":"n8n.node.started","payload":{"workflowId":"KVlRhtybz5Ho4gys","workflowName":"Auto_Procurement","executionId":"235","nodeType":"n8n-nodes-base.webhook","nodeName":"Webhook","nodeId":"513fef5d-17bc-4aee-a6d8-bafcdff7b044"}}
{"__type":"$$EventMessageConfirm","confirm":"463d9e9d-4db8-46b8-b86a-9b6c0d54294a","ts":"2026-06-19T13:48:21.495+07:00","source":{"id":"0","name":"eventBus"}}
{"__type":"$$EventMessageNode","id":"dd6cdcbf-4855-4563-ae72-add6c785554d","ts":"2026-06-19T13:48:21.496+07:00","eventName":"n8n.node.finished","message":"n8n.node.finished","payload":{"workflowId":"KVlRhtybz5Ho4gys","workflowName":"Auto_Procurement","executionId":"235","nodeType":"n8n-nodes-base.webhook","nodeName":"Webhook","nodeId":"513fef5d-17bc-4aee-a6d8-bafcdff7b044"}}
{"__type":"$$EventMessageConfirm","confirm":"dd6cdcbf-4855-4563-ae72-add6c785554d","ts":"2026-06-19T13:48:21.496+07:00","source":{"id":"0","name":"eventBus"}}
{"__type":"$$EventMessageNode","id":"2bfd7e12-3582-4df3-b722-1ba010fd7d72","ts":"2026-06-19T13:48:21.496+07:00","eventName":"n8n.node.started","message":"n8n.node.started","payload":{"workflowId":"KVlRhtybz5Ho4gys","workflowName":"Auto_Procurement","executionId":"235","nodeType":"n8n-nodes-base.postgres","nodeName":"Execute a SQL query","nodeId":"391dc944-79ec-4d6f-a7df-ca0ba74fee58"}}
{"__type":"$$EventMessageConfirm","confirm":"2bfd7e12-3582-4df3-b722-1ba010fd7d72","ts":"2026-06-19T13:48:21.496+07:00","source":{"id":"0","name":"eventBus"}}
{"__type":"$$EventMessageNode","id":"9ab60942-d15a-4745-82a1-49288e199071","ts":"2026-06-19T13:48:21.518+07:00","eventName":"n8n.node.finished","message":"n8n.node.finished","payload":{"workflowId":"KVlRhtybz5Ho4gys","workflowName":"Auto_Procurement","executionId":"235","nodeType":"n8n-nodes-base.postgres","nodeName":"Execute a SQL query","nodeId":"391dc944-79ec-4d6f-a7df-ca0ba74fee58"}}
{"__type":"$$EventMessageConfirm","confirm":"9ab60942-d15a-4745-82a1-49288e199071","ts":"2026-06-19T13:48:21.518+07:00","source":{"id":"0","name":"eventBus"}}
{"__type":"$$EventMessageNode","id":"75e51d30-f7fc-4107-ab46-15e543fd6b86","ts":"2026-06-19T13:48:21.519+07:00","eventName":"n8n.node.started","message":"n8n.node.started","payload":{"workflowId":"KVlRhtybz5Ho4gys","workflowName":"Auto_Procurement","executionId":"235","nodeType":"n8n-nodes-base.httpRequest","nodeName":"HTTP Request","nodeId":"fe91f348-d636-432f-b862-729a41ad6c3a"}}
{"__type":"$$EventMessageConfirm","confirm":"75e51d30-f7fc-4107-ab46-15e543fd6b86","ts":"2026-06-19T13:48:21.519+07:00","source":{"id":"0","name":"eventBus"}}
{"__type":"$$EventMessageNode","id":"fddfa381-5f11-4f65-b833-9d06d63ba697","ts":"2026-06-19T13:48:21.529+07:00","eventName":"n8n.node.finished","message":"n8n.node.finished","payload":{"workflowId":"KVlRhtybz5Ho4gys","workflowName":"Auto_Procurement","executionId":"235","nodeType":"n8n-nodes-base.httpRequest","nodeName":"HTTP Request","nodeId":"fe91f348-d636-432f-b862-729a41ad6c3a"}}
{"__type":"$$EventMessageConfirm","confirm":"fddfa381-5f11-4f65-b833-9d06d63ba697","ts":"2026-06-19T13:48:21.529+07:00","source":{"id":"0","name":"eventBus"}}
{"__type":"$$EventMessageWorkflow","id":"b526b309-8472-4552-9cc2-55ff5a170678","ts":"2026-06-19T13:48:21.532+07:00","eventName":"n8n.workflow.failed","message":"n8n.workflow.failed","payload":{"userId":"b15f9a4a-4fc3-4b09-b6c9-0dc75a2b83d8","executionId":"235","success":false,"isManual":true,"mode":"manual","workflowId":"KVlRhtybz5Ho4gys","workflowName":"Auto_Procurement","projectId":"h2L0jogoBTqwjpXf","projectName":"Dinh Pham <khadinh41@gmail.com>","lastNodeExecuted":"HTTP Request","errorNodeType":"n8n-nodes-base.httpRequest","errorMessage":"The service refused the connection - perhaps it is offline"}}
{"__type":"$$EventMessageConfirm","confirm":"b526b309-8472-4552-9cc2-55ff5a170678","ts":"2026-06-19T13:48:21.532+07:00","source":{"id":"0","name":"eventBus"}}
{"__type":"$$EventMessageAudit","id":"7b13bd51-7a6f-4313-8cf2-5f889d3a9c9d","ts":"2026-06-19T13:48:51.202+07:00","eventName":"n8n.audit.workflow.updated","message":"n8n.audit.workflow.updated","payload":{"userId":"b15f9a4a-4fc3-4b09-b6c9-0dc75a2b83d8","_email":"khadinh41@gmail.com","_firstName":"Dinh","_lastName":"Pham","globalRole":"global:owner","workflowId":"KVlRhtybz5Ho4gys","workflowName":"Auto_Procurement"}}
{"__type":"$$EventMessageConfirm","confirm":"7b13bd51-7a6f-4313-8cf2-5f889d3a9c9d","ts":"2026-06-19T13:48:51.202+07:00","source":{"id":"0","name":"eventBus"}}
{"__type":"$$EventMessageAudit","id":"b484beb1-bc84-4354-bdc8-8a98fef6f38d","ts":"2026-06-19T13:48:53.275+07:00","eventName":"n8n.audit.workflow.executed","message":"n8n.audit.workflow.executed","payload":{"workflowId":"KVlRhtybz5Ho4gys","workflowName":"Auto_Procurement","executionId":"236","source":"webhook"}}
{"__type":"$$EventMessageConfirm","confirm":"b484beb1-bc84-4354-bdc8-8a98fef6f38d","ts":"2026-06-19T13:48:53.276+07:00","source":{"id":"0","name":"eventBus"}}
{"__type":"$$EventMessageWorkflow","id":"932d157a-6e9d-4136-8b23-793ff4bbd05a","ts":"2026-06-19T13:48:53.276+07:00","eventName":"n8n.workflow.started","message":"n8n.workflow.started","payload":{"executionId":"236","workflowId":"KVlRhtybz5Ho4gys","isManual":false,"mode":"manual","workflowName":"Auto_Procurement","projectId":"h2L0jogoBTqwjpXf","projectName":"Dinh Pham <khadinh41@gmail.com>"}}
{"__type":"$$EventMessageConfirm","confirm":"932d157a-6e9d-4136-8b23-793ff4bbd05a","ts":"2026-06-19T13:48:53.276+07:00","source":{"id":"0","name":"eventBus"}}
{"__type":"$$EventMessageNode","id":"e2ec4b5a-6acd-48ff-bee2-f678fab3105c","ts":"2026-06-19T13:48:53.287+07:00","eventName":"n8n.node.started","message":"n8n.node.started","payload":{"workflowId":"KVlRhtybz5Ho4gys","workflowName":"Auto_Procurement","executionId":"236","nodeType":"n8n-nodes-base.webhook","nodeName":"Webhook","nodeId":"513fef5d-17bc-4aee-a6d8-bafcdff7b044"}}
{"__type":"$$EventMessageConfirm","confirm":"e2ec4b5a-6acd-48ff-bee2-f678fab3105c","ts":"2026-06-19T13:48:53.287+07:00","source":{"id":"0","name":"eventBus"}}
{"__type":"$$EventMessageNode","id":"36f2d070-a7cb-421b-8c35-fcdc59567836","ts":"2026-06-19T13:48:53.288+07:00","eventName":"n8n.node.finished","message":"n8n.node.finished","payload":{"workflowId":"KVlRhtybz5Ho4gys","workflowName":"Auto_Procurement","executionId":"236","nodeType":"n8n-nodes-base.webhook","nodeName":"Webhook","nodeId":"513fef5d-17bc-4aee-a6d8-bafcdff7b044"}}
{"__type":"$$EventMessageConfirm","confirm":"36f2d070-a7cb-421b-8c35-fcdc59567836","ts":"2026-06-19T13:48:53.288+07:00","source":{"id":"0","name":"eventBus"}}
{"__type":"$$EventMessageNode","id":"f95a30c4-2639-4430-bf56-148fb5717d18","ts":"2026-06-19T13:48:53.289+07:00","eventName":"n8n.node.started","message":"n8n.node.started","payload":{"workflowId":"KVlRhtybz5Ho4gys","workflowName":"Auto_Procurement","executionId":"236","nodeType":"n8n-nodes-base.postgres","nodeName":"Execute a SQL query","nodeId":"391dc944-79ec-4d6f-a7df-ca0ba74fee58"}}
{"__type":"$$EventMessageConfirm","confirm":"f95a30c4-2639-4430-bf56-148fb5717d18","ts":"2026-06-19T13:48:53.289+07:00","source":{"id":"0","name":"eventBus"}}
{"__type":"$$EventMessageNode","id":"452f0dcd-c52f-40d2-afbe-2c4d0934cae0","ts":"2026-06-19T13:48:53.313+07:00","eventName":"n8n.node.finished","message":"n8n.node.finished","payload":{"workflowId":"KVlRhtybz5Ho4gys","workflowName":"Auto_Procurement","executionId":"236","nodeType":"n8n-nodes-base.postgres","nodeName":"Execute a SQL query","nodeId":"391dc944-79ec-4d6f-a7df-ca0ba74fee58"}}
{"__type":"$$EventMessageConfirm","confirm":"452f0dcd-c52f-40d2-afbe-2c4d0934cae0","ts":"2026-06-19T13:48:53.314+07:00","source":{"id":"0","name":"eventBus"}}
{"__type":"$$EventMessageNode","id":"fa551f26-a7f0-42a1-9895-08a51fd6ae04","ts":"2026-06-19T13:48:53.315+07:00","eventName":"n8n.node.started","message":"n8n.node.started","payload":{"workflowId":"KVlRhtybz5Ho4gys","workflowName":"Auto_Procurement","executionId":"236","nodeType":"n8n-nodes-base.httpRequest","nodeName":"HTTP Request","nodeId":"fe91f348-d636-432f-b862-729a41ad6c3a"}}
{"__type":"$$EventMessageConfirm","confirm":"fa551f26-a7f0-42a1-9895-08a51fd6ae04","ts":"2026-06-19T13:48:53.315+07:00","source":{"id":"0","name":"eventBus"}}
{"__type":"$$EventMessageNode","id":"e18044e3-2fc1-4ce4-9a0a-13841f101ef0","ts":"2026-06-19T13:48:53.327+07:00","eventName":"n8n.node.finished","message":"n8n.node.finished","payload":{"workflowId":"KVlRhtybz5Ho4gys","workflowName":"Auto_Procurement","executionId":"236","nodeType":"n8n-nodes-base.httpRequest","nodeName":"HTTP Request","nodeId":"fe91f348-d636-432f-b862-729a41ad6c3a"}}
{"__type":"$$EventMessageConfirm","confirm":"e18044e3-2fc1-4ce4-9a0a-13841f101ef0","ts":"2026-06-19T13:48:53.327+07:00","source":{"id":"0","name":"eventBus"}}
{"__type":"$$EventMessageWorkflow","id":"f3429a73-15d0-4c5c-bc64-ff762408cf86","ts":"2026-06-19T13:48:53.331+07:00","eventName":"n8n.workflow.failed","message":"n8n.workflow.failed","payload":{"userId":"b15f9a4a-4fc3-4b09-b6c9-0dc75a2b83d8","executionId":"236","success":false,"isManual":true,"mode":"manual","workflowId":"KVlRhtybz5Ho4gys","workflowName":"Auto_Procurement","projectId":"h2L0jogoBTqwjpXf","projectName":"Dinh Pham <khadinh41@gmail.com>","lastNodeExecuted":"HTTP Request","errorNodeType":"n8n-nodes-base.httpRequest","errorMessage":"The service refused the connection - perhaps it is offline"}}
{"__type":"$$EventMessageConfirm","confirm":"f3429a73-15d0-4c5c-bc64-ff762408cf86","ts":"2026-06-19T13:48:53.331+07:00","source":{"id":"0","name":"eventBus"}}
{"__type":"$$EventMessageAudit","id":"c2646e96-7b1a-43d8-a6ab-e05bd6a62f91","ts":"2026-06-19T13:49:00.827+07:00","eventName":"n8n.audit.workflow.updated","message":"n8n.audit.workflow.updated","payload":{"userId":"b15f9a4a-4fc3-4b09-b6c9-0dc75a2b83d8","_email":"khadinh41@gmail.com","_firstName":"Dinh","_lastName":"Pham","globalRole":"global:owner","workflowId":"KVlRhtybz5Ho4gys","workflowName":"Auto_Procurement"}}
{"__type":"$$EventMessageConfirm","confirm":"c2646e96-7b1a-43d8-a6ab-e05bd6a62f91","ts":"2026-06-19T13:49:00.827+07:00","source":{"id":"0","name":"eventBus"}}
{"__type":"$$EventMessageAudit","id":"ba0a60dd-b58a-4f6e-88c5-f83c64df357e","ts":"2026-06-19T13:49:03.917+07:00","eventName":"n8n.audit.workflow.updated","message":"n8n.audit.workflow.updated","payload":{"userId":"b15f9a4a-4fc3-4b09-b6c9-0dc75a2b83d8","_email":"khadinh41@gmail.com","_firstName":"Dinh","_lastName":"Pham","globalRole":"global:owner","workflowId":"KVlRhtybz5Ho4gys","workflowName":"Auto_Procurement"}}
{"__type":"$$EventMessageConfirm","confirm":"ba0a60dd-b58a-4f6e-88c5-f83c64df357e","ts":"2026-06-19T13:49:03.917+07:00","source":{"id":"0","name":"eventBus"}}
{"__type":"$$EventMessageAudit","id":"506d27be-5bdc-4080-b2ab-24068db70441","ts":"2026-06-19T13:49:07.074+07:00","eventName":"n8n.audit.workflow.executed","message":"n8n.audit.workflow.executed","payload":{"workflowId":"KVlRhtybz5Ho4gys","workflowName":"Auto_Procurement","executionId":"237","source":"webhook"}}
{"__type":"$$EventMessageConfirm","confirm":"506d27be-5bdc-4080-b2ab-24068db70441","ts":"2026-06-19T13:49:07.074+07:00","source":{"id":"0","name":"eventBus"}}
{"__type":"$$EventMessageWorkflow","id":"d6f11d12-ea42-4c95-9382-c0646158bbcb","ts":"2026-06-19T13:49:07.074+07:00","eventName":"n8n.workflow.started","message":"n8n.workflow.started","payload":{"executionId":"237","workflowId":"KVlRhtybz5Ho4gys","isManual":false,"mode":"manual","workflowName":"Auto_Procurement","projectId":"h2L0jogoBTqwjpXf","projectName":"Dinh Pham <khadinh41@gmail.com>"}}
{"__type":"$$EventMessageConfirm","confirm":"d6f11d12-ea42-4c95-9382-c0646158bbcb","ts":"2026-06-19T13:49:07.074+07:00","source":{"id":"0","name":"eventBus"}}
{"__type":"$$EventMessageNode","id":"d8d4399f-79ef-48c4-ba8e-64b502b46abe","ts":"2026-06-19T13:49:07.102+07:00","eventName":"n8n.node.started","message":"n8n.node.started","payload":{"workflowId":"KVlRhtybz5Ho4gys","workflowName":"Auto_Procurement","executionId":"237","nodeType":"n8n-nodes-base.webhook","nodeName":"Webhook","nodeId":"513fef5d-17bc-4aee-a6d8-bafcdff7b044"}}
{"__type":"$$EventMessageConfirm","confirm":"d8d4399f-79ef-48c4-ba8e-64b502b46abe","ts":"2026-06-19T13:49:07.103+07:00","source":{"id":"0","name":"eventBus"}}
{"__type":"$$EventMessageNode","id":"b1655742-48f9-4ea7-bb08-e8afea0a8edc","ts":"2026-06-19T13:49:07.103+07:00","eventName":"n8n.node.finished","message":"n8n.node.finished","payload":{"workflowId":"KVlRhtybz5Ho4gys","workflowName":"Auto_Procurement","executionId":"237","nodeType":"n8n-nodes-base.webhook","nodeName":"Webhook","nodeId":"513fef5d-17bc-4aee-a6d8-bafcdff7b044"}}
{"__type":"$$EventMessageConfirm","confirm":"b1655742-48f9-4ea7-bb08-e8afea0a8edc","ts":"2026-06-19T13:49:07.103+07:00","source":{"id":"0","name":"eventBus"}}
{"__type":"$$EventMessageNode","id":"1270bb03-d1ed-428e-9129-a4082b944510","ts":"2026-06-19T13:49:07.105+07:00","eventName":"n8n.node.started","message":"n8n.node.started","payload":{"workflowId":"KVlRhtybz5Ho4gys","workflowName":"Auto_Procurement","executionId":"237","nodeType":"n8n-nodes-base.postgres","nodeName":"Execute a SQL query","nodeId":"391dc944-79ec-4d6f-a7df-ca0ba74fee58"}}
{"__type":"$$EventMessageConfirm","confirm":"1270bb03-d1ed-428e-9129-a4082b944510","ts":"2026-06-19T13:49:07.105+07:00","source":{"id":"0","name":"eventBus"}}
{"__type":"$$EventMessageNode","id":"2c4a5ed6-4ff1-49a6-82bd-ac02545fe68f","ts":"2026-06-19T13:49:07.135+07:00","eventName":"n8n.node.finished","message":"n8n.node.finished","payload":{"workflowId":"KVlRhtybz5Ho4gys","workflowName":"Auto_Procurement","executionId":"237","nodeType":"n8n-nodes-base.postgres","nodeName":"Execute a SQL query","nodeId":"391dc944-79ec-4d6f-a7df-ca0ba74fee58"}}
{"__type":"$$EventMessageConfirm","confirm":"2c4a5ed6-4ff1-49a6-82bd-ac02545fe68f","ts":"2026-06-19T13:49:07.136+07:00","source":{"id":"0","name":"eventBus"}}
{"__type":"$$EventMessageNode","id":"89c241f2-294c-4c27-8265-f75935996e1a","ts":"2026-06-19T13:49:07.136+07:00","eventName":"n8n.node.started","message":"n8n.node.started","payload":{"workflowId":"KVlRhtybz5Ho4gys","workflowName":"Auto_Procurement","executionId":"237","nodeType":"n8n-nodes-base.httpRequest","nodeName":"HTTP Request","nodeId":"fe91f348-d636-432f-b862-729a41ad6c3a"}}
{"__type":"$$EventMessageConfirm","confirm":"89c241f2-294c-4c27-8265-f75935996e1a","ts":"2026-06-19T13:49:07.137+07:00","source":{"id":"0","name":"eventBus"}}
{"__type":"$$EventMessageNode","id":"769bf1d4-afaf-46b2-a692-b9086f7056b2","ts":"2026-06-19T13:49:07.283+07:00","eventName":"n8n.node.finished","message":"n8n.node.finished","payload":{"workflowId":"KVlRhtybz5Ho4gys","workflowName":"Auto_Procurement","executionId":"237","nodeType":"n8n-nodes-base.httpRequest","nodeName":"HTTP Request","nodeId":"fe91f348-d636-432f-b862-729a41ad6c3a"}}
{"__type":"$$EventMessageConfirm","confirm":"769bf1d4-afaf-46b2-a692-b9086f7056b2","ts":"2026-06-19T13:49:07.284+07:00","source":{"id":"0","name":"eventBus"}}
{"__type":"$$EventMessageWorkflow","id":"f2a67895-2b0b-4b7b-bc94-d8f1eac31486","ts":"2026-06-19T13:49:07.288+07:00","eventName":"n8n.workflow.failed","message":"n8n.workflow.failed","payload":{"userId":"b15f9a4a-4fc3-4b09-b6c9-0dc75a2b83d8","executionId":"237","success":false,"isManual":true,"mode":"manual","workflowId":"KVlRhtybz5Ho4gys","workflowName":"Auto_Procurement","projectId":"h2L0jogoBTqwjpXf","projectName":"Dinh Pham <khadinh41@gmail.com>","lastNodeExecuted":"HTTP Request","errorNodeType":"n8n-nodes-base.httpRequest","errorMessage":"The service was not able to process your request"}}
{"__type":"$$EventMessageConfirm","confirm":"f2a67895-2b0b-4b7b-bc94-d8f1eac31486","ts":"2026-06-19T13:49:07.288+07:00","source":{"id":"0","name":"eventBus"}}
{"__type":"$$EventMessageAudit","id":"da79ae08-2223-4467-a473-c0fd990110e1","ts":"2026-06-19T13:49:57.939+07:00","eventName":"n8n.audit.workflow.executed","message":"n8n.audit.workflow.executed","payload":{"workflowId":"KVlRhtybz5Ho4gys","workflowName":"Auto_Procurement","executionId":"238","source":"webhook"}}
{"__type":"$$EventMessageConfirm","confirm":"da79ae08-2223-4467-a473-c0fd990110e1","ts":"2026-06-19T13:49:57.939+07:00","source":{"id":"0","name":"eventBus"}}
{"__type":"$$EventMessageWorkflow","id":"4a9b3d97-b269-4b4c-996c-ed3295704333","ts":"2026-06-19T13:49:57.939+07:00","eventName":"n8n.workflow.started","message":"n8n.workflow.started","payload":{"executionId":"238","workflowId":"KVlRhtybz5Ho4gys","isManual":false,"mode":"manual","workflowName":"Auto_Procurement","projectId":"h2L0jogoBTqwjpXf","projectName":"Dinh Pham <khadinh41@gmail.com>"}}
{"__type":"$$EventMessageConfirm","confirm":"4a9b3d97-b269-4b4c-996c-ed3295704333","ts":"2026-06-19T13:49:57.939+07:00","source":{"id":"0","name":"eventBus"}}
{"__type":"$$EventMessageNode","id":"3c544d6c-5ddb-4b2b-9e72-f2bbadd6234b","ts":"2026-06-19T13:49:57.949+07:00","eventName":"n8n.node.started","message":"n8n.node.started","payload":{"workflowId":"KVlRhtybz5Ho4gys","workflowName":"Auto_Procurement","executionId":"238","nodeType":"n8n-nodes-base.webhook","nodeName":"Webhook","nodeId":"513fef5d-17bc-4aee-a6d8-bafcdff7b044"}}
{"__type":"$$EventMessageConfirm","confirm":"3c544d6c-5ddb-4b2b-9e72-f2bbadd6234b","ts":"2026-06-19T13:49:57.949+07:00","source":{"id":"0","name":"eventBus"}}
{"__type":"$$EventMessageNode","id":"b64b272a-cc41-458f-b814-ef090845442f","ts":"2026-06-19T13:49:57.949+07:00","eventName":"n8n.node.finished","message":"n8n.node.finished","payload":{"workflowId":"KVlRhtybz5Ho4gys","workflowName":"Auto_Procurement","executionId":"238","nodeType":"n8n-nodes-base.webhook","nodeName":"Webhook","nodeId":"513fef5d-17bc-4aee-a6d8-bafcdff7b044"}}
{"__type":"$$EventMessageConfirm","confirm":"b64b272a-cc41-458f-b814-ef090845442f","ts":"2026-06-19T13:49:57.949+07:00","source":{"id":"0","name":"eventBus"}}
{"__type":"$$EventMessageNode","id":"b31e30c6-c96d-4499-902d-f9994a5dc776","ts":"2026-06-19T13:49:57.951+07:00","eventName":"n8n.node.started","message":"n8n.node.started","payload":{"workflowId":"KVlRhtybz5Ho4gys","workflowName":"Auto_Procurement","executionId":"238","nodeType":"n8n-nodes-base.postgres","nodeName":"Execute a SQL query","nodeId":"391dc944-79ec-4d6f-a7df-ca0ba74fee58"}}
{"__type":"$$EventMessageConfirm","confirm":"b31e30c6-c96d-4499-902d-f9994a5dc776","ts":"2026-06-19T13:49:57.952+07:00","source":{"id":"0","name":"eventBus"}}
{"__type":"$$EventMessageNode","id":"93b3fdfe-dee7-453b-b59e-45a987a8aa93","ts":"2026-06-19T13:49:57.972+07:00","eventName":"n8n.node.finished","message":"n8n.node.finished","payload":{"workflowId":"KVlRhtybz5Ho4gys","workflowName":"Auto_Procurement","executionId":"238","nodeType":"n8n-nodes-base.postgres","nodeName":"Execute a SQL query","nodeId":"391dc944-79ec-4d6f-a7df-ca0ba74fee58"}}
{"__type":"$$EventMessageConfirm","confirm":"93b3fdfe-dee7-453b-b59e-45a987a8aa93","ts":"2026-06-19T13:49:57.972+07:00","source":{"id":"0","name":"eventBus"}}
{"__type":"$$EventMessageNode","id":"775cb8dd-b0f1-406f-b9a1-06a202050fcd","ts":"2026-06-19T13:49:57.973+07:00","eventName":"n8n.node.started","message":"n8n.node.started","payload":{"workflowId":"KVlRhtybz5Ho4gys","workflowName":"Auto_Procurement","executionId":"238","nodeType":"n8n-nodes-base.httpRequest","nodeName":"HTTP Request","nodeId":"fe91f348-d636-432f-b862-729a41ad6c3a"}}
{"__type":"$$EventMessageConfirm","confirm":"775cb8dd-b0f1-406f-b9a1-06a202050fcd","ts":"2026-06-19T13:49:57.973+07:00","source":{"id":"0","name":"eventBus"}}
{"__type":"$$EventMessageNode","id":"fc6cd7e7-2da8-42b6-9709-d81f9df5a6f5","ts":"2026-06-19T13:49:58.190+07:00","eventName":"n8n.node.finished","message":"n8n.node.finished","payload":{"workflowId":"KVlRhtybz5Ho4gys","workflowName":"Auto_Procurement","executionId":"238","nodeType":"n8n-nodes-base.httpRequest","nodeName":"HTTP Request","nodeId":"fe91f348-d636-432f-b862-729a41ad6c3a"}}
{"__type":"$$EventMessageConfirm","confirm":"fc6cd7e7-2da8-42b6-9709-d81f9df5a6f5","ts":"2026-06-19T13:49:58.190+07:00","source":{"id":"0","name":"eventBus"}}
{"__type":"$$EventMessageWorkflow","id":"5d32b2bd-c64f-4753-a79e-f6d34d505054","ts":"2026-06-19T13:49:58.193+07:00","eventName":"n8n.workflow.failed","message":"n8n.workflow.failed","payload":{"userId":"b15f9a4a-4fc3-4b09-b6c9-0dc75a2b83d8","executionId":"238","success":false,"isManual":true,"mode":"manual","workflowId":"KVlRhtybz5Ho4gys","workflowName":"Auto_Procurement","projectId":"h2L0jogoBTqwjpXf","projectName":"Dinh Pham <khadinh41@gmail.com>","lastNodeExecuted":"HTTP Request","errorNodeType":"n8n-nodes-base.httpRequest","errorMessage":"The service was not able to process your request"}}
{"__type":"$$EventMessageConfirm","confirm":"5d32b2bd-c64f-4753-a79e-f6d34d505054","ts":"2026-06-19T13:49:58.193+07:00","source":{"id":"0","name":"eventBus"}}
{"__type":"$$EventMessageAudit","id":"1ca35b30-6df1-4911-9c9d-32f82860c57a","ts":"2026-06-19T13:52:46.911+07:00","eventName":"n8n.audit.workflow.executed","message":"n8n.audit.workflow.executed","payload":{"workflowId":"KVlRhtybz5Ho4gys","workflowName":"Auto_Procurement","executionId":"239","source":"webhook"}}
{"__type":"$$EventMessageConfirm","confirm":"1ca35b30-6df1-4911-9c9d-32f82860c57a","ts":"2026-06-19T13:52:46.912+07:00","source":{"id":"0","name":"eventBus"}}
{"__type":"$$EventMessageWorkflow","id":"5c34b962-425c-4082-bd23-e8685ca20ce4","ts":"2026-06-19T13:52:46.912+07:00","eventName":"n8n.workflow.started","message":"n8n.workflow.started","payload":{"executionId":"239","workflowId":"KVlRhtybz5Ho4gys","isManual":false,"mode":"manual","workflowName":"Auto_Procurement","projectId":"h2L0jogoBTqwjpXf","projectName":"Dinh Pham <khadinh41@gmail.com>"}}
{"__type":"$$EventMessageConfirm","confirm":"5c34b962-425c-4082-bd23-e8685ca20ce4","ts":"2026-06-19T13:52:46.912+07:00","source":{"id":"0","name":"eventBus"}}
{"__type":"$$EventMessageNode","id":"0dd6f3ef-f148-48f5-be04-ea4658030525","ts":"2026-06-19T13:52:46.933+07:00","eventName":"n8n.node.started","message":"n8n.node.started","payload":{"workflowId":"KVlRhtybz5Ho4gys","workflowName":"Auto_Procurement","executionId":"239","nodeType":"n8n-nodes-base.webhook","nodeName":"Webhook","nodeId":"513fef5d-17bc-4aee-a6d8-bafcdff7b044"}}
{"__type":"$$EventMessageConfirm","confirm":"0dd6f3ef-f148-48f5-be04-ea4658030525","ts":"2026-06-19T13:52:46.934+07:00","source":{"id":"0","name":"eventBus"}}
{"__type":"$$EventMessageNode","id":"198822df-8dab-42c4-993a-9068c205cadf","ts":"2026-06-19T13:52:46.934+07:00","eventName":"n8n.node.finished","message":"n8n.node.finished","payload":{"workflowId":"KVlRhtybz5Ho4gys","workflowName":"Auto_Procurement","executionId":"239","nodeType":"n8n-nodes-base.webhook","nodeName":"Webhook","nodeId":"513fef5d-17bc-4aee-a6d8-bafcdff7b044"}}
{"__type":"$$EventMessageConfirm","confirm":"198822df-8dab-42c4-993a-9068c205cadf","ts":"2026-06-19T13:52:46.935+07:00","source":{"id":"0","name":"eventBus"}}
{"__type":"$$EventMessageNode","id":"e1ecbb8c-f931-4383-8da7-8d5a51b9021d","ts":"2026-06-19T13:52:46.936+07:00","eventName":"n8n.node.started","message":"n8n.node.started","payload":{"workflowId":"KVlRhtybz5Ho4gys","workflowName":"Auto_Procurement","executionId":"239","nodeType":"n8n-nodes-base.postgres","nodeName":"Execute a SQL query","nodeId":"391dc944-79ec-4d6f-a7df-ca0ba74fee58"}}
{"__type":"$$EventMessageConfirm","confirm":"e1ecbb8c-f931-4383-8da7-8d5a51b9021d","ts":"2026-06-19T13:52:46.936+07:00","source":{"id":"0","name":"eventBus"}}
{"__type":"$$EventMessageNode","id":"0d3485fd-65da-40ef-a035-e6a4568a866d","ts":"2026-06-19T13:52:46.969+07:00","eventName":"n8n.node.finished","message":"n8n.node.finished","payload":{"workflowId":"KVlRhtybz5Ho4gys","workflowName":"Auto_Procurement","executionId":"239","nodeType":"n8n-nodes-base.postgres","nodeName":"Execute a SQL query","nodeId":"391dc944-79ec-4d6f-a7df-ca0ba74fee58"}}
{"__type":"$$EventMessageConfirm","confirm":"0d3485fd-65da-40ef-a035-e6a4568a866d","ts":"2026-06-19T13:52:46.969+07:00","source":{"id":"0","name":"eventBus"}}
{"__type":"$$EventMessageNode","id":"9308559f-99dd-4be2-99e4-733277a83f0d","ts":"2026-06-19T13:52:46.969+07:00","eventName":"n8n.node.started","message":"n8n.node.started","payload":{"workflowId":"KVlRhtybz5Ho4gys","workflowName":"Auto_Procurement","executionId":"239","nodeType":"n8n-nodes-base.httpRequest","nodeName":"HTTP Request","nodeId":"fe91f348-d636-432f-b862-729a41ad6c3a"}}
{"__type":"$$EventMessageConfirm","confirm":"9308559f-99dd-4be2-99e4-733277a83f0d","ts":"2026-06-19T13:52:46.970+07:00","source":{"id":"0","name":"eventBus"}}
{"__type":"$$EventMessageNode","id":"5a675fac-72d4-40c5-b906-c306917322d2","ts":"2026-06-19T13:52:47.123+07:00","eventName":"n8n.node.finished","message":"n8n.node.finished","payload":{"workflowId":"KVlRhtybz5Ho4gys","workflowName":"Auto_Procurement","executionId":"239","nodeType":"n8n-nodes-base.httpRequest","nodeName":"HTTP Request","nodeId":"fe91f348-d636-432f-b862-729a41ad6c3a"}}
{"__type":"$$EventMessageConfirm","confirm":"5a675fac-72d4-40c5-b906-c306917322d2","ts":"2026-06-19T13:52:47.123+07:00","source":{"id":"0","name":"eventBus"}}
{"__type":"$$EventMessageWorkflow","id":"8d009ec7-a721-496a-822c-258f6b97418b","ts":"2026-06-19T13:52:47.129+07:00","eventName":"n8n.workflow.failed","message":"n8n.workflow.failed","payload":{"userId":"b15f9a4a-4fc3-4b09-b6c9-0dc75a2b83d8","executionId":"239","success":false,"isManual":true,"mode":"manual","workflowId":"KVlRhtybz5Ho4gys","workflowName":"Auto_Procurement","projectId":"h2L0jogoBTqwjpXf","projectName":"Dinh Pham <khadinh41@gmail.com>","lastNodeExecuted":"HTTP Request","errorNodeType":"n8n-nodes-base.httpRequest","errorMessage":"The service was not able to process your request"}}
{"__type":"$$EventMessageConfirm","confirm":"8d009ec7-a721-496a-822c-258f6b97418b","ts":"2026-06-19T13:52:47.130+07:00","source":{"id":"0","name":"eventBus"}}
{"__type":"$$EventMessageAudit","id":"536771fa-0c4f-4d1a-bbd5-4816e3de1974","ts":"2026-06-19T13:56:52.512+07:00","eventName":"n8n.audit.workflow.executed","message":"n8n.audit.workflow.executed","payload":{"workflowId":"KVlRhtybz5Ho4gys","workflowName":"Auto_Procurement","executionId":"240","source":"webhook"}}
{"__type":"$$EventMessageConfirm","confirm":"536771fa-0c4f-4d1a-bbd5-4816e3de1974","ts":"2026-06-19T13:56:52.515+07:00","source":{"id":"0","name":"eventBus"}}
{"__type":"$$EventMessageWorkflow","id":"1889a451-7626-43b2-948a-48a9f79d24f2","ts":"2026-06-19T13:56:52.516+07:00","eventName":"n8n.workflow.started","message":"n8n.workflow.started","payload":{"executionId":"240","workflowId":"KVlRhtybz5Ho4gys","isManual":false,"mode":"manual","workflowName":"Auto_Procurement","projectId":"h2L0jogoBTqwjpXf","projectName":"Dinh Pham <khadinh41@gmail.com>"}}
{"__type":"$$EventMessageConfirm","confirm":"1889a451-7626-43b2-948a-48a9f79d24f2","ts":"2026-06-19T13:56:52.516+07:00","source":{"id":"0","name":"eventBus"}}
{"__type":"$$EventMessageNode","id":"9455b546-4811-4fea-a89a-b9a0d4750898","ts":"2026-06-19T13:56:52.553+07:00","eventName":"n8n.node.started","message":"n8n.node.started","payload":{"workflowId":"KVlRhtybz5Ho4gys","workflowName":"Auto_Procurement","executionId":"240","nodeType":"n8n-nodes-base.webhook","nodeName":"Webhook","nodeId":"513fef5d-17bc-4aee-a6d8-bafcdff7b044"}}
{"__type":"$$EventMessageConfirm","confirm":"9455b546-4811-4fea-a89a-b9a0d4750898","ts":"2026-06-19T13:56:52.553+07:00","source":{"id":"0","name":"eventBus"}}
{"__type":"$$EventMessageNode","id":"13d14408-b9ab-4b4e-a178-373163bb4f54","ts":"2026-06-19T13:56:52.560+07:00","eventName":"n8n.node.finished","message":"n8n.node.finished","payload":{"workflowId":"KVlRhtybz5Ho4gys","workflowName":"Auto_Procurement","executionId":"240","nodeType":"n8n-nodes-base.webhook","nodeName":"Webhook","nodeId":"513fef5d-17bc-4aee-a6d8-bafcdff7b044"}}
{"__type":"$$EventMessageConfirm","confirm":"13d14408-b9ab-4b4e-a178-373163bb4f54","ts":"2026-06-19T13:56:52.561+07:00","source":{"id":"0","name":"eventBus"}}
{"__type":"$$EventMessageNode","id":"9d4f50fb-446e-4d92-b2d3-f1a707c72d48","ts":"2026-06-19T13:56:52.568+07:00","eventName":"n8n.node.started","message":"n8n.node.started","payload":{"workflowId":"KVlRhtybz5Ho4gys","workflowName":"Auto_Procurement","executionId":"240","nodeType":"n8n-nodes-base.postgres","nodeName":"Execute a SQL query","nodeId":"391dc944-79ec-4d6f-a7df-ca0ba74fee58"}}
{"__type":"$$EventMessageConfirm","confirm":"9d4f50fb-446e-4d92-b2d3-f1a707c72d48","ts":"2026-06-19T13:56:52.569+07:00","source":{"id":"0","name":"eventBus"}}
{"__type":"$$EventMessageNode","id":"5edad41f-5963-4759-980c-3c71feed08bc","ts":"2026-06-19T13:56:52.669+07:00","eventName":"n8n.node.finished","message":"n8n.node.finished","payload":{"workflowId":"KVlRhtybz5Ho4gys","workflowName":"Auto_Procurement","executionId":"240","nodeType":"n8n-nodes-base.postgres","nodeName":"Execute a SQL query","nodeId":"391dc944-79ec-4d6f-a7df-ca0ba74fee58"}}
{"__type":"$$EventMessageConfirm","confirm":"5edad41f-5963-4759-980c-3c71feed08bc","ts":"2026-06-19T13:56:52.669+07:00","source":{"id":"0","name":"eventBus"}}
{"__type":"$$EventMessageNode","id":"36a4c0c8-3f4b-4a86-8adf-6269709f3cfa","ts":"2026-06-19T13:56:52.670+07:00","eventName":"n8n.node.started","message":"n8n.node.started","payload":{"workflowId":"KVlRhtybz5Ho4gys","workflowName":"Auto_Procurement","executionId":"240","nodeType":"n8n-nodes-base.httpRequest","nodeName":"HTTP Request","nodeId":"fe91f348-d636-432f-b862-729a41ad6c3a"}}
{"__type":"$$EventMessageConfirm","confirm":"36a4c0c8-3f4b-4a86-8adf-6269709f3cfa","ts":"2026-06-19T13:56:52.670+07:00","source":{"id":"0","name":"eventBus"}}
{"__type":"$$EventMessageNode","id":"bcb5583f-9abb-46bd-8579-471caa2c2050","ts":"2026-06-19T13:56:53.221+07:00","eventName":"n8n.node.finished","message":"n8n.node.finished","payload":{"workflowId":"KVlRhtybz5Ho4gys","workflowName":"Auto_Procurement","executionId":"240","nodeType":"n8n-nodes-base.httpRequest","nodeName":"HTTP Request","nodeId":"fe91f348-d636-432f-b862-729a41ad6c3a"}}
{"__type":"$$EventMessageConfirm","confirm":"bcb5583f-9abb-46bd-8579-471caa2c2050","ts":"2026-06-19T13:56:53.221+07:00","source":{"id":"0","name":"eventBus"}}
{"__type":"$$EventMessageNode","id":"17430093-cef2-44a7-85b5-4ad47c1bce5e","ts":"2026-06-19T13:56:53.225+07:00","eventName":"n8n.node.started","message":"n8n.node.started","payload":{"workflowId":"KVlRhtybz5Ho4gys","workflowName":"Auto_Procurement","executionId":"240","nodeType":"n8n-nodes-base.respondToWebhook","nodeName":"Respond to Webhook","nodeId":"f81e9db7-2d43-4121-9e87-5b2625a9ad11"}}
{"__type":"$$EventMessageConfirm","confirm":"17430093-cef2-44a7-85b5-4ad47c1bce5e","ts":"2026-06-19T13:56:53.225+07:00","source":{"id":"0","name":"eventBus"}}
{"__type":"$$EventMessageNode","id":"00279172-5455-42c9-8c4f-907ac539616b","ts":"2026-06-19T13:56:53.411+07:00","eventName":"n8n.node.finished","message":"n8n.node.finished","payload":{"workflowId":"KVlRhtybz5Ho4gys","workflowName":"Auto_Procurement","executionId":"240","nodeType":"n8n-nodes-base.respondToWebhook","nodeName":"Respond to Webhook","nodeId":"f81e9db7-2d43-4121-9e87-5b2625a9ad11"}}
{"__type":"$$EventMessageConfirm","confirm":"00279172-5455-42c9-8c4f-907ac539616b","ts":"2026-06-19T13:56:53.411+07:00","source":{"id":"0","name":"eventBus"}}
{"__type":"$$EventMessageWorkflow","id":"c32b834b-1713-4b32-a8bd-6a085eaf71e6","ts":"2026-06-19T13:56:53.439+07:00","eventName":"n8n.workflow.success","message":"n8n.workflow.success","payload":{"userId":"b15f9a4a-4fc3-4b09-b6c9-0dc75a2b83d8","executionId":"240","success":true,"isManual":true,"mode":"manual","workflowId":"KVlRhtybz5Ho4gys","workflowName":"Auto_Procurement","projectId":"h2L0jogoBTqwjpXf","projectName":"Dinh Pham <khadinh41@gmail.com>"}}
{"__type":"$$EventMessageConfirm","confirm":"c32b834b-1713-4b32-a8bd-6a085eaf71e6","ts":"2026-06-19T13:56:53.439+07:00","source":{"id":"0","name":"eventBus"}}
{"__type":"$$EventMessageAudit","id":"c4e8bbec-1925-40a9-8b69-8e3ea2fe4cad","ts":"2026-06-19T14:01:04.823+07:00","eventName":"n8n.audit.workflow.executed","message":"n8n.audit.workflow.executed","payload":{"workflowId":"KVlRhtybz5Ho4gys","workflowName":"Auto_Procurement","executionId":"241","source":"webhook"}}
{"__type":"$$EventMessageConfirm","confirm":"c4e8bbec-1925-40a9-8b69-8e3ea2fe4cad","ts":"2026-06-19T14:01:04.829+07:00","source":{"id":"0","name":"eventBus"}}
{"__type":"$$EventMessageWorkflow","id":"9fd0f2c5-6552-4119-939b-6593b4c001c2","ts":"2026-06-19T14:01:04.831+07:00","eventName":"n8n.workflow.started","message":"n8n.workflow.started","payload":{"executionId":"241","workflowId":"KVlRhtybz5Ho4gys","isManual":false,"mode":"manual","workflowName":"Auto_Procurement","projectId":"h2L0jogoBTqwjpXf","projectName":"Dinh Pham <khadinh41@gmail.com>"}}
{"__type":"$$EventMessageConfirm","confirm":"9fd0f2c5-6552-4119-939b-6593b4c001c2","ts":"2026-06-19T14:01:04.831+07:00","source":{"id":"0","name":"eventBus"}}
{"__type":"$$EventMessageNode","id":"3f4102bc-0385-4a80-8f8d-aceb666f2209","ts":"2026-06-19T14:01:04.884+07:00","eventName":"n8n.node.started","message":"n8n.node.started","payload":{"workflowId":"KVlRhtybz5Ho4gys","workflowName":"Auto_Procurement","executionId":"241","nodeType":"n8n-nodes-base.webhook","nodeName":"Webhook","nodeId":"513fef5d-17bc-4aee-a6d8-bafcdff7b044"}}
{"__type":"$$EventMessageConfirm","confirm":"3f4102bc-0385-4a80-8f8d-aceb666f2209","ts":"2026-06-19T14:01:04.884+07:00","source":{"id":"0","name":"eventBus"}}
{"__type":"$$EventMessageNode","id":"42d9159b-e92c-4f79-b37c-8c4061746cbf","ts":"2026-06-19T14:01:04.890+07:00","eventName":"n8n.node.finished","message":"n8n.node.finished","payload":{"workflowId":"KVlRhtybz5Ho4gys","workflowName":"Auto_Procurement","executionId":"241","nodeType":"n8n-nodes-base.webhook","nodeName":"Webhook","nodeId":"513fef5d-17bc-4aee-a6d8-bafcdff7b044"}}
{"__type":"$$EventMessageConfirm","confirm":"42d9159b-e92c-4f79-b37c-8c4061746cbf","ts":"2026-06-19T14:01:04.890+07:00","source":{"id":"0","name":"eventBus"}}
{"__type":"$$EventMessageNode","id":"015d47ac-223a-47cc-bc7f-2628400579c6","ts":"2026-06-19T14:01:04.900+07:00","eventName":"n8n.node.started","message":"n8n.node.started","payload":{"workflowId":"KVlRhtybz5Ho4gys","workflowName":"Auto_Procurement","executionId":"241","nodeType":"n8n-nodes-base.postgres","nodeName":"Execute a SQL query","nodeId":"391dc944-79ec-4d6f-a7df-ca0ba74fee58"}}
{"__type":"$$EventMessageConfirm","confirm":"015d47ac-223a-47cc-bc7f-2628400579c6","ts":"2026-06-19T14:01:04.901+07:00","source":{"id":"0","name":"eventBus"}}
{"__type":"$$EventMessageNode","id":"eba5582d-4ecc-418c-ba0e-9a0349892796","ts":"2026-06-19T14:01:05.080+07:00","eventName":"n8n.node.finished","message":"n8n.node.finished","payload":{"workflowId":"KVlRhtybz5Ho4gys","workflowName":"Auto_Procurement","executionId":"241","nodeType":"n8n-nodes-base.postgres","nodeName":"Execute a SQL query","nodeId":"391dc944-79ec-4d6f-a7df-ca0ba74fee58"}}
{"__type":"$$EventMessageConfirm","confirm":"eba5582d-4ecc-418c-ba0e-9a0349892796","ts":"2026-06-19T14:01:05.080+07:00","source":{"id":"0","name":"eventBus"}}
{"__type":"$$EventMessageNode","id":"8218fba1-1750-4b53-bacb-21edfd346fde","ts":"2026-06-19T14:01:05.086+07:00","eventName":"n8n.node.started","message":"n8n.node.started","payload":{"workflowId":"KVlRhtybz5Ho4gys","workflowName":"Auto_Procurement","executionId":"241","nodeType":"n8n-nodes-base.httpRequest","nodeName":"HTTP Request","nodeId":"fe91f348-d636-432f-b862-729a41ad6c3a"}}
{"__type":"$$EventMessageConfirm","confirm":"8218fba1-1750-4b53-bacb-21edfd346fde","ts":"2026-06-19T14:01:05.087+07:00","source":{"id":"0","name":"eventBus"}}
{"__type":"$$EventMessageNode","id":"f45f7981-0b54-4b67-86ad-049054579793","ts":"2026-06-19T14:01:27.173+07:00","eventName":"n8n.node.finished","message":"n8n.node.finished","payload":{"workflowId":"KVlRhtybz5Ho4gys","workflowName":"Auto_Procurement","executionId":"241","nodeType":"n8n-nodes-base.httpRequest","nodeName":"HTTP Request","nodeId":"fe91f348-d636-432f-b862-729a41ad6c3a"}}
{"__type":"$$EventMessageConfirm","confirm":"f45f7981-0b54-4b67-86ad-049054579793","ts":"2026-06-19T14:01:27.174+07:00","source":{"id":"0","name":"eventBus"}}
{"__type":"$$EventMessageNode","id":"af3fe7da-3afb-4f7f-8a1c-ae784b620df0","ts":"2026-06-19T14:01:27.176+07:00","eventName":"n8n.node.started","message":"n8n.node.started","payload":{"workflowId":"KVlRhtybz5Ho4gys","workflowName":"Auto_Procurement","executionId":"241","nodeType":"n8n-nodes-base.respondToWebhook","nodeName":"Respond to Webhook","nodeId":"f81e9db7-2d43-4121-9e87-5b2625a9ad11"}}
{"__type":"$$EventMessageConfirm","confirm":"af3fe7da-3afb-4f7f-8a1c-ae784b620df0","ts":"2026-06-19T14:01:27.176+07:00","source":{"id":"0","name":"eventBus"}}
{"__type":"$$EventMessageNode","id":"8d65b751-6de8-4db5-bd19-ee8e6995ca6b","ts":"2026-06-19T14:01:27.186+07:00","eventName":"n8n.node.finished","message":"n8n.node.finished","payload":{"workflowId":"KVlRhtybz5Ho4gys","workflowName":"Auto_Procurement","executionId":"241","nodeType":"n8n-nodes-base.respondToWebhook","nodeName":"Respond to Webhook","nodeId":"f81e9db7-2d43-4121-9e87-5b2625a9ad11"}}
{"__type":"$$EventMessageConfirm","confirm":"8d65b751-6de8-4db5-bd19-ee8e6995ca6b","ts":"2026-06-19T14:01:27.186+07:00","source":{"id":"0","name":"eventBus"}}
{"__type":"$$EventMessageWorkflow","id":"7b2a963a-7c62-464d-8c04-0252c18b54dc","ts":"2026-06-19T14:01:27.222+07:00","eventName":"n8n.workflow.success","message":"n8n.workflow.success","payload":{"userId":"b15f9a4a-4fc3-4b09-b6c9-0dc75a2b83d8","executionId":"241","success":true,"isManual":true,"mode":"manual","workflowId":"KVlRhtybz5Ho4gys","workflowName":"Auto_Procurement","projectId":"h2L0jogoBTqwjpXf","projectName":"Dinh Pham <khadinh41@gmail.com>"}}
{"__type":"$$EventMessageConfirm","confirm":"7b2a963a-7c62-464d-8c04-0252c18b54dc","ts":"2026-06-19T14:01:27.223+07:00","source":{"id":"0","name":"eventBus"}}
