2026-05-07 06:42:19.529 UTC [2037] LOG:  starting PostgreSQL 14.22 (Ubuntu 14.22-1.pgdg24.04+1) on x86_64-pc-linux-gnu, compiled by gcc (Ubuntu 13.3.0-6ubuntu2~24.04.1) 13.3.0, 64-bit
2026-05-07 06:42:19.530 UTC [2037] LOG:  listening on IPv4 address "127.0.0.1", port 5432
2026-05-07 06:42:19.554 UTC [2037] LOG:  listening on Unix socket "/var/run/postgresql/.s.PGSQL.5432"
2026-05-07 06:42:19.635 UTC [2072] LOG:  database system was shut down at 2026-05-07 06:42:18 UTC
2026-05-07 06:42:19.729 UTC [2037] LOG:  database system is ready to accept connections
2026-05-08 00:50:07.776 UTC [1894] LOG:  starting PostgreSQL 14.22 (Ubuntu 14.22-1.pgdg24.04+1) on x86_64-pc-linux-gnu, compiled by gcc (Ubuntu 13.3.0-6ubuntu2~24.04.1) 13.3.0, 64-bit
2026-05-08 00:50:07.776 UTC [1894] LOG:  listening on IPv4 address "127.0.0.1", port 5432
2026-05-08 00:50:07.792 UTC [1894] LOG:  listening on Unix socket "/var/run/postgresql/.s.PGSQL.5432"
2026-05-08 00:50:07.883 UTC [1929] LOG:  database system was shut down at 2026-05-08 00:50:05 UTC
2026-05-08 00:50:08.004 UTC [1894] LOG:  database system is ready to accept connections
2026-05-08 04:17:56.470 UTC [1894] LOG:  received smart shutdown request
2026-05-08 04:17:56.499 UTC [1894] LOG:  background worker "logical replication launcher" (PID 1947) exited with exit code 1
2026-05-08 04:17:56.509 UTC [1942] LOG:  shutting down
2026-05-08 04:17:56.660 UTC [1894] LOG:  database system is shut down
2026-05-08 04:18:33.564 UTC [1741] LOG:  starting PostgreSQL 14.22 (Ubuntu 14.22-1.pgdg24.04+1) on x86_64-pc-linux-gnu, compiled by gcc (Ubuntu 13.3.0-6ubuntu2~24.04.1) 13.3.0, 64-bit
2026-05-08 04:18:33.564 UTC [1741] LOG:  listening on IPv4 address "127.0.0.1", port 5432
2026-05-08 04:18:33.588 UTC [1741] LOG:  listening on Unix socket "/var/run/postgresql/.s.PGSQL.5432"
2026-05-08 04:18:33.679 UTC [1782] LOG:  database system was shut down at 2026-05-08 04:18:30 UTC
2026-05-08 04:18:33.773 UTC [1741] LOG:  database system is ready to accept connections
2026-05-08 09:57:37.284 UTC [1741] LOG:  received smart shutdown request
2026-05-09 01:13:44.322 UTC [1864] LOG:  starting PostgreSQL 14.22 (Ubuntu 14.22-1.pgdg24.04+1) on x86_64-pc-linux-gnu, compiled by gcc (Ubuntu 13.3.0-6ubuntu2~24.04.1) 13.3.0, 64-bit
2026-05-09 01:13:44.322 UTC [1864] LOG:  listening on IPv4 address "127.0.0.1", port 5432
2026-05-09 01:13:44.331 UTC [1864] LOG:  listening on Unix socket "/var/run/postgresql/.s.PGSQL.5432"
2026-05-09 01:13:44.375 UTC [1909] LOG:  database system was shut down at 2026-05-09 01:13:42 UTC
2026-05-09 01:13:44.445 UTC [1864] LOG:  database system is ready to accept connections
2026-05-11 01:32:19.751 UTC [1871] LOG:  starting PostgreSQL 14.22 (Ubuntu 14.22-1.pgdg24.04+1) on x86_64-pc-linux-gnu, compiled by gcc (Ubuntu 13.3.0-6ubuntu2~24.04.1) 13.3.0, 64-bit
2026-05-11 01:32:19.751 UTC [1871] LOG:  listening on IPv4 address "127.0.0.1", port 5432
2026-05-11 01:32:19.761 UTC [1871] LOG:  listening on Unix socket "/var/run/postgresql/.s.PGSQL.5432"
2026-05-11 01:32:19.806 UTC [1904] LOG:  database system was shut down at 2026-05-11 01:32:17 UTC
2026-05-11 01:32:19.871 UTC [1871] LOG:  database system is ready to accept connections
2026-05-11 09:57:19.489 UTC [1871] LOG:  received smart shutdown request
2026-05-11 09:57:19.519 UTC [1871] LOG:  background worker "logical replication launcher" (PID 1915) exited with exit code 1
2026-05-11 09:57:19.524 UTC [1910] LOG:  shutting down
2026-05-11 09:57:19.666 UTC [1871] LOG:  database system is shut down
