2026-06-09 01:25:41.335 UTC [1733] LOG:  starting PostgreSQL 14.23 (Ubuntu 14.23-1.pgdg24.04+1) on x86_64-pc-linux-gnu, compiled by gcc (Ubuntu 13.3.0-6ubuntu2~24.04.1) 13.3.0, 64-bit
2026-06-09 01:25:41.335 UTC [1733] LOG:  listening on IPv4 address "127.0.0.1", port 5432
2026-06-09 01:25:41.356 UTC [1733] LOG:  listening on Unix socket "/var/run/postgresql/.s.PGSQL.5432"
2026-06-09 01:25:41.434 UTC [1773] LOG:  database system was shut down at 2026-06-09 01:25:40 UTC
2026-06-09 01:25:41.543 UTC [1733] LOG:  database system is ready to accept connections
2026-06-09 01:32:41.619 UTC [1733] LOG:  received smart shutdown request
2026-06-09 01:32:41.638 UTC [1733] LOG:  background worker "logical replication launcher" (PID 1792) exited with exit code 1
2026-06-09 01:32:41.641 UTC [1787] LOG:  shutting down
2026-06-09 01:32:41.742 UTC [1733] LOG:  database system is shut down
2026-06-09 01:34:33.001 UTC [1744] LOG:  starting PostgreSQL 14.23 (Ubuntu 14.23-1.pgdg24.04+1) on x86_64-pc-linux-gnu, compiled by gcc (Ubuntu 13.3.0-6ubuntu2~24.04.1) 13.3.0, 64-bit
2026-06-09 01:34:33.001 UTC [1744] LOG:  listening on IPv4 address "127.0.0.1", port 5432
2026-06-09 01:34:33.013 UTC [1744] LOG:  listening on Unix socket "/var/run/postgresql/.s.PGSQL.5432"
2026-06-09 01:34:33.062 UTC [1782] LOG:  database system was shut down at 2026-06-09 01:34:31 UTC
2026-06-09 01:34:33.130 UTC [1744] LOG:  database system is ready to accept connections
2026-06-09 03:33:49.298 UTC [1791] WARNING:  worker took too long to start; canceled
2026-06-09 03:33:59.058 UTC [6404] WARNING:  autovacuum worker started without a worker entry
2026-06-09 03:38:15.375 UTC [1798] LOG:  starting PostgreSQL 14.23 (Ubuntu 14.23-1.pgdg24.04+1) on x86_64-pc-linux-gnu, compiled by gcc (Ubuntu 13.3.0-6ubuntu2~24.04.1) 13.3.0, 64-bit
2026-06-09 03:38:15.375 UTC [1798] LOG:  listening on IPv4 address "127.0.0.1", port 5432
2026-06-09 03:38:15.413 UTC [1798] LOG:  listening on Unix socket "/var/run/postgresql/.s.PGSQL.5432"
2026-06-09 03:38:15.496 UTC [1831] LOG:  database system was shut down at 2026-06-09 03:38:13 UTC
2026-06-09 03:38:15.603 UTC [1798] LOG:  database system is ready to accept connections
2026-06-09 08:52:03.848 UTC [1798] LOG:  received smart shutdown request
2026-06-09 08:52:03.884 UTC [1798] LOG:  background worker "logical replication launcher" (PID 1847) exited with exit code 1
2026-06-09 08:52:03.888 UTC [1841] LOG:  shutting down
2026-06-09 08:52:04.025 UTC [1798] LOG:  database system is shut down
2026-06-10 01:26:17.096 UTC [1744] LOG:  starting PostgreSQL 14.23 (Ubuntu 14.23-1.pgdg24.04+1) on x86_64-pc-linux-gnu, compiled by gcc (Ubuntu 13.3.0-6ubuntu2~24.04.1) 13.3.0, 64-bit
2026-06-10 01:26:17.097 UTC [1744] LOG:  listening on IPv4 address "127.0.0.1", port 5432
2026-06-10 01:26:17.126 UTC [1744] LOG:  listening on Unix socket "/var/run/postgresql/.s.PGSQL.5432"
2026-06-10 01:26:17.217 UTC [1784] LOG:  database system was shut down at 2026-06-10 01:26:15 UTC
2026-06-10 01:26:17.339 UTC [1744] LOG:  database system is ready to accept connections
2026-06-10 01:44:57.588 UTC [1744] LOG:  received smart shutdown request
2026-06-10 01:44:57.606 UTC [1744] LOG:  background worker "logical replication launcher" (PID 1798) exited with exit code 1
2026-06-10 01:44:57.611 UTC [1788] LOG:  shutting down
2026-06-10 01:44:57.725 UTC [1744] LOG:  database system is shut down
