2026-05-13 08:38:39,899 CRIT Supervisor is running as root.  Privileges were not dropped because no user is specified in the config file.  If you intend to run as root, you can set user=root in the config file to avoid this message.
2026-05-13 08:38:39,899 INFO Included extra file "/tmp/appsmith/supervisor-conf.d/backend.conf" during parsing
2026-05-13 08:38:39,899 INFO Included extra file "/tmp/appsmith/supervisor-conf.d/editor.conf" during parsing
2026-05-13 08:38:39,900 INFO Included extra file "/tmp/appsmith/supervisor-conf.d/mongodb.conf" during parsing
2026-05-13 08:38:39,900 INFO Included extra file "/tmp/appsmith/supervisor-conf.d/postgres.conf" during parsing
2026-05-13 08:38:39,901 INFO Included extra file "/tmp/appsmith/supervisor-conf.d/redis.conf" during parsing
2026-05-13 08:38:39,901 INFO Included extra file "/tmp/appsmith/supervisor-conf.d/rts.conf" during parsing
2026-05-13 08:38:39,917 INFO RPC interface 'supervisor' initialized
2026-05-13 08:38:39,918 INFO RPC interface 'supervisor' initialized
2026-05-13 08:38:39,918 CRIT Server 'unix_http_server' running without any HTTP authentication checking
2026-05-13 08:38:39,919 INFO supervisord started with pid 1
2026-05-13 08:38:40,184 INFO spawned: 'stdout' with pid 1700
2026-05-13 08:38:40,195 INFO spawned: 'redis' with pid 1701
2026-05-13 08:38:40,206 INFO spawned: 'mongodb' with pid 1702
2026-05-13 08:38:40,226 INFO spawned: 'rts' with pid 1703
2026-05-13 08:38:40,240 INFO spawned: 'backend' with pid 1706
2026-05-13 08:38:40,256 INFO spawned: 'editor' with pid 1716
2026-05-13 08:38:40,274 INFO spawned: 'postgres' with pid 1725
2026-05-13 08:38:40,291 INFO success: redis entered RUNNING state, process has stayed up for > than 0 seconds (startsecs)
2026-05-13 08:38:40,292 INFO success: rts entered RUNNING state, process has stayed up for > than 0 seconds (startsecs)
2026-05-13 08:38:40,292 INFO success: editor entered RUNNING state, process has stayed up for > than 0 seconds (startsecs)
2026-05-13 08:38:40,961 INFO reaped unknown pid 76 (exit status 0)
2026-05-13 08:38:41,348 INFO success: stdout entered RUNNING state, process has stayed up for > than 1 seconds (startsecs)
2026-05-13 08:38:41,349 INFO success: postgres entered RUNNING state, process has stayed up for > than 1 seconds (startsecs)
2026-05-13 08:38:50,730 INFO success: mongodb entered RUNNING state, process has stayed up for > than 10 seconds (startsecs)
2026-05-13 08:39:00,646 INFO success: backend entered RUNNING state, process has stayed up for > than 20 seconds (startsecs)
2026-05-13 08:39:17,194 INFO reaped unknown pid 114 (exit status 0)
2026-05-13 08:44:34,358 WARN received SIGTERM indicating exit request
2026-05-13 08:44:34,378 INFO waiting for stdout, redis, mongodb, rts, backend, editor, postgres to die
2026-05-13 08:44:34,603 INFO stopped: postgres (exit status 0)
