2026-05-21 07:36:02,295 CRIT Supervisor is running as root.  Privileges were not dropped because no user is specified in the config file.  If you intend to run as root, you can set user=root in the config file to avoid this message.
2026-05-21 07:36:02,296 INFO Included extra file "/tmp/appsmith/supervisor-conf.d/backend.conf" during parsing
2026-05-21 07:36:02,296 INFO Included extra file "/tmp/appsmith/supervisor-conf.d/editor.conf" during parsing
2026-05-21 07:36:02,297 INFO Included extra file "/tmp/appsmith/supervisor-conf.d/mongodb.conf" during parsing
2026-05-21 07:36:02,298 INFO Included extra file "/tmp/appsmith/supervisor-conf.d/postgres.conf" during parsing
2026-05-21 07:36:02,299 INFO Included extra file "/tmp/appsmith/supervisor-conf.d/redis.conf" during parsing
2026-05-21 07:36:02,299 INFO Included extra file "/tmp/appsmith/supervisor-conf.d/rts.conf" during parsing
2026-05-21 07:36:02,329 INFO RPC interface 'supervisor' initialized
2026-05-21 07:36:02,331 INFO RPC interface 'supervisor' initialized
2026-05-21 07:36:02,332 CRIT Server 'unix_http_server' running without any HTTP authentication checking
2026-05-21 07:36:02,334 INFO supervisord started with pid 1
2026-05-21 07:36:03,341 INFO spawned: 'stdout' with pid 1719
2026-05-21 07:36:03,351 INFO spawned: 'redis' with pid 1720
2026-05-21 07:36:03,372 INFO spawned: 'mongodb' with pid 1721
2026-05-21 07:36:03,407 INFO spawned: 'rts' with pid 1722
2026-05-21 07:36:03,429 INFO spawned: 'backend' with pid 1730
2026-05-21 07:36:03,442 INFO spawned: 'editor' with pid 1734
2026-05-21 07:36:03,461 INFO spawned: 'postgres' with pid 1738
2026-05-21 07:36:03,473 INFO success: redis entered RUNNING state, process has stayed up for > than 0 seconds (startsecs)
2026-05-21 07:36:03,474 INFO success: rts entered RUNNING state, process has stayed up for > than 0 seconds (startsecs)
2026-05-21 07:36:03,474 INFO success: editor entered RUNNING state, process has stayed up for > than 0 seconds (startsecs)
2026-05-21 07:36:04,559 INFO success: stdout entered RUNNING state, process has stayed up for > than 1 seconds (startsecs)
2026-05-21 07:36:04,566 INFO success: postgres entered RUNNING state, process has stayed up for > than 1 seconds (startsecs)
2026-05-21 07:36:04,799 INFO reaped unknown pid 77 (exit status 0)
2026-05-21 07:36:14,347 INFO success: mongodb entered RUNNING state, process has stayed up for > than 10 seconds (startsecs)
2026-05-21 07:36:23,538 INFO success: backend entered RUNNING state, process has stayed up for > than 20 seconds (startsecs)
2026-05-21 07:36:47,785 INFO reaped unknown pid 107 (exit status 0)
2026-05-21 08:23:34,431 WARN received SIGTERM indicating exit request
2026-05-21 08:23:34,445 INFO waiting for stdout, redis, mongodb, rts, backend, editor, postgres to die
2026-05-21 08:23:34,657 INFO stopped: postgres (exit status 0)
2026-05-21 08:23:34,688 WARN stopped: editor (exit status 2)
