2026-06-10 01:45:36,809 CRIT Supervisor is running as root.  Privileges were not dropped because no user is specified in the config file.  If you intend to run as root, you can set user=root in the config file to avoid this message.
2026-06-10 01:45:36,810 INFO Included extra file "/tmp/appsmith/supervisor-conf.d/backend.conf" during parsing
2026-06-10 01:45:36,810 INFO Included extra file "/tmp/appsmith/supervisor-conf.d/editor.conf" during parsing
2026-06-10 01:45:36,811 INFO Included extra file "/tmp/appsmith/supervisor-conf.d/mongodb.conf" during parsing
2026-06-10 01:45:36,811 INFO Included extra file "/tmp/appsmith/supervisor-conf.d/postgres.conf" during parsing
2026-06-10 01:45:36,812 INFO Included extra file "/tmp/appsmith/supervisor-conf.d/redis.conf" during parsing
2026-06-10 01:45:36,813 INFO Included extra file "/tmp/appsmith/supervisor-conf.d/rts.conf" during parsing
2026-06-10 01:45:36,830 INFO RPC interface 'supervisor' initialized
2026-06-10 01:45:36,831 CRIT Server 'unix_http_server' running without any HTTP authentication checking
2026-06-10 01:45:36,831 INFO supervisord started with pid 1
2026-06-10 01:45:37,836 INFO spawned: 'stdout' with pid 1731
2026-06-10 01:45:37,851 INFO spawned: 'redis' with pid 1732
2026-06-10 01:45:37,863 INFO spawned: 'mongodb' with pid 1733
2026-06-10 01:45:37,876 INFO spawned: 'rts' with pid 1734
2026-06-10 01:45:37,901 INFO spawned: 'backend' with pid 1737
2026-06-10 01:45:37,920 INFO spawned: 'editor' with pid 1747
2026-06-10 01:45:37,935 INFO spawned: 'postgres' with pid 1752
2026-06-10 01:45:37,954 INFO success: redis entered RUNNING state, process has stayed up for > than 0 seconds (startsecs)
2026-06-10 01:45:37,954 INFO success: rts entered RUNNING state, process has stayed up for > than 0 seconds (startsecs)
2026-06-10 01:45:37,955 INFO success: editor entered RUNNING state, process has stayed up for > than 0 seconds (startsecs)
2026-06-10 01:45:38,971 INFO success: stdout entered RUNNING state, process has stayed up for > than 1 seconds (startsecs)
2026-06-10 01:45:38,995 INFO success: postgres entered RUNNING state, process has stayed up for > than 1 seconds (startsecs)
2026-06-10 01:45:39,308 INFO reaped unknown pid 96 (exit status 0)
2026-06-10 01:45:48,195 INFO success: mongodb entered RUNNING state, process has stayed up for > than 10 seconds (startsecs)
2026-06-10 01:45:58,328 INFO success: backend entered RUNNING state, process has stayed up for > than 20 seconds (startsecs)
2026-06-10 01:46:20,819 INFO reaped unknown pid 126 (exit status 0)
2026-06-10 01:49:16,036 WARN received SIGTERM indicating exit request
2026-06-10 01:49:16,046 INFO waiting for stdout, redis, mongodb, rts, backend, editor, postgres to die
2026-06-10 01:49:17,177 INFO stopped: postgres (exit status 0)
2026-06-10 01:49:17,188 WARN stopped: editor (exit status 2)
2026-06-10 01:49:19,290 INFO waiting for stdout, redis, mongodb, rts, backend to die
2026-06-10 01:49:21,815 WARN stopped: backend (exit status 143)
2026-06-10 01:49:21,816 INFO reaped unknown pid 1848 (exit status 0)
2026-06-10 01:49:21,840 WARN stopped: rts (terminated by SIGTERM)
2026-06-10 01:49:22,843 INFO waiting for stdout, redis, mongodb to die
2026-06-10 01:49:25,847 INFO waiting for stdout, redis, mongodb to die
